Log file open, 10/11/20 19:25:40
LogInit: Display: Running engine for game: Team6ProgAssignment
LogPlatformFile: Not using cached read wrapper
LogTaskGraph: Started task graph with 5 named threads and 20 total threads with 3 sets of task threads.
LogStats: Stats thread started at 0.351273
LogD3D11RHI: Loaded GFSDK_Aftermath_Lib.x64.dll
LogICUInternationalization: ICU TimeZone Detection - Raw Offset: +1:00, Platform Override: ''
LogPluginManager: Mounting plugin Paper2D
LogPluginManager: Mounting plugin AISupport
LogPluginManager: Mounting plugin LightPropagationVolume
LogPluginManager: Mounting plugin CameraShakePreviewer
LogPluginManager: Mounting plugin ActorLayerUtilities
LogPluginManager: Mounting plugin AnimationSharing
LogPluginManager: Mounting plugin CLionSourceCodeAccess
LogPluginManager: Mounting plugin CodeLiteSourceCodeAccess
LogPluginManager: Mounting plugin GitSourceControl
LogPluginManager: Mounting plugin KDevelopSourceCodeAccess
LogPluginManager: Mounting plugin NullSourceCodeAccess
LogPluginManager: Mounting plugin PerforceSourceControl
LogPluginManager: Mounting plugin PlasticSourceControl
LogPluginManager: Mounting plugin RiderSourceCodeAccess
LogPluginManager: Mounting plugin SubversionSourceControl
LogPluginManager: Mounting plugin UObjectPlugin
LogPluginManager: Mounting plugin VisualStudioCodeSourceCodeAccess
LogPluginManager: Mounting plugin VisualStudioSourceCodeAccess
LogPluginManager: Mounting plugin XCodeSourceCodeAccess
LogPluginManager: Mounting plugin AssetManagerEditor
LogPluginManager: Mounting plugin CryptoKeys
LogPluginManager: Mounting plugin CurveEditorTools
LogPluginManager: Mounting plugin DataValidation
LogPluginManager: Mounting plugin EditorScriptingUtilities
LogPluginManager: Mounting plugin FacialAnimation
LogPluginManager: Mounting plugin GameplayTagsEditor
LogPluginManager: Mounting plugin GeometryMode
LogPluginManager: Mounting plugin MacGraphicsSwitching
LogPluginManager: Mounting plugin MaterialAnalyzer
LogPluginManager: Mounting plugin MobileLauncherProfileWizard
LogPluginManager: Mounting plugin PluginBrowser
LogPluginManager: Mounting plugin SpeedTreeImporter
LogPluginManager: Mounting plugin DatasmithContent
LogPluginManager: Mounting plugin VariantManagerContent
LogPluginManager: Mounting plugin AlembicImporter
LogPluginManager: Mounting plugin AutomationUtils
LogPluginManager: Mounting plugin BackChannel
LogPluginManager: Mounting plugin ChaosCloth
LogPluginManager: Mounting plugin ChaosClothEditor
LogPluginManager: Mounting plugin ChaosEditor
LogPluginManager: Mounting plugin ChaosNiagara
LogPluginManager: Mounting plugin ChaosSolverPlugin
LogPluginManager: Mounting plugin CharacterAI
LogPluginManager: Mounting plugin GeometryCache
LogPluginManager: Mounting plugin GeometryCollectionPlugin
LogPluginManager: Mounting plugin GeometryProcessing
LogPluginManager: Mounting plugin PlanarCut
LogPluginManager: Mounting plugin PlatformCrypto
LogPluginManager: Mounting plugin ProxyLODPlugin
LogPluginManager: Mounting plugin SkeletalReduction
LogPluginManager: Mounting plugin Niagara
LogPluginManager: Mounting plugin MagicLeap
LogPluginManager: Mounting plugin MagicLeapLightEstimation
LogPluginManager: Mounting plugin MagicLeapMedia
LogPluginManager: Mounting plugin MagicLeapPassableWorld
LogPluginManager: Mounting plugin MLSDK
LogPluginManager: Mounting plugin AndroidMedia
LogPluginManager: Mounting plugin AvfMedia
LogPluginManager: Mounting plugin ImgMedia
LogPluginManager: Mounting plugin MediaCompositing
LogPluginManager: Mounting plugin MediaPlayerEditor
LogPluginManager: Mounting plugin WebMMedia
LogPluginManager: Mounting plugin WmfMedia
LogPluginManager: Mounting plugin MeshPainting
LogPluginManager: Mounting plugin TcpMessaging
LogPluginManager: Mounting plugin UdpMessaging
LogPluginManager: Mounting plugin ActorSequence
LogPluginManager: Mounting plugin LevelSequenceEditor
LogPluginManager: Mounting plugin MatineeToLevelSequence
LogPluginManager: Mounting plugin MovieRenderPipeline
LogPluginManager: Mounting plugin TemplateSequence
LogPluginManager: Mounting plugin NetcodeUnitTest
LogPluginManager: Mounting plugin NUTUnrealEngine4
LogPluginManager: Mounting plugin OnlineSubsystemGooglePlay
LogPluginManager: Mounting plugin OnlineSubsystemIOS
LogPluginManager: Mounting plugin OnlineSubsystem
LogPluginManager: Mounting plugin OnlineSubsystemNull
LogPluginManager: Mounting plugin OnlineSubsystemUtils
LogPluginManager: Mounting plugin LauncherChunkInstaller
LogPluginManager: Mounting plugin AndroidDeviceProfileSelector
LogPluginManager: Mounting plugin AndroidMoviePlayer
LogPluginManager: Mounting plugin AndroidPermission
LogPluginManager: Mounting plugin AppleImageUtils
LogPluginManager: Mounting plugin AppleMoviePlayer
LogPluginManager: Mounting plugin ArchVisCharacter
LogPluginManager: Mounting plugin AssetTags
LogPluginManager: Mounting plugin AudioCapture
LogPluginManager: Mounting plugin CableComponent
LogPluginManager: Mounting plugin CustomMeshComponent
LogPluginManager: Mounting plugin EditableMesh
LogPluginManager: Mounting plugin ExampleDeviceProfileSelector
LogPluginManager: Mounting plugin GoogleCloudMessaging
LogPluginManager: Mounting plugin GooglePAD
LogPluginManager: Mounting plugin IOSDeviceProfileSelector
LogPluginManager: Mounting plugin LinuxDeviceProfileSelector
LogPluginManager: Mounting plugin LocationServicesBPLibrary
LogPluginManager: Mounting plugin MobilePatchingUtils
LogPluginManager: Mounting plugin PhysXVehicles
LogPluginManager: Mounting plugin PostSplashScreen
LogPluginManager: Mounting plugin ProceduralMeshComponent
LogPluginManager: Mounting plugin RuntimePhysXCooking
LogPluginManager: Mounting plugin SignificanceManager
LogPluginManager: Mounting plugin SoundFields
LogPluginManager: Mounting plugin Synthesis
LogPluginManager: Mounting plugin WebMMoviePlayer
LogPluginManager: Mounting plugin WindowsMoviePlayer
LogPluginManager: Mounting plugin ScreenshotTools
LogInit: Using libcurl 7.55.1-DEV
LogInit:  - built for x86_64-pc-win32
LogInit:  - supports SSL with OpenSSL/1.1.1
LogInit:  - supports HTTP deflate (compression) using libz 1.2.8
LogInit:  - other features:
LogInit:      CURL_VERSION_SSL
LogInit:      CURL_VERSION_LIBZ
LogInit:      CURL_VERSION_IPV6
LogInit:      CURL_VERSION_ASYNCHDNS
LogInit:      CURL_VERSION_LARGEFILE
LogInit:      CURL_VERSION_IDN
LogInit:  CurlRequestOptions (configurable via config and command line):
LogInit:  - bVerifyPeer = true  - Libcurl will verify peer certificate
LogInit:  - bUseHttpProxy = false  - Libcurl will NOT use HTTP proxy
LogInit:  - bDontReuseConnections = false  - Libcurl will reuse connections
LogInit:  - MaxHostConnections = 16  - Libcurl will limit the number of connections to a host
LogInit:  - LocalHostAddr = Default
LogInit:  - BufferSize = 65536
LogOnline: OSS: Creating online subsystem instance for: NULL
LogInit: WinSock: version 1.1 (2.2), MaxSocks=32767, MaxUdp=65467
LogOnline: OSS: TryLoadSubsystemAndSetDefault: Loaded subsystem for module [NULL]
LogInit: Build: ++UE4+Release-4.25-CL-13942748
LogInit: Engine Version: 4.25.3-13942748+++UE4+Release-4.25
LogInit: Compatible Engine Version: 4.25.0-13144385+++UE4+Release-4.25
LogInit: Net CL: 13144385
LogInit: OS: Windows 10 (Release 2004) (), CPU: Intel(R) Core(TM) i5-8600K CPU @ 3.60GHz, GPU: NVIDIA GeForce GTX 1070
LogInit: Compiled (64-bit): Jul 25 2020 02:07:48
LogInit: Compiled with Visual C++: 19.24.28315.00
LogInit: Build Configuration: Development
LogInit: Branch Name: ++UE4+Release-4.25
LogInit: Command Line:  -skipcompile
LogInit: Base Directory: E:/EpicGames/UE_4.25/Engine/Binaries/Win64/
LogInit: Allocator: TBB
LogInit: Installed Engine Build: 1
LogDevObjectVersion: Number of dev versions registered: 26
LogDevObjectVersion:   Dev-Blueprints (B0D832E4-1F89-4F0D-ACCF-7EB736FD4AA2): 10
LogDevObjectVersion:   Dev-Build (E1C64328-A22C-4D53-A36C-8E866417BD8C): 0
LogDevObjectVersion:   Dev-Core (375EC13C-06E4-48FB-B500-84F0262A717E): 4
LogDevObjectVersion:   Dev-Editor (E4B068ED-F494-42E9-A231-DA0B2E46BB41): 38
LogDevObjectVersion:   Dev-Framework (CFFC743F-43B0-4480-9391-14DF171D2073): 37
LogDevObjectVersion:   Dev-Mobile (B02B49B5-BB20-44E9-A304-32B752E40360): 2
LogDevObjectVersion:   Dev-Networking (A4E4105C-59A1-49B5-A7C5-40C4547EDFEE): 0
LogDevObjectVersion:   Dev-Online (39C831C9-5AE6-47DC-9A44-9C173E1C8E7C): 0
LogDevObjectVersion:   Dev-Physics (78F01B33-EBEA-4F98-B9B4-84EACCB95AA2): 4
LogDevObjectVersion:   Dev-Platform (6631380F-2D4D-43E0-8009-CF276956A95A): 0
LogDevObjectVersion:   Dev-Rendering (12F88B9F-8875-4AFC-A67C-D90C383ABD29): 43
LogDevObjectVersion:   Dev-Sequencer (7B5AE74C-D270-4C10-A958-57980B212A5A): 12
LogDevObjectVersion:   Dev-VR (D7296918-1DD6-4BDD-9DE2-64A83CC13884): 3
LogDevObjectVersion:   Dev-LoadTimes (C2A15278-BFE7-4AFE-6C17-90FF531DF755): 1
LogDevObjectVersion:   Private-Geometry (6EACA3D4-40EC-4CC1-B786-8BED09428FC5): 3
LogDevObjectVersion:   Dev-AnimPhys (29E575DD-E0A3-4627-9D10-D276232CDCEA): 17
LogDevObjectVersion:   Dev-Anim (AF43A65D-7FD3-4947-9873-3E8ED9C1BB05): 7
LogDevObjectVersion:   Dev-ReflectionCapture (6B266CEC-1EC7-4B8F-A30B-E4D90942FC07): 1
LogDevObjectVersion:   Dev-Automation (0DF73D61-A23F-47EA-B727-89E90C41499A): 1
LogDevObjectVersion:   FortniteMain (601D1886-AC64-4F84-AA16-D3DE0DEAC7D6): 31
LogDevObjectVersion:   Dev-Enterprise (9DFFBCD6-494F-0158-E221-12823C92A888): 10
LogDevObjectVersion:   Dev-Niagara (F2AED0AC-9AFE-416F-8664-AA7FFA26D6FC): 1
LogDevObjectVersion:   Dev-Destruction (174F1F0B-B4C6-45A5-B13F-2EE8D0FB917D): 10
LogDevObjectVersion:   Dev-Physics-Ext (35F94A83-E258-406C-A318-09F59610247C): 37
LogDevObjectVersion:   Dev-PhysicsMaterial-Chaos (B68FC16E-8B1B-42E2-B453-215C058844FE): 1
LogDevObjectVersion:   Dev-CineCamera (B2E18506-4273-CFC2-A54E-F4BB758BBA07): 1
LogInit: Presizing for max 25165824 objects, including 0 objects not considered by GC, pre-allocating 0 bytes for permanent pool.
LogConfig: Applying CVar settings from Section [/Script/Engine.StreamingSettings] File [C:/Users/Victo/Documents/Unreal Projects/Team6ProgAssignment/Saved/Config/Windows/Engine.ini]
LogConfig: Setting CVar [[s.MinBulkDataSizeForAsyncLoading:131072]]
LogConfig: Setting CVar [[s.AsyncLoadingThreadEnabled:0]]
LogConfig: Setting CVar [[s.EventDrivenLoaderEnabled:1]]
LogConfig: Setting CVar [[s.WarnIfTimeLimitExceeded:0]]
LogConfig: Setting CVar [[s.TimeLimitExceededMultiplier:1.5]]
LogConfig: Setting CVar [[s.TimeLimitExceededMinTime:0.005]]
LogConfig: Setting CVar [[s.UseBackgroundLevelStreaming:1]]
LogConfig: Setting CVar [[s.PriorityAsyncLoadingExtraTime:15.0]]
LogConfig: Setting CVar [[s.LevelStreamingActorsUpdateTimeLimit:5.0]]
LogConfig: Setting CVar [[s.PriorityLevelStreamingActorsUpdateExtraTime:5.0]]
LogConfig: Setting CVar [[s.LevelStreamingComponentsRegistrationGranularity:10]]
LogConfig: Setting CVar [[s.UnregisterComponentsTimeLimit:1.0]]
LogConfig: Setting CVar [[s.LevelStreamingComponentsUnregistrationGranularity:5]]
LogConfig: Setting CVar [[s.FlushStreamingOnExit:1]]
LogInit: Object subsystem initialized
LogConfig: Setting CVar [[con.DebugEarlyDefault:1]]
LogConfig: Setting CVar [[r.setres:1280x720]]
[2020.10.11-17.25.40:889][  0]LogConfig: Setting CVar [[r.VSync:0]]
[2020.10.11-17.25.40:889][  0]LogConfig: Setting CVar [[r.RHICmdBypass:0]]
[2020.10.11-17.25.40:889][  0]LogConfig: Applying CVar settings from Section [/Script/Engine.RendererSettings] File [C:/Users/Victo/Documents/Unreal Projects/Team6ProgAssignment/Saved/Config/Windows/Engine.ini]
[2020.10.11-17.25.40:889][  0]LogConfig: Setting CVar [[r.GPUCrashDebugging:0]]
[2020.10.11-17.25.40:889][  0]LogConfig: Applying CVar settings from Section [/Script/Engine.RendererOverrideSettings] File [C:/Users/Victo/Documents/Unreal Projects/Team6ProgAssignment/Saved/Config/Windows/Engine.ini]
[2020.10.11-17.25.40:889][  0]LogConfig: Applying CVar settings from Section [/Script/Engine.StreamingSettings] File [C:/Users/Victo/Documents/Unreal Projects/Team6ProgAssignment/Saved/Config/Windows/Engine.ini]
[2020.10.11-17.25.40:889][  0]LogConfig: Setting CVar [[s.MinBulkDataSizeForAsyncLoading:131072]]
[2020.10.11-17.25.40:889][  0]LogConfig: Setting CVar [[s.AsyncLoadingThreadEnabled:0]]
[2020.10.11-17.25.40:889][  0]LogConfig: Setting CVar [[s.EventDrivenLoaderEnabled:1]]
[2020.10.11-17.25.40:889][  0]LogConfig: Setting CVar [[s.WarnIfTimeLimitExceeded:0]]
[2020.10.11-17.25.40:889][  0]LogConfig: Setting CVar [[s.TimeLimitExceededMultiplier:1.5]]
[2020.10.11-17.25.40:889][  0]LogConfig: Setting CVar [[s.TimeLimitExceededMinTime:0.005]]
[2020.10.11-17.25.40:889][  0]LogConfig: Setting CVar [[s.UseBackgroundLevelStreaming:1]]
[2020.10.11-17.25.40:889][  0]LogConfig: Setting CVar [[s.PriorityAsyncLoadingExtraTime:15.0]]
[2020.10.11-17.25.40:889][  0]LogConfig: Setting CVar [[s.LevelStreamingActorsUpdateTimeLimit:5.0]]
[2020.10.11-17.25.40:889][  0]LogConfig: Setting CVar [[s.PriorityLevelStreamingActorsUpdateExtraTime:5.0]]
[2020.10.11-17.25.40:890][  0]LogConfig: Setting CVar [[s.LevelStreamingComponentsRegistrationGranularity:10]]
[2020.10.11-17.25.40:890][  0]LogConfig: Setting CVar [[s.UnregisterComponentsTimeLimit:1.0]]
[2020.10.11-17.25.40:890][  0]LogConfig: Setting CVar [[s.LevelStreamingComponentsUnregistrationGranularity:5]]
[2020.10.11-17.25.40:890][  0]LogConfig: Setting CVar [[s.FlushStreamingOnExit:1]]
[2020.10.11-17.25.40:890][  0]LogConfig: Applying CVar settings from Section [/Script/Engine.GarbageCollectionSettings] File [C:/Users/Victo/Documents/Unreal Projects/Team6ProgAssignment/Saved/Config/Windows/Engine.ini]
[2020.10.11-17.25.40:890][  0]LogConfig: Setting CVar [[gc.MaxObjectsNotConsideredByGC:1]]
[2020.10.11-17.25.40:890][  0]LogConfig: Setting CVar [[gc.SizeOfPermanentObjectPool:0]]
[2020.10.11-17.25.40:890][  0]LogConfig: Setting CVar [[gc.FlushStreamingOnGC:0]]
[2020.10.11-17.25.40:890][  0]LogConfig: Setting CVar [[gc.NumRetriesBeforeForcingGC:10]]
[2020.10.11-17.25.40:890][  0]LogConfig: Setting CVar [[gc.AllowParallelGC:1]]
[2020.10.11-17.25.40:890][  0]LogConfig: Setting CVar [[gc.TimeBetweenPurgingPendingKillObjects:61.1]]
[2020.10.11-17.25.40:890][  0]LogConfig: Setting CVar [[gc.MaxObjectsInEditor:25165824]]
[2020.10.11-17.25.40:890][  0]LogConfig: Setting CVar [[gc.IncrementalBeginDestroyEnabled:1]]
[2020.10.11-17.25.40:890][  0]LogConfig: Setting CVar [[gc.CreateGCClusters:1]]
[2020.10.11-17.25.40:890][  0]LogConfig: Setting CVar [[gc.MinGCClusterSize:5]]
[2020.10.11-17.25.40:890][  0]LogConfig: Setting CVar [[gc.ActorClusteringEnabled:0]]
[2020.10.11-17.25.40:891][  0]LogConfig: Setting CVar [[gc.BlueprintClusteringEnabled:0]]
[2020.10.11-17.25.40:891][  0]LogConfig: Setting CVar [[gc.UseDisregardForGCOnDedicatedServers:0]]
[2020.10.11-17.25.40:891][  0]LogConfig: Applying CVar settings from Section [/Script/Engine.NetworkSettings] File [C:/Users/Victo/Documents/Unreal Projects/Team6ProgAssignment/Saved/Config/Windows/Engine.ini]
[2020.10.11-17.25.40:891][  0]LogConfig: Applying CVar settings from Section [/Script/UnrealEd.CookerSettings] File [C:/Users/Victo/Documents/Unreal Projects/Team6ProgAssignment/Saved/Config/Windows/Engine.ini]
[2020.10.11-17.25.40:901][  0]LogConfig: Applying CVar settings from Section [ViewDistanceQuality@3] File [C:/Users/Victo/Documents/Unreal Projects/Team6ProgAssignment/Saved/Config/Windows/Scalability.ini]
[2020.10.11-17.25.40:906][  0]LogConfig: Setting CVar [[r.SkeletalMeshLODBias:0]]
[2020.10.11-17.25.40:906][  0]LogConfig: Setting CVar [[r.ViewDistanceScale:1.0]]
[2020.10.11-17.25.40:906][  0]LogConfig: Applying CVar settings from Section [AntiAliasingQuality@3] File [C:/Users/Victo/Documents/Unreal Projects/Team6ProgAssignment/Saved/Config/Windows/Scalability.ini]
[2020.10.11-17.25.40:907][  0]LogConfig: Setting CVar [[r.PostProcessAAQuality:4]]
[2020.10.11-17.25.40:907][  0]LogConfig: Applying CVar settings from Section [ShadowQuality@3] File [C:/Users/Victo/Documents/Unreal Projects/Team6ProgAssignment/Saved/Config/Windows/Scalability.ini]
[2020.10.11-17.25.40:907][  0]LogConfig: Setting CVar [[r.LightFunctionQuality:1]]
[2020.10.11-17.25.40:907][  0]LogConfig: Setting CVar [[r.ShadowQuality:5]]
[2020.10.11-17.25.40:907][  0]LogConfig: Setting CVar [[r.Shadow.CSM.MaxCascades:10]]
[2020.10.11-17.25.40:907][  0]LogConfig: Setting CVar [[r.Shadow.MaxResolution:2048]]
[2020.10.11-17.25.40:907][  0]LogConfig: Setting CVar [[r.Shadow.MaxCSMResolution:2048]]
[2020.10.11-17.25.40:907][  0]LogConfig: Setting CVar [[r.Shadow.RadiusThreshold:0.01]]
[2020.10.11-17.25.40:907][  0]LogConfig: Setting CVar [[r.Shadow.DistanceScale:1.0]]
[2020.10.11-17.25.40:907][  0]LogConfig: Setting CVar [[r.Shadow.CSM.TransitionScale:1.0]]
[2020.10.11-17.25.40:907][  0]LogConfig: Setting CVar [[r.Shadow.PreShadowResolutionFactor:1.0]]
[2020.10.11-17.25.40:907][  0]LogConfig: Setting CVar [[r.DistanceFieldShadowing:1]]
[2020.10.11-17.25.40:907][  0]LogConfig: Setting CVar [[r.DistanceFieldAO:1]]
[2020.10.11-17.25.40:907][  0]LogConfig: Setting CVar [[r.AOQuality:2]]
[2020.10.11-17.25.40:907][  0]LogConfig: Setting CVar [[r.VolumetricFog:1]]
[2020.10.11-17.25.40:907][  0]LogConfig: Setting CVar [[r.VolumetricFog.GridPixelSize:8]]
[2020.10.11-17.25.40:907][  0]LogConfig: Setting CVar [[r.VolumetricFog.GridSizeZ:128]]
[2020.10.11-17.25.40:907][  0]LogConfig: Setting CVar [[r.VolumetricFog.HistoryMissSupersampleCount:4]]
[2020.10.11-17.25.40:907][  0]LogConfig: Setting CVar [[r.LightMaxDrawDistanceScale:1]]
[2020.10.11-17.25.40:907][  0]LogConfig: Setting CVar [[r.CapsuleShadows:1]]
[2020.10.11-17.25.40:907][  0]LogConfig: Applying CVar settings from Section [PostProcessQuality@3] File [C:/Users/Victo/Documents/Unreal Projects/Team6ProgAssignment/Saved/Config/Windows/Scalability.ini]
[2020.10.11-17.25.40:907][  0]LogConfig: Setting CVar [[r.MotionBlurQuality:4]]
[2020.10.11-17.25.40:907][  0]LogConfig: Setting CVar [[r.AmbientOcclusionMipLevelFactor:0.4]]
[2020.10.11-17.25.40:907][  0]LogConfig: Setting CVar [[r.AmbientOcclusionMaxQuality:100]]
[2020.10.11-17.25.40:907][  0]LogConfig: Setting CVar [[r.AmbientOcclusionLevels:-1]]
[2020.10.11-17.25.40:907][  0]LogConfig: Setting CVar [[r.AmbientOcclusionRadiusScale:1.0]]
[2020.10.11-17.25.40:908][  0]LogConfig: Setting CVar [[r.DepthOfFieldQuality:2]]
[2020.10.11-17.25.40:908][  0]LogConfig: Setting CVar [[r.RenderTargetPoolMin:400]]
[2020.10.11-17.25.40:908][  0]LogConfig: Setting CVar [[r.LensFlareQuality:2]]
[2020.10.11-17.25.40:908][  0]LogConfig: Setting CVar [[r.SceneColorFringeQuality:1]]
[2020.10.11-17.25.40:908][  0]LogConfig: Setting CVar [[r.EyeAdaptationQuality:2]]
[2020.10.11-17.25.40:908][  0]LogConfig: Setting CVar [[r.BloomQuality:5]]
[2020.10.11-17.25.40:908][  0]LogConfig: Setting CVar [[r.FastBlurThreshold:100]]
[2020.10.11-17.25.40:908][  0]LogConfig: Setting CVar [[r.Upscale.Quality:3]]
[2020.10.11-17.25.40:908][  0]LogConfig: Setting CVar [[r.Tonemapper.GrainQuantization:1]]
[2020.10.11-17.25.40:908][  0]LogConfig: Setting CVar [[r.LightShaftQuality:1]]
[2020.10.11-17.25.40:908][  0]LogConfig: Setting CVar [[r.Filter.SizeScale:1]]
[2020.10.11-17.25.40:908][  0]LogConfig: Setting CVar [[r.Tonemapper.Quality:5]]
[2020.10.11-17.25.40:908][  0]LogConfig: Setting CVar [[r.DOF.Gather.AccumulatorQuality:1        ; higher gathering accumulator quality]]
[2020.10.11-17.25.40:908][  0]LogConfig: Setting CVar [[r.DOF.Gather.PostfilterMethod:1          ; Median3x3 postfilering method]]
[2020.10.11-17.25.40:908][  0]LogConfig: Setting CVar [[r.DOF.Gather.EnableBokehSettings:0       ; no bokeh simulation when gathering]]
[2020.10.11-17.25.40:908][  0]LogConfig: Setting CVar [[r.DOF.Gather.RingCount:4                 ; medium number of samples when gathering]]
[2020.10.11-17.25.40:908][  0]LogConfig: Setting CVar [[r.DOF.Scatter.ForegroundCompositing:1    ; additive foreground scattering]]
[2020.10.11-17.25.40:908][  0]LogConfig: Setting CVar [[r.DOF.Scatter.BackgroundCompositing:2    ; additive background scattering]]
[2020.10.11-17.25.40:908][  0]LogConfig: Setting CVar [[r.DOF.Scatter.EnableBokehSettings:1      ; bokeh simulation when scattering]]
[2020.10.11-17.25.40:908][  0]LogConfig: Setting CVar [[r.DOF.Scatter.MaxSpriteRatio:0.1         ; only a maximum of 10% of scattered bokeh]]
[2020.10.11-17.25.40:908][  0]LogConfig: Setting CVar [[r.DOF.Recombine.Quality:1                ; cheap slight out of focus]]
[2020.10.11-17.25.40:909][  0]LogConfig: Setting CVar [[r.DOF.Recombine.EnableBokehSettings:0    ; no bokeh simulation on slight out of focus]]
[2020.10.11-17.25.40:909][  0]LogConfig: Setting CVar [[r.DOF.TemporalAAQuality:1                ; more stable temporal accumulation]]
[2020.10.11-17.25.40:909][  0]LogConfig: Setting CVar [[r.DOF.Kernel.MaxForegroundRadius:0.025]]
[2020.10.11-17.25.40:909][  0]LogConfig: Setting CVar [[r.DOF.Kernel.MaxBackgroundRadius:0.025]]
[2020.10.11-17.25.40:909][  0]LogConfig: Applying CVar settings from Section [TextureQuality@3] File [C:/Users/Victo/Documents/Unreal Projects/Team6ProgAssignment/Saved/Config/Windows/Scalability.ini]
[2020.10.11-17.25.40:909][  0]LogConfig: Setting CVar [[r.Streaming.MipBias:0]]
[2020.10.11-17.25.40:909][  0]LogConfig: Setting CVar [[r.Streaming.AmortizeCPUToGPUCopy:0]]
[2020.10.11-17.25.40:909][  0]LogConfig: Setting CVar [[r.Streaming.MaxNumTexturesToStreamPerFrame:0]]
[2020.10.11-17.25.40:909][  0]LogConfig: Setting CVar [[r.Streaming.Boost:1]]
[2020.10.11-17.25.40:909][  0]LogConfig: Setting CVar [[r.MaxAnisotropy:8]]
[2020.10.11-17.25.40:909][  0]LogConfig: Setting CVar [[r.VT.MaxAnisotropy:8]]
[2020.10.11-17.25.40:909][  0]LogConfig: Setting CVar [[r.Streaming.LimitPoolSizeToVRAM:0]]
[2020.10.11-17.25.40:909][  0]LogConfig: Setting CVar [[r.Streaming.PoolSize:1000]]
[2020.10.11-17.25.40:909][  0]LogConfig: Setting CVar [[r.Streaming.MaxEffectiveScreenSize:0]]
[2020.10.11-17.25.40:909][  0]LogConfig: Applying CVar settings from Section [EffectsQuality@3] File [C:/Users/Victo/Documents/Unreal Projects/Team6ProgAssignment/Saved/Config/Windows/Scalability.ini]
[2020.10.11-17.25.40:909][  0]LogConfig: Setting CVar [[r.TranslucencyLightingVolumeDim:64]]
[2020.10.11-17.25.40:909][  0]LogConfig: Setting CVar [[r.RefractionQuality:2]]
[2020.10.11-17.25.40:909][  0]LogConfig: Setting CVar [[r.SSR.Quality:3]]
[2020.10.11-17.25.40:909][  0]LogConfig: Setting CVar [[r.SSR.HalfResSceneColor:0]]
[2020.10.11-17.25.40:909][  0]LogConfig: Setting CVar [[r.SceneColorFormat:4]]
[2020.10.11-17.25.40:909][  0]LogConfig: Setting CVar [[r.DetailMode:2]]
[2020.10.11-17.25.40:909][  0]LogConfig: Setting CVar [[r.TranslucencyVolumeBlur:1]]
[2020.10.11-17.25.40:909][  0]LogConfig: Setting CVar [[r.MaterialQualityLevel:1 ; High quality]]
[2020.10.11-17.25.40:909][  0]LogConfig: Setting CVar [[r.SSS.Scale:1]]
[2020.10.11-17.25.40:909][  0]LogConfig: Setting CVar [[r.SSS.SampleSet:2]]
[2020.10.11-17.25.40:909][  0]LogConfig: Setting CVar [[r.SSS.Quality:1]]
[2020.10.11-17.25.40:910][  0]LogConfig: Setting CVar [[r.SSS.HalfRes:0]]
[2020.10.11-17.25.40:910][  0]LogConfig: Setting CVar [[r.SSGI.Quality:3]]
[2020.10.11-17.25.40:910][  0]LogConfig: Setting CVar [[r.EmitterSpawnRateScale:1.0]]
[2020.10.11-17.25.40:910][  0]LogConfig: Setting CVar [[r.ParticleLightQuality:2]]
[2020.10.11-17.25.40:910][  0]LogConfig: Setting CVar [[r.SkyAtmosphere.AerialPerspectiveLUT.FastApplyOnOpaque:1 ; Always have FastSkyLUT 1 in this case to avoid wrong sky]]
[2020.10.11-17.25.40:910][  0]LogConfig: Setting CVar [[r.SkyAtmosphere.AerialPerspectiveLUT.SampleCountPerSlice:1]]
[2020.10.11-17.25.40:910][  0]LogConfig: Setting CVar [[r.SkyAtmosphere.AerialPerspectiveLUT.DepthResolution:16.0]]
[2020.10.11-17.25.40:910][  0]LogConfig: Setting CVar [[r.SkyAtmosphere.FastSkyLUT:1]]
[2020.10.11-17.25.40:910][  0]LogConfig: Setting CVar [[r.SkyAtmosphere.FastSkyLUT.SampleCountMin:4.0]]
[2020.10.11-17.25.40:910][  0]LogConfig: Setting CVar [[r.SkyAtmosphere.FastSkyLUT.SampleCountMax:32.0]]
[2020.10.11-17.25.40:910][  0]LogConfig: Setting CVar [[r.SkyAtmosphere.SampleCountMin:4.0]]
[2020.10.11-17.25.40:910][  0]LogConfig: Setting CVar [[r.SkyAtmosphere.SampleCountMax:32.0]]
[2020.10.11-17.25.40:910][  0]LogConfig: Setting CVar [[r.SkyAtmosphere.TransmittanceLUT.UseSmallFormat:0]]
[2020.10.11-17.25.40:910][  0]LogConfig: Setting CVar [[r.SkyAtmosphere.TransmittanceLUT.SampleCount:10.0]]
[2020.10.11-17.25.40:910][  0]LogConfig: Setting CVar [[r.SkyAtmosphere.MultiScatteringLUT.SampleCount:15.0]]
[2020.10.11-17.25.40:910][  0]LogConfig: Applying CVar settings from Section [FoliageQuality@3] File [C:/Users/Victo/Documents/Unreal Projects/Team6ProgAssignment/Saved/Config/Windows/Scalability.ini]
[2020.10.11-17.25.40:910][  0]LogConfig: Setting CVar [[foliage.DensityScale:1.0]]
[2020.10.11-17.25.40:910][  0]LogConfig: Setting CVar [[grass.DensityScale:1.0]]
[2020.10.11-17.25.40:910][  0]LogConfig: Applying CVar settings from Section [ShadingQuality@3] File [C:/Users/Victo/Documents/Unreal Projects/Team6ProgAssignment/Saved/Config/Windows/Scalability.ini]
[2020.10.11-17.25.40:910][  0]LogConfig: Setting CVar [[r.HairStrands.SkyLighting.SampleCount:16]]
[2020.10.11-17.25.40:910][  0]LogConfig: Setting CVar [[r.HairStrands.SkyLighting.JitterIntegration:0]]
[2020.10.11-17.25.40:910][  0]LogConfig: Setting CVar [[r.HairStrands.SkyAO.SampleCount:16]]
[2020.10.11-17.25.40:910][  0]LogConfig: Setting CVar [[r.HairStrands.DeepShadow.SuperSampling:0]]
[2020.10.11-17.25.40:910][  0]LogConfig: Setting CVar [[r.HairStrands.VisibilityPPLL:0]]
[2020.10.11-17.25.40:910][  0]LogConfig: Setting CVar [[r.HairStrands.RasterizationScale:0.5]]
[2020.10.11-17.25.40:910][  0]LogConfig: Setting CVar [[r.HairStrands.VelocityRasterizationScale:1]]
[2020.10.11-17.25.40:911][  0]LogInit: Selected Device Profile: [Windows]
[2020.10.11-17.25.40:911][  0]LogInit: Applying CVar settings loaded from the selected device profile: [Windows]
[2020.10.11-17.25.40:911][  0]LogHAL: Display: Platform has ~ 16 GB [17106833408 / 17179869184 / 16], which maps to Larger [LargestMinGB=32, LargerMinGB=12, DefaultMinGB=8, SmallerMinGB=6, SmallestMinGB=0)
[2020.10.11-17.25.40:911][  0]LogInit: Going up to parent DeviceProfile []
[2020.10.11-17.25.40:911][  0]LogConfig: Applying CVar settings from Section [ViewDistanceQuality@3] File [C:/Users/Victo/Documents/Unreal Projects/Team6ProgAssignment/Saved/Config/Windows/Scalability.ini]
[2020.10.11-17.25.40:911][  0]LogConfig: Setting CVar [[r.SkeletalMeshLODBias:0]]
[2020.10.11-17.25.40:911][  0]LogConfig: Setting CVar [[r.ViewDistanceScale:1.0]]
[2020.10.11-17.25.40:911][  0]LogConfig: Applying CVar settings from Section [AntiAliasingQuality@3] File [C:/Users/Victo/Documents/Unreal Projects/Team6ProgAssignment/Saved/Config/Windows/Scalability.ini]
[2020.10.11-17.25.40:911][  0]LogConfig: Setting CVar [[r.PostProcessAAQuality:4]]
[2020.10.11-17.25.40:911][  0]LogConfig: Applying CVar settings from Section [ShadowQuality@3] File [C:/Users/Victo/Documents/Unreal Projects/Team6ProgAssignment/Saved/Config/Windows/Scalability.ini]
[2020.10.11-17.25.40:911][  0]LogConfig: Setting CVar [[r.LightFunctionQuality:1]]
[2020.10.11-17.25.40:911][  0]LogConfig: Setting CVar [[r.ShadowQuality:5]]
[2020.10.11-17.25.40:911][  0]LogConfig: Setting CVar [[r.Shadow.CSM.MaxCascades:10]]
[2020.10.11-17.25.40:911][  0]LogConfig: Setting CVar [[r.Shadow.MaxResolution:2048]]
[2020.10.11-17.25.40:911][  0]LogConfig: Setting CVar [[r.Shadow.MaxCSMResolution:2048]]
[2020.10.11-17.25.40:911][  0]LogConfig: Setting CVar [[r.Shadow.RadiusThreshold:0.01]]
[2020.10.11-17.25.40:911][  0]LogConfig: Setting CVar [[r.Shadow.DistanceScale:1.0]]
[2020.10.11-17.25.40:911][  0]LogConfig: Setting CVar [[r.Shadow.CSM.TransitionScale:1.0]]
[2020.10.11-17.25.40:911][  0]LogConfig: Setting CVar [[r.Shadow.PreShadowResolutionFactor:1.0]]
[2020.10.11-17.25.40:911][  0]LogConfig: Setting CVar [[r.DistanceFieldShadowing:1]]
[2020.10.11-17.25.40:912][  0]LogConfig: Setting CVar [[r.DistanceFieldAO:1]]
[2020.10.11-17.25.40:912][  0]LogConfig: Setting CVar [[r.AOQuality:2]]
[2020.10.11-17.25.40:912][  0]LogConfig: Setting CVar [[r.VolumetricFog:1]]
[2020.10.11-17.25.40:912][  0]LogConfig: Setting CVar [[r.VolumetricFog.GridPixelSize:8]]
[2020.10.11-17.25.40:912][  0]LogConfig: Setting CVar [[r.VolumetricFog.GridSizeZ:128]]
[2020.10.11-17.25.40:912][  0]LogConfig: Setting CVar [[r.VolumetricFog.HistoryMissSupersampleCount:4]]
[2020.10.11-17.25.40:912][  0]LogConfig: Setting CVar [[r.LightMaxDrawDistanceScale:1]]
[2020.10.11-17.25.40:912][  0]LogConfig: Setting CVar [[r.CapsuleShadows:1]]
[2020.10.11-17.25.40:912][  0]LogConfig: Applying CVar settings from Section [PostProcessQuality@3] File [C:/Users/Victo/Documents/Unreal Projects/Team6ProgAssignment/Saved/Config/Windows/Scalability.ini]
[2020.10.11-17.25.40:912][  0]LogConfig: Setting CVar [[r.MotionBlurQuality:4]]
[2020.10.11-17.25.40:912][  0]LogConfig: Setting CVar [[r.AmbientOcclusionMipLevelFactor:0.4]]
[2020.10.11-17.25.40:912][  0]LogConfig: Setting CVar [[r.AmbientOcclusionMaxQuality:100]]
[2020.10.11-17.25.40:912][  0]LogConfig: Setting CVar [[r.AmbientOcclusionLevels:-1]]
[2020.10.11-17.25.40:912][  0]LogConfig: Setting CVar [[r.AmbientOcclusionRadiusScale:1.0]]
[2020.10.11-17.25.40:912][  0]LogConfig: Setting CVar [[r.DepthOfFieldQuality:2]]
[2020.10.11-17.25.40:912][  0]LogConfig: Setting CVar [[r.RenderTargetPoolMin:400]]
[2020.10.11-17.25.40:912][  0]LogConfig: Setting CVar [[r.LensFlareQuality:2]]
[2020.10.11-17.25.40:912][  0]LogConfig: Setting CVar [[r.SceneColorFringeQuality:1]]
[2020.10.11-17.25.40:912][  0]LogConfig: Setting CVar [[r.EyeAdaptationQuality:2]]
[2020.10.11-17.25.40:912][  0]LogConfig: Setting CVar [[r.BloomQuality:5]]
[2020.10.11-17.25.40:913][  0]LogConfig: Setting CVar [[r.FastBlurThreshold:100]]
[2020.10.11-17.25.40:913][  0]LogConfig: Setting CVar [[r.Upscale.Quality:3]]
[2020.10.11-17.25.40:913][  0]LogConfig: Setting CVar [[r.Tonemapper.GrainQuantization:1]]
[2020.10.11-17.25.40:913][  0]LogConfig: Setting CVar [[r.LightShaftQuality:1]]
[2020.10.11-17.25.40:913][  0]LogConfig: Setting CVar [[r.Filter.SizeScale:1]]
[2020.10.11-17.25.40:913][  0]LogConfig: Setting CVar [[r.Tonemapper.Quality:5]]
[2020.10.11-17.25.40:913][  0]LogConfig: Setting CVar [[r.DOF.Gather.AccumulatorQuality:1        ; higher gathering accumulator quality]]
[2020.10.11-17.25.40:914][  0]LogConfig: Setting CVar [[r.DOF.Gather.PostfilterMethod:1          ; Median3x3 postfilering method]]
[2020.10.11-17.25.40:914][  0]LogConfig: Setting CVar [[r.DOF.Gather.EnableBokehSettings:0       ; no bokeh simulation when gathering]]
[2020.10.11-17.25.40:914][  0]LogConfig: Setting CVar [[r.DOF.Gather.RingCount:4                 ; medium number of samples when gathering]]
[2020.10.11-17.25.40:914][  0]LogConfig: Setting CVar [[r.DOF.Scatter.ForegroundCompositing:1    ; additive foreground scattering]]
[2020.10.11-17.25.40:914][  0]LogConfig: Setting CVar [[r.DOF.Scatter.BackgroundCompositing:2    ; additive background scattering]]
[2020.10.11-17.25.40:914][  0]LogConfig: Setting CVar [[r.DOF.Scatter.EnableBokehSettings:1      ; bokeh simulation when scattering]]
[2020.10.11-17.25.40:914][  0]LogConfig: Setting CVar [[r.DOF.Scatter.MaxSpriteRatio:0.1         ; only a maximum of 10% of scattered bokeh]]
[2020.10.11-17.25.40:914][  0]LogConfig: Setting CVar [[r.DOF.Recombine.Quality:1                ; cheap slight out of focus]]
[2020.10.11-17.25.40:914][  0]LogConfig: Setting CVar [[r.DOF.Recombine.EnableBokehSettings:0    ; no bokeh simulation on slight out of focus]]
[2020.10.11-17.25.40:914][  0]LogConfig: Setting CVar [[r.DOF.TemporalAAQuality:1                ; more stable temporal accumulation]]
[2020.10.11-17.25.40:914][  0]LogConfig: Setting CVar [[r.DOF.Kernel.MaxForegroundRadius:0.025]]
[2020.10.11-17.25.40:914][  0]LogConfig: Setting CVar [[r.DOF.Kernel.MaxBackgroundRadius:0.025]]
[2020.10.11-17.25.40:914][  0]LogConfig: Applying CVar settings from Section [TextureQuality@3] File [C:/Users/Victo/Documents/Unreal Projects/Team6ProgAssignment/Saved/Config/Windows/Scalability.ini]
[2020.10.11-17.25.40:914][  0]LogConfig: Setting CVar [[r.Streaming.MipBias:0]]
[2020.10.11-17.25.40:914][  0]LogConfig: Setting CVar [[r.Streaming.AmortizeCPUToGPUCopy:0]]
[2020.10.11-17.25.40:914][  0]LogConfig: Setting CVar [[r.Streaming.MaxNumTexturesToStreamPerFrame:0]]
[2020.10.11-17.25.40:914][  0]LogConfig: Setting CVar [[r.Streaming.Boost:1]]
[2020.10.11-17.25.40:914][  0]LogConfig: Setting CVar [[r.MaxAnisotropy:8]]
[2020.10.11-17.25.40:914][  0]LogConfig: Setting CVar [[r.VT.MaxAnisotropy:8]]
[2020.10.11-17.25.40:914][  0]LogConfig: Setting CVar [[r.Streaming.LimitPoolSizeToVRAM:0]]
[2020.10.11-17.25.40:914][  0]LogConfig: Setting CVar [[r.Streaming.PoolSize:1000]]
[2020.10.11-17.25.40:914][  0]LogConfig: Setting CVar [[r.Streaming.MaxEffectiveScreenSize:0]]
[2020.10.11-17.25.40:914][  0]LogConfig: Applying CVar settings from Section [EffectsQuality@3] File [C:/Users/Victo/Documents/Unreal Projects/Team6ProgAssignment/Saved/Config/Windows/Scalability.ini]
[2020.10.11-17.25.40:914][  0]LogConfig: Setting CVar [[r.TranslucencyLightingVolumeDim:64]]
[2020.10.11-17.25.40:914][  0]LogConfig: Setting CVar [[r.RefractionQuality:2]]
[2020.10.11-17.25.40:914][  0]LogConfig: Setting CVar [[r.SSR.Quality:3]]
[2020.10.11-17.25.40:914][  0]LogConfig: Setting CVar [[r.SSR.HalfResSceneColor:0]]
[2020.10.11-17.25.40:914][  0]LogConfig: Setting CVar [[r.SceneColorFormat:4]]
[2020.10.11-17.25.40:915][  0]LogConfig: Setting CVar [[r.DetailMode:2]]
[2020.10.11-17.25.40:915][  0]LogConfig: Setting CVar [[r.TranslucencyVolumeBlur:1]]
[2020.10.11-17.25.40:915][  0]LogConfig: Setting CVar [[r.MaterialQualityLevel:1 ; High quality]]
[2020.10.11-17.25.40:915][  0]LogConfig: Setting CVar [[r.SSS.Scale:1]]
[2020.10.11-17.25.40:915][  0]LogConfig: Setting CVar [[r.SSS.SampleSet:2]]
[2020.10.11-17.25.40:915][  0]LogConfig: Setting CVar [[r.SSS.Quality:1]]
[2020.10.11-17.25.40:915][  0]LogConfig: Setting CVar [[r.SSS.HalfRes:0]]
[2020.10.11-17.25.40:915][  0]LogConfig: Setting CVar [[r.SSGI.Quality:3]]
[2020.10.11-17.25.40:915][  0]LogConfig: Setting CVar [[r.EmitterSpawnRateScale:1.0]]
[2020.10.11-17.25.40:915][  0]LogConfig: Setting CVar [[r.ParticleLightQuality:2]]
[2020.10.11-17.25.40:915][  0]LogConfig: Setting CVar [[r.SkyAtmosphere.AerialPerspectiveLUT.FastApplyOnOpaque:1 ; Always have FastSkyLUT 1 in this case to avoid wrong sky]]
[2020.10.11-17.25.40:915][  0]LogConfig: Setting CVar [[r.SkyAtmosphere.AerialPerspectiveLUT.SampleCountPerSlice:1]]
[2020.10.11-17.25.40:915][  0]LogConfig: Setting CVar [[r.SkyAtmosphere.AerialPerspectiveLUT.DepthResolution:16.0]]
[2020.10.11-17.25.40:915][  0]LogConfig: Setting CVar [[r.SkyAtmosphere.FastSkyLUT:1]]
[2020.10.11-17.25.40:915][  0]LogConfig: Setting CVar [[r.SkyAtmosphere.FastSkyLUT.SampleCountMin:4.0]]
[2020.10.11-17.25.40:915][  0]LogConfig: Setting CVar [[r.SkyAtmosphere.FastSkyLUT.SampleCountMax:32.0]]
[2020.10.11-17.25.40:915][  0]LogConfig: Setting CVar [[r.SkyAtmosphere.SampleCountMin:4.0]]
[2020.10.11-17.25.40:915][  0]LogConfig: Setting CVar [[r.SkyAtmosphere.SampleCountMax:32.0]]
[2020.10.11-17.25.40:915][  0]LogConfig: Setting CVar [[r.SkyAtmosphere.TransmittanceLUT.UseSmallFormat:0]]
[2020.10.11-17.25.40:915][  0]LogConfig: Setting CVar [[r.SkyAtmosphere.TransmittanceLUT.SampleCount:10.0]]
[2020.10.11-17.25.40:915][  0]LogConfig: Setting CVar [[r.SkyAtmosphere.MultiScatteringLUT.SampleCount:15.0]]
[2020.10.11-17.25.40:915][  0]LogConfig: Applying CVar settings from Section [FoliageQuality@3] File [C:/Users/Victo/Documents/Unreal Projects/Team6ProgAssignment/Saved/Config/Windows/Scalability.ini]
[2020.10.11-17.25.40:915][  0]LogConfig: Setting CVar [[foliage.DensityScale:1.0]]
[2020.10.11-17.25.40:915][  0]LogConfig: Setting CVar [[grass.DensityScale:1.0]]
[2020.10.11-17.25.40:915][  0]LogConfig: Applying CVar settings from Section [ShadingQuality@3] File [C:/Users/Victo/Documents/Unreal Projects/Team6ProgAssignment/Saved/Config/Windows/Scalability.ini]
[2020.10.11-17.25.40:915][  0]LogConfig: Setting CVar [[r.HairStrands.SkyLighting.SampleCount:16]]
[2020.10.11-17.25.40:915][  0]LogConfig: Setting CVar [[r.HairStrands.SkyLighting.JitterIntegration:0]]
[2020.10.11-17.25.40:915][  0]LogConfig: Setting CVar [[r.HairStrands.SkyAO.SampleCount:16]]
[2020.10.11-17.25.40:916][  0]LogConfig: Setting CVar [[r.HairStrands.DeepShadow.SuperSampling:0]]
[2020.10.11-17.25.40:916][  0]LogConfig: Setting CVar [[r.HairStrands.VisibilityPPLL:0]]
[2020.10.11-17.25.40:916][  0]LogConfig: Setting CVar [[r.HairStrands.RasterizationScale:0.5]]
[2020.10.11-17.25.40:916][  0]LogConfig: Setting CVar [[r.HairStrands.VelocityRasterizationScale:1]]
[2020.10.11-17.25.40:916][  0]LogConfig: Applying CVar settings from Section [Startup] File [../../../Engine/Config/ConsoleVariables.ini]
[2020.10.11-17.25.40:917][  0]LogConfig: Setting CVar [[net.UseAdaptiveNetUpdateFrequency:0]]
[2020.10.11-17.25.40:917][  0]LogConfig: Setting CVar [[p.chaos.AllowCreatePhysxBodies:1]]
[2020.10.11-17.25.40:917][  0]LogConfig: Setting CVar [[fx.SkipVectorVMBackendOptimizations:1]]
[2020.10.11-17.25.40:917][  0]LogConfig: Applying CVar settings from Section [ConsoleVariables] File [C:/Users/Victo/Documents/Unreal Projects/Team6ProgAssignment/Saved/Config/Windows/Engine.ini]
[2020.10.11-17.25.40:918][  0]LogInit: Computer: DESKTOP-OA2CMIS
[2020.10.11-17.25.40:919][  0]LogInit: User: VictoR
[2020.10.11-17.25.40:919][  0]LogInit: CPU Page size=4096, Cores=6
[2020.10.11-17.25.40:919][  0]LogInit: High frequency timer resolution =10.000000 MHz
[2020.10.11-17.25.40:920][  0]LogMemory: Memory total: Physical=15.9GB (16GB approx)
[2020.10.11-17.25.40:920][  0]LogMemory: Platform Memory Stats for Windows
[2020.10.11-17.25.40:920][  0]LogMemory: Process Physical Memory: 116.12 MB used, 116.12 MB peak
[2020.10.11-17.25.40:920][  0]LogMemory: Process Virtual Memory: 103.85 MB used, 103.85 MB peak
[2020.10.11-17.25.40:920][  0]LogMemory: Physical Memory: 8277.80 MB used,  8036.54 MB free, 16314.35 MB total
[2020.10.11-17.25.40:921][  0]LogMemory: Virtual Memory: 5109.73 MB used,  134212616.00 MB free, 134217728.00 MB total
[2020.10.11-17.25.40:949][  0]LogWindows: WindowsPlatformFeatures enabled
[2020.10.11-17.25.41:134][  0]LogInit: Physics initialised using underlying interface: PhysX
[2020.10.11-17.25.41:136][  0]LogInit: Using OS detected language (sv-SE).
[2020.10.11-17.25.41:136][  0]LogInit: Using OS detected locale (sv-SE).
[2020.10.11-17.25.41:140][  0]LogTextLocalizationManager: No localization for 'sv-SE' exists, so 'en' will be used for the language.
[2020.10.11-17.25.41:317][  0]LogInit: Setting process to per monitor DPI aware
[2020.10.11-17.25.41:386][  0]LogSlate: New Slate User Created.  User Index 0, Is Virtual User: 0
[2020.10.11-17.25.41:386][  0]LogSlate: Slate User Registered.  User Index 0, Is Virtual User: 0
[2020.10.11-17.25.41:673][  0]LogD3D11RHI: D3D11 min allowed feature level: 11_0
[2020.10.11-17.25.41:673][  0]LogD3D11RHI: D3D11 max allowed feature level: 11_0
[2020.10.11-17.25.41:673][  0]LogD3D11RHI: D3D11 adapters:
[2020.10.11-17.25.41:800][  0]LogD3D11RHI:    0. 'NVIDIA GeForce GTX 1070' (Feature Level 11_0)
[2020.10.11-17.25.41:800][  0]LogD3D11RHI:       8088/0/8157 MB DedicatedVideo/DedicatedSystem/SharedSystem, Outputs:2, VendorId:0x10de
[2020.10.11-17.25.41:807][  0]LogD3D11RHI:    1. 'Microsoft Basic Render Driver' (Feature Level 11_0)
[2020.10.11-17.25.41:807][  0]LogD3D11RHI:       0/0/8157 MB DedicatedVideo/DedicatedSystem/SharedSystem, Outputs:0, VendorId:0x1414
[2020.10.11-17.25.41:807][  0]LogD3D11RHI: Chosen D3D11 Adapter: 0
[2020.10.11-17.25.41:814][  0]LogD3D11RHI: Creating new Direct3DDevice
[2020.10.11-17.25.41:814][  0]LogD3D11RHI:     GPU DeviceId: 0x1b81 (for the marketing name, search the web for "GPU Device Id")
[2020.10.11-17.25.41:815][  0]LogWindows: EnumDisplayDevices:
[2020.10.11-17.25.41:815][  0]LogWindows:    0. 'NVIDIA GeForce GTX 1070' (P:1 D:1)
[2020.10.11-17.25.41:815][  0]LogWindows:    1. 'NVIDIA GeForce GTX 1070' (P:0 D:1)
[2020.10.11-17.25.41:816][  0]LogWindows:    2. 'NVIDIA GeForce GTX 1070' (P:0 D:0)
[2020.10.11-17.25.41:816][  0]LogWindows:    3. 'NVIDIA GeForce GTX 1070' (P:0 D:0)
[2020.10.11-17.25.41:817][  0]LogWindows: DebugString: FoundDriverCount:4 
[2020.10.11-17.25.41:817][  0]LogD3D11RHI:     Adapter Name: NVIDIA GeForce GTX 1070
[2020.10.11-17.25.41:817][  0]LogD3D11RHI:   Driver Version: 456.55 (internal:27.21.14.5655, unified:456.55)
[2020.10.11-17.25.41:817][  0]LogD3D11RHI:      Driver Date: 9-24-2020
[2020.10.11-17.25.41:817][  0]LogRHI: Texture pool is 5661 MB (70% of 8088 MB)
[2020.10.11-17.25.41:890][  0]LogD3D11RHI: RHI has support for 64 bit atomics
[2020.10.11-17.25.41:893][  0]LogD3D11RHI: [Aftermath] Enabled and primed
[2020.10.11-17.25.41:893][  0]LogD3D11RHI: Async texture creation enabled
[2020.10.11-17.25.41:893][  0]LogD3D11RHI: Array index from any shader is supported
[2020.10.11-17.25.41:921][  0]LogD3D11RHI: GPU Timing Frequency: 1000.000000 (Debug: 2 1)
[2020.10.11-17.25.42:288][  0]LogTargetPlatformManager: Display: Loaded TargetPlatform 'AllDesktop'
[2020.10.11-17.25.42:310][  0]LogTargetPlatformManager: Display: Loaded TargetPlatform 'Android'
[2020.10.11-17.25.42:311][  0]LogTargetPlatformManager: Display: Loaded TargetPlatform 'Android_ASTC'
[2020.10.11-17.25.42:311][  0]LogTargetPlatformManager: Display: Loaded TargetPlatform 'Android_DXT'
[2020.10.11-17.25.42:311][  0]LogTargetPlatformManager: Display: Loaded TargetPlatform 'Android_ETC2'
[2020.10.11-17.25.42:311][  0]LogTargetPlatformManager: Display: Loaded TargetPlatform 'AndroidClient'
[2020.10.11-17.25.42:311][  0]LogTargetPlatformManager: Display: Loaded TargetPlatform 'Android_ASTCClient'
[2020.10.11-17.25.42:311][  0]LogTargetPlatformManager: Display: Loaded TargetPlatform 'Android_DXTClient'
[2020.10.11-17.25.42:311][  0]LogTargetPlatformManager: Display: Loaded TargetPlatform 'Android_ETC2Client'
[2020.10.11-17.25.42:311][  0]LogTargetPlatformManager: Display: Loaded TargetPlatform 'Android_Multi'
[2020.10.11-17.25.42:311][  0]LogTargetPlatformManager: Display: Loaded TargetPlatform 'Android_MultiClient'
[2020.10.11-17.25.42:343][  0]LogTargetPlatformManager: Display: Loaded TargetPlatform 'IOSClient'
[2020.10.11-17.25.42:343][  0]LogTargetPlatformManager: Display: Loaded TargetPlatform 'IOS'
[2020.10.11-17.25.42:357][  0]LogTargetPlatformManager: Display: Loaded TargetPlatform 'Linux'
[2020.10.11-17.25.42:373][  0]LogTargetPlatformManager: Display: Loaded TargetPlatform 'LinuxNoEditor'
[2020.10.11-17.25.42:385][  0]LogTargetPlatformManager: Display: Loaded TargetPlatform 'LinuxClient'
[2020.10.11-17.25.42:399][  0]LogTargetPlatformManager: Display: Loaded TargetPlatform 'LinuxServer'
[2020.10.11-17.25.42:411][  0]LogTargetPlatformManager: Display: Loaded TargetPlatform 'LinuxAArch64NoEditor'
[2020.10.11-17.25.42:421][  0]LogTargetPlatformManager: Display: Loaded TargetPlatform 'LinuxAArch64Client'
[2020.10.11-17.25.42:434][  0]LogTargetPlatformManager: Display: Loaded TargetPlatform 'LinuxAArch64Server'
[2020.10.11-17.25.42:464][  0]LogTargetPlatformManager: Display: Loaded TargetPlatform 'Lumin'
[2020.10.11-17.25.42:465][  0]LogTargetPlatformManager: Display: Loaded TargetPlatform 'LuminClient'
[2020.10.11-17.25.42:482][  0]LogTargetPlatformManager: Display: Loaded TargetPlatform 'TVOSClient'
[2020.10.11-17.25.42:482][  0]LogTargetPlatformManager: Display: Loaded TargetPlatform 'TVOS'
[2020.10.11-17.25.42:493][  0]LogTargetPlatformManager: Display: Loaded TargetPlatform 'WindowsNoEditor'
[2020.10.11-17.25.42:505][  0]LogTargetPlatformManager: Display: Loaded TargetPlatform 'Windows'
[2020.10.11-17.25.42:515][  0]LogTargetPlatformManager: Display: Loaded TargetPlatform 'WindowsClient'
[2020.10.11-17.25.42:526][  0]LogTargetPlatformManager: Display: Loaded TargetPlatform 'WindowsServer'
[2020.10.11-17.25.42:526][  0]LogTargetPlatformManager: Display: Building Assets For Windows
[2020.10.11-17.25.42:544][  0]LogAudioDebug: Display: Lib vorbis DLL was dynamically loaded.
[2020.10.11-17.25.42:658][  0]LogShaderCompilers: Guid format shader working directory is -15 characters bigger than the processId version (C:/Users/Victo/Documents/Unreal Projects/Team6ProgAssignment/Intermediate/Shaders/WorkingDirectory/17580/).
[2020.10.11-17.25.42:659][  0]LogShaderCompilers: Cleaned the shader compiler working directory 'C:/Users/Victo/AppData/Local/Temp/UnrealShaderWorkingDir/780058144D0CD476948C068353645D7E/'.
[2020.10.11-17.25.42:659][  0]LogXGEController: Cleaning working directory: C:/Users/Victo/AppData/Local/Temp/UnrealXGEWorkingDir/
[2020.10.11-17.25.42:660][  0]LogXGEController: Cannot use XGE Controller as Incredibuild is not installed on this machine.
[2020.10.11-17.25.42:660][  0]LogShaderCompilers: Cannot use XGE Shader Compiler as Incredibuild is not installed on this machine.
[2020.10.11-17.25.42:660][  0]LogShaderCompilers: Display: Using Local Shader Compiler.
[2020.10.11-17.25.43:393][  0]LogDerivedDataCache: Display: Max Cache Size: 512 MB
[2020.10.11-17.25.43:460][  0]LogDerivedDataCache: Loaded boot cache 0.07s 78MB C:/Users/Victo/AppData/Local/UnrealEngine/4.25/DerivedDataCache/Boot.ddc.
[2020.10.11-17.25.43:461][  0]LogDerivedDataCache: Display: Loaded Boot cache: C:/Users/Victo/AppData/Local/UnrealEngine/4.25/DerivedDataCache/Boot.ddc
[2020.10.11-17.25.43:461][  0]LogDerivedDataCache: FDerivedDataBackendGraph:  Pak pak cache file C:/Users/Victo/Documents/Unreal Projects/Team6ProgAssignment/DerivedDataCache/DDC.ddp not found, will not use a pak cache.
[2020.10.11-17.25.43:461][  0]LogDerivedDataCache: Unable to find inner node Pak for hierarchical cache Hierarchy.
[2020.10.11-17.25.43:462][  0]LogDerivedDataCache: FDerivedDataBackendGraph:  CompressedPak pak cache file C:/Users/Victo/Documents/Unreal Projects/Team6ProgAssignment/DerivedDataCache/Compressed.ddp not found, will not use a pak cache.
[2020.10.11-17.25.43:463][  0]LogDerivedDataCache: Unable to find inner node CompressedPak for hierarchical cache Hierarchy.
[2020.10.11-17.25.43:474][  0]LogDerivedDataCache: Display: Pak cache opened for reading ../../../Engine/DerivedDataCache/Compressed.ddp.
[2020.10.11-17.25.43:474][  0]LogDerivedDataCache: FDerivedDataBackendGraph:  EnterprisePak pak cache file ../../../Enterprise/DerivedDataCache/Compressed.ddp not found, will not use a pak cache.
[2020.10.11-17.25.43:474][  0]LogDerivedDataCache: Unable to find inner node EnterprisePak for hierarchical cache Hierarchy.
[2020.10.11-17.25.43:477][  0]LogDerivedDataCache: Using Local data cache path C:/Users/Victo/AppData/Local/UnrealEngine/Common/DerivedDataCache: Writable
[2020.10.11-17.25.43:477][  0]LogDerivedDataCache: Shared data cache path not found in *engine.ini, will not use an Shared cache.
[2020.10.11-17.25.43:477][  0]LogDerivedDataCache: Unable to find inner node Shared for hierarchical cache Hierarchy.
[2020.10.11-17.25.43:523][  0]LogSlate: Using FreeType 2.10.0
[2020.10.11-17.25.43:524][  0]LogSlate: SlateFontServices - WITH_FREETYPE: 1, WITH_HARFBUZZ: 1
[2020.10.11-17.25.43:555][  0]LogAssetRegistry: FAssetRegistry took 0.0043 seconds to start up
[2020.10.11-17.25.43:770][  0]LogInit: Selected Device Profile: [Windows]
[2020.10.11-17.25.43:907][  0]LogMeshReduction: Using QuadricMeshReduction for automatic static mesh reduction
[2020.10.11-17.25.43:907][  0]LogMeshReduction: Using SimplygonMeshReduction for automatic skeletal mesh reduction
[2020.10.11-17.25.43:907][  0]LogMeshReduction: Using ProxyLODMeshReduction for automatic mesh merging
[2020.10.11-17.25.43:907][  0]LogMeshReduction: No distributed automatic mesh merging module available
[2020.10.11-17.25.43:907][  0]LogMeshMerging: No distributed automatic mesh merging module available
[2020.10.11-17.25.43:928][  0]LogNetVersion: Team6ProgAssignment 1.0.0, NetCL: 13144385, EngineNetVer: 14, GameNetVer: 0 (Checksum: 3682674068)
[2020.10.11-17.25.44:381][  0]LogAISub: UAISubsystem::UAISubsystem AISubsystem (00000223A5240380), frame # 0
[2020.10.11-17.25.44:381][  0]LogAISub: UAISubsystem::UAISubsystem AIPerceptionSystem (00000223A516B740), frame # 0
[2020.10.11-17.25.44:382][  0]LogAISub: UAISubsystem::UAISubsystem EnvQueryManager (00000223A51F0800), frame # 0
[2020.10.11-17.25.44:421][  0]LogPackageLocalizationCache: Processed 17 localized package path(s) for 1 prioritized culture(s) in 0.031667 seconds
[2020.10.11-17.25.44:425][  0]LogUObjectArray: 15756 objects as part of root set at end of initial load.
[2020.10.11-17.25.44:425][  0]LogUObjectAllocator: 3925280 out of 0 bytes used by permanent object pool.
[2020.10.11-17.25.44:426][  0]LogUObjectArray: CloseDisregardForGC: 0/0 objects in disregard for GC pool
[2020.10.11-17.25.45:015][  0]LogTcpMessaging: Initializing TcpMessaging bridge
[2020.10.11-17.25.45:023][  0]LogUdpMessaging: Initializing bridge on interface 0.0.0.0:0 to multicast group 230.0.0.1:6666.
[2020.10.11-17.25.45:297][  0]SourceControl: Source control is disabled
[2020.10.11-17.25.45:297][  0]SourceControl: Source control is disabled
[2020.10.11-17.25.45:303][  0]SourceControl: Source control is disabled
[2020.10.11-17.25.45:309][  0]SourceControl: Source control is disabled
[2020.10.11-17.25.45:322][  0]SourceControl: Source control is disabled
[2020.10.11-17.25.45:783][  0]LogAndroidPermission: UAndroidPermissionCallbackProxy::GetInstance
[2020.10.11-17.25.45:823][  0]LogAudioCaptureCore: Display: No Audio Capture implementations found. Audio input will be silent.
[2020.10.11-17.25.45:824][  0]LogAudioCaptureCore: Display: No Audio Capture implementations found. Audio input will be silent.
[2020.10.11-17.25.45:969][  0]LogEngine: Initializing Engine...
[2020.10.11-17.25.45:970][  0]LogMagicLeap: Warning: VR disabled because ZI is not enabled.  To enable, in the editor, Edit -> Project Settings -> Plugins -> Magic Leap Plugin -> Enable Zero Iteration
[2020.10.11-17.25.45:971][  0]LogStats: UGameplayTagsManager::InitializeManager -  0.000 s
[2020.10.11-17.25.46:086][  0]LogInit: Initializing FReadOnlyCVARCache
[2020.10.11-17.25.46:129][  0]LogAIModule: Creating AISystem for world Untitled
[2020.10.11-17.25.46:129][  0]LogAISub: UAISubsystem::UAISubsystem EnvQueryManager (00000223AC6FBC00), frame # 0
[2020.10.11-17.25.46:129][  0]LogAISub: UAISubsystem::UAISubsystem AIPerceptionSystem (00000223AC73DF80), frame # 0
[2020.10.11-17.25.46:138][  0]LogAudioMixer: Display: Audio Mixer Platform Settings:
[2020.10.11-17.25.46:138][  0]LogAudioMixer: Display: 	Sample Rate:						  48000
[2020.10.11-17.25.46:138][  0]LogAudioMixer: Display: 	Callback Buffer Frame Size Requested: 1024
[2020.10.11-17.25.46:138][  0]LogAudioMixer: Display: 	Callback Buffer Frame Size To Use:	  1024
[2020.10.11-17.25.46:138][  0]LogAudioMixer: Display: 	Number of buffers to queue:			  2
[2020.10.11-17.25.46:138][  0]LogAudioMixer: Display: 	Max Channels (voices):				  32
[2020.10.11-17.25.46:138][  0]LogAudioMixer: Display: 	Number of Async Source Workers:		  0
[2020.10.11-17.25.46:138][  0]LogAudio: Display: AudioDevice MaxSources: 32
[2020.10.11-17.25.46:139][  0]LogAudio: Display: Using built-in audio occlusion.
[2020.10.11-17.25.46:139][  0]LogAudioMixer: Display: Initializing audio mixer.
[2020.10.11-17.25.46:165][  0]LogAudioMixer: Display: 0: FrontLeft
[2020.10.11-17.25.46:165][  0]LogAudioMixer: Display: 1: FrontRight
[2020.10.11-17.25.46:229][  0]LogAudioMixer: Display: Using Audio Device Högtalare (Yeti Stereo Microphone)
[2020.10.11-17.25.46:235][  0]LogAudioMixer: Display: Initializing Sound Submixes...
[2020.10.11-17.25.46:237][  0]LogAudioMixer: Display: Creating Master Submix 'MasterSubmixDefault'
[2020.10.11-17.25.46:237][  0]LogAudioMixer: Display: Creating Master Submix 'MasterReverbSubmixDefault'
[2020.10.11-17.25.46:238][  0]LogAudioMixer: Display: Creating Master Submix 'MasterEQSubmixDefault'
[2020.10.11-17.25.46:240][  0]LogInit: FAudioDevice initialized.
[2020.10.11-17.25.46:241][  0]LogNetVersion: Set ProjectVersion to 1.0.0.0. Version Checksum will be recalculated on next use.
[2020.10.11-17.25.46:309][  0]LogDerivedDataCache: Saved boot cache 0.07s 78MB C:/Users/Victo/AppData/Local/UnrealEngine/4.25/DerivedDataCache/Boot.ddc.
[2020.10.11-17.25.46:310][  0]LogInit: Texture streaming: Enabled
[2020.10.11-17.25.46:339][  0]LogEngineSessionManager: EngineSessionManager initialized
[2020.10.11-17.25.46:339][  0]LogEditorSessionSummary: Verbose: Initializing EditorSessionSummaryWriter for editor session tracking
[2020.10.11-17.25.46:349][  0]LogEditorSessionSummary: EditorSessionSummaryWriter initialized
[2020.10.11-17.25.46:386][  0]LogInit: Transaction tracking system initialized
[2020.10.11-17.25.46:423][  0]BlueprintLog: New page: Editor Load
[2020.10.11-17.25.46:559][  0]LocalizationService: Localization service is disabled
[2020.10.11-17.25.46:768][  0]LogCook: Display: Max memory allowance for cook 16384mb min free memory 0mb
[2020.10.11-17.25.46:769][  0]LogCook: Display: Mobile HDR setting 1
[2020.10.11-17.25.47:033][  0]LogFileCache: Scanning file cache for directory 'C:/Users/Victo/Documents/Unreal Projects/Team6ProgAssignment/Content/' took 0.01s
[2020.10.11-17.25.47:034][  0]SourceControl: Source control is disabled
[2020.10.11-17.25.47:034][  0]LogUnrealEdMisc: Loading editor; pre map load, took 9.632
[2020.10.11-17.25.47:034][  0]Cmd: MAP LOAD FILE="C:/Users/Victo/Documents/Unreal Projects/Team6ProgAssignment/Content/FirstPersonCPP/Maps/FirstPersonExampleMap.umap" TEMPLATE=0 SHOWPROGRESS=1 FEATURELEVEL=3
[2020.10.11-17.25.47:034][  0]LightingResults: New page: Lighting Build
[2020.10.11-17.25.47:035][  0]LogWorld: UWorld::CleanupWorld for Untitled, bSessionEnded=true, bCleanupResources=true
[2020.10.11-17.25.47:035][  0]LogSlate: InvalidateAllWidgets triggered.  All widgets were invalidated
[2020.10.11-17.25.47:035][  0]MapCheck: New page: Map Check
[2020.10.11-17.25.47:036][  0]LightingResults: New page: Lighting Build
[2020.10.11-17.25.47:044][  0]LogAISub: UAISubsystem::~UAISubsystem EnvQueryManager (00000223AC6FBC00), frame # 0
[2020.10.11-17.25.47:044][  0]LogAISub: UAISubsystem::~UAISubsystem AIPerceptionSystem (00000223AC73DF80), frame # 0
[2020.10.11-17.25.47:045][  0]LogUObjectHash: Compacting FUObjectHashTables data took   0.65ms
[2020.10.11-17.25.47:159][  0]LogAIModule: Creating AISystem for world FirstPersonExampleMap
[2020.10.11-17.25.47:159][  0]LogAISub: UAISubsystem::UAISubsystem EnvQueryManager (00000223ABEF0400), frame # 0
[2020.10.11-17.25.47:160][  0]LogAISub: UAISubsystem::UAISubsystem AIPerceptionSystem (00000223A9A5E5C0), frame # 0
[2020.10.11-17.25.47:173][  0]LogEditorServer: Finished looking for orphan Actors (0.000 secs)
[2020.10.11-17.25.47:198][  0]LogUObjectHash: Compacting FUObjectHashTables data took   0.76ms
[2020.10.11-17.25.47:199][  0]Cmd: MAP CHECKDEP NOCLEARLOG
[2020.10.11-17.25.47:199][  0]MapCheck: Map check complete: 0 Error(s), 0 Warning(s), took 0,178ms to complete.
[2020.10.11-17.25.47:199][  0]LogFileHelpers: Loading map 'FirstPersonExampleMap' took 0.166
[2020.10.11-17.25.47:203][  0]LogUnrealEdMisc: Total Editor Startup Time, took 9.801
[2020.10.11-17.25.47:346][  0]LogSlate: Updating window title bar state: overlay mode, drag disabled, window buttons hidden, title bar hidden
[2020.10.11-17.25.47:353][  0]LogSlate: Updating window title bar state: overlay mode, drag disabled, window buttons hidden, title bar hidden
[2020.10.11-17.25.47:360][  0]LogSlate: Updating window title bar state: overlay mode, drag disabled, window buttons hidden, title bar hidden
[2020.10.11-17.25.47:368][  0]LogSlate: Updating window title bar state: overlay mode, drag disabled, window buttons hidden, title bar hidden
[2020.10.11-17.25.47:385][  0]LogCollectionManager: Loaded 0 collections in 0.001598 seconds
[2020.10.11-17.25.47:400][  0]LogFileCache: Scanning file cache for directory 'C:/Users/Victo/Documents/Unreal Projects/Team6ProgAssignment/Saved/Collections/' took 0.00s
[2020.10.11-17.25.47:401][  0]LogFileCache: Scanning file cache for directory 'C:/Users/Victo/Documents/Unreal Projects/Team6ProgAssignment/Content/Developers/VictoR/Collections/' took 0.00s
[2020.10.11-17.25.47:401][  0]LogFileCache: Scanning file cache for directory 'C:/Users/Victo/Documents/Unreal Projects/Team6ProgAssignment/Content/Collections/' took 0.00s
[2020.10.11-17.25.47:401][  0]LogContentBrowser: Native class hierarchy populated in 0.0089 seconds. Added 3420 classes and 807 folders.
[2020.10.11-17.25.47:404][  0]LogContentBrowser: Native class hierarchy updated for 'WidgetCarousel' in 0.0005 seconds. Added 0 classes and 0 folders.
[2020.10.11-17.25.47:528][  0]LogContentBrowser: Native class hierarchy updated for 'AddContentDialog' in 0.0006 seconds. Added 0 classes and 0 folders.
[2020.10.11-17.25.47:534][  0]LogContentBrowser: Native class hierarchy updated for 'SceneOutliner' in 0.0010 seconds. Added 2 classes and 0 folders.
[2020.10.11-17.25.47:659][  0]LogSlate: Took 0.000268 seconds to synchronously load lazily loaded font '../../../Engine/Content/Slate/Fonts/Roboto-Regular.ttf' (155K)
[2020.10.11-17.25.47:662][  0]LogSlate: Took 0.000229 seconds to synchronously load lazily loaded font '../../../Engine/Content/Slate/Fonts/Roboto-Bold.ttf' (160K)
[2020.10.11-17.25.47:667][  0]LogSlate: Took 0.000238 seconds to synchronously load lazily loaded font '../../../Engine/Content/Editor/Slate/Fonts/FontAwesome.ttf' (139K)
[2020.10.11-17.25.47:738][  0]LogRenderer: Reallocating scene render targets to support 1208x680 Format 10 NumSamples 1 (Frame:1).
[2020.10.11-17.25.47:845][  0]LogContentBrowser: Native class hierarchy updated for 'HierarchicalLODOutliner' in 0.0005 seconds. Added 0 classes and 0 folders.
[2020.10.11-17.25.47:845][  0]LogLoad: (Engine Initialization) Total time: 10.44 seconds
[2020.10.11-17.25.47:846][  0]LogLoad: (Engine Initialization) Total Blueprint compile time: 0.00 seconds
[2020.10.11-17.25.47:882][  0]LogContentStreaming: Texture pool size now 1000 MB
[2020.10.11-17.25.47:920][  0]LogSlate: Took 0.000215 seconds to synchronously load lazily loaded font '../../../Engine/Content/Slate/Fonts/Roboto-Light.ttf' (167K)
[2020.10.11-17.25.55:156][798]LogSlate: Took 0.000279 seconds to synchronously load lazily loaded font '../../../Engine/Content/Slate/Fonts/Roboto-Light.ttf' (167K)
[2020.10.11-17.25.55:170][798]LogAssetEditorSubsystem: Opening Asset editor for Blueprint /Game/BluePrints/Widgets/BP_HUD.BP_HUD
[2020.10.11-17.25.55:281][798]LogContentBrowser: Native class hierarchy updated for 'BlueprintGraph' in 0.0007 seconds. Added 125 classes and 0 folders.
[2020.10.11-17.25.56:120][798]LogSlate: Took 0.000223 seconds to synchronously load lazily loaded font '../../../Engine/Content/Slate/Fonts/Roboto-BoldCondensed.ttf' (158K)
[2020.10.11-17.25.56:153][799]LogSlate: Took 0.000230 seconds to synchronously load lazily loaded font '../../../Engine/Content/Slate/Fonts/Roboto-Italic.ttf' (157K)
[2020.10.11-17.25.58:978][108]LogAssetEditorSubsystem: Opening Asset editor for Blueprint /Game/BluePrints/GameModes/BP_GameMode.BP_GameMode
[2020.10.11-17.25.59:339][108]LogAssetRegistry: Asset discovery search completed in 15.7868 seconds
[2020.10.11-17.25.59:343][108]LogCollectionManager: Fixed up redirectors for 0 collections in 0.000001 seconds (updated 0 objects)
[2020.10.11-17.26.02:483][468]LogTemp: Repeating last play command: Selected Viewport
[2020.10.11-17.26.02:496][468]LogPlayLevel: PlayLevel: No blueprints needed recompiling
[2020.10.11-17.26.02:497][468]PIE: New page: PIE session: FirstPersonExampleMap (11 okt. 2020 21:26:02)
[2020.10.11-17.26.02:500][468]LogOnline: OSS: Creating online subsystem instance for: NULL
[2020.10.11-17.26.02:503][468]LogOnline: OSS: TryLoadSubsystemAndSetDefault: Loaded subsystem for module [NULL]
[2020.10.11-17.26.02:503][468]LogPlayLevel: Creating play world package: /Game/FirstPersonCPP/Maps/UEDPIE_0_FirstPersonExampleMap
[2020.10.11-17.26.02:517][468]LogPlayLevel: PIE: StaticDuplicateObject took: (0.014467s)
[2020.10.11-17.26.02:519][468]LogAIModule: Creating AISystem for world FirstPersonExampleMap
[2020.10.11-17.26.02:519][468]LogAISub: UAISubsystem::UAISubsystem EnvQueryManager (000002240502FE00), frame # 1468
[2020.10.11-17.26.02:519][468]LogAISub: UAISubsystem::UAISubsystem AIPerceptionSystem (00000224050B1580), frame # 1468
[2020.10.11-17.26.02:520][468]LogPlayLevel: PIE: World Init took: (0.002035s)
[2020.10.11-17.26.02:520][468]LogPlayLevel: PIE: Created PIE world by copying editor world from /Game/FirstPersonCPP/Maps/FirstPersonExampleMap.FirstPersonExampleMap to /Game/FirstPersonCPP/Maps/UEDPIE_0_FirstPersonExampleMap.FirstPersonExampleMap (0.016831s)
[2020.10.11-17.26.02:544][468]LogUObjectHash: Compacting FUObjectHashTables data took   1.88ms
[2020.10.11-17.26.02:545][468]LogAudioMixer: Display: Audio Mixer Platform Settings:
[2020.10.11-17.26.02:545][468]LogAudioMixer: Display: 	Sample Rate:						  48000
[2020.10.11-17.26.02:546][468]LogAudioMixer: Display: 	Callback Buffer Frame Size Requested: 1024
[2020.10.11-17.26.02:546][468]LogAudioMixer: Display: 	Callback Buffer Frame Size To Use:	  1024
[2020.10.11-17.26.02:546][468]LogAudioMixer: Display: 	Number of buffers to queue:			  2
[2020.10.11-17.26.02:546][468]LogAudioMixer: Display: 	Max Channels (voices):				  32
[2020.10.11-17.26.02:546][468]LogAudioMixer: Display: 	Number of Async Source Workers:		  0
[2020.10.11-17.26.02:546][468]LogAudio: Display: AudioDevice MaxSources: 32
[2020.10.11-17.26.02:546][468]LogAudio: Display: Using built-in audio occlusion.
[2020.10.11-17.26.02:546][468]LogAudioMixer: Display: Initializing audio mixer.
[2020.10.11-17.26.02:553][468]LogAudioMixer: Display: 0: FrontLeft
[2020.10.11-17.26.02:553][468]LogAudioMixer: Display: 1: FrontRight
[2020.10.11-17.26.02:597][468]LogAudioMixer: Display: Using Audio Device Högtalare (Yeti Stereo Microphone)
[2020.10.11-17.26.02:597][468]LogAudioMixer: Display: Initializing Sound Submixes...
[2020.10.11-17.26.02:597][468]LogAudioMixer: Display: Creating Master Submix 'MasterSubmixDefault'
[2020.10.11-17.26.02:598][468]LogAudioMixer: Display: Creating Master Submix 'MasterReverbSubmixDefault'
[2020.10.11-17.26.02:598][468]LogAudioMixer: Display: Creating Master Submix 'MasterEQSubmixDefault'
[2020.10.11-17.26.02:613][468]LogInit: FAudioDevice initialized.
[2020.10.11-17.26.02:630][468]LogLoad: Game class is 'BP_GameMode_C'
[2020.10.11-17.26.02:632][468]LogWorld: Bringing World /Game/FirstPersonCPP/Maps/UEDPIE_0_FirstPersonExampleMap.FirstPersonExampleMap up for play (max tick rate 0) at 2020.10.11-19.26.02
[2020.10.11-17.26.02:633][468]LogWorld: Bringing up level for play took: 0.002109
[2020.10.11-17.26.02:634][468]LogOnline: OSS: Creating online subsystem instance for: :Context_3
[2020.10.11-17.26.02:639][468]LogContentBrowser: Native class hierarchy updated for 'MovieSceneCapture' in 0.0011 seconds. Added 20 classes and 0 folders.
[2020.10.11-17.26.02:643][468]LogActor: Warning: BP_AssultRifle_C /Game/FirstPersonCPP/Maps/UEDPIE_0_FirstPersonExampleMap.FirstPersonExampleMap:PersistentLevel.BP_AssultRifle_C_0 has natively added scene component(s), but none of them were set as the actor's RootComponent - picking one arbitrarily
[2020.10.11-17.26.02:643][468]PIE: Server logged in
[2020.10.11-17.26.02:644][468]PIE: Play in editor total start time 0,152 seconds.
[2020.10.11-17.26.04:846][691]LogTemp: Error: Assult Rifle Fired
[2020.10.11-17.26.04:855][692]LogTemp: Error: Assult Rifle Fired
[2020.10.11-17.26.04:862][693]LogTemp: Error: Assult Rifle Fired
[2020.10.11-17.26.04:869][694]LogTemp: Error: Assult Rifle Fired
[2020.10.11-17.26.04:878][695]LogTemp: Error: Assult Rifle Fired
[2020.10.11-17.26.04:886][696]LogTemp: Error: Assult Rifle Fired
[2020.10.11-17.26.04:894][697]LogTemp: Error: Assult Rifle Fired
[2020.10.11-17.26.04:903][698]LogTemp: Error: Assult Rifle Fired
[2020.10.11-17.26.04:911][699]LogTemp: Error: Assult Rifle Fired
[2020.10.11-17.26.04:919][700]LogTemp: Error: Assult Rifle Fired
[2020.10.11-17.26.04:927][701]LogTemp: Error: Assult Rifle Fired
[2020.10.11-17.26.04:936][702]LogTemp: Error: Assult Rifle Fired
[2020.10.11-17.26.04:944][703]LogTemp: Error: Assult Rifle Fired
[2020.10.11-17.26.04:953][704]LogTemp: Error: Assult Rifle Fired
[2020.10.11-17.26.04:961][705]LogTemp: Error: Assult Rifle Fired
[2020.10.11-17.26.04:970][706]LogTemp: Error: Assult Rifle Fired
[2020.10.11-17.26.04:977][707]LogTemp: Error: Assult Rifle Fired
[2020.10.11-17.26.04:985][708]LogTemp: Error: Assult Rifle Fired
[2020.10.11-17.26.04:994][709]LogTemp: Error: Assult Rifle Fired
[2020.10.11-17.26.05:003][710]LogTemp: Error: Assult Rifle Fired
[2020.10.11-17.26.05:011][711]LogTemp: Error: Assult Rifle Fired
[2020.10.11-17.26.05:020][712]LogTemp: Error: Assult Rifle Fired
[2020.10.11-17.26.05:029][713]LogTemp: Error: Assult Rifle Fired
[2020.10.11-17.26.05:037][714]LogTemp: Error: Assult Rifle Fired
[2020.10.11-17.26.08:683][147]LogTemp: Error: Assult Rifle Fired
[2020.10.11-17.26.08:691][148]LogTemp: Error: Assult Rifle Fired
[2020.10.11-17.26.08:700][149]LogTemp: Error: Assult Rifle Fired
[2020.10.11-17.26.08:708][150]LogTemp: Error: Assult Rifle Fired
[2020.10.11-17.26.08:716][151]LogTemp: Error: Assult Rifle Fired
[2020.10.11-17.26.08:725][152]LogTemp: Error: Assult Rifle Fired
[2020.10.11-17.26.08:733][153]LogTemp: Error: Assult Rifle Fired
[2020.10.11-17.26.08:741][154]LogTemp: Error: Assult Rifle Fired
[2020.10.11-17.26.08:750][155]LogTemp: Error: Assult Rifle Fired
[2020.10.11-17.26.08:758][156]LogTemp: Error: Assult Rifle Fired
[2020.10.11-17.26.08:766][157]LogTemp: Error: Assult Rifle Fired
[2020.10.11-17.26.08:775][158]LogTemp: Error: Assult Rifle Fired
[2020.10.11-17.26.08:783][159]LogTemp: Error: Assult Rifle Fired
[2020.10.11-17.26.08:791][160]LogTemp: Error: Assult Rifle Fired
[2020.10.11-17.26.08:800][161]LogTemp: Error: Assult Rifle Fired
[2020.10.11-17.26.10:402][347]LogSlate: Updating window title bar state: overlay mode, drag disabled, window buttons hidden, title bar hidden
[2020.10.11-17.26.10:402][347]LogWorld: BeginTearingDown for /Game/FirstPersonCPP/Maps/UEDPIE_0_FirstPersonExampleMap
[2020.10.11-17.26.10:403][347]LogWorld: UWorld::CleanupWorld for FirstPersonExampleMap, bSessionEnded=true, bCleanupResources=true
[2020.10.11-17.26.10:403][347]LogSlate: InvalidateAllWidgets triggered.  All widgets were invalidated
[2020.10.11-17.26.10:416][347]LogPlayLevel: Display: Shutting down PIE online subsystems
[2020.10.11-17.26.10:420][347]LogSlate: InvalidateAllWidgets triggered.  All widgets were invalidated
[2020.10.11-17.26.10:442][347]LogSlate: Updating window title bar state: overlay mode, drag disabled, window buttons hidden, title bar hidden
[2020.10.11-17.26.10:507][347]LogAISub: UAISubsystem::~UAISubsystem EnvQueryManager (000002240502FE00), frame # 2347
[2020.10.11-17.26.10:507][347]LogAISub: UAISubsystem::~UAISubsystem AIPerceptionSystem (00000224050B1580), frame # 2347
[2020.10.11-17.26.10:510][347]LogUObjectHash: Compacting FUObjectHashTables data took   2.86ms
[2020.10.11-17.26.10:540][348]LogPlayLevel: Display: Destroying online subsystem :Context_3
[2020.10.11-17.26.16:748][ 50]LogSlate: Prevented a slow task dialog from being summoned while a context menu was open
[2020.10.11-17.26.18:250][218]LogSlate: Prevented a slow task dialog from being summoned while a context menu was open
[2020.10.11-17.26.21:553][596]BlueprintLog: New page: Compile BP_HUD
[2020.10.11-17.26.21:595][596]LogUObjectHash: Compacting FUObjectHashTables data took   3.26ms
[2020.10.11-17.26.21:623][596]LogSlate: Took 0.000207 seconds to synchronously load lazily loaded font '../../../Engine/Content/Slate/Fonts/DroidSansMono.ttf' (77K)
[2020.10.11-17.26.22:003][637]Cmd: OBJ SAVEPACKAGE PACKAGE="/Game/BluePrints/Widgets/BP_HUD" FILE="C:/Users/Victo/Documents/Unreal Projects/Team6ProgAssignment/Content/BluePrints/Widgets/BP_HUD.uasset" SILENT=true
[2020.10.11-17.26.22:019][637]LogSavePackage: Moving 'C:/Users/Victo/Documents/Unreal Projects/Team6ProgAssignment/Saved/BP_HUDBD921B7B42701B27E224A8B6BDE67F94.tmp' to 'C:/Users/Victo/Documents/Unreal Projects/Team6ProgAssignment/Content/BluePrints/Widgets/BP_HUD.uasset'
[2020.10.11-17.26.22:035][637]AssetCheck: New page: Asset Save: BP_HUD
[2020.10.11-17.26.22:035][637]LogContentValidation: Display: Validating Blueprint /Game/BluePrints/Widgets/BP_HUD.BP_HUD
[2020.10.11-17.26.23:051][756]LogSlate: Prevented a slow task dialog from being summoned while a context menu was open
[2020.10.11-17.26.27:200][224]BlueprintLog: New page: Compile BP_GameMode
[2020.10.11-17.26.27:240][224]LogUObjectHash: Compacting FUObjectHashTables data took   3.25ms
[2020.10.11-17.26.27:869][292]Cmd: OBJ SAVEPACKAGE PACKAGE="/Game/BluePrints/GameModes/BP_GameMode" FILE="C:/Users/Victo/Documents/Unreal Projects/Team6ProgAssignment/Content/BluePrints/GameModes/BP_GameMode.uasset" SILENT=true
[2020.10.11-17.26.27:885][292]LogSavePackage: Moving 'C:/Users/Victo/Documents/Unreal Projects/Team6ProgAssignment/Saved/BP_GameModeFDD4B893479E4D8E4AFCDEA8E6A5480C.tmp' to 'C:/Users/Victo/Documents/Unreal Projects/Team6ProgAssignment/Content/BluePrints/GameModes/BP_GameMode.uasset'
[2020.10.11-17.26.27:902][292]AssetCheck: New page: Asset Save: BP_GameMode
[2020.10.11-17.26.27:902][292]LogContentValidation: Display: Validating Blueprint /Game/BluePrints/GameModes/BP_GameMode.BP_GameMode
[2020.10.11-17.26.28:978][405]LogTemp: Repeating last play command: Selected Viewport
[2020.10.11-17.26.28:990][405]LogPlayLevel: PlayLevel: No blueprints needed recompiling
[2020.10.11-17.26.28:990][405]PIE: New page: PIE session: FirstPersonExampleMap (11 okt. 2020 21:26:28)
[2020.10.11-17.26.29:018][405]LogPlayLevel: Creating play world package: /Game/FirstPersonCPP/Maps/UEDPIE_0_FirstPersonExampleMap
[2020.10.11-17.26.29:032][405]LogPlayLevel: PIE: StaticDuplicateObject took: (0.012916s)
[2020.10.11-17.26.29:033][405]LogAIModule: Creating AISystem for world FirstPersonExampleMap
[2020.10.11-17.26.29:034][405]LogAISub: UAISubsystem::UAISubsystem EnvQueryManager (000002240502E800), frame # 4405
[2020.10.11-17.26.29:035][405]LogAISub: UAISubsystem::UAISubsystem AIPerceptionSystem (0000022403A02700), frame # 4405
[2020.10.11-17.26.29:035][405]LogPlayLevel: PIE: World Init took: (0.002887s)
[2020.10.11-17.26.29:036][405]LogPlayLevel: PIE: Created PIE world by copying editor world from /Game/FirstPersonCPP/Maps/FirstPersonExampleMap.FirstPersonExampleMap to /Game/FirstPersonCPP/Maps/UEDPIE_0_FirstPersonExampleMap.FirstPersonExampleMap (0.017056s)
[2020.10.11-17.26.29:065][405]LogUObjectHash: Compacting FUObjectHashTables data took   3.44ms
[2020.10.11-17.26.29:068][405]LogAudioMixer: Display: Audio Mixer Platform Settings:
[2020.10.11-17.26.29:068][405]LogAudioMixer: Display: 	Sample Rate:						  48000
[2020.10.11-17.26.29:069][405]LogAudioMixer: Display: 	Callback Buffer Frame Size Requested: 1024
[2020.10.11-17.26.29:069][405]LogAudioMixer: Display: 	Callback Buffer Frame Size To Use:	  1024
[2020.10.11-17.26.29:069][405]LogAudioMixer: Display: 	Number of buffers to queue:			  2
[2020.10.11-17.26.29:069][405]LogAudioMixer: Display: 	Max Channels (voices):				  32
[2020.10.11-17.26.29:069][405]LogAudioMixer: Display: 	Number of Async Source Workers:		  0
[2020.10.11-17.26.29:069][405]LogAudio: Display: AudioDevice MaxSources: 32
[2020.10.11-17.26.29:070][405]LogAudio: Display: Using built-in audio occlusion.
[2020.10.11-17.26.29:070][405]LogAudioMixer: Display: Initializing audio mixer.
[2020.10.11-17.26.29:077][405]LogAudioMixer: Display: 0: FrontLeft
[2020.10.11-17.26.29:077][405]LogAudioMixer: Display: 1: FrontRight
[2020.10.11-17.26.29:121][405]LogAudioMixer: Display: Using Audio Device Högtalare (Yeti Stereo Microphone)
[2020.10.11-17.26.29:121][405]LogAudioMixer: Display: Initializing Sound Submixes...
[2020.10.11-17.26.29:121][405]LogAudioMixer: Display: Creating Master Submix 'MasterSubmixDefault'
[2020.10.11-17.26.29:121][405]LogAudioMixer: Display: Creating Master Submix 'MasterReverbSubmixDefault'
[2020.10.11-17.26.29:122][405]LogAudioMixer: Display: Creating Master Submix 'MasterEQSubmixDefault'
[2020.10.11-17.26.29:137][405]LogInit: FAudioDevice initialized.
[2020.10.11-17.26.29:154][405]LogLoad: Game class is 'BP_GameMode_C'
[2020.10.11-17.26.29:156][405]LogWorld: Bringing World /Game/FirstPersonCPP/Maps/UEDPIE_0_FirstPersonExampleMap.FirstPersonExampleMap up for play (max tick rate 0) at 2020.10.11-19.26.29
[2020.10.11-17.26.29:156][405]LogWorld: Bringing up level for play took: 0.001499
[2020.10.11-17.26.29:156][405]LogOnline: OSS: Creating online subsystem instance for: :Context_4
[2020.10.11-17.26.29:162][405]LogActor: Warning: BP_Pistol_C /Game/FirstPersonCPP/Maps/UEDPIE_0_FirstPersonExampleMap.FirstPersonExampleMap:PersistentLevel.BP_Pistol_C_0 has natively added scene component(s), but none of them were set as the actor's RootComponent - picking one arbitrarily
[2020.10.11-17.26.29:162][405]PIE: Server logged in
[2020.10.11-17.26.29:163][405]PIE: Play in editor total start time 0,177 seconds.
[2020.10.11-17.26.31:383][667]LogTemp: Error: Pistol Fired
[2020.10.11-17.26.31:390][668]LogTemp: Error: Pistol Fired
[2020.10.11-17.26.31:399][669]LogTemp: Error: Pistol Fired
[2020.10.11-17.26.31:407][670]LogTemp: Error: Pistol Fired
[2020.10.11-17.26.31:415][671]LogTemp: Error: Pistol Fired
[2020.10.11-17.26.31:424][672]LogTemp: Error: Pistol Fired
[2020.10.11-17.26.31:432][673]LogTemp: Error: Pistol Fired
[2020.10.11-17.26.31:440][674]LogTemp: Error: Pistol Fired
[2020.10.11-17.26.31:449][675]LogTemp: Error: Pistol Fired
[2020.10.11-17.26.31:457][676]LogTemp: Error: Pistol Fired
[2020.10.11-17.26.35:128][115]LogTemp: Error: Pistol Fired
[2020.10.11-17.26.35:135][116]LogTemp: Error: Pistol Fired
[2020.10.11-17.26.35:143][117]LogTemp: Error: Pistol Fired
[2020.10.11-17.26.35:150][118]LogTemp: Error: Pistol Fired
[2020.10.11-17.26.35:159][119]LogTemp: Error: Pistol Fired
[2020.10.11-17.26.35:168][120]LogTemp: Error: Pistol Fired
[2020.10.11-17.26.35:176][121]LogTemp: Error: Pistol Fired
[2020.10.11-17.26.35:184][122]LogTemp: Error: Pistol Fired
[2020.10.11-17.26.35:193][123]LogTemp: Error: Pistol Fired
[2020.10.11-17.26.35:201][124]LogTemp: Error: Pistol Fired
[2020.10.11-17.26.36:542][281]LogSlate: Updating window title bar state: overlay mode, drag disabled, window buttons hidden, title bar hidden
[2020.10.11-17.26.36:542][281]LogWorld: BeginTearingDown for /Game/FirstPersonCPP/Maps/UEDPIE_0_FirstPersonExampleMap
[2020.10.11-17.26.36:542][281]LogWorld: UWorld::CleanupWorld for FirstPersonExampleMap, bSessionEnded=true, bCleanupResources=true
[2020.10.11-17.26.36:543][281]LogSlate: InvalidateAllWidgets triggered.  All widgets were invalidated
[2020.10.11-17.26.36:555][281]LogPlayLevel: Display: Shutting down PIE online subsystems
[2020.10.11-17.26.36:561][281]LogSlate: InvalidateAllWidgets triggered.  All widgets were invalidated
[2020.10.11-17.26.36:618][281]LogSlate: Updating window title bar state: overlay mode, drag disabled, window buttons hidden, title bar hidden
[2020.10.11-17.26.36:619][281]LogAISub: UAISubsystem::~UAISubsystem AIPerceptionSystem (0000022403A02700), frame # 5281
[2020.10.11-17.26.36:619][281]LogAISub: UAISubsystem::~UAISubsystem EnvQueryManager (000002240502E800), frame # 5281
[2020.10.11-17.26.36:622][281]LogUObjectHash: Compacting FUObjectHashTables data took   2.22ms
[2020.10.11-17.26.36:647][282]LogPlayLevel: Display: Destroying online subsystem :Context_4
[2020.10.11-17.26.41:145][802]LogUObjectHash: Compacting FUObjectHashTables data took   1.82ms
[2020.10.11-17.26.41:171][802]LogWorld: UWorld::CleanupWorld for World_0, bSessionEnded=true, bCleanupResources=true
[2020.10.11-17.26.41:171][802]LogSlate: InvalidateAllWidgets triggered.  All widgets were invalidated
[2020.10.11-17.26.41:221][802]LogActorComponent: UnregisterComponent: (/Engine/Transient.EditorFloorComp) Not registered. Aborting.
[2020.10.11-17.26.41:221][802]LogWorld: UWorld::CleanupWorld for World_1, bSessionEnded=true, bCleanupResources=true
[2020.10.11-17.26.41:221][802]LogSlate: InvalidateAllWidgets triggered.  All widgets were invalidated
[2020.10.11-17.26.41:291][802]LogSlate: Window 'Team6ProgAssignment - Unreal Editor' being destroyed
[2020.10.11-17.26.41:292][802]LogWindowsTextInputMethodSystem: Display: IME system now deactivated.
[2020.10.11-17.26.41:429][803]Cmd: QUIT_EDITOR
[2020.10.11-17.26.41:429][803]LogCore: Engine exit requested (reason: UUnrealEdEngine::CloseEditor())
[2020.10.11-17.26.41:439][803]LogCore: Engine exit requested (reason: EngineExit() was called; note: exit was already requested)
[2020.10.11-17.26.42:411][803]LogExit: Preparing to exit.
[2020.10.11-17.26.43:073][803]LogDemo: Cleaned up 0 splitscreen connections with owner deletion
[2020.10.11-17.26.43:078][803]LogWorld: UWorld::CleanupWorld for None, bSessionEnded=true, bCleanupResources=true
[2020.10.11-17.26.43:079][803]LogExit: Editor shut down
[2020.10.11-17.26.43:079][803]LogExit: Transaction tracking system shut down
[2020.10.11-17.26.43:191][803]LogAISub: UAISubsystem::~UAISubsystem AISubsystem (00000223A5240380), frame # 5803
[2020.10.11-17.26.43:191][803]LogAISub: UAISubsystem::~UAISubsystem AIPerceptionSystem (00000223A516B740), frame # 5803
[2020.10.11-17.26.43:191][803]LogAISub: UAISubsystem::~UAISubsystem EnvQueryManager (00000223A51F0800), frame # 5803
[2020.10.11-17.26.43:197][803]LogAISub: UAISubsystem::~UAISubsystem EnvQueryManager (00000223ABEF0400), frame # 5803
[2020.10.11-17.26.43:197][803]LogAISub: UAISubsystem::~UAISubsystem AIPerceptionSystem (00000223A9A5E5C0), frame # 5803
[2020.10.11-17.26.43:275][803]LogExit: Object subsystem successfully closed.
[2020.10.11-17.26.43:311][803]LogShaderCompilers: Display: Shaders left to compile 0
[2020.10.11-17.26.43:323][803]LogModuleManager: Shutting down and abandoning module MovieSceneCapture (782)
[2020.10.11-17.26.43:323][803]LogModuleManager: Shutting down and abandoning module Voice (780)
[2020.10.11-17.26.43:323][803]LogModuleManager: Shutting down and abandoning module BlueprintGraph (778)
[2020.10.11-17.26.43:323][803]LogModuleManager: Shutting down and abandoning module HierarchicalLODOutliner (776)
[2020.10.11-17.26.43:323][803]LogModuleManager: Shutting down and abandoning module SceneOutliner (774)
[2020.10.11-17.26.43:323][803]LogModuleManager: Shutting down and abandoning module AddContentDialog (772)
[2020.10.11-17.26.43:324][803]LogModuleManager: Shutting down and abandoning module WidgetCarousel (771)
[2020.10.11-17.26.43:324][803]LogModuleManager: Shutting down and abandoning module EditorWidgets (768)
[2020.10.11-17.26.43:324][803]LogModuleManager: Shutting down and abandoning module CollectionManager (766)
[2020.10.11-17.26.43:325][803]LogModuleManager: Shutting down and abandoning module StatsViewer (764)
[2020.10.11-17.26.43:325][803]LogModuleManager: Shutting down and abandoning module VirtualTexturingEditor (762)
[2020.10.11-17.26.43:325][803]LogModuleManager: Shutting down and abandoning module FoliageEdit (760)
[2020.10.11-17.26.43:326][803]LogModuleManager: Shutting down and abandoning module LandscapeEditor (758)
[2020.10.11-17.26.43:326][803]LogModuleManager: Shutting down and abandoning module MeshPaintMode (756)
[2020.10.11-17.26.43:326][803]LogModuleManager: Shutting down and abandoning module SceneDepthPickerMode (754)
[2020.10.11-17.26.43:326][803]LogModuleManager: Shutting down and abandoning module ActorPickerMode (752)
[2020.10.11-17.26.43:326][803]LogModuleManager: Shutting down and abandoning module PIEPreviewDeviceProfileSelector (750)
[2020.10.11-17.26.43:326][803]LogModuleManager: Shutting down and abandoning module SequenceRecorderSections (748)
[2020.10.11-17.26.43:326][803]LogModuleManager: Shutting down and abandoning module AutomationWorker (746)
[2020.10.11-17.26.43:327][803]LogModuleManager: Shutting down and abandoning module GooglePADEditor (744)
[2020.10.11-17.26.43:327][803]LogModuleManager: Shutting down and abandoning module AudioCaptureEditor (742)
[2020.10.11-17.26.43:327][803]LogModuleManager: Shutting down and abandoning module TemplateSequenceEditor (740)
[2020.10.11-17.26.43:327][803]LogModuleManager: Shutting down and abandoning module MatineeToLevelSequence (738)
[2020.10.11-17.26.43:327][803]LogModuleManager: Shutting down and abandoning module LevelSequenceEditor (736)
[2020.10.11-17.26.43:327][803]LogModuleManager: Shutting down and abandoning module ActorSequenceEditor (734)
[2020.10.11-17.26.43:328][803]LogModuleManager: Shutting down and abandoning module WmfMediaFactory (732)
[2020.10.11-17.26.43:328][803]LogModuleManager: Shutting down and abandoning module WmfMediaEditor (730)
[2020.10.11-17.26.43:328][803]LogModuleManager: Shutting down and abandoning module WebMMediaFactory (728)
[2020.10.11-17.26.43:328][803]LogModuleManager: Shutting down and abandoning module WebMMediaEditor (726)
[2020.10.11-17.26.43:328][803]LogModuleManager: Shutting down and abandoning module WebMMedia (724)
[2020.10.11-17.26.43:329][803]LogModuleManager: Shutting down and abandoning module MediaPlayerEditor (722)
[2020.10.11-17.26.43:329][803]LogModuleManager: Shutting down and abandoning module MediaCompositingEditor (720)
[2020.10.11-17.26.43:329][803]LogModuleManager: Shutting down and abandoning module SequenceRecorder (719)
[2020.10.11-17.26.43:329][803]LogModuleManager: Shutting down and abandoning module OpenExrWrapper (716)
[2020.10.11-17.26.43:329][803]LogModuleManager: Shutting down and abandoning module ImgMediaFactory (714)
[2020.10.11-17.26.43:329][803]LogModuleManager: Shutting down and abandoning module ImgMediaEditor (712)
[2020.10.11-17.26.43:329][803]LogModuleManager: Shutting down and abandoning module AvfMediaFactory (710)
[2020.10.11-17.26.43:329][803]LogModuleManager: Shutting down and abandoning module AvfMediaEditor (708)
[2020.10.11-17.26.43:329][803]LogModuleManager: Shutting down and abandoning module AndroidMediaFactory (706)
[2020.10.11-17.26.43:329][803]LogModuleManager: Shutting down and abandoning module AndroidMediaEditor (704)
[2020.10.11-17.26.43:330][803]LogModuleManager: Shutting down and abandoning module MagicLeapMediaCodecFactory (702)
[2020.10.11-17.26.43:330][803]LogModuleManager: Shutting down and abandoning module MagicLeapMediaFactory (700)
[2020.10.11-17.26.43:330][803]LogModuleManager: Shutting down and abandoning module MagicLeapMediaEditor (698)
[2020.10.11-17.26.43:330][803]LogModuleManager: Shutting down and abandoning module PlanarCut (696)
[2020.10.11-17.26.43:330][803]LogModuleManager: Shutting down and abandoning module CharacterAI (694)
[2020.10.11-17.26.43:330][803]LogModuleManager: Shutting down and abandoning module TextureAlignMode (692)
[2020.10.11-17.26.43:330][803]LogModuleManager: Shutting down and abandoning module BspMode (690)
[2020.10.11-17.26.43:330][803]LogModuleManager: Shutting down and abandoning module PlacementMode (689)
[2020.10.11-17.26.43:330][803]LogModuleManager: Shutting down and abandoning module GeometryMode (686)
[2020.10.11-17.26.43:330][803]LogModuleManager: Shutting down and abandoning module CameraShakePreviewer (684)
[2020.10.11-17.26.43:330][803]LogModuleManager: Shutting down and abandoning module SmartSnapping (682)
[2020.10.11-17.26.43:330][803]LogModuleManager: Shutting down and abandoning module SessionServices (680)
[2020.10.11-17.26.43:330][803]LogModuleManager: Shutting down and abandoning module MeshPaint (678)
[2020.10.11-17.26.43:330][803]LogModuleManager: Shutting down and abandoning module ViewportSnapping (676)
[2020.10.11-17.26.43:330][803]LogModuleManager: Shutting down and abandoning module ViewportInteraction (674)
[2020.10.11-17.26.43:330][803]LogModuleManager: Shutting down and abandoning module ClothPainter (672)
[2020.10.11-17.26.43:330][803]LogModuleManager: Shutting down and abandoning module SkeletalMeshEditor (671)
[2020.10.11-17.26.43:330][803]LogModuleManager: Shutting down and abandoning module LogVisualizer (668)
