Log file open, 10/11/20 17:58:47
LogInit: Display: Running engine for game: Team6ProgAssignment
LogPlatformFile: Not using cached read wrapper
LogTaskGraph: Started task graph with 5 named threads and 20 total threads with 3 sets of task threads.
LogStats: Stats thread started at 0.342170
LogD3D11RHI: Loaded GFSDK_Aftermath_Lib.x64.dll
LogICUInternationalization: ICU TimeZone Detection - Raw Offset: +1:00, Platform Override: ''
LogPluginManager: Mounting plugin Paper2D
LogPluginManager: Mounting plugin AISupport
LogPluginManager: Mounting plugin LightPropagationVolume
LogPluginManager: Mounting plugin CameraShakePreviewer
LogPluginManager: Mounting plugin ActorLayerUtilities
LogPluginManager: Mounting plugin AnimationSharing
LogPluginManager: Mounting plugin CLionSourceCodeAccess
LogPluginManager: Mounting plugin CodeLiteSourceCodeAccess
LogPluginManager: Mounting plugin GitSourceControl
LogPluginManager: Mounting plugin KDevelopSourceCodeAccess
LogPluginManager: Mounting plugin NullSourceCodeAccess
LogPluginManager: Mounting plugin PerforceSourceControl
LogPluginManager: Mounting plugin PlasticSourceControl
LogPluginManager: Mounting plugin RiderSourceCodeAccess
LogPluginManager: Mounting plugin SubversionSourceControl
LogPluginManager: Mounting plugin UObjectPlugin
LogPluginManager: Mounting plugin VisualStudioCodeSourceCodeAccess
LogPluginManager: Mounting plugin VisualStudioSourceCodeAccess
LogPluginManager: Mounting plugin XCodeSourceCodeAccess
LogPluginManager: Mounting plugin AssetManagerEditor
LogPluginManager: Mounting plugin CryptoKeys
LogPluginManager: Mounting plugin CurveEditorTools
LogPluginManager: Mounting plugin DataValidation
LogPluginManager: Mounting plugin EditorScriptingUtilities
LogPluginManager: Mounting plugin FacialAnimation
LogPluginManager: Mounting plugin GameplayTagsEditor
LogPluginManager: Mounting plugin GeometryMode
LogPluginManager: Mounting plugin MacGraphicsSwitching
LogPluginManager: Mounting plugin MaterialAnalyzer
LogPluginManager: Mounting plugin MobileLauncherProfileWizard
LogPluginManager: Mounting plugin PluginBrowser
LogPluginManager: Mounting plugin SpeedTreeImporter
LogPluginManager: Mounting plugin DatasmithContent
LogPluginManager: Mounting plugin VariantManagerContent
LogPluginManager: Mounting plugin AlembicImporter
LogPluginManager: Mounting plugin AutomationUtils
LogPluginManager: Mounting plugin BackChannel
LogPluginManager: Mounting plugin ChaosCloth
LogPluginManager: Mounting plugin ChaosClothEditor
LogPluginManager: Mounting plugin ChaosEditor
LogPluginManager: Mounting plugin ChaosNiagara
LogPluginManager: Mounting plugin ChaosSolverPlugin
LogPluginManager: Mounting plugin CharacterAI
LogPluginManager: Mounting plugin GeometryCache
LogPluginManager: Mounting plugin GeometryCollectionPlugin
LogPluginManager: Mounting plugin GeometryProcessing
LogPluginManager: Mounting plugin PlanarCut
LogPluginManager: Mounting plugin PlatformCrypto
LogPluginManager: Mounting plugin ProxyLODPlugin
LogPluginManager: Mounting plugin SkeletalReduction
LogPluginManager: Mounting plugin Niagara
LogPluginManager: Mounting plugin MagicLeap
LogPluginManager: Mounting plugin MagicLeapLightEstimation
LogPluginManager: Mounting plugin MagicLeapMedia
LogPluginManager: Mounting plugin MagicLeapPassableWorld
LogPluginManager: Mounting plugin MLSDK
LogPluginManager: Mounting plugin AndroidMedia
LogPluginManager: Mounting plugin AvfMedia
LogPluginManager: Mounting plugin ImgMedia
LogPluginManager: Mounting plugin MediaCompositing
LogPluginManager: Mounting plugin MediaPlayerEditor
LogPluginManager: Mounting plugin WebMMedia
LogPluginManager: Mounting plugin WmfMedia
LogPluginManager: Mounting plugin MeshPainting
LogPluginManager: Mounting plugin TcpMessaging
LogPluginManager: Mounting plugin UdpMessaging
LogPluginManager: Mounting plugin ActorSequence
LogPluginManager: Mounting plugin LevelSequenceEditor
LogPluginManager: Mounting plugin MatineeToLevelSequence
LogPluginManager: Mounting plugin MovieRenderPipeline
LogPluginManager: Mounting plugin TemplateSequence
LogPluginManager: Mounting plugin NetcodeUnitTest
LogPluginManager: Mounting plugin NUTUnrealEngine4
LogPluginManager: Mounting plugin OnlineSubsystemGooglePlay
LogPluginManager: Mounting plugin OnlineSubsystemIOS
LogPluginManager: Mounting plugin OnlineSubsystem
LogPluginManager: Mounting plugin OnlineSubsystemNull
LogPluginManager: Mounting plugin OnlineSubsystemUtils
LogPluginManager: Mounting plugin LauncherChunkInstaller
LogPluginManager: Mounting plugin AndroidDeviceProfileSelector
LogPluginManager: Mounting plugin AndroidMoviePlayer
LogPluginManager: Mounting plugin AndroidPermission
LogPluginManager: Mounting plugin AppleImageUtils
LogPluginManager: Mounting plugin AppleMoviePlayer
LogPluginManager: Mounting plugin ArchVisCharacter
LogPluginManager: Mounting plugin AssetTags
LogPluginManager: Mounting plugin AudioCapture
LogPluginManager: Mounting plugin CableComponent
LogPluginManager: Mounting plugin CustomMeshComponent
LogPluginManager: Mounting plugin EditableMesh
LogPluginManager: Mounting plugin ExampleDeviceProfileSelector
LogPluginManager: Mounting plugin GoogleCloudMessaging
LogPluginManager: Mounting plugin GooglePAD
LogPluginManager: Mounting plugin IOSDeviceProfileSelector
LogPluginManager: Mounting plugin LinuxDeviceProfileSelector
LogPluginManager: Mounting plugin LocationServicesBPLibrary
LogPluginManager: Mounting plugin MobilePatchingUtils
LogPluginManager: Mounting plugin PhysXVehicles
LogPluginManager: Mounting plugin PostSplashScreen
LogPluginManager: Mounting plugin ProceduralMeshComponent
LogPluginManager: Mounting plugin RuntimePhysXCooking
LogPluginManager: Mounting plugin SignificanceManager
LogPluginManager: Mounting plugin SoundFields
LogPluginManager: Mounting plugin Synthesis
LogPluginManager: Mounting plugin WebMMoviePlayer
LogPluginManager: Mounting plugin WindowsMoviePlayer
LogPluginManager: Mounting plugin ScreenshotTools
LogInit: Using libcurl 7.55.1-DEV
LogInit:  - built for x86_64-pc-win32
LogInit:  - supports SSL with OpenSSL/1.1.1
LogInit:  - supports HTTP deflate (compression) using libz 1.2.8
LogInit:  - other features:
LogInit:      CURL_VERSION_SSL
LogInit:      CURL_VERSION_LIBZ
LogInit:      CURL_VERSION_IPV6
LogInit:      CURL_VERSION_ASYNCHDNS
LogInit:      CURL_VERSION_LARGEFILE
LogInit:      CURL_VERSION_IDN
LogInit:  CurlRequestOptions (configurable via config and command line):
LogInit:  - bVerifyPeer = true  - Libcurl will verify peer certificate
LogInit:  - bUseHttpProxy = false  - Libcurl will NOT use HTTP proxy
LogInit:  - bDontReuseConnections = false  - Libcurl will reuse connections
LogInit:  - MaxHostConnections = 16  - Libcurl will limit the number of connections to a host
LogInit:  - LocalHostAddr = Default
LogInit:  - BufferSize = 65536
LogOnline: OSS: Creating online subsystem instance for: NULL
LogInit: WinSock: version 1.1 (2.2), MaxSocks=32767, MaxUdp=65467
LogOnline: OSS: TryLoadSubsystemAndSetDefault: Loaded subsystem for module [NULL]
LogInit: Build: ++UE4+Release-4.25-CL-13942748
LogInit: Engine Version: 4.25.3-13942748+++UE4+Release-4.25
LogInit: Compatible Engine Version: 4.25.0-13144385+++UE4+Release-4.25
LogInit: Net CL: 13144385
LogInit: OS: Windows 10 (Release 2004) (), CPU: Intel(R) Core(TM) i5-8600K CPU @ 3.60GHz, GPU: NVIDIA GeForce GTX 1070
LogInit: Compiled (64-bit): Jul 25 2020 02:07:48
LogInit: Compiled with Visual C++: 19.24.28315.00
LogInit: Build Configuration: Development
LogInit: Branch Name: ++UE4+Release-4.25
LogInit: Command Line:  -skipcompile
LogInit: Base Directory: E:/EpicGames/UE_4.25/Engine/Binaries/Win64/
LogInit: Allocator: TBB
LogInit: Installed Engine Build: 1
LogDevObjectVersion: Number of dev versions registered: 26
LogDevObjectVersion:   Dev-Blueprints (B0D832E4-1F89-4F0D-ACCF-7EB736FD4AA2): 10
LogDevObjectVersion:   Dev-Build (E1C64328-A22C-4D53-A36C-8E866417BD8C): 0
LogDevObjectVersion:   Dev-Core (375EC13C-06E4-48FB-B500-84F0262A717E): 4
LogDevObjectVersion:   Dev-Editor (E4B068ED-F494-42E9-A231-DA0B2E46BB41): 38
LogDevObjectVersion:   Dev-Framework (CFFC743F-43B0-4480-9391-14DF171D2073): 37
LogDevObjectVersion:   Dev-Mobile (B02B49B5-BB20-44E9-A304-32B752E40360): 2
LogDevObjectVersion:   Dev-Networking (A4E4105C-59A1-49B5-A7C5-40C4547EDFEE): 0
LogDevObjectVersion:   Dev-Online (39C831C9-5AE6-47DC-9A44-9C173E1C8E7C): 0
LogDevObjectVersion:   Dev-Physics (78F01B33-EBEA-4F98-B9B4-84EACCB95AA2): 4
LogDevObjectVersion:   Dev-Platform (6631380F-2D4D-43E0-8009-CF276956A95A): 0
LogDevObjectVersion:   Dev-Rendering (12F88B9F-8875-4AFC-A67C-D90C383ABD29): 43
LogDevObjectVersion:   Dev-Sequencer (7B5AE74C-D270-4C10-A958-57980B212A5A): 12
LogDevObjectVersion:   Dev-VR (D7296918-1DD6-4BDD-9DE2-64A83CC13884): 3
LogDevObjectVersion:   Dev-LoadTimes (C2A15278-BFE7-4AFE-6C17-90FF531DF755): 1
LogDevObjectVersion:   Private-Geometry (6EACA3D4-40EC-4CC1-B786-8BED09428FC5): 3
LogDevObjectVersion:   Dev-AnimPhys (29E575DD-E0A3-4627-9D10-D276232CDCEA): 17
LogDevObjectVersion:   Dev-Anim (AF43A65D-7FD3-4947-9873-3E8ED9C1BB05): 7
LogDevObjectVersion:   Dev-ReflectionCapture (6B266CEC-1EC7-4B8F-A30B-E4D90942FC07): 1
LogDevObjectVersion:   Dev-Automation (0DF73D61-A23F-47EA-B727-89E90C41499A): 1
LogDevObjectVersion:   FortniteMain (601D1886-AC64-4F84-AA16-D3DE0DEAC7D6): 31
LogDevObjectVersion:   Dev-Enterprise (9DFFBCD6-494F-0158-E221-12823C92A888): 10
LogDevObjectVersion:   Dev-Niagara (F2AED0AC-9AFE-416F-8664-AA7FFA26D6FC): 1
LogDevObjectVersion:   Dev-Destruction (174F1F0B-B4C6-45A5-B13F-2EE8D0FB917D): 10
LogDevObjectVersion:   Dev-Physics-Ext (35F94A83-E258-406C-A318-09F59610247C): 37
LogDevObjectVersion:   Dev-PhysicsMaterial-Chaos (B68FC16E-8B1B-42E2-B453-215C058844FE): 1
LogDevObjectVersion:   Dev-CineCamera (B2E18506-4273-CFC2-A54E-F4BB758BBA07): 1
LogInit: Presizing for max 25165824 objects, including 0 objects not considered by GC, pre-allocating 0 bytes for permanent pool.
LogConfig: Applying CVar settings from Section [/Script/Engine.StreamingSettings] File [C:/Users/Victo/Documents/Unreal Projects/Team6ProgAssignment/Saved/Config/Windows/Engine.ini]
LogConfig: Setting CVar [[s.MinBulkDataSizeForAsyncLoading:131072]]
LogConfig: Setting CVar [[s.AsyncLoadingThreadEnabled:0]]
LogConfig: Setting CVar [[s.EventDrivenLoaderEnabled:1]]
LogConfig: Setting CVar [[s.WarnIfTimeLimitExceeded:0]]
LogConfig: Setting CVar [[s.TimeLimitExceededMultiplier:1.5]]
LogConfig: Setting CVar [[s.TimeLimitExceededMinTime:0.005]]
LogConfig: Setting CVar [[s.UseBackgroundLevelStreaming:1]]
LogConfig: Setting CVar [[s.PriorityAsyncLoadingExtraTime:15.0]]
LogConfig: Setting CVar [[s.LevelStreamingActorsUpdateTimeLimit:5.0]]
LogConfig: Setting CVar [[s.PriorityLevelStreamingActorsUpdateExtraTime:5.0]]
LogConfig: Setting CVar [[s.LevelStreamingComponentsRegistrationGranularity:10]]
LogConfig: Setting CVar [[s.UnregisterComponentsTimeLimit:1.0]]
LogConfig: Setting CVar [[s.LevelStreamingComponentsUnregistrationGranularity:5]]
LogConfig: Setting CVar [[s.FlushStreamingOnExit:1]]
LogInit: Object subsystem initialized
LogConfig: Setting CVar [[con.DebugEarlyDefault:1]]
LogConfig: Setting CVar [[r.setres:1280x720]]
[2020.10.11-15.58.47:534][  0]LogConfig: Setting CVar [[r.VSync:0]]
[2020.10.11-15.58.47:535][  0]LogConfig: Setting CVar [[r.RHICmdBypass:0]]
[2020.10.11-15.58.47:535][  0]LogConfig: Applying CVar settings from Section [/Script/Engine.RendererSettings] File [C:/Users/Victo/Documents/Unreal Projects/Team6ProgAssignment/Saved/Config/Windows/Engine.ini]
[2020.10.11-15.58.47:535][  0]LogConfig: Setting CVar [[r.GPUCrashDebugging:0]]
[2020.10.11-15.58.47:535][  0]LogConfig: Applying CVar settings from Section [/Script/Engine.RendererOverrideSettings] File [C:/Users/Victo/Documents/Unreal Projects/Team6ProgAssignment/Saved/Config/Windows/Engine.ini]
[2020.10.11-15.58.47:535][  0]LogConfig: Applying CVar settings from Section [/Script/Engine.StreamingSettings] File [C:/Users/Victo/Documents/Unreal Projects/Team6ProgAssignment/Saved/Config/Windows/Engine.ini]
[2020.10.11-15.58.47:535][  0]LogConfig: Setting CVar [[s.MinBulkDataSizeForAsyncLoading:131072]]
[2020.10.11-15.58.47:535][  0]LogConfig: Setting CVar [[s.AsyncLoadingThreadEnabled:0]]
[2020.10.11-15.58.47:535][  0]LogConfig: Setting CVar [[s.EventDrivenLoaderEnabled:1]]
[2020.10.11-15.58.47:535][  0]LogConfig: Setting CVar [[s.WarnIfTimeLimitExceeded:0]]
[2020.10.11-15.58.47:535][  0]LogConfig: Setting CVar [[s.TimeLimitExceededMultiplier:1.5]]
[2020.10.11-15.58.47:535][  0]LogConfig: Setting CVar [[s.TimeLimitExceededMinTime:0.005]]
[2020.10.11-15.58.47:535][  0]LogConfig: Setting CVar [[s.UseBackgroundLevelStreaming:1]]
[2020.10.11-15.58.47:535][  0]LogConfig: Setting CVar [[s.PriorityAsyncLoadingExtraTime:15.0]]
[2020.10.11-15.58.47:535][  0]LogConfig: Setting CVar [[s.LevelStreamingActorsUpdateTimeLimit:5.0]]
[2020.10.11-15.58.47:535][  0]LogConfig: Setting CVar [[s.PriorityLevelStreamingActorsUpdateExtraTime:5.0]]
[2020.10.11-15.58.47:535][  0]LogConfig: Setting CVar [[s.LevelStreamingComponentsRegistrationGranularity:10]]
[2020.10.11-15.58.47:535][  0]LogConfig: Setting CVar [[s.UnregisterComponentsTimeLimit:1.0]]
[2020.10.11-15.58.47:535][  0]LogConfig: Setting CVar [[s.LevelStreamingComponentsUnregistrationGranularity:5]]
[2020.10.11-15.58.47:535][  0]LogConfig: Setting CVar [[s.FlushStreamingOnExit:1]]
[2020.10.11-15.58.47:535][  0]LogConfig: Applying CVar settings from Section [/Script/Engine.GarbageCollectionSettings] File [C:/Users/Victo/Documents/Unreal Projects/Team6ProgAssignment/Saved/Config/Windows/Engine.ini]
[2020.10.11-15.58.47:536][  0]LogConfig: Setting CVar [[gc.MaxObjectsNotConsideredByGC:1]]
[2020.10.11-15.58.47:536][  0]LogConfig: Setting CVar [[gc.SizeOfPermanentObjectPool:0]]
[2020.10.11-15.58.47:536][  0]LogConfig: Setting CVar [[gc.FlushStreamingOnGC:0]]
[2020.10.11-15.58.47:536][  0]LogConfig: Setting CVar [[gc.NumRetriesBeforeForcingGC:10]]
[2020.10.11-15.58.47:536][  0]LogConfig: Setting CVar [[gc.AllowParallelGC:1]]
[2020.10.11-15.58.47:536][  0]LogConfig: Setting CVar [[gc.TimeBetweenPurgingPendingKillObjects:61.1]]
[2020.10.11-15.58.47:536][  0]LogConfig: Setting CVar [[gc.MaxObjectsInEditor:25165824]]
[2020.10.11-15.58.47:536][  0]LogConfig: Setting CVar [[gc.IncrementalBeginDestroyEnabled:1]]
[2020.10.11-15.58.47:536][  0]LogConfig: Setting CVar [[gc.CreateGCClusters:1]]
[2020.10.11-15.58.47:536][  0]LogConfig: Setting CVar [[gc.MinGCClusterSize:5]]
[2020.10.11-15.58.47:536][  0]LogConfig: Setting CVar [[gc.ActorClusteringEnabled:0]]
[2020.10.11-15.58.47:536][  0]LogConfig: Setting CVar [[gc.BlueprintClusteringEnabled:0]]
[2020.10.11-15.58.47:536][  0]LogConfig: Setting CVar [[gc.UseDisregardForGCOnDedicatedServers:0]]
[2020.10.11-15.58.47:536][  0]LogConfig: Applying CVar settings from Section [/Script/Engine.NetworkSettings] File [C:/Users/Victo/Documents/Unreal Projects/Team6ProgAssignment/Saved/Config/Windows/Engine.ini]
[2020.10.11-15.58.47:536][  0]LogConfig: Applying CVar settings from Section [/Script/UnrealEd.CookerSettings] File [C:/Users/Victo/Documents/Unreal Projects/Team6ProgAssignment/Saved/Config/Windows/Engine.ini]
[2020.10.11-15.58.47:545][  0]LogConfig: Applying CVar settings from Section [ViewDistanceQuality@3] File [C:/Users/Victo/Documents/Unreal Projects/Team6ProgAssignment/Saved/Config/Windows/Scalability.ini]
[2020.10.11-15.58.47:545][  0]LogConfig: Setting CVar [[r.SkeletalMeshLODBias:0]]
[2020.10.11-15.58.47:545][  0]LogConfig: Setting CVar [[r.ViewDistanceScale:1.0]]
[2020.10.11-15.58.47:545][  0]LogConfig: Applying CVar settings from Section [AntiAliasingQuality@3] File [C:/Users/Victo/Documents/Unreal Projects/Team6ProgAssignment/Saved/Config/Windows/Scalability.ini]
[2020.10.11-15.58.47:545][  0]LogConfig: Setting CVar [[r.PostProcessAAQuality:4]]
[2020.10.11-15.58.47:545][  0]LogConfig: Applying CVar settings from Section [ShadowQuality@3] File [C:/Users/Victo/Documents/Unreal Projects/Team6ProgAssignment/Saved/Config/Windows/Scalability.ini]
[2020.10.11-15.58.47:545][  0]LogConfig: Setting CVar [[r.LightFunctionQuality:1]]
[2020.10.11-15.58.47:545][  0]LogConfig: Setting CVar [[r.ShadowQuality:5]]
[2020.10.11-15.58.47:545][  0]LogConfig: Setting CVar [[r.Shadow.CSM.MaxCascades:10]]
[2020.10.11-15.58.47:546][  0]LogConfig: Setting CVar [[r.Shadow.MaxResolution:2048]]
[2020.10.11-15.58.47:546][  0]LogConfig: Setting CVar [[r.Shadow.MaxCSMResolution:2048]]
[2020.10.11-15.58.47:546][  0]LogConfig: Setting CVar [[r.Shadow.RadiusThreshold:0.01]]
[2020.10.11-15.58.47:546][  0]LogConfig: Setting CVar [[r.Shadow.DistanceScale:1.0]]
[2020.10.11-15.58.47:546][  0]LogConfig: Setting CVar [[r.Shadow.CSM.TransitionScale:1.0]]
[2020.10.11-15.58.47:546][  0]LogConfig: Setting CVar [[r.Shadow.PreShadowResolutionFactor:1.0]]
[2020.10.11-15.58.47:546][  0]LogConfig: Setting CVar [[r.DistanceFieldShadowing:1]]
[2020.10.11-15.58.47:546][  0]LogConfig: Setting CVar [[r.DistanceFieldAO:1]]
[2020.10.11-15.58.47:546][  0]LogConfig: Setting CVar [[r.AOQuality:2]]
[2020.10.11-15.58.47:546][  0]LogConfig: Setting CVar [[r.VolumetricFog:1]]
[2020.10.11-15.58.47:546][  0]LogConfig: Setting CVar [[r.VolumetricFog.GridPixelSize:8]]
[2020.10.11-15.58.47:546][  0]LogConfig: Setting CVar [[r.VolumetricFog.GridSizeZ:128]]
[2020.10.11-15.58.47:546][  0]LogConfig: Setting CVar [[r.VolumetricFog.HistoryMissSupersampleCount:4]]
[2020.10.11-15.58.47:546][  0]LogConfig: Setting CVar [[r.LightMaxDrawDistanceScale:1]]
[2020.10.11-15.58.47:546][  0]LogConfig: Setting CVar [[r.CapsuleShadows:1]]
[2020.10.11-15.58.47:546][  0]LogConfig: Applying CVar settings from Section [PostProcessQuality@3] File [C:/Users/Victo/Documents/Unreal Projects/Team6ProgAssignment/Saved/Config/Windows/Scalability.ini]
[2020.10.11-15.58.47:546][  0]LogConfig: Setting CVar [[r.MotionBlurQuality:4]]
[2020.10.11-15.58.47:546][  0]LogConfig: Setting CVar [[r.AmbientOcclusionMipLevelFactor:0.4]]
[2020.10.11-15.58.47:546][  0]LogConfig: Setting CVar [[r.AmbientOcclusionMaxQuality:100]]
[2020.10.11-15.58.47:546][  0]LogConfig: Setting CVar [[r.AmbientOcclusionLevels:-1]]
[2020.10.11-15.58.47:547][  0]LogConfig: Setting CVar [[r.AmbientOcclusionRadiusScale:1.0]]
[2020.10.11-15.58.47:547][  0]LogConfig: Setting CVar [[r.DepthOfFieldQuality:2]]
[2020.10.11-15.58.47:547][  0]LogConfig: Setting CVar [[r.RenderTargetPoolMin:400]]
[2020.10.11-15.58.47:547][  0]LogConfig: Setting CVar [[r.LensFlareQuality:2]]
[2020.10.11-15.58.47:547][  0]LogConfig: Setting CVar [[r.SceneColorFringeQuality:1]]
[2020.10.11-15.58.47:547][  0]LogConfig: Setting CVar [[r.EyeAdaptationQuality:2]]
[2020.10.11-15.58.47:547][  0]LogConfig: Setting CVar [[r.BloomQuality:5]]
[2020.10.11-15.58.47:547][  0]LogConfig: Setting CVar [[r.FastBlurThreshold:100]]
[2020.10.11-15.58.47:547][  0]LogConfig: Setting CVar [[r.Upscale.Quality:3]]
[2020.10.11-15.58.47:547][  0]LogConfig: Setting CVar [[r.Tonemapper.GrainQuantization:1]]
[2020.10.11-15.58.47:547][  0]LogConfig: Setting CVar [[r.LightShaftQuality:1]]
[2020.10.11-15.58.47:547][  0]LogConfig: Setting CVar [[r.Filter.SizeScale:1]]
[2020.10.11-15.58.47:547][  0]LogConfig: Setting CVar [[r.Tonemapper.Quality:5]]
[2020.10.11-15.58.47:547][  0]LogConfig: Setting CVar [[r.DOF.Gather.AccumulatorQuality:1        ; higher gathering accumulator quality]]
[2020.10.11-15.58.47:547][  0]LogConfig: Setting CVar [[r.DOF.Gather.PostfilterMethod:1          ; Median3x3 postfilering method]]
[2020.10.11-15.58.47:547][  0]LogConfig: Setting CVar [[r.DOF.Gather.EnableBokehSettings:0       ; no bokeh simulation when gathering]]
[2020.10.11-15.58.47:547][  0]LogConfig: Setting CVar [[r.DOF.Gather.RingCount:4                 ; medium number of samples when gathering]]
[2020.10.11-15.58.47:547][  0]LogConfig: Setting CVar [[r.DOF.Scatter.ForegroundCompositing:1    ; additive foreground scattering]]
[2020.10.11-15.58.47:547][  0]LogConfig: Setting CVar [[r.DOF.Scatter.BackgroundCompositing:2    ; additive background scattering]]
[2020.10.11-15.58.47:547][  0]LogConfig: Setting CVar [[r.DOF.Scatter.EnableBokehSettings:1      ; bokeh simulation when scattering]]
[2020.10.11-15.58.47:547][  0]LogConfig: Setting CVar [[r.DOF.Scatter.MaxSpriteRatio:0.1         ; only a maximum of 10% of scattered bokeh]]
[2020.10.11-15.58.47:547][  0]LogConfig: Setting CVar [[r.DOF.Recombine.Quality:1                ; cheap slight out of focus]]
[2020.10.11-15.58.47:548][  0]LogConfig: Setting CVar [[r.DOF.Recombine.EnableBokehSettings:0    ; no bokeh simulation on slight out of focus]]
[2020.10.11-15.58.47:548][  0]LogConfig: Setting CVar [[r.DOF.TemporalAAQuality:1                ; more stable temporal accumulation]]
[2020.10.11-15.58.47:548][  0]LogConfig: Setting CVar [[r.DOF.Kernel.MaxForegroundRadius:0.025]]
[2020.10.11-15.58.47:548][  0]LogConfig: Setting CVar [[r.DOF.Kernel.MaxBackgroundRadius:0.025]]
[2020.10.11-15.58.47:548][  0]LogConfig: Applying CVar settings from Section [TextureQuality@3] File [C:/Users/Victo/Documents/Unreal Projects/Team6ProgAssignment/Saved/Config/Windows/Scalability.ini]
[2020.10.11-15.58.47:548][  0]LogConfig: Setting CVar [[r.Streaming.MipBias:0]]
[2020.10.11-15.58.47:548][  0]LogConfig: Setting CVar [[r.Streaming.AmortizeCPUToGPUCopy:0]]
[2020.10.11-15.58.47:548][  0]LogConfig: Setting CVar [[r.Streaming.MaxNumTexturesToStreamPerFrame:0]]
[2020.10.11-15.58.47:548][  0]LogConfig: Setting CVar [[r.Streaming.Boost:1]]
[2020.10.11-15.58.47:548][  0]LogConfig: Setting CVar [[r.MaxAnisotropy:8]]
[2020.10.11-15.58.47:548][  0]LogConfig: Setting CVar [[r.VT.MaxAnisotropy:8]]
[2020.10.11-15.58.47:548][  0]LogConfig: Setting CVar [[r.Streaming.LimitPoolSizeToVRAM:0]]
[2020.10.11-15.58.47:548][  0]LogConfig: Setting CVar [[r.Streaming.PoolSize:1000]]
[2020.10.11-15.58.47:548][  0]LogConfig: Setting CVar [[r.Streaming.MaxEffectiveScreenSize:0]]
[2020.10.11-15.58.47:548][  0]LogConfig: Applying CVar settings from Section [EffectsQuality@3] File [C:/Users/Victo/Documents/Unreal Projects/Team6ProgAssignment/Saved/Config/Windows/Scalability.ini]
[2020.10.11-15.58.47:548][  0]LogConfig: Setting CVar [[r.TranslucencyLightingVolumeDim:64]]
[2020.10.11-15.58.47:548][  0]LogConfig: Setting CVar [[r.RefractionQuality:2]]
[2020.10.11-15.58.47:548][  0]LogConfig: Setting CVar [[r.SSR.Quality:3]]
[2020.10.11-15.58.47:548][  0]LogConfig: Setting CVar [[r.SSR.HalfResSceneColor:0]]
[2020.10.11-15.58.47:548][  0]LogConfig: Setting CVar [[r.SceneColorFormat:4]]
[2020.10.11-15.58.47:548][  0]LogConfig: Setting CVar [[r.DetailMode:2]]
[2020.10.11-15.58.47:549][  0]LogConfig: Setting CVar [[r.TranslucencyVolumeBlur:1]]
[2020.10.11-15.58.47:549][  0]LogConfig: Setting CVar [[r.MaterialQualityLevel:1 ; High quality]]
[2020.10.11-15.58.47:549][  0]LogConfig: Setting CVar [[r.SSS.Scale:1]]
[2020.10.11-15.58.47:549][  0]LogConfig: Setting CVar [[r.SSS.SampleSet:2]]
[2020.10.11-15.58.47:549][  0]LogConfig: Setting CVar [[r.SSS.Quality:1]]
[2020.10.11-15.58.47:549][  0]LogConfig: Setting CVar [[r.SSS.HalfRes:0]]
[2020.10.11-15.58.47:549][  0]LogConfig: Setting CVar [[r.SSGI.Quality:3]]
[2020.10.11-15.58.47:549][  0]LogConfig: Setting CVar [[r.EmitterSpawnRateScale:1.0]]
[2020.10.11-15.58.47:549][  0]LogConfig: Setting CVar [[r.ParticleLightQuality:2]]
[2020.10.11-15.58.47:549][  0]LogConfig: Setting CVar [[r.SkyAtmosphere.AerialPerspectiveLUT.FastApplyOnOpaque:1 ; Always have FastSkyLUT 1 in this case to avoid wrong sky]]
[2020.10.11-15.58.47:549][  0]LogConfig: Setting CVar [[r.SkyAtmosphere.AerialPerspectiveLUT.SampleCountPerSlice:1]]
[2020.10.11-15.58.47:549][  0]LogConfig: Setting CVar [[r.SkyAtmosphere.AerialPerspectiveLUT.DepthResolution:16.0]]
[2020.10.11-15.58.47:549][  0]LogConfig: Setting CVar [[r.SkyAtmosphere.FastSkyLUT:1]]
[2020.10.11-15.58.47:549][  0]LogConfig: Setting CVar [[r.SkyAtmosphere.FastSkyLUT.SampleCountMin:4.0]]
[2020.10.11-15.58.47:549][  0]LogConfig: Setting CVar [[r.SkyAtmosphere.FastSkyLUT.SampleCountMax:32.0]]
[2020.10.11-15.58.47:549][  0]LogConfig: Setting CVar [[r.SkyAtmosphere.SampleCountMin:4.0]]
[2020.10.11-15.58.47:549][  0]LogConfig: Setting CVar [[r.SkyAtmosphere.SampleCountMax:32.0]]
[2020.10.11-15.58.47:549][  0]LogConfig: Setting CVar [[r.SkyAtmosphere.TransmittanceLUT.UseSmallFormat:0]]
[2020.10.11-15.58.47:549][  0]LogConfig: Setting CVar [[r.SkyAtmosphere.TransmittanceLUT.SampleCount:10.0]]
[2020.10.11-15.58.47:549][  0]LogConfig: Setting CVar [[r.SkyAtmosphere.MultiScatteringLUT.SampleCount:15.0]]
[2020.10.11-15.58.47:549][  0]LogConfig: Applying CVar settings from Section [FoliageQuality@3] File [C:/Users/Victo/Documents/Unreal Projects/Team6ProgAssignment/Saved/Config/Windows/Scalability.ini]
[2020.10.11-15.58.47:549][  0]LogConfig: Setting CVar [[foliage.DensityScale:1.0]]
[2020.10.11-15.58.47:549][  0]LogConfig: Setting CVar [[grass.DensityScale:1.0]]
[2020.10.11-15.58.47:549][  0]LogConfig: Applying CVar settings from Section [ShadingQuality@3] File [C:/Users/Victo/Documents/Unreal Projects/Team6ProgAssignment/Saved/Config/Windows/Scalability.ini]
[2020.10.11-15.58.47:549][  0]LogConfig: Setting CVar [[r.HairStrands.SkyLighting.SampleCount:16]]
[2020.10.11-15.58.47:549][  0]LogConfig: Setting CVar [[r.HairStrands.SkyLighting.JitterIntegration:0]]
[2020.10.11-15.58.47:549][  0]LogConfig: Setting CVar [[r.HairStrands.SkyAO.SampleCount:16]]
[2020.10.11-15.58.47:550][  0]LogConfig: Setting CVar [[r.HairStrands.DeepShadow.SuperSampling:0]]
[2020.10.11-15.58.47:550][  0]LogConfig: Setting CVar [[r.HairStrands.VisibilityPPLL:0]]
[2020.10.11-15.58.47:550][  0]LogConfig: Setting CVar [[r.HairStrands.RasterizationScale:0.5]]
[2020.10.11-15.58.47:550][  0]LogConfig: Setting CVar [[r.HairStrands.VelocityRasterizationScale:1]]
[2020.10.11-15.58.47:550][  0]LogInit: Selected Device Profile: [Windows]
[2020.10.11-15.58.47:550][  0]LogInit: Applying CVar settings loaded from the selected device profile: [Windows]
[2020.10.11-15.58.47:550][  0]LogHAL: Display: Platform has ~ 16 GB [17106833408 / 17179869184 / 16], which maps to Larger [LargestMinGB=32, LargerMinGB=12, DefaultMinGB=8, SmallerMinGB=6, SmallestMinGB=0)
[2020.10.11-15.58.47:550][  0]LogInit: Going up to parent DeviceProfile []
[2020.10.11-15.58.47:550][  0]LogConfig: Applying CVar settings from Section [ViewDistanceQuality@3] File [C:/Users/Victo/Documents/Unreal Projects/Team6ProgAssignment/Saved/Config/Windows/Scalability.ini]
[2020.10.11-15.58.47:550][  0]LogConfig: Setting CVar [[r.SkeletalMeshLODBias:0]]
[2020.10.11-15.58.47:550][  0]LogConfig: Setting CVar [[r.ViewDistanceScale:1.0]]
[2020.10.11-15.58.47:550][  0]LogConfig: Applying CVar settings from Section [AntiAliasingQuality@3] File [C:/Users/Victo/Documents/Unreal Projects/Team6ProgAssignment/Saved/Config/Windows/Scalability.ini]
[2020.10.11-15.58.47:550][  0]LogConfig: Setting CVar [[r.PostProcessAAQuality:4]]
[2020.10.11-15.58.47:550][  0]LogConfig: Applying CVar settings from Section [ShadowQuality@3] File [C:/Users/Victo/Documents/Unreal Projects/Team6ProgAssignment/Saved/Config/Windows/Scalability.ini]
[2020.10.11-15.58.47:550][  0]LogConfig: Setting CVar [[r.LightFunctionQuality:1]]
[2020.10.11-15.58.47:550][  0]LogConfig: Setting CVar [[r.ShadowQuality:5]]
[2020.10.11-15.58.47:550][  0]LogConfig: Setting CVar [[r.Shadow.CSM.MaxCascades:10]]
[2020.10.11-15.58.47:550][  0]LogConfig: Setting CVar [[r.Shadow.MaxResolution:2048]]
[2020.10.11-15.58.47:550][  0]LogConfig: Setting CVar [[r.Shadow.MaxCSMResolution:2048]]
[2020.10.11-15.58.47:550][  0]LogConfig: Setting CVar [[r.Shadow.RadiusThreshold:0.01]]
[2020.10.11-15.58.47:550][  0]LogConfig: Setting CVar [[r.Shadow.DistanceScale:1.0]]
[2020.10.11-15.58.47:550][  0]LogConfig: Setting CVar [[r.Shadow.CSM.TransitionScale:1.0]]
[2020.10.11-15.58.47:550][  0]LogConfig: Setting CVar [[r.Shadow.PreShadowResolutionFactor:1.0]]
[2020.10.11-15.58.47:551][  0]LogConfig: Setting CVar [[r.DistanceFieldShadowing:1]]
[2020.10.11-15.58.47:551][  0]LogConfig: Setting CVar [[r.DistanceFieldAO:1]]
[2020.10.11-15.58.47:551][  0]LogConfig: Setting CVar [[r.AOQuality:2]]
[2020.10.11-15.58.47:551][  0]LogConfig: Setting CVar [[r.VolumetricFog:1]]
[2020.10.11-15.58.47:551][  0]LogConfig: Setting CVar [[r.VolumetricFog.GridPixelSize:8]]
[2020.10.11-15.58.47:551][  0]LogConfig: Setting CVar [[r.VolumetricFog.GridSizeZ:128]]
[2020.10.11-15.58.47:551][  0]LogConfig: Setting CVar [[r.VolumetricFog.HistoryMissSupersampleCount:4]]
[2020.10.11-15.58.47:551][  0]LogConfig: Setting CVar [[r.LightMaxDrawDistanceScale:1]]
[2020.10.11-15.58.47:551][  0]LogConfig: Setting CVar [[r.CapsuleShadows:1]]
[2020.10.11-15.58.47:551][  0]LogConfig: Applying CVar settings from Section [PostProcessQuality@3] File [C:/Users/Victo/Documents/Unreal Projects/Team6ProgAssignment/Saved/Config/Windows/Scalability.ini]
[2020.10.11-15.58.47:551][  0]LogConfig: Setting CVar [[r.MotionBlurQuality:4]]
[2020.10.11-15.58.47:551][  0]LogConfig: Setting CVar [[r.AmbientOcclusionMipLevelFactor:0.4]]
[2020.10.11-15.58.47:551][  0]LogConfig: Setting CVar [[r.AmbientOcclusionMaxQuality:100]]
[2020.10.11-15.58.47:551][  0]LogConfig: Setting CVar [[r.AmbientOcclusionLevels:-1]]
[2020.10.11-15.58.47:551][  0]LogConfig: Setting CVar [[r.AmbientOcclusionRadiusScale:1.0]]
[2020.10.11-15.58.47:551][  0]LogConfig: Setting CVar [[r.DepthOfFieldQuality:2]]
[2020.10.11-15.58.47:551][  0]LogConfig: Setting CVar [[r.RenderTargetPoolMin:400]]
[2020.10.11-15.58.47:551][  0]LogConfig: Setting CVar [[r.LensFlareQuality:2]]
[2020.10.11-15.58.47:551][  0]LogConfig: Setting CVar [[r.SceneColorFringeQuality:1]]
[2020.10.11-15.58.47:551][  0]LogConfig: Setting CVar [[r.EyeAdaptationQuality:2]]
[2020.10.11-15.58.47:551][  0]LogConfig: Setting CVar [[r.BloomQuality:5]]
[2020.10.11-15.58.47:551][  0]LogConfig: Setting CVar [[r.FastBlurThreshold:100]]
[2020.10.11-15.58.47:551][  0]LogConfig: Setting CVar [[r.Upscale.Quality:3]]
[2020.10.11-15.58.47:551][  0]LogConfig: Setting CVar [[r.Tonemapper.GrainQuantization:1]]
[2020.10.11-15.58.47:551][  0]LogConfig: Setting CVar [[r.LightShaftQuality:1]]
[2020.10.11-15.58.47:551][  0]LogConfig: Setting CVar [[r.Filter.SizeScale:1]]
[2020.10.11-15.58.47:551][  0]LogConfig: Setting CVar [[r.Tonemapper.Quality:5]]
[2020.10.11-15.58.47:551][  0]LogConfig: Setting CVar [[r.DOF.Gather.AccumulatorQuality:1        ; higher gathering accumulator quality]]
[2020.10.11-15.58.47:551][  0]LogConfig: Setting CVar [[r.DOF.Gather.PostfilterMethod:1          ; Median3x3 postfilering method]]
[2020.10.11-15.58.47:552][  0]LogConfig: Setting CVar [[r.DOF.Gather.EnableBokehSettings:0       ; no bokeh simulation when gathering]]
[2020.10.11-15.58.47:552][  0]LogConfig: Setting CVar [[r.DOF.Gather.RingCount:4                 ; medium number of samples when gathering]]
[2020.10.11-15.58.47:552][  0]LogConfig: Setting CVar [[r.DOF.Scatter.ForegroundCompositing:1    ; additive foreground scattering]]
[2020.10.11-15.58.47:552][  0]LogConfig: Setting CVar [[r.DOF.Scatter.BackgroundCompositing:2    ; additive background scattering]]
[2020.10.11-15.58.47:552][  0]LogConfig: Setting CVar [[r.DOF.Scatter.EnableBokehSettings:1      ; bokeh simulation when scattering]]
[2020.10.11-15.58.47:552][  0]LogConfig: Setting CVar [[r.DOF.Scatter.MaxSpriteRatio:0.1         ; only a maximum of 10% of scattered bokeh]]
[2020.10.11-15.58.47:552][  0]LogConfig: Setting CVar [[r.DOF.Recombine.Quality:1                ; cheap slight out of focus]]
[2020.10.11-15.58.47:552][  0]LogConfig: Setting CVar [[r.DOF.Recombine.EnableBokehSettings:0    ; no bokeh simulation on slight out of focus]]
[2020.10.11-15.58.47:552][  0]LogConfig: Setting CVar [[r.DOF.TemporalAAQuality:1                ; more stable temporal accumulation]]
[2020.10.11-15.58.47:552][  0]LogConfig: Setting CVar [[r.DOF.Kernel.MaxForegroundRadius:0.025]]
[2020.10.11-15.58.47:552][  0]LogConfig: Setting CVar [[r.DOF.Kernel.MaxBackgroundRadius:0.025]]
[2020.10.11-15.58.47:552][  0]LogConfig: Applying CVar settings from Section [TextureQuality@3] File [C:/Users/Victo/Documents/Unreal Projects/Team6ProgAssignment/Saved/Config/Windows/Scalability.ini]
[2020.10.11-15.58.47:552][  0]LogConfig: Setting CVar [[r.Streaming.MipBias:0]]
[2020.10.11-15.58.47:552][  0]LogConfig: Setting CVar [[r.Streaming.AmortizeCPUToGPUCopy:0]]
[2020.10.11-15.58.47:552][  0]LogConfig: Setting CVar [[r.Streaming.MaxNumTexturesToStreamPerFrame:0]]
[2020.10.11-15.58.47:552][  0]LogConfig: Setting CVar [[r.Streaming.Boost:1]]
[2020.10.11-15.58.47:552][  0]LogConfig: Setting CVar [[r.MaxAnisotropy:8]]
[2020.10.11-15.58.47:552][  0]LogConfig: Setting CVar [[r.VT.MaxAnisotropy:8]]
[2020.10.11-15.58.47:552][  0]LogConfig: Setting CVar [[r.Streaming.LimitPoolSizeToVRAM:0]]
[2020.10.11-15.58.47:552][  0]LogConfig: Setting CVar [[r.Streaming.PoolSize:1000]]
[2020.10.11-15.58.47:552][  0]LogConfig: Setting CVar [[r.Streaming.MaxEffectiveScreenSize:0]]
[2020.10.11-15.58.47:553][  0]LogConfig: Applying CVar settings from Section [EffectsQuality@3] File [C:/Users/Victo/Documents/Unreal Projects/Team6ProgAssignment/Saved/Config/Windows/Scalability.ini]
[2020.10.11-15.58.47:553][  0]LogConfig: Setting CVar [[r.TranslucencyLightingVolumeDim:64]]
[2020.10.11-15.58.47:553][  0]LogConfig: Setting CVar [[r.RefractionQuality:2]]
[2020.10.11-15.58.47:553][  0]LogConfig: Setting CVar [[r.SSR.Quality:3]]
[2020.10.11-15.58.47:553][  0]LogConfig: Setting CVar [[r.SSR.HalfResSceneColor:0]]
[2020.10.11-15.58.47:553][  0]LogConfig: Setting CVar [[r.SceneColorFormat:4]]
[2020.10.11-15.58.47:553][  0]LogConfig: Setting CVar [[r.DetailMode:2]]
[2020.10.11-15.58.47:553][  0]LogConfig: Setting CVar [[r.TranslucencyVolumeBlur:1]]
[2020.10.11-15.58.47:553][  0]LogConfig: Setting CVar [[r.MaterialQualityLevel:1 ; High quality]]
[2020.10.11-15.58.47:553][  0]LogConfig: Setting CVar [[r.SSS.Scale:1]]
[2020.10.11-15.58.47:553][  0]LogConfig: Setting CVar [[r.SSS.SampleSet:2]]
[2020.10.11-15.58.47:553][  0]LogConfig: Setting CVar [[r.SSS.Quality:1]]
[2020.10.11-15.58.47:553][  0]LogConfig: Setting CVar [[r.SSS.HalfRes:0]]
[2020.10.11-15.58.47:553][  0]LogConfig: Setting CVar [[r.SSGI.Quality:3]]
[2020.10.11-15.58.47:553][  0]LogConfig: Setting CVar [[r.EmitterSpawnRateScale:1.0]]
[2020.10.11-15.58.47:553][  0]LogConfig: Setting CVar [[r.ParticleLightQuality:2]]
[2020.10.11-15.58.47:553][  0]LogConfig: Setting CVar [[r.SkyAtmosphere.AerialPerspectiveLUT.FastApplyOnOpaque:1 ; Always have FastSkyLUT 1 in this case to avoid wrong sky]]
[2020.10.11-15.58.47:553][  0]LogConfig: Setting CVar [[r.SkyAtmosphere.AerialPerspectiveLUT.SampleCountPerSlice:1]]
[2020.10.11-15.58.47:554][  0]LogConfig: Setting CVar [[r.SkyAtmosphere.AerialPerspectiveLUT.DepthResolution:16.0]]
[2020.10.11-15.58.47:554][  0]LogConfig: Setting CVar [[r.SkyAtmosphere.FastSkyLUT:1]]
[2020.10.11-15.58.47:554][  0]LogConfig: Setting CVar [[r.SkyAtmosphere.FastSkyLUT.SampleCountMin:4.0]]
[2020.10.11-15.58.47:554][  0]LogConfig: Setting CVar [[r.SkyAtmosphere.FastSkyLUT.SampleCountMax:32.0]]
[2020.10.11-15.58.47:554][  0]LogConfig: Setting CVar [[r.SkyAtmosphere.SampleCountMin:4.0]]
[2020.10.11-15.58.47:554][  0]LogConfig: Setting CVar [[r.SkyAtmosphere.SampleCountMax:32.0]]
[2020.10.11-15.58.47:554][  0]LogConfig: Setting CVar [[r.SkyAtmosphere.TransmittanceLUT.UseSmallFormat:0]]
[2020.10.11-15.58.47:554][  0]LogConfig: Setting CVar [[r.SkyAtmosphere.TransmittanceLUT.SampleCount:10.0]]
[2020.10.11-15.58.47:554][  0]LogConfig: Setting CVar [[r.SkyAtmosphere.MultiScatteringLUT.SampleCount:15.0]]
[2020.10.11-15.58.47:554][  0]LogConfig: Applying CVar settings from Section [FoliageQuality@3] File [C:/Users/Victo/Documents/Unreal Projects/Team6ProgAssignment/Saved/Config/Windows/Scalability.ini]
[2020.10.11-15.58.47:554][  0]LogConfig: Setting CVar [[foliage.DensityScale:1.0]]
[2020.10.11-15.58.47:554][  0]LogConfig: Setting CVar [[grass.DensityScale:1.0]]
[2020.10.11-15.58.47:554][  0]LogConfig: Applying CVar settings from Section [ShadingQuality@3] File [C:/Users/Victo/Documents/Unreal Projects/Team6ProgAssignment/Saved/Config/Windows/Scalability.ini]
[2020.10.11-15.58.47:554][  0]LogConfig: Setting CVar [[r.HairStrands.SkyLighting.SampleCount:16]]
[2020.10.11-15.58.47:554][  0]LogConfig: Setting CVar [[r.HairStrands.SkyLighting.JitterIntegration:0]]
[2020.10.11-15.58.47:554][  0]LogConfig: Setting CVar [[r.HairStrands.SkyAO.SampleCount:16]]
[2020.10.11-15.58.47:554][  0]LogConfig: Setting CVar [[r.HairStrands.DeepShadow.SuperSampling:0]]
[2020.10.11-15.58.47:554][  0]LogConfig: Setting CVar [[r.HairStrands.VisibilityPPLL:0]]
[2020.10.11-15.58.47:554][  0]LogConfig: Setting CVar [[r.HairStrands.RasterizationScale:0.5]]
[2020.10.11-15.58.47:554][  0]LogConfig: Setting CVar [[r.HairStrands.VelocityRasterizationScale:1]]
[2020.10.11-15.58.47:554][  0]LogConfig: Applying CVar settings from Section [Startup] File [../../../Engine/Config/ConsoleVariables.ini]
[2020.10.11-15.58.47:555][  0]LogConfig: Setting CVar [[net.UseAdaptiveNetUpdateFrequency:0]]
[2020.10.11-15.58.47:555][  0]LogConfig: Setting CVar [[p.chaos.AllowCreatePhysxBodies:1]]
[2020.10.11-15.58.47:555][  0]LogConfig: Setting CVar [[fx.SkipVectorVMBackendOptimizations:1]]
[2020.10.11-15.58.47:555][  0]LogConfig: Applying CVar settings from Section [ConsoleVariables] File [C:/Users/Victo/Documents/Unreal Projects/Team6ProgAssignment/Saved/Config/Windows/Engine.ini]
[2020.10.11-15.58.47:555][  0]LogInit: Computer: DESKTOP-OA2CMIS
[2020.10.11-15.58.47:555][  0]LogInit: User: VictoR
[2020.10.11-15.58.47:555][  0]LogInit: CPU Page size=4096, Cores=6
[2020.10.11-15.58.47:555][  0]LogInit: High frequency timer resolution =10.000000 MHz
[2020.10.11-15.58.47:555][  0]LogMemory: Memory total: Physical=15.9GB (16GB approx)
[2020.10.11-15.58.47:555][  0]LogMemory: Platform Memory Stats for Windows
[2020.10.11-15.58.47:555][  0]LogMemory: Process Physical Memory: 115.95 MB used, 115.95 MB peak
[2020.10.11-15.58.47:555][  0]LogMemory: Process Virtual Memory: 103.74 MB used, 103.74 MB peak
[2020.10.11-15.58.47:556][  0]LogMemory: Physical Memory: 10166.90 MB used,  6147.45 MB free, 16314.35 MB total
[2020.10.11-15.58.47:556][  0]LogMemory: Virtual Memory: 5109.73 MB used,  134212616.00 MB free, 134217728.00 MB total
[2020.10.11-15.58.47:577][  0]LogWindows: WindowsPlatformFeatures enabled
[2020.10.11-15.58.47:757][  0]LogInit: Physics initialised using underlying interface: PhysX
[2020.10.11-15.58.47:758][  0]LogInit: Using OS detected language (sv-SE).
[2020.10.11-15.58.47:758][  0]LogInit: Using OS detected locale (sv-SE).
[2020.10.11-15.58.47:761][  0]LogTextLocalizationManager: No localization for 'sv-SE' exists, so 'en' will be used for the language.
[2020.10.11-15.58.47:931][  0]LogInit: Setting process to per monitor DPI aware
[2020.10.11-15.58.47:984][  0]LogSlate: New Slate User Created.  User Index 0, Is Virtual User: 0
[2020.10.11-15.58.47:984][  0]LogSlate: Slate User Registered.  User Index 0, Is Virtual User: 0
[2020.10.11-15.58.48:290][  0]LogD3D11RHI: D3D11 min allowed feature level: 11_0
[2020.10.11-15.58.48:290][  0]LogD3D11RHI: D3D11 max allowed feature level: 11_0
[2020.10.11-15.58.48:290][  0]LogD3D11RHI: D3D11 adapters:
[2020.10.11-15.58.48:407][  0]LogD3D11RHI:    0. 'NVIDIA GeForce GTX 1070' (Feature Level 11_0)
[2020.10.11-15.58.48:407][  0]LogD3D11RHI:       8088/0/8157 MB DedicatedVideo/DedicatedSystem/SharedSystem, Outputs:2, VendorId:0x10de
[2020.10.11-15.58.48:414][  0]LogD3D11RHI:    1. 'Microsoft Basic Render Driver' (Feature Level 11_0)
[2020.10.11-15.58.48:414][  0]LogD3D11RHI:       0/0/8157 MB DedicatedVideo/DedicatedSystem/SharedSystem, Outputs:0, VendorId:0x1414
[2020.10.11-15.58.48:414][  0]LogD3D11RHI: Chosen D3D11 Adapter: 0
[2020.10.11-15.58.48:424][  0]LogD3D11RHI: Creating new Direct3DDevice
[2020.10.11-15.58.48:424][  0]LogD3D11RHI:     GPU DeviceId: 0x1b81 (for the marketing name, search the web for "GPU Device Id")
[2020.10.11-15.58.48:424][  0]LogWindows: EnumDisplayDevices:
[2020.10.11-15.58.48:424][  0]LogWindows:    0. 'NVIDIA GeForce GTX 1070' (P:1 D:1)
[2020.10.11-15.58.48:425][  0]LogWindows:    1. 'NVIDIA GeForce GTX 1070' (P:0 D:1)
[2020.10.11-15.58.48:425][  0]LogWindows:    2. 'NVIDIA GeForce GTX 1070' (P:0 D:0)
[2020.10.11-15.58.48:426][  0]LogWindows:    3. 'NVIDIA GeForce GTX 1070' (P:0 D:0)
[2020.10.11-15.58.48:426][  0]LogWindows: DebugString: FoundDriverCount:4 
[2020.10.11-15.58.48:426][  0]LogD3D11RHI:     Adapter Name: NVIDIA GeForce GTX 1070
[2020.10.11-15.58.48:426][  0]LogD3D11RHI:   Driver Version: 456.55 (internal:27.21.14.5655, unified:456.55)
[2020.10.11-15.58.48:426][  0]LogD3D11RHI:      Driver Date: 9-24-2020
[2020.10.11-15.58.48:426][  0]LogRHI: Texture pool is 5661 MB (70% of 8088 MB)
[2020.10.11-15.58.48:491][  0]LogD3D11RHI: RHI has support for 64 bit atomics
[2020.10.11-15.58.48:494][  0]LogD3D11RHI: [Aftermath] Enabled and primed
[2020.10.11-15.58.48:494][  0]LogD3D11RHI: Async texture creation enabled
[2020.10.11-15.58.48:494][  0]LogD3D11RHI: Array index from any shader is supported
[2020.10.11-15.58.48:523][  0]LogD3D11RHI: GPU Timing Frequency: 1000.000000 (Debug: 2 1)
[2020.10.11-15.58.49:003][  0]LogTargetPlatformManager: Display: Loaded TargetPlatform 'AllDesktop'
[2020.10.11-15.58.49:026][  0]LogTargetPlatformManager: Display: Loaded TargetPlatform 'Android'
[2020.10.11-15.58.49:026][  0]LogTargetPlatformManager: Display: Loaded TargetPlatform 'Android_ASTC'
[2020.10.11-15.58.49:026][  0]LogTargetPlatformManager: Display: Loaded TargetPlatform 'Android_DXT'
[2020.10.11-15.58.49:026][  0]LogTargetPlatformManager: Display: Loaded TargetPlatform 'Android_ETC2'
[2020.10.11-15.58.49:026][  0]LogTargetPlatformManager: Display: Loaded TargetPlatform 'AndroidClient'
[2020.10.11-15.58.49:026][  0]LogTargetPlatformManager: Display: Loaded TargetPlatform 'Android_ASTCClient'
[2020.10.11-15.58.49:026][  0]LogTargetPlatformManager: Display: Loaded TargetPlatform 'Android_DXTClient'
[2020.10.11-15.58.49:026][  0]LogTargetPlatformManager: Display: Loaded TargetPlatform 'Android_ETC2Client'
[2020.10.11-15.58.49:026][  0]LogTargetPlatformManager: Display: Loaded TargetPlatform 'Android_Multi'
[2020.10.11-15.58.49:026][  0]LogTargetPlatformManager: Display: Loaded TargetPlatform 'Android_MultiClient'
[2020.10.11-15.58.49:058][  0]LogTargetPlatformManager: Display: Loaded TargetPlatform 'IOSClient'
[2020.10.11-15.58.49:058][  0]LogTargetPlatformManager: Display: Loaded TargetPlatform 'IOS'
[2020.10.11-15.58.49:071][  0]LogTargetPlatformManager: Display: Loaded TargetPlatform 'Linux'
[2020.10.11-15.58.49:083][  0]LogTargetPlatformManager: Display: Loaded TargetPlatform 'LinuxNoEditor'
[2020.10.11-15.58.49:094][  0]LogTargetPlatformManager: Display: Loaded TargetPlatform 'LinuxClient'
[2020.10.11-15.58.49:106][  0]LogTargetPlatformManager: Display: Loaded TargetPlatform 'LinuxServer'
[2020.10.11-15.58.49:122][  0]LogTargetPlatformManager: Display: Loaded TargetPlatform 'LinuxAArch64NoEditor'
[2020.10.11-15.58.49:134][  0]LogTargetPlatformManager: Display: Loaded TargetPlatform 'LinuxAArch64Client'
[2020.10.11-15.58.49:145][  0]LogTargetPlatformManager: Display: Loaded TargetPlatform 'LinuxAArch64Server'
[2020.10.11-15.58.49:173][  0]LogTargetPlatformManager: Display: Loaded TargetPlatform 'Lumin'
[2020.10.11-15.58.49:173][  0]LogTargetPlatformManager: Display: Loaded TargetPlatform 'LuminClient'
[2020.10.11-15.58.49:191][  0]LogTargetPlatformManager: Display: Loaded TargetPlatform 'TVOSClient'
[2020.10.11-15.58.49:191][  0]LogTargetPlatformManager: Display: Loaded TargetPlatform 'TVOS'
[2020.10.11-15.58.49:202][  0]LogTargetPlatformManager: Display: Loaded TargetPlatform 'WindowsNoEditor'
[2020.10.11-15.58.49:215][  0]LogTargetPlatformManager: Display: Loaded TargetPlatform 'Windows'
[2020.10.11-15.58.49:225][  0]LogTargetPlatformManager: Display: Loaded TargetPlatform 'WindowsClient'
[2020.10.11-15.58.49:237][  0]LogTargetPlatformManager: Display: Loaded TargetPlatform 'WindowsServer'
[2020.10.11-15.58.49:237][  0]LogTargetPlatformManager: Display: Building Assets For Windows
[2020.10.11-15.58.49:255][  0]LogAudioDebug: Display: Lib vorbis DLL was dynamically loaded.
[2020.10.11-15.58.49:377][  0]LogShaderCompilers: Guid format shader working directory is -15 characters bigger than the processId version (C:/Users/Victo/Documents/Unreal Projects/Team6ProgAssignment/Intermediate/Shaders/WorkingDirectory/47236/).
[2020.10.11-15.58.49:377][  0]LogShaderCompilers: Cleaned the shader compiler working directory 'C:/Users/Victo/AppData/Local/Temp/UnrealShaderWorkingDir/7612CB0D49678F01A3D49592EB8CEF9F/'.
[2020.10.11-15.58.49:378][  0]LogXGEController: Cleaning working directory: C:/Users/Victo/AppData/Local/Temp/UnrealXGEWorkingDir/
[2020.10.11-15.58.49:378][  0]LogXGEController: Cannot use XGE Controller as Incredibuild is not installed on this machine.
[2020.10.11-15.58.49:378][  0]LogShaderCompilers: Cannot use XGE Shader Compiler as Incredibuild is not installed on this machine.
[2020.10.11-15.58.49:378][  0]LogShaderCompilers: Display: Using Local Shader Compiler.
[2020.10.11-15.58.50:112][  0]LogDerivedDataCache: Display: Max Cache Size: 512 MB
[2020.10.11-15.58.50:166][  0]LogDerivedDataCache: Loaded boot cache 0.05s 78MB C:/Users/Victo/AppData/Local/UnrealEngine/4.25/DerivedDataCache/Boot.ddc.
[2020.10.11-15.58.50:166][  0]LogDerivedDataCache: Display: Loaded Boot cache: C:/Users/Victo/AppData/Local/UnrealEngine/4.25/DerivedDataCache/Boot.ddc
[2020.10.11-15.58.50:166][  0]LogDerivedDataCache: FDerivedDataBackendGraph:  Pak pak cache file C:/Users/Victo/Documents/Unreal Projects/Team6ProgAssignment/DerivedDataCache/DDC.ddp not found, will not use a pak cache.
[2020.10.11-15.58.50:166][  0]LogDerivedDataCache: Unable to find inner node Pak for hierarchical cache Hierarchy.
[2020.10.11-15.58.50:166][  0]LogDerivedDataCache: FDerivedDataBackendGraph:  CompressedPak pak cache file C:/Users/Victo/Documents/Unreal Projects/Team6ProgAssignment/DerivedDataCache/Compressed.ddp not found, will not use a pak cache.
[2020.10.11-15.58.50:166][  0]LogDerivedDataCache: Unable to find inner node CompressedPak for hierarchical cache Hierarchy.
[2020.10.11-15.58.50:176][  0]LogDerivedDataCache: Display: Pak cache opened for reading ../../../Engine/DerivedDataCache/Compressed.ddp.
[2020.10.11-15.58.50:176][  0]LogDerivedDataCache: FDerivedDataBackendGraph:  EnterprisePak pak cache file ../../../Enterprise/DerivedDataCache/Compressed.ddp not found, will not use a pak cache.
[2020.10.11-15.58.50:176][  0]LogDerivedDataCache: Unable to find inner node EnterprisePak for hierarchical cache Hierarchy.
[2020.10.11-15.58.50:178][  0]LogDerivedDataCache: Using Local data cache path C:/Users/Victo/AppData/Local/UnrealEngine/Common/DerivedDataCache: Writable
[2020.10.11-15.58.50:179][  0]LogDerivedDataCache: Shared data cache path not found in *engine.ini, will not use an Shared cache.
[2020.10.11-15.58.50:179][  0]LogDerivedDataCache: Unable to find inner node Shared for hierarchical cache Hierarchy.
[2020.10.11-15.58.50:222][  0]LogSlate: Using FreeType 2.10.0
[2020.10.11-15.58.50:223][  0]LogSlate: SlateFontServices - WITH_FREETYPE: 1, WITH_HARFBUZZ: 1
[2020.10.11-15.58.50:255][  0]LogAssetRegistry: FAssetRegistry took 0.0047 seconds to start up
[2020.10.11-15.58.50:460][  0]LogInit: Selected Device Profile: [Windows]
[2020.10.11-15.58.50:597][  0]LogMeshReduction: Using QuadricMeshReduction for automatic static mesh reduction
[2020.10.11-15.58.50:597][  0]LogMeshReduction: Using SimplygonMeshReduction for automatic skeletal mesh reduction
[2020.10.11-15.58.50:597][  0]LogMeshReduction: Using ProxyLODMeshReduction for automatic mesh merging
[2020.10.11-15.58.50:597][  0]LogMeshReduction: No distributed automatic mesh merging module available
[2020.10.11-15.58.50:597][  0]LogMeshMerging: No distributed automatic mesh merging module available
[2020.10.11-15.58.50:616][  0]LogNetVersion: Team6ProgAssignment 1.0.0, NetCL: 13144385, EngineNetVer: 14, GameNetVer: 0 (Checksum: 3682674068)
[2020.10.11-15.58.51:049][  0]LogAISub: UAISubsystem::UAISubsystem AISubsystem (000001B6149A4380), frame # 0
[2020.10.11-15.58.51:050][  0]LogAISub: UAISubsystem::UAISubsystem AIPerceptionSystem (000001B6158C7740), frame # 0
[2020.10.11-15.58.51:051][  0]LogAISub: UAISubsystem::UAISubsystem EnvQueryManager (000001B615944800), frame # 0
[2020.10.11-15.58.51:093][  0]LogPackageLocalizationCache: Processed 17 localized package path(s) for 1 prioritized culture(s) in 0.036500 seconds
[2020.10.11-15.58.51:097][  0]LogUObjectArray: 15756 objects as part of root set at end of initial load.
[2020.10.11-15.58.51:097][  0]LogUObjectAllocator: 3925280 out of 0 bytes used by permanent object pool.
[2020.10.11-15.58.51:097][  0]LogUObjectArray: CloseDisregardForGC: 0/0 objects in disregard for GC pool
[2020.10.11-15.58.51:641][  0]LogTcpMessaging: Initializing TcpMessaging bridge
[2020.10.11-15.58.51:648][  0]LogUdpMessaging: Initializing bridge on interface 0.0.0.0:0 to multicast group 230.0.0.1:6666.
[2020.10.11-15.58.51:919][  0]SourceControl: Source control is disabled
[2020.10.11-15.58.51:919][  0]SourceControl: Source control is disabled
[2020.10.11-15.58.51:925][  0]SourceControl: Source control is disabled
[2020.10.11-15.58.51:930][  0]SourceControl: Source control is disabled
[2020.10.11-15.58.51:942][  0]SourceControl: Source control is disabled
[2020.10.11-15.58.52:311][  0]LogAndroidPermission: UAndroidPermissionCallbackProxy::GetInstance
[2020.10.11-15.58.52:343][  0]LogAudioCaptureCore: Display: No Audio Capture implementations found. Audio input will be silent.
[2020.10.11-15.58.52:343][  0]LogAudioCaptureCore: Display: No Audio Capture implementations found. Audio input will be silent.
[2020.10.11-15.58.52:464][  0]LogEngine: Initializing Engine...
[2020.10.11-15.58.52:465][  0]LogMagicLeap: Warning: VR disabled because ZI is not enabled.  To enable, in the editor, Edit -> Project Settings -> Plugins -> Magic Leap Plugin -> Enable Zero Iteration
[2020.10.11-15.58.52:466][  0]LogStats: UGameplayTagsManager::InitializeManager -  0.000 s
[2020.10.11-15.58.52:580][  0]LogInit: Initializing FReadOnlyCVARCache
[2020.10.11-15.58.52:590][  0]LogAIModule: Creating AISystem for world Untitled
[2020.10.11-15.58.52:590][  0]LogAISub: UAISubsystem::UAISubsystem EnvQueryManager (000001B617C80A00), frame # 0
[2020.10.11-15.58.52:590][  0]LogAISub: UAISubsystem::UAISubsystem AIPerceptionSystem (000001B617C66E80), frame # 0
[2020.10.11-15.58.52:610][  0]LogAudioMixer: Display: Audio Mixer Platform Settings:
[2020.10.11-15.58.52:610][  0]LogAudioMixer: Display: 	Sample Rate:						  48000
[2020.10.11-15.58.52:610][  0]LogAudioMixer: Display: 	Callback Buffer Frame Size Requested: 1024
[2020.10.11-15.58.52:610][  0]LogAudioMixer: Display: 	Callback Buffer Frame Size To Use:	  1024
[2020.10.11-15.58.52:610][  0]LogAudioMixer: Display: 	Number of buffers to queue:			  2
[2020.10.11-15.58.52:610][  0]LogAudioMixer: Display: 	Max Channels (voices):				  32
[2020.10.11-15.58.52:610][  0]LogAudioMixer: Display: 	Number of Async Source Workers:		  0
[2020.10.11-15.58.52:610][  0]LogAudio: Display: AudioDevice MaxSources: 32
[2020.10.11-15.58.52:611][  0]LogAudio: Display: Using built-in audio occlusion.
[2020.10.11-15.58.52:611][  0]LogAudioMixer: Display: Initializing audio mixer.
[2020.10.11-15.58.52:636][  0]LogAudioMixer: Display: 0: FrontLeft
[2020.10.11-15.58.52:636][  0]LogAudioMixer: Display: 1: FrontRight
[2020.10.11-15.58.52:697][  0]LogAudioMixer: Display: Using Audio Device Högtalare (Yeti Stereo Microphone)
[2020.10.11-15.58.52:700][  0]LogAudioMixer: Display: Initializing Sound Submixes...
[2020.10.11-15.58.52:703][  0]LogAudioMixer: Display: Creating Master Submix 'MasterSubmixDefault'
[2020.10.11-15.58.52:703][  0]LogAudioMixer: Display: Creating Master Submix 'MasterReverbSubmixDefault'
[2020.10.11-15.58.52:704][  0]LogAudioMixer: Display: Creating Master Submix 'MasterEQSubmixDefault'
[2020.10.11-15.58.52:706][  0]LogInit: FAudioDevice initialized.
[2020.10.11-15.58.52:706][  0]LogNetVersion: Set ProjectVersion to 1.0.0.0. Version Checksum will be recalculated on next use.
[2020.10.11-15.58.52:774][  0]LogDerivedDataCache: Saved boot cache 0.07s 78MB C:/Users/Victo/AppData/Local/UnrealEngine/4.25/DerivedDataCache/Boot.ddc.
[2020.10.11-15.58.52:774][  0]LogInit: Texture streaming: Enabled
[2020.10.11-15.58.52:804][  0]LogEngineSessionManager: EngineSessionManager initialized
[2020.10.11-15.58.52:805][  0]LogEngineSessionManager: EngineSessionManager sent abnormal shutdown report. Type=Debugger, SessionId={8E9C4282-4489-D3C4-D421-169AC8986D8A}
[2020.10.11-15.58.52:805][  0]LogEngineSessionManager: EngineSessionManager sent abnormal shutdown report. Type=Debugger, SessionId={13D0D11D-4C72-D25A-5C42-2D945BC19275}
[2020.10.11-15.58.52:805][  0]LogEditorSessionSummary: Verbose: Initializing EditorSessionSummaryWriter for editor session tracking
[2020.10.11-15.58.52:815][  0]LogEditorSessionSummary: EditorSessionSummaryWriter initialized
[2020.10.11-15.58.52:850][  0]LogInit: Transaction tracking system initialized
[2020.10.11-15.58.52:884][  0]BlueprintLog: New page: Editor Load
[2020.10.11-15.58.52:998][  0]LocalizationService: Localization service is disabled
[2020.10.11-15.58.53:192][  0]LogCook: Display: Max memory allowance for cook 16384mb min free memory 0mb
[2020.10.11-15.58.53:192][  0]LogCook: Display: Mobile HDR setting 1
[2020.10.11-15.58.53:418][  0]LogFileCache: Scanning file cache for directory 'C:/Users/Victo/Documents/Unreal Projects/Team6ProgAssignment/Content/' took 0.01s
[2020.10.11-15.58.53:418][  0]SourceControl: Source control is disabled
[2020.10.11-15.58.53:418][  0]LogUnrealEdMisc: Loading editor; pre map load, took 9.714
[2020.10.11-15.58.53:418][  0]Cmd: MAP LOAD FILE="C:/Users/Victo/Documents/Unreal Projects/Team6ProgAssignment/Content/FirstPersonCPP/Maps/FirstPersonExampleMap.umap" TEMPLATE=0 SHOWPROGRESS=1 FEATURELEVEL=3
[2020.10.11-15.58.53:419][  0]LightingResults: New page: Lighting Build
[2020.10.11-15.58.53:419][  0]LogWorld: UWorld::CleanupWorld for Untitled, bSessionEnded=true, bCleanupResources=true
[2020.10.11-15.58.53:420][  0]LogSlate: InvalidateAllWidgets triggered.  All widgets were invalidated
[2020.10.11-15.58.53:420][  0]MapCheck: New page: Map Check
[2020.10.11-15.58.53:420][  0]LightingResults: New page: Lighting Build
[2020.10.11-15.58.53:428][  0]LogAISub: UAISubsystem::~UAISubsystem EnvQueryManager (000001B617C80A00), frame # 0
[2020.10.11-15.58.53:428][  0]LogAISub: UAISubsystem::~UAISubsystem AIPerceptionSystem (000001B617C66E80), frame # 0
[2020.10.11-15.58.53:429][  0]LogUObjectHash: Compacting FUObjectHashTables data took   0.67ms
[2020.10.11-15.58.53:545][  0]LogAIModule: Creating AISystem for world FirstPersonExampleMap
[2020.10.11-15.58.53:546][  0]LogAISub: UAISubsystem::UAISubsystem EnvQueryManager (000001B606F73E00), frame # 0
[2020.10.11-15.58.53:546][  0]LogAISub: UAISubsystem::UAISubsystem AIPerceptionSystem (000001B61747F4C0), frame # 0
[2020.10.11-15.58.53:551][  0]LogEditorServer: Finished looking for orphan Actors (0.000 secs)
[2020.10.11-15.58.53:564][  0]LogUObjectHash: Compacting FUObjectHashTables data took   0.68ms
[2020.10.11-15.58.53:565][  0]Cmd: MAP CHECKDEP NOCLEARLOG
[2020.10.11-15.58.53:565][  0]MapCheck: Map check complete: 0 Error(s), 0 Warning(s), took 0,167ms to complete.
[2020.10.11-15.58.53:565][  0]LogFileHelpers: Loading map 'FirstPersonExampleMap' took 0.146
[2020.10.11-15.58.53:568][  0]LogUnrealEdMisc: Total Editor Startup Time, took 9.864
[2020.10.11-15.58.53:699][  0]LogSlate: Updating window title bar state: overlay mode, drag disabled, window buttons hidden, title bar hidden
[2020.10.11-15.58.53:707][  0]LogSlate: Updating window title bar state: overlay mode, drag disabled, window buttons hidden, title bar hidden
[2020.10.11-15.58.53:714][  0]LogSlate: Updating window title bar state: overlay mode, drag disabled, window buttons hidden, title bar hidden
[2020.10.11-15.58.53:721][  0]LogSlate: Updating window title bar state: overlay mode, drag disabled, window buttons hidden, title bar hidden
[2020.10.11-15.58.53:733][  0]LogCollectionManager: Loaded 0 collections in 0.001596 seconds
[2020.10.11-15.58.53:747][  0]LogFileCache: Scanning file cache for directory 'C:/Users/Victo/Documents/Unreal Projects/Team6ProgAssignment/Saved/Collections/' took 0.00s
[2020.10.11-15.58.53:747][  0]LogFileCache: Scanning file cache for directory 'C:/Users/Victo/Documents/Unreal Projects/Team6ProgAssignment/Content/Developers/VictoR/Collections/' took 0.00s
[2020.10.11-15.58.53:747][  0]LogFileCache: Scanning file cache for directory 'C:/Users/Victo/Documents/Unreal Projects/Team6ProgAssignment/Content/Collections/' took 0.00s
[2020.10.11-15.58.53:747][  0]LogContentBrowser: Native class hierarchy populated in 0.0085 seconds. Added 3421 classes and 807 folders.
[2020.10.11-15.58.53:750][  0]LogContentBrowser: Native class hierarchy updated for 'WidgetCarousel' in 0.0005 seconds. Added 0 classes and 0 folders.
[2020.10.11-15.58.53:867][  0]LogContentBrowser: Native class hierarchy updated for 'AddContentDialog' in 0.0005 seconds. Added 0 classes and 0 folders.
[2020.10.11-15.58.53:871][  0]LogContentBrowser: Native class hierarchy updated for 'SceneOutliner' in 0.0005 seconds. Added 2 classes and 0 folders.
[2020.10.11-15.58.53:988][  0]LogSlate: Took 0.000244 seconds to synchronously load lazily loaded font '../../../Engine/Content/Slate/Fonts/Roboto-Regular.ttf' (155K)
[2020.10.11-15.58.53:990][  0]LogSlate: Took 0.000229 seconds to synchronously load lazily loaded font '../../../Engine/Content/Slate/Fonts/Roboto-Bold.ttf' (160K)
[2020.10.11-15.58.53:994][  0]LogSlate: Took 0.000239 seconds to synchronously load lazily loaded font '../../../Engine/Content/Editor/Slate/Fonts/FontAwesome.ttf' (139K)
[2020.10.11-15.58.53:995][  0]LogSlate: Took 0.000204 seconds to synchronously load lazily loaded font '../../../Engine/Content/Slate/Fonts/DroidSansMono.ttf' (77K)
[2020.10.11-15.58.54:099][  0]LogRenderer: Reallocating scene render targets to support 1208x680 Format 10 NumSamples 1 (Frame:1).
[2020.10.11-15.58.54:196][  0]LogContentBrowser: Native class hierarchy updated for 'HierarchicalLODOutliner' in 0.0005 seconds. Added 0 classes and 0 folders.
[2020.10.11-15.58.54:196][  0]LogLoad: (Engine Initialization) Total time: 10.49 seconds
[2020.10.11-15.58.54:196][  0]LogLoad: (Engine Initialization) Total Blueprint compile time: 0.00 seconds
[2020.10.11-15.58.54:230][  0]LogAssetRegistry: Asset discovery search completed in 3.9773 seconds
[2020.10.11-15.58.54:234][  0]LogCollectionManager: Fixed up redirectors for 0 collections in 0.000002 seconds (updated 0 objects)
[2020.10.11-15.58.54:235][  0]LogContentStreaming: Texture pool size now 1000 MB
[2020.10.11-15.58.56:263][228]LogSlate: Took 0.000238 seconds to synchronously load lazily loaded font '../../../Engine/Content/Slate/Fonts/Roboto-Light.ttf' (167K)
[2020.10.11-15.58.56:340][237]LogActor: Warning: BP_Pistol_C /Engine/Transient.World_0:PersistentLevel.BP_Pistol_C_0 has natively added scene component(s), but none of them were set as the actor's RootComponent - picking one arbitrarily
[2020.10.11-15.58.58:046][436]LogSlate: Took 0.000269 seconds to synchronously load lazily loaded font '../../../Engine/Content/Slate/Fonts/Roboto-Light.ttf' (167K)
[2020.10.11-15.58.58:057][436]LogAssetEditorSubsystem: Opening Asset editor for Blueprint /Game/BluePrints/Actors/BP_AssultRifle.BP_AssultRifle
[2020.10.11-15.58.58:189][436]LogContentBrowser: Native class hierarchy updated for 'BlueprintGraph' in 0.0008 seconds. Added 125 classes and 0 folders.
[2020.10.11-15.58.58:947][436]LogActor: Warning: BP_AssultRifle_C /Engine/Transient.World_2:PersistentLevel.BP_AssultRifle_C_0 has natively added scene component(s), but none of them were set as the actor's RootComponent - picking one arbitrarily
[2020.10.11-15.58.58:948][436]LogActor: Warning: BP_AssultRifle_C /Engine/Transient.World_1:PersistentLevel.BP_AssultRifle_C_0 has natively added scene component(s), but none of them were set as the actor's RootComponent - picking one arbitrarily
[2020.10.11-15.59.00:539][619]LogWorld: UWorld::CleanupWorld for World_1, bSessionEnded=true, bCleanupResources=true
[2020.10.11-15.59.00:539][619]LogSlate: InvalidateAllWidgets triggered.  All widgets were invalidated
[2020.10.11-15.59.00:582][619]LogAssetEditorSubsystem: Opening Asset editor for Blueprint /Game/BluePrints/Actors/BP_AssultRifle.BP_AssultRifle
[2020.10.11-15.59.00:888][619]LogActor: Warning: BP_AssultRifle_C /Engine/Transient.World_5:PersistentLevel.BP_AssultRifle_C_0 has natively added scene component(s), but none of them were set as the actor's RootComponent - picking one arbitrarily
[2020.10.11-15.59.00:890][619]LogSlate: Took 0.000289 seconds to synchronously load lazily loaded font '../../../Engine/Content/Slate/Fonts/Roboto-BoldCondensed.ttf' (158K)
[2020.10.11-15.59.06:553][261]LogAssetEditorSubsystem: Opening Asset editor for Blueprint /Game/BluePrints/Pawns/BP_AssultRifleTurret.BP_AssultRifleTurret
[2020.10.11-15.59.06:944][262]LogSlate: Took 0.000333 seconds to synchronously load lazily loaded font '../../../Engine/Content/Slate/Fonts/Roboto-Italic.ttf' (157K)
[2020.10.11-15.59.07:909][344]LogSlate: Window 'BP_AssultRifleTurret' being destroyed
[2020.10.11-15.59.36:702][968]LogTemp: Repeating last play command: Selected Viewport
[2020.10.11-15.59.36:715][968]LogPlayLevel: PlayLevel: No blueprints needed recompiling
[2020.10.11-15.59.36:716][968]PIE: New page: PIE session: FirstPersonExampleMap (11 okt. 2020 19:59:36)
[2020.10.11-15.59.36:718][968]LogOnline: OSS: Creating online subsystem instance for: NULL
[2020.10.11-15.59.36:719][968]LogOnline: OSS: TryLoadSubsystemAndSetDefault: Loaded subsystem for module [NULL]
[2020.10.11-15.59.36:720][968]LogPlayLevel: Creating play world package: /Game/FirstPersonCPP/Maps/UEDPIE_0_FirstPersonExampleMap
[2020.10.11-15.59.36:734][968]LogPlayLevel: PIE: StaticDuplicateObject took: (0.013979s)
[2020.10.11-15.59.36:735][968]LogAIModule: Creating AISystem for world FirstPersonExampleMap
[2020.10.11-15.59.36:735][968]LogAISub: UAISubsystem::UAISubsystem EnvQueryManager (000001B6ADDA9E00), frame # 3968
[2020.10.11-15.59.36:735][968]LogAISub: UAISubsystem::UAISubsystem AIPerceptionSystem (000001B6ADD8FD80), frame # 3968
[2020.10.11-15.59.36:735][968]LogPlayLevel: PIE: World Init took: (0.001540s)
[2020.10.11-15.59.36:736][968]LogPlayLevel: PIE: Created PIE world by copying editor world from /Game/FirstPersonCPP/Maps/FirstPersonExampleMap.FirstPersonExampleMap to /Game/FirstPersonCPP/Maps/UEDPIE_0_FirstPersonExampleMap.FirstPersonExampleMap (0.015967s)
[2020.10.11-15.59.36:760][968]LogUObjectHash: Compacting FUObjectHashTables data took   1.51ms
[2020.10.11-15.59.36:761][968]LogAudioMixer: Display: Audio Mixer Platform Settings:
[2020.10.11-15.59.36:761][968]LogAudioMixer: Display: 	Sample Rate:						  48000
[2020.10.11-15.59.36:761][968]LogAudioMixer: Display: 	Callback Buffer Frame Size Requested: 1024
[2020.10.11-15.59.36:761][968]LogAudioMixer: Display: 	Callback Buffer Frame Size To Use:	  1024
[2020.10.11-15.59.36:762][968]LogAudioMixer: Display: 	Number of buffers to queue:			  2
[2020.10.11-15.59.36:762][968]LogAudioMixer: Display: 	Max Channels (voices):				  32
[2020.10.11-15.59.36:762][968]LogAudioMixer: Display: 	Number of Async Source Workers:		  0
[2020.10.11-15.59.36:762][968]LogAudio: Display: AudioDevice MaxSources: 32
[2020.10.11-15.59.36:763][968]LogAudio: Display: Using built-in audio occlusion.
[2020.10.11-15.59.36:763][968]LogAudioMixer: Display: Initializing audio mixer.
[2020.10.11-15.59.36:770][968]LogAudioMixer: Display: 0: FrontLeft
[2020.10.11-15.59.36:770][968]LogAudioMixer: Display: 1: FrontRight
[2020.10.11-15.59.36:810][968]LogAudioMixer: Display: Using Audio Device Högtalare (Yeti Stereo Microphone)
[2020.10.11-15.59.36:810][968]LogAudioMixer: Display: Initializing Sound Submixes...
[2020.10.11-15.59.36:810][968]LogAudioMixer: Display: Creating Master Submix 'MasterSubmixDefault'
[2020.10.11-15.59.36:810][968]LogAudioMixer: Display: Creating Master Submix 'MasterReverbSubmixDefault'
[2020.10.11-15.59.36:810][968]LogAudioMixer: Display: Creating Master Submix 'MasterEQSubmixDefault'
[2020.10.11-15.59.36:822][968]LogInit: FAudioDevice initialized.
[2020.10.11-15.59.36:858][968]LogLoad: Game class is 'BP_GameMode_C'
[2020.10.11-15.59.36:860][968]LogWorld: Bringing World /Game/FirstPersonCPP/Maps/UEDPIE_0_FirstPersonExampleMap.FirstPersonExampleMap up for play (max tick rate 0) at 2020.10.11-17.59.36
[2020.10.11-15.59.36:861][968]LogWorld: Bringing up level for play took: 0.001749
[2020.10.11-15.59.36:861][968]LogOnline: OSS: Creating online subsystem instance for: :Context_11
[2020.10.11-15.59.36:865][968]LogContentBrowser: Native class hierarchy updated for 'MovieSceneCapture' in 0.0005 seconds. Added 20 classes and 0 folders.
[2020.10.11-15.59.36:868][968]LogActor: Warning: BP_AssultRifle_C /Game/FirstPersonCPP/Maps/UEDPIE_0_FirstPersonExampleMap.FirstPersonExampleMap:PersistentLevel.BP_AssultRifle_C_0 has natively added scene component(s), but none of them were set as the actor's RootComponent - picking one arbitrarily
[2020.10.11-15.59.36:869][968]PIE: Server logged in
[2020.10.11-15.59.36:871][968]PIE: Play in editor total start time 0,16 seconds.
