Log file open, 10/11/20 18:37:09
LogInit: Display: Running engine for game: Team6ProgAssignment
LogPlatformFile: Not using cached read wrapper
LogTaskGraph: Started task graph with 5 named threads and 20 total threads with 3 sets of task threads.
LogStats: Stats thread started at 1.374280
LogD3D11RHI: Loaded GFSDK_Aftermath_Lib.x64.dll
LogICUInternationalization: ICU TimeZone Detection - Raw Offset: +1:00, Platform Override: ''
LogPluginManager: Mounting plugin Paper2D
LogPluginManager: Mounting plugin AISupport
LogPluginManager: Mounting plugin LightPropagationVolume
LogPluginManager: Mounting plugin CameraShakePreviewer
LogPluginManager: Mounting plugin ActorLayerUtilities
LogPluginManager: Mounting plugin AnimationSharing
LogPluginManager: Mounting plugin CLionSourceCodeAccess
LogPluginManager: Mounting plugin CodeLiteSourceCodeAccess
LogPluginManager: Mounting plugin GitSourceControl
LogPluginManager: Mounting plugin KDevelopSourceCodeAccess
LogPluginManager: Mounting plugin NullSourceCodeAccess
LogPluginManager: Mounting plugin PerforceSourceControl
LogPluginManager: Mounting plugin PlasticSourceControl
LogPluginManager: Mounting plugin RiderSourceCodeAccess
LogPluginManager: Mounting plugin SubversionSourceControl
LogPluginManager: Mounting plugin UObjectPlugin
LogPluginManager: Mounting plugin VisualStudioCodeSourceCodeAccess
LogPluginManager: Mounting plugin VisualStudioSourceCodeAccess
LogPluginManager: Mounting plugin XCodeSourceCodeAccess
LogPluginManager: Mounting plugin AssetManagerEditor
LogPluginManager: Mounting plugin CryptoKeys
LogPluginManager: Mounting plugin CurveEditorTools
LogPluginManager: Mounting plugin DataValidation
LogPluginManager: Mounting plugin EditorScriptingUtilities
LogPluginManager: Mounting plugin FacialAnimation
LogPluginManager: Mounting plugin GameplayTagsEditor
LogPluginManager: Mounting plugin GeometryMode
LogPluginManager: Mounting plugin MacGraphicsSwitching
LogPluginManager: Mounting plugin MaterialAnalyzer
LogPluginManager: Mounting plugin MobileLauncherProfileWizard
LogPluginManager: Mounting plugin PluginBrowser
LogPluginManager: Mounting plugin SpeedTreeImporter
LogPluginManager: Mounting plugin DatasmithContent
LogPluginManager: Mounting plugin VariantManagerContent
LogPluginManager: Mounting plugin AlembicImporter
LogPluginManager: Mounting plugin AutomationUtils
LogPluginManager: Mounting plugin BackChannel
LogPluginManager: Mounting plugin ChaosCloth
LogPluginManager: Mounting plugin ChaosClothEditor
LogPluginManager: Mounting plugin ChaosEditor
LogPluginManager: Mounting plugin ChaosNiagara
LogPluginManager: Mounting plugin ChaosSolverPlugin
LogPluginManager: Mounting plugin CharacterAI
LogPluginManager: Mounting plugin GeometryCache
LogPluginManager: Mounting plugin GeometryCollectionPlugin
LogPluginManager: Mounting plugin GeometryProcessing
LogPluginManager: Mounting plugin PlanarCut
LogPluginManager: Mounting plugin PlatformCrypto
LogPluginManager: Mounting plugin ProxyLODPlugin
LogPluginManager: Mounting plugin SkeletalReduction
LogPluginManager: Mounting plugin Niagara
LogPluginManager: Mounting plugin MagicLeap
LogPluginManager: Mounting plugin MagicLeapLightEstimation
LogPluginManager: Mounting plugin MagicLeapMedia
LogPluginManager: Mounting plugin MagicLeapPassableWorld
LogPluginManager: Mounting plugin MLSDK
LogPluginManager: Mounting plugin AndroidMedia
LogPluginManager: Mounting plugin AvfMedia
LogPluginManager: Mounting plugin ImgMedia
LogPluginManager: Mounting plugin MediaCompositing
LogPluginManager: Mounting plugin MediaPlayerEditor
LogPluginManager: Mounting plugin WebMMedia
LogPluginManager: Mounting plugin WmfMedia
LogPluginManager: Mounting plugin MeshPainting
LogPluginManager: Mounting plugin TcpMessaging
LogPluginManager: Mounting plugin UdpMessaging
LogPluginManager: Mounting plugin ActorSequence
LogPluginManager: Mounting plugin LevelSequenceEditor
LogPluginManager: Mounting plugin MatineeToLevelSequence
LogPluginManager: Mounting plugin MovieRenderPipeline
LogPluginManager: Mounting plugin TemplateSequence
LogPluginManager: Mounting plugin NetcodeUnitTest
LogPluginManager: Mounting plugin NUTUnrealEngine4
LogPluginManager: Mounting plugin OnlineSubsystemGooglePlay
LogPluginManager: Mounting plugin OnlineSubsystemIOS
LogPluginManager: Mounting plugin OnlineSubsystem
LogPluginManager: Mounting plugin OnlineSubsystemNull
LogPluginManager: Mounting plugin OnlineSubsystemUtils
LogPluginManager: Mounting plugin LauncherChunkInstaller
LogPluginManager: Mounting plugin AndroidDeviceProfileSelector
LogPluginManager: Mounting plugin AndroidMoviePlayer
LogPluginManager: Mounting plugin AndroidPermission
LogPluginManager: Mounting plugin AppleImageUtils
LogPluginManager: Mounting plugin AppleMoviePlayer
LogPluginManager: Mounting plugin ArchVisCharacter
LogPluginManager: Mounting plugin AssetTags
LogPluginManager: Mounting plugin AudioCapture
LogPluginManager: Mounting plugin CableComponent
LogPluginManager: Mounting plugin CustomMeshComponent
LogPluginManager: Mounting plugin EditableMesh
LogPluginManager: Mounting plugin ExampleDeviceProfileSelector
LogPluginManager: Mounting plugin GoogleCloudMessaging
LogPluginManager: Mounting plugin GooglePAD
LogPluginManager: Mounting plugin IOSDeviceProfileSelector
LogPluginManager: Mounting plugin LinuxDeviceProfileSelector
LogPluginManager: Mounting plugin LocationServicesBPLibrary
LogPluginManager: Mounting plugin MobilePatchingUtils
LogPluginManager: Mounting plugin PhysXVehicles
LogPluginManager: Mounting plugin PostSplashScreen
LogPluginManager: Mounting plugin ProceduralMeshComponent
LogPluginManager: Mounting plugin RuntimePhysXCooking
LogPluginManager: Mounting plugin SignificanceManager
LogPluginManager: Mounting plugin SoundFields
LogPluginManager: Mounting plugin Synthesis
LogPluginManager: Mounting plugin WebMMoviePlayer
LogPluginManager: Mounting plugin WindowsMoviePlayer
LogPluginManager: Mounting plugin ScreenshotTools
LogInit: Using libcurl 7.55.1-DEV
LogInit:  - built for x86_64-pc-win32
LogInit:  - supports SSL with OpenSSL/1.1.1
LogInit:  - supports HTTP deflate (compression) using libz 1.2.8
LogInit:  - other features:
LogInit:      CURL_VERSION_SSL
LogInit:      CURL_VERSION_LIBZ
LogInit:      CURL_VERSION_IPV6
LogInit:      CURL_VERSION_ASYNCHDNS
LogInit:      CURL_VERSION_LARGEFILE
LogInit:      CURL_VERSION_IDN
LogInit:  CurlRequestOptions (configurable via config and command line):
LogInit:  - bVerifyPeer = true  - Libcurl will verify peer certificate
LogInit:  - bUseHttpProxy = false  - Libcurl will NOT use HTTP proxy
LogInit:  - bDontReuseConnections = false  - Libcurl will reuse connections
LogInit:  - MaxHostConnections = 16  - Libcurl will limit the number of connections to a host
LogInit:  - LocalHostAddr = Default
LogInit:  - BufferSize = 65536
LogOnline: OSS: Creating online subsystem instance for: NULL
LogInit: WinSock: version 1.1 (2.2), MaxSocks=32767, MaxUdp=65467
LogOnline: OSS: TryLoadSubsystemAndSetDefault: Loaded subsystem for module [NULL]
LogInit: Build: ++UE4+Release-4.25-CL-13942748
LogInit: Engine Version: 4.25.3-13942748+++UE4+Release-4.25
LogInit: Compatible Engine Version: 4.25.0-13144385+++UE4+Release-4.25
LogInit: Net CL: 13144385
LogInit: OS: Windows 10 (Release 2004) (), CPU: Intel(R) Core(TM) i5-8600K CPU @ 3.60GHz, GPU: NVIDIA GeForce GTX 1070
LogInit: Compiled (64-bit): Jul 25 2020 02:07:48
LogInit: Compiled with Visual C++: 19.24.28315.00
LogInit: Build Configuration: Development
LogInit: Branch Name: ++UE4+Release-4.25
LogInit: Command Line:  -skipcompile
LogInit: Base Directory: E:/EpicGames/UE_4.25/Engine/Binaries/Win64/
LogInit: Allocator: TBB
LogInit: Installed Engine Build: 1
LogDevObjectVersion: Number of dev versions registered: 26
LogDevObjectVersion:   Dev-Blueprints (B0D832E4-1F89-4F0D-ACCF-7EB736FD4AA2): 10
LogDevObjectVersion:   Dev-Build (E1C64328-A22C-4D53-A36C-8E866417BD8C): 0
LogDevObjectVersion:   Dev-Core (375EC13C-06E4-48FB-B500-84F0262A717E): 4
LogDevObjectVersion:   Dev-Editor (E4B068ED-F494-42E9-A231-DA0B2E46BB41): 38
LogDevObjectVersion:   Dev-Framework (CFFC743F-43B0-4480-9391-14DF171D2073): 37
LogDevObjectVersion:   Dev-Mobile (B02B49B5-BB20-44E9-A304-32B752E40360): 2
LogDevObjectVersion:   Dev-Networking (A4E4105C-59A1-49B5-A7C5-40C4547EDFEE): 0
LogDevObjectVersion:   Dev-Online (39C831C9-5AE6-47DC-9A44-9C173E1C8E7C): 0
LogDevObjectVersion:   Dev-Physics (78F01B33-EBEA-4F98-B9B4-84EACCB95AA2): 4
LogDevObjectVersion:   Dev-Platform (6631380F-2D4D-43E0-8009-CF276956A95A): 0
LogDevObjectVersion:   Dev-Rendering (12F88B9F-8875-4AFC-A67C-D90C383ABD29): 43
LogDevObjectVersion:   Dev-Sequencer (7B5AE74C-D270-4C10-A958-57980B212A5A): 12
LogDevObjectVersion:   Dev-VR (D7296918-1DD6-4BDD-9DE2-64A83CC13884): 3
LogDevObjectVersion:   Dev-LoadTimes (C2A15278-BFE7-4AFE-6C17-90FF531DF755): 1
LogDevObjectVersion:   Private-Geometry (6EACA3D4-40EC-4CC1-B786-8BED09428FC5): 3
LogDevObjectVersion:   Dev-AnimPhys (29E575DD-E0A3-4627-9D10-D276232CDCEA): 17
LogDevObjectVersion:   Dev-Anim (AF43A65D-7FD3-4947-9873-3E8ED9C1BB05): 7
LogDevObjectVersion:   Dev-ReflectionCapture (6B266CEC-1EC7-4B8F-A30B-E4D90942FC07): 1
LogDevObjectVersion:   Dev-Automation (0DF73D61-A23F-47EA-B727-89E90C41499A): 1
LogDevObjectVersion:   FortniteMain (601D1886-AC64-4F84-AA16-D3DE0DEAC7D6): 31
LogDevObjectVersion:   Dev-Enterprise (9DFFBCD6-494F-0158-E221-12823C92A888): 10
LogDevObjectVersion:   Dev-Niagara (F2AED0AC-9AFE-416F-8664-AA7FFA26D6FC): 1
LogDevObjectVersion:   Dev-Destruction (174F1F0B-B4C6-45A5-B13F-2EE8D0FB917D): 10
LogDevObjectVersion:   Dev-Physics-Ext (35F94A83-E258-406C-A318-09F59610247C): 37
LogDevObjectVersion:   Dev-PhysicsMaterial-Chaos (B68FC16E-8B1B-42E2-B453-215C058844FE): 1
LogDevObjectVersion:   Dev-CineCamera (B2E18506-4273-CFC2-A54E-F4BB758BBA07): 1
LogInit: Presizing for max 25165824 objects, including 0 objects not considered by GC, pre-allocating 0 bytes for permanent pool.
LogConfig: Applying CVar settings from Section [/Script/Engine.StreamingSettings] File [C:/Users/Victo/Documents/Unreal Projects/Team6ProgAssignment/Saved/Config/Windows/Engine.ini]
LogConfig: Setting CVar [[s.MinBulkDataSizeForAsyncLoading:131072]]
LogConfig: Setting CVar [[s.AsyncLoadingThreadEnabled:0]]
LogConfig: Setting CVar [[s.EventDrivenLoaderEnabled:1]]
LogConfig: Setting CVar [[s.WarnIfTimeLimitExceeded:0]]
LogConfig: Setting CVar [[s.TimeLimitExceededMultiplier:1.5]]
LogConfig: Setting CVar [[s.TimeLimitExceededMinTime:0.005]]
LogConfig: Setting CVar [[s.UseBackgroundLevelStreaming:1]]
LogConfig: Setting CVar [[s.PriorityAsyncLoadingExtraTime:15.0]]
LogConfig: Setting CVar [[s.LevelStreamingActorsUpdateTimeLimit:5.0]]
LogConfig: Setting CVar [[s.PriorityLevelStreamingActorsUpdateExtraTime:5.0]]
LogConfig: Setting CVar [[s.LevelStreamingComponentsRegistrationGranularity:10]]
LogConfig: Setting CVar [[s.UnregisterComponentsTimeLimit:1.0]]
LogConfig: Setting CVar [[s.LevelStreamingComponentsUnregistrationGranularity:5]]
LogConfig: Setting CVar [[s.FlushStreamingOnExit:1]]
LogInit: Object subsystem initialized
LogConfig: Setting CVar [[con.DebugEarlyDefault:1]]
LogConfig: Setting CVar [[r.setres:1280x720]]
[2020.10.11-16.37.12:639][  0]LogConfig: Setting CVar [[r.VSync:0]]
[2020.10.11-16.37.12:639][  0]LogConfig: Setting CVar [[r.RHICmdBypass:0]]
[2020.10.11-16.37.12:639][  0]LogConfig: Applying CVar settings from Section [/Script/Engine.RendererSettings] File [C:/Users/Victo/Documents/Unreal Projects/Team6ProgAssignment/Saved/Config/Windows/Engine.ini]
[2020.10.11-16.37.12:640][  0]LogConfig: Setting CVar [[r.GPUCrashDebugging:0]]
[2020.10.11-16.37.12:640][  0]LogConfig: Applying CVar settings from Section [/Script/Engine.RendererOverrideSettings] File [C:/Users/Victo/Documents/Unreal Projects/Team6ProgAssignment/Saved/Config/Windows/Engine.ini]
[2020.10.11-16.37.12:640][  0]LogConfig: Applying CVar settings from Section [/Script/Engine.StreamingSettings] File [C:/Users/Victo/Documents/Unreal Projects/Team6ProgAssignment/Saved/Config/Windows/Engine.ini]
[2020.10.11-16.37.12:640][  0]LogConfig: Setting CVar [[s.MinBulkDataSizeForAsyncLoading:131072]]
[2020.10.11-16.37.12:640][  0]LogConfig: Setting CVar [[s.AsyncLoadingThreadEnabled:0]]
[2020.10.11-16.37.12:640][  0]LogConfig: Setting CVar [[s.EventDrivenLoaderEnabled:1]]
[2020.10.11-16.37.12:640][  0]LogConfig: Setting CVar [[s.WarnIfTimeLimitExceeded:0]]
[2020.10.11-16.37.12:640][  0]LogConfig: Setting CVar [[s.TimeLimitExceededMultiplier:1.5]]
[2020.10.11-16.37.12:640][  0]LogConfig: Setting CVar [[s.TimeLimitExceededMinTime:0.005]]
[2020.10.11-16.37.12:640][  0]LogConfig: Setting CVar [[s.UseBackgroundLevelStreaming:1]]
[2020.10.11-16.37.12:640][  0]LogConfig: Setting CVar [[s.PriorityAsyncLoadingExtraTime:15.0]]
[2020.10.11-16.37.12:640][  0]LogConfig: Setting CVar [[s.LevelStreamingActorsUpdateTimeLimit:5.0]]
[2020.10.11-16.37.12:640][  0]LogConfig: Setting CVar [[s.PriorityLevelStreamingActorsUpdateExtraTime:5.0]]
[2020.10.11-16.37.12:641][  0]LogConfig: Setting CVar [[s.LevelStreamingComponentsRegistrationGranularity:10]]
[2020.10.11-16.37.12:641][  0]LogConfig: Setting CVar [[s.UnregisterComponentsTimeLimit:1.0]]
[2020.10.11-16.37.12:641][  0]LogConfig: Setting CVar [[s.LevelStreamingComponentsUnregistrationGranularity:5]]
[2020.10.11-16.37.12:641][  0]LogConfig: Setting CVar [[s.FlushStreamingOnExit:1]]
[2020.10.11-16.37.12:641][  0]LogConfig: Applying CVar settings from Section [/Script/Engine.GarbageCollectionSettings] File [C:/Users/Victo/Documents/Unreal Projects/Team6ProgAssignment/Saved/Config/Windows/Engine.ini]
[2020.10.11-16.37.12:641][  0]LogConfig: Setting CVar [[gc.MaxObjectsNotConsideredByGC:1]]
[2020.10.11-16.37.12:641][  0]LogConfig: Setting CVar [[gc.SizeOfPermanentObjectPool:0]]
[2020.10.11-16.37.12:641][  0]LogConfig: Setting CVar [[gc.FlushStreamingOnGC:0]]
[2020.10.11-16.37.12:641][  0]LogConfig: Setting CVar [[gc.NumRetriesBeforeForcingGC:10]]
[2020.10.11-16.37.12:641][  0]LogConfig: Setting CVar [[gc.AllowParallelGC:1]]
[2020.10.11-16.37.12:641][  0]LogConfig: Setting CVar [[gc.TimeBetweenPurgingPendingKillObjects:61.1]]
[2020.10.11-16.37.12:641][  0]LogConfig: Setting CVar [[gc.MaxObjectsInEditor:25165824]]
[2020.10.11-16.37.12:641][  0]LogConfig: Setting CVar [[gc.IncrementalBeginDestroyEnabled:1]]
[2020.10.11-16.37.12:642][  0]LogConfig: Setting CVar [[gc.CreateGCClusters:1]]
[2020.10.11-16.37.12:642][  0]LogConfig: Setting CVar [[gc.MinGCClusterSize:5]]
[2020.10.11-16.37.12:642][  0]LogConfig: Setting CVar [[gc.ActorClusteringEnabled:0]]
[2020.10.11-16.37.12:642][  0]LogConfig: Setting CVar [[gc.BlueprintClusteringEnabled:0]]
[2020.10.11-16.37.12:642][  0]LogConfig: Setting CVar [[gc.UseDisregardForGCOnDedicatedServers:0]]
[2020.10.11-16.37.12:642][  0]LogConfig: Applying CVar settings from Section [/Script/Engine.NetworkSettings] File [C:/Users/Victo/Documents/Unreal Projects/Team6ProgAssignment/Saved/Config/Windows/Engine.ini]
[2020.10.11-16.37.12:642][  0]LogConfig: Applying CVar settings from Section [/Script/UnrealEd.CookerSettings] File [C:/Users/Victo/Documents/Unreal Projects/Team6ProgAssignment/Saved/Config/Windows/Engine.ini]
[2020.10.11-16.37.12:750][  0]LogConfig: Applying CVar settings from Section [ViewDistanceQuality@3] File [C:/Users/Victo/Documents/Unreal Projects/Team6ProgAssignment/Saved/Config/Windows/Scalability.ini]
[2020.10.11-16.37.12:750][  0]LogConfig: Setting CVar [[r.SkeletalMeshLODBias:0]]
[2020.10.11-16.37.12:750][  0]LogConfig: Setting CVar [[r.ViewDistanceScale:1.0]]
[2020.10.11-16.37.12:750][  0]LogConfig: Applying CVar settings from Section [AntiAliasingQuality@3] File [C:/Users/Victo/Documents/Unreal Projects/Team6ProgAssignment/Saved/Config/Windows/Scalability.ini]
[2020.10.11-16.37.12:751][  0]LogConfig: Setting CVar [[r.PostProcessAAQuality:4]]
[2020.10.11-16.37.12:751][  0]LogConfig: Applying CVar settings from Section [ShadowQuality@3] File [C:/Users/Victo/Documents/Unreal Projects/Team6ProgAssignment/Saved/Config/Windows/Scalability.ini]
[2020.10.11-16.37.12:751][  0]LogConfig: Setting CVar [[r.LightFunctionQuality:1]]
[2020.10.11-16.37.12:751][  0]LogConfig: Setting CVar [[r.ShadowQuality:5]]
[2020.10.11-16.37.12:751][  0]LogConfig: Setting CVar [[r.Shadow.CSM.MaxCascades:10]]
[2020.10.11-16.37.12:751][  0]LogConfig: Setting CVar [[r.Shadow.MaxResolution:2048]]
[2020.10.11-16.37.12:751][  0]LogConfig: Setting CVar [[r.Shadow.MaxCSMResolution:2048]]
[2020.10.11-16.37.12:751][  0]LogConfig: Setting CVar [[r.Shadow.RadiusThreshold:0.01]]
[2020.10.11-16.37.12:751][  0]LogConfig: Setting CVar [[r.Shadow.DistanceScale:1.0]]
[2020.10.11-16.37.12:751][  0]LogConfig: Setting CVar [[r.Shadow.CSM.TransitionScale:1.0]]
[2020.10.11-16.37.12:751][  0]LogConfig: Setting CVar [[r.Shadow.PreShadowResolutionFactor:1.0]]
[2020.10.11-16.37.12:751][  0]LogConfig: Setting CVar [[r.DistanceFieldShadowing:1]]
[2020.10.11-16.37.12:751][  0]LogConfig: Setting CVar [[r.DistanceFieldAO:1]]
[2020.10.11-16.37.12:751][  0]LogConfig: Setting CVar [[r.AOQuality:2]]
[2020.10.11-16.37.12:752][  0]LogConfig: Setting CVar [[r.VolumetricFog:1]]
[2020.10.11-16.37.12:752][  0]LogConfig: Setting CVar [[r.VolumetricFog.GridPixelSize:8]]
[2020.10.11-16.37.12:752][  0]LogConfig: Setting CVar [[r.VolumetricFog.GridSizeZ:128]]
[2020.10.11-16.37.12:752][  0]LogConfig: Setting CVar [[r.VolumetricFog.HistoryMissSupersampleCount:4]]
[2020.10.11-16.37.12:752][  0]LogConfig: Setting CVar [[r.LightMaxDrawDistanceScale:1]]
[2020.10.11-16.37.12:752][  0]LogConfig: Setting CVar [[r.CapsuleShadows:1]]
[2020.10.11-16.37.12:752][  0]LogConfig: Applying CVar settings from Section [PostProcessQuality@3] File [C:/Users/Victo/Documents/Unreal Projects/Team6ProgAssignment/Saved/Config/Windows/Scalability.ini]
[2020.10.11-16.37.12:752][  0]LogConfig: Setting CVar [[r.MotionBlurQuality:4]]
[2020.10.11-16.37.12:752][  0]LogConfig: Setting CVar [[r.AmbientOcclusionMipLevelFactor:0.4]]
[2020.10.11-16.37.12:752][  0]LogConfig: Setting CVar [[r.AmbientOcclusionMaxQuality:100]]
[2020.10.11-16.37.12:753][  0]LogConfig: Setting CVar [[r.AmbientOcclusionLevels:-1]]
[2020.10.11-16.37.12:753][  0]LogConfig: Setting CVar [[r.AmbientOcclusionRadiusScale:1.0]]
[2020.10.11-16.37.12:753][  0]LogConfig: Setting CVar [[r.DepthOfFieldQuality:2]]
[2020.10.11-16.37.12:753][  0]LogConfig: Setting CVar [[r.RenderTargetPoolMin:400]]
[2020.10.11-16.37.12:753][  0]LogConfig: Setting CVar [[r.LensFlareQuality:2]]
[2020.10.11-16.37.12:753][  0]LogConfig: Setting CVar [[r.SceneColorFringeQuality:1]]
[2020.10.11-16.37.12:753][  0]LogConfig: Setting CVar [[r.EyeAdaptationQuality:2]]
[2020.10.11-16.37.12:753][  0]LogConfig: Setting CVar [[r.BloomQuality:5]]
[2020.10.11-16.37.12:753][  0]LogConfig: Setting CVar [[r.FastBlurThreshold:100]]
[2020.10.11-16.37.12:753][  0]LogConfig: Setting CVar [[r.Upscale.Quality:3]]
[2020.10.11-16.37.12:753][  0]LogConfig: Setting CVar [[r.Tonemapper.GrainQuantization:1]]
[2020.10.11-16.37.12:753][  0]LogConfig: Setting CVar [[r.LightShaftQuality:1]]
[2020.10.11-16.37.12:753][  0]LogConfig: Setting CVar [[r.Filter.SizeScale:1]]
[2020.10.11-16.37.12:753][  0]LogConfig: Setting CVar [[r.Tonemapper.Quality:5]]
[2020.10.11-16.37.12:753][  0]LogConfig: Setting CVar [[r.DOF.Gather.AccumulatorQuality:1        ; higher gathering accumulator quality]]
[2020.10.11-16.37.12:753][  0]LogConfig: Setting CVar [[r.DOF.Gather.PostfilterMethod:1          ; Median3x3 postfilering method]]
[2020.10.11-16.37.12:753][  0]LogConfig: Setting CVar [[r.DOF.Gather.EnableBokehSettings:0       ; no bokeh simulation when gathering]]
[2020.10.11-16.37.12:754][  0]LogConfig: Setting CVar [[r.DOF.Gather.RingCount:4                 ; medium number of samples when gathering]]
[2020.10.11-16.37.12:754][  0]LogConfig: Setting CVar [[r.DOF.Scatter.ForegroundCompositing:1    ; additive foreground scattering]]
[2020.10.11-16.37.12:754][  0]LogConfig: Setting CVar [[r.DOF.Scatter.BackgroundCompositing:2    ; additive background scattering]]
[2020.10.11-16.37.12:754][  0]LogConfig: Setting CVar [[r.DOF.Scatter.EnableBokehSettings:1      ; bokeh simulation when scattering]]
[2020.10.11-16.37.12:754][  0]LogConfig: Setting CVar [[r.DOF.Scatter.MaxSpriteRatio:0.1         ; only a maximum of 10% of scattered bokeh]]
[2020.10.11-16.37.12:754][  0]LogConfig: Setting CVar [[r.DOF.Recombine.Quality:1                ; cheap slight out of focus]]
[2020.10.11-16.37.12:754][  0]LogConfig: Setting CVar [[r.DOF.Recombine.EnableBokehSettings:0    ; no bokeh simulation on slight out of focus]]
[2020.10.11-16.37.12:754][  0]LogConfig: Setting CVar [[r.DOF.TemporalAAQuality:1                ; more stable temporal accumulation]]
[2020.10.11-16.37.12:754][  0]LogConfig: Setting CVar [[r.DOF.Kernel.MaxForegroundRadius:0.025]]
[2020.10.11-16.37.12:754][  0]LogConfig: Setting CVar [[r.DOF.Kernel.MaxBackgroundRadius:0.025]]
[2020.10.11-16.37.12:754][  0]LogConfig: Applying CVar settings from Section [TextureQuality@3] File [C:/Users/Victo/Documents/Unreal Projects/Team6ProgAssignment/Saved/Config/Windows/Scalability.ini]
[2020.10.11-16.37.12:754][  0]LogConfig: Setting CVar [[r.Streaming.MipBias:0]]
[2020.10.11-16.37.12:754][  0]LogConfig: Setting CVar [[r.Streaming.AmortizeCPUToGPUCopy:0]]
[2020.10.11-16.37.12:755][  0]LogConfig: Setting CVar [[r.Streaming.MaxNumTexturesToStreamPerFrame:0]]
[2020.10.11-16.37.12:755][  0]LogConfig: Setting CVar [[r.Streaming.Boost:1]]
[2020.10.11-16.37.12:755][  0]LogConfig: Setting CVar [[r.MaxAnisotropy:8]]
[2020.10.11-16.37.12:755][  0]LogConfig: Setting CVar [[r.VT.MaxAnisotropy:8]]
[2020.10.11-16.37.12:755][  0]LogConfig: Setting CVar [[r.Streaming.LimitPoolSizeToVRAM:0]]
[2020.10.11-16.37.12:755][  0]LogConfig: Setting CVar [[r.Streaming.PoolSize:1000]]
[2020.10.11-16.37.12:755][  0]LogConfig: Setting CVar [[r.Streaming.MaxEffectiveScreenSize:0]]
[2020.10.11-16.37.12:755][  0]LogConfig: Applying CVar settings from Section [EffectsQuality@3] File [C:/Users/Victo/Documents/Unreal Projects/Team6ProgAssignment/Saved/Config/Windows/Scalability.ini]
[2020.10.11-16.37.12:755][  0]LogConfig: Setting CVar [[r.TranslucencyLightingVolumeDim:64]]
[2020.10.11-16.37.12:755][  0]LogConfig: Setting CVar [[r.RefractionQuality:2]]
[2020.10.11-16.37.12:755][  0]LogConfig: Setting CVar [[r.SSR.Quality:3]]
[2020.10.11-16.37.12:755][  0]LogConfig: Setting CVar [[r.SSR.HalfResSceneColor:0]]
[2020.10.11-16.37.12:756][  0]LogConfig: Setting CVar [[r.SceneColorFormat:4]]
[2020.10.11-16.37.12:756][  0]LogConfig: Setting CVar [[r.DetailMode:2]]
[2020.10.11-16.37.12:756][  0]LogConfig: Setting CVar [[r.TranslucencyVolumeBlur:1]]
[2020.10.11-16.37.12:756][  0]LogConfig: Setting CVar [[r.MaterialQualityLevel:1 ; High quality]]
[2020.10.11-16.37.12:756][  0]LogConfig: Setting CVar [[r.SSS.Scale:1]]
[2020.10.11-16.37.12:756][  0]LogConfig: Setting CVar [[r.SSS.SampleSet:2]]
[2020.10.11-16.37.12:756][  0]LogConfig: Setting CVar [[r.SSS.Quality:1]]
[2020.10.11-16.37.12:756][  0]LogConfig: Setting CVar [[r.SSS.HalfRes:0]]
[2020.10.11-16.37.12:757][  0]LogConfig: Setting CVar [[r.SSGI.Quality:3]]
[2020.10.11-16.37.12:757][  0]LogConfig: Setting CVar [[r.EmitterSpawnRateScale:1.0]]
[2020.10.11-16.37.12:757][  0]LogConfig: Setting CVar [[r.ParticleLightQuality:2]]
[2020.10.11-16.37.12:757][  0]LogConfig: Setting CVar [[r.SkyAtmosphere.AerialPerspectiveLUT.FastApplyOnOpaque:1 ; Always have FastSkyLUT 1 in this case to avoid wrong sky]]
[2020.10.11-16.37.12:757][  0]LogConfig: Setting CVar [[r.SkyAtmosphere.AerialPerspectiveLUT.SampleCountPerSlice:1]]
[2020.10.11-16.37.12:757][  0]LogConfig: Setting CVar [[r.SkyAtmosphere.AerialPerspectiveLUT.DepthResolution:16.0]]
[2020.10.11-16.37.12:757][  0]LogConfig: Setting CVar [[r.SkyAtmosphere.FastSkyLUT:1]]
[2020.10.11-16.37.12:757][  0]LogConfig: Setting CVar [[r.SkyAtmosphere.FastSkyLUT.SampleCountMin:4.0]]
[2020.10.11-16.37.12:757][  0]LogConfig: Setting CVar [[r.SkyAtmosphere.FastSkyLUT.SampleCountMax:32.0]]
[2020.10.11-16.37.12:757][  0]LogConfig: Setting CVar [[r.SkyAtmosphere.SampleCountMin:4.0]]
[2020.10.11-16.37.12:757][  0]LogConfig: Setting CVar [[r.SkyAtmosphere.SampleCountMax:32.0]]
[2020.10.11-16.37.12:757][  0]LogConfig: Setting CVar [[r.SkyAtmosphere.TransmittanceLUT.UseSmallFormat:0]]
[2020.10.11-16.37.12:757][  0]LogConfig: Setting CVar [[r.SkyAtmosphere.TransmittanceLUT.SampleCount:10.0]]
[2020.10.11-16.37.12:757][  0]LogConfig: Setting CVar [[r.SkyAtmosphere.MultiScatteringLUT.SampleCount:15.0]]
[2020.10.11-16.37.12:757][  0]LogConfig: Applying CVar settings from Section [FoliageQuality@3] File [C:/Users/Victo/Documents/Unreal Projects/Team6ProgAssignment/Saved/Config/Windows/Scalability.ini]
[2020.10.11-16.37.12:757][  0]LogConfig: Setting CVar [[foliage.DensityScale:1.0]]
[2020.10.11-16.37.12:757][  0]LogConfig: Setting CVar [[grass.DensityScale:1.0]]
[2020.10.11-16.37.12:758][  0]LogConfig: Applying CVar settings from Section [ShadingQuality@3] File [C:/Users/Victo/Documents/Unreal Projects/Team6ProgAssignment/Saved/Config/Windows/Scalability.ini]
[2020.10.11-16.37.12:758][  0]LogConfig: Setting CVar [[r.HairStrands.SkyLighting.SampleCount:16]]
[2020.10.11-16.37.12:758][  0]LogConfig: Setting CVar [[r.HairStrands.SkyLighting.JitterIntegration:0]]
[2020.10.11-16.37.12:758][  0]LogConfig: Setting CVar [[r.HairStrands.SkyAO.SampleCount:16]]
[2020.10.11-16.37.12:758][  0]LogConfig: Setting CVar [[r.HairStrands.DeepShadow.SuperSampling:0]]
[2020.10.11-16.37.12:758][  0]LogConfig: Setting CVar [[r.HairStrands.VisibilityPPLL:0]]
[2020.10.11-16.37.12:758][  0]LogConfig: Setting CVar [[r.HairStrands.RasterizationScale:0.5]]
[2020.10.11-16.37.12:758][  0]LogConfig: Setting CVar [[r.HairStrands.VelocityRasterizationScale:1]]
[2020.10.11-16.37.12:783][  0]LogInit: Selected Device Profile: [Windows]
[2020.10.11-16.37.12:793][  0]LogInit: Applying CVar settings loaded from the selected device profile: [Windows]
[2020.10.11-16.37.12:805][  0]LogHAL: Display: Platform has ~ 16 GB [17106833408 / 17179869184 / 16], which maps to Larger [LargestMinGB=32, LargerMinGB=12, DefaultMinGB=8, SmallerMinGB=6, SmallestMinGB=0)
[2020.10.11-16.37.12:805][  0]LogInit: Going up to parent DeviceProfile []
[2020.10.11-16.37.12:806][  0]LogConfig: Applying CVar settings from Section [ViewDistanceQuality@3] File [C:/Users/Victo/Documents/Unreal Projects/Team6ProgAssignment/Saved/Config/Windows/Scalability.ini]
[2020.10.11-16.37.12:806][  0]LogConfig: Setting CVar [[r.SkeletalMeshLODBias:0]]
[2020.10.11-16.37.12:806][  0]LogConfig: Setting CVar [[r.ViewDistanceScale:1.0]]
[2020.10.11-16.37.12:806][  0]LogConfig: Applying CVar settings from Section [AntiAliasingQuality@3] File [C:/Users/Victo/Documents/Unreal Projects/Team6ProgAssignment/Saved/Config/Windows/Scalability.ini]
[2020.10.11-16.37.12:807][  0]LogConfig: Setting CVar [[r.PostProcessAAQuality:4]]
[2020.10.11-16.37.12:807][  0]LogConfig: Applying CVar settings from Section [ShadowQuality@3] File [C:/Users/Victo/Documents/Unreal Projects/Team6ProgAssignment/Saved/Config/Windows/Scalability.ini]
[2020.10.11-16.37.12:807][  0]LogConfig: Setting CVar [[r.LightFunctionQuality:1]]
[2020.10.11-16.37.12:807][  0]LogConfig: Setting CVar [[r.ShadowQuality:5]]
[2020.10.11-16.37.12:807][  0]LogConfig: Setting CVar [[r.Shadow.CSM.MaxCascades:10]]
[2020.10.11-16.37.12:807][  0]LogConfig: Setting CVar [[r.Shadow.MaxResolution:2048]]
[2020.10.11-16.37.12:807][  0]LogConfig: Setting CVar [[r.Shadow.MaxCSMResolution:2048]]
[2020.10.11-16.37.12:807][  0]LogConfig: Setting CVar [[r.Shadow.RadiusThreshold:0.01]]
[2020.10.11-16.37.12:807][  0]LogConfig: Setting CVar [[r.Shadow.DistanceScale:1.0]]
[2020.10.11-16.37.12:807][  0]LogConfig: Setting CVar [[r.Shadow.CSM.TransitionScale:1.0]]
[2020.10.11-16.37.12:807][  0]LogConfig: Setting CVar [[r.Shadow.PreShadowResolutionFactor:1.0]]
[2020.10.11-16.37.12:807][  0]LogConfig: Setting CVar [[r.DistanceFieldShadowing:1]]
[2020.10.11-16.37.12:807][  0]LogConfig: Setting CVar [[r.DistanceFieldAO:1]]
[2020.10.11-16.37.12:807][  0]LogConfig: Setting CVar [[r.AOQuality:2]]
[2020.10.11-16.37.12:807][  0]LogConfig: Setting CVar [[r.VolumetricFog:1]]
[2020.10.11-16.37.12:807][  0]LogConfig: Setting CVar [[r.VolumetricFog.GridPixelSize:8]]
[2020.10.11-16.37.12:807][  0]LogConfig: Setting CVar [[r.VolumetricFog.GridSizeZ:128]]
[2020.10.11-16.37.12:808][  0]LogConfig: Setting CVar [[r.VolumetricFog.HistoryMissSupersampleCount:4]]
[2020.10.11-16.37.12:808][  0]LogConfig: Setting CVar [[r.LightMaxDrawDistanceScale:1]]
[2020.10.11-16.37.12:808][  0]LogConfig: Setting CVar [[r.CapsuleShadows:1]]
[2020.10.11-16.37.12:808][  0]LogConfig: Applying CVar settings from Section [PostProcessQuality@3] File [C:/Users/Victo/Documents/Unreal Projects/Team6ProgAssignment/Saved/Config/Windows/Scalability.ini]
[2020.10.11-16.37.12:808][  0]LogConfig: Setting CVar [[r.MotionBlurQuality:4]]
[2020.10.11-16.37.12:808][  0]LogConfig: Setting CVar [[r.AmbientOcclusionMipLevelFactor:0.4]]
[2020.10.11-16.37.12:808][  0]LogConfig: Setting CVar [[r.AmbientOcclusionMaxQuality:100]]
[2020.10.11-16.37.12:808][  0]LogConfig: Setting CVar [[r.AmbientOcclusionLevels:-1]]
[2020.10.11-16.37.12:808][  0]LogConfig: Setting CVar [[r.AmbientOcclusionRadiusScale:1.0]]
[2020.10.11-16.37.12:808][  0]LogConfig: Setting CVar [[r.DepthOfFieldQuality:2]]
[2020.10.11-16.37.12:808][  0]LogConfig: Setting CVar [[r.RenderTargetPoolMin:400]]
[2020.10.11-16.37.12:808][  0]LogConfig: Setting CVar [[r.LensFlareQuality:2]]
[2020.10.11-16.37.12:808][  0]LogConfig: Setting CVar [[r.SceneColorFringeQuality:1]]
[2020.10.11-16.37.12:808][  0]LogConfig: Setting CVar [[r.EyeAdaptationQuality:2]]
[2020.10.11-16.37.12:809][  0]LogConfig: Setting CVar [[r.BloomQuality:5]]
[2020.10.11-16.37.12:809][  0]LogConfig: Setting CVar [[r.FastBlurThreshold:100]]
[2020.10.11-16.37.12:809][  0]LogConfig: Setting CVar [[r.Upscale.Quality:3]]
[2020.10.11-16.37.12:809][  0]LogConfig: Setting CVar [[r.Tonemapper.GrainQuantization:1]]
[2020.10.11-16.37.12:809][  0]LogConfig: Setting CVar [[r.LightShaftQuality:1]]
[2020.10.11-16.37.12:809][  0]LogConfig: Setting CVar [[r.Filter.SizeScale:1]]
[2020.10.11-16.37.12:809][  0]LogConfig: Setting CVar [[r.Tonemapper.Quality:5]]
[2020.10.11-16.37.12:809][  0]LogConfig: Setting CVar [[r.DOF.Gather.AccumulatorQuality:1        ; higher gathering accumulator quality]]
[2020.10.11-16.37.12:809][  0]LogConfig: Setting CVar [[r.DOF.Gather.PostfilterMethod:1          ; Median3x3 postfilering method]]
[2020.10.11-16.37.12:809][  0]LogConfig: Setting CVar [[r.DOF.Gather.EnableBokehSettings:0       ; no bokeh simulation when gathering]]
[2020.10.11-16.37.12:809][  0]LogConfig: Setting CVar [[r.DOF.Gather.RingCount:4                 ; medium number of samples when gathering]]
[2020.10.11-16.37.12:809][  0]LogConfig: Setting CVar [[r.DOF.Scatter.ForegroundCompositing:1    ; additive foreground scattering]]
[2020.10.11-16.37.12:809][  0]LogConfig: Setting CVar [[r.DOF.Scatter.BackgroundCompositing:2    ; additive background scattering]]
[2020.10.11-16.37.12:809][  0]LogConfig: Setting CVar [[r.DOF.Scatter.EnableBokehSettings:1      ; bokeh simulation when scattering]]
[2020.10.11-16.37.12:809][  0]LogConfig: Setting CVar [[r.DOF.Scatter.MaxSpriteRatio:0.1         ; only a maximum of 10% of scattered bokeh]]
[2020.10.11-16.37.12:809][  0]LogConfig: Setting CVar [[r.DOF.Recombine.Quality:1                ; cheap slight out of focus]]
[2020.10.11-16.37.12:809][  0]LogConfig: Setting CVar [[r.DOF.Recombine.EnableBokehSettings:0    ; no bokeh simulation on slight out of focus]]
[2020.10.11-16.37.12:809][  0]LogConfig: Setting CVar [[r.DOF.TemporalAAQuality:1                ; more stable temporal accumulation]]
[2020.10.11-16.37.12:809][  0]LogConfig: Setting CVar [[r.DOF.Kernel.MaxForegroundRadius:0.025]]
[2020.10.11-16.37.12:809][  0]LogConfig: Setting CVar [[r.DOF.Kernel.MaxBackgroundRadius:0.025]]
[2020.10.11-16.37.12:810][  0]LogConfig: Applying CVar settings from Section [TextureQuality@3] File [C:/Users/Victo/Documents/Unreal Projects/Team6ProgAssignment/Saved/Config/Windows/Scalability.ini]
[2020.10.11-16.37.12:810][  0]LogConfig: Setting CVar [[r.Streaming.MipBias:0]]
[2020.10.11-16.37.12:810][  0]LogConfig: Setting CVar [[r.Streaming.AmortizeCPUToGPUCopy:0]]
[2020.10.11-16.37.12:810][  0]LogConfig: Setting CVar [[r.Streaming.MaxNumTexturesToStreamPerFrame:0]]
[2020.10.11-16.37.12:810][  0]LogConfig: Setting CVar [[r.Streaming.Boost:1]]
[2020.10.11-16.37.12:810][  0]LogConfig: Setting CVar [[r.MaxAnisotropy:8]]
[2020.10.11-16.37.12:810][  0]LogConfig: Setting CVar [[r.VT.MaxAnisotropy:8]]
[2020.10.11-16.37.12:810][  0]LogConfig: Setting CVar [[r.Streaming.LimitPoolSizeToVRAM:0]]
[2020.10.11-16.37.12:810][  0]LogConfig: Setting CVar [[r.Streaming.PoolSize:1000]]
[2020.10.11-16.37.12:810][  0]LogConfig: Setting CVar [[r.Streaming.MaxEffectiveScreenSize:0]]
[2020.10.11-16.37.12:810][  0]LogConfig: Applying CVar settings from Section [EffectsQuality@3] File [C:/Users/Victo/Documents/Unreal Projects/Team6ProgAssignment/Saved/Config/Windows/Scalability.ini]
[2020.10.11-16.37.12:810][  0]LogConfig: Setting CVar [[r.TranslucencyLightingVolumeDim:64]]
[2020.10.11-16.37.12:810][  0]LogConfig: Setting CVar [[r.RefractionQuality:2]]
[2020.10.11-16.37.12:810][  0]LogConfig: Setting CVar [[r.SSR.Quality:3]]
[2020.10.11-16.37.12:810][  0]LogConfig: Setting CVar [[r.SSR.HalfResSceneColor:0]]
[2020.10.11-16.37.12:810][  0]LogConfig: Setting CVar [[r.SceneColorFormat:4]]
[2020.10.11-16.37.12:810][  0]LogConfig: Setting CVar [[r.DetailMode:2]]
[2020.10.11-16.37.12:810][  0]LogConfig: Setting CVar [[r.TranslucencyVolumeBlur:1]]
[2020.10.11-16.37.12:810][  0]LogConfig: Setting CVar [[r.MaterialQualityLevel:1 ; High quality]]
[2020.10.11-16.37.12:810][  0]LogConfig: Setting CVar [[r.SSS.Scale:1]]
[2020.10.11-16.37.12:810][  0]LogConfig: Setting CVar [[r.SSS.SampleSet:2]]
[2020.10.11-16.37.12:811][  0]LogConfig: Setting CVar [[r.SSS.Quality:1]]
[2020.10.11-16.37.12:811][  0]LogConfig: Setting CVar [[r.SSS.HalfRes:0]]
[2020.10.11-16.37.12:811][  0]LogConfig: Setting CVar [[r.SSGI.Quality:3]]
[2020.10.11-16.37.12:811][  0]LogConfig: Setting CVar [[r.EmitterSpawnRateScale:1.0]]
[2020.10.11-16.37.12:811][  0]LogConfig: Setting CVar [[r.ParticleLightQuality:2]]
[2020.10.11-16.37.12:811][  0]LogConfig: Setting CVar [[r.SkyAtmosphere.AerialPerspectiveLUT.FastApplyOnOpaque:1 ; Always have FastSkyLUT 1 in this case to avoid wrong sky]]
[2020.10.11-16.37.12:811][  0]LogConfig: Setting CVar [[r.SkyAtmosphere.AerialPerspectiveLUT.SampleCountPerSlice:1]]
[2020.10.11-16.37.12:811][  0]LogConfig: Setting CVar [[r.SkyAtmosphere.AerialPerspectiveLUT.DepthResolution:16.0]]
[2020.10.11-16.37.12:811][  0]LogConfig: Setting CVar [[r.SkyAtmosphere.FastSkyLUT:1]]
[2020.10.11-16.37.12:811][  0]LogConfig: Setting CVar [[r.SkyAtmosphere.FastSkyLUT.SampleCountMin:4.0]]
[2020.10.11-16.37.12:811][  0]LogConfig: Setting CVar [[r.SkyAtmosphere.FastSkyLUT.SampleCountMax:32.0]]
[2020.10.11-16.37.12:811][  0]LogConfig: Setting CVar [[r.SkyAtmosphere.SampleCountMin:4.0]]
[2020.10.11-16.37.12:812][  0]LogConfig: Setting CVar [[r.SkyAtmosphere.SampleCountMax:32.0]]
[2020.10.11-16.37.12:812][  0]LogConfig: Setting CVar [[r.SkyAtmosphere.TransmittanceLUT.UseSmallFormat:0]]
[2020.10.11-16.37.12:812][  0]LogConfig: Setting CVar [[r.SkyAtmosphere.TransmittanceLUT.SampleCount:10.0]]
[2020.10.11-16.37.12:812][  0]LogConfig: Setting CVar [[r.SkyAtmosphere.MultiScatteringLUT.SampleCount:15.0]]
[2020.10.11-16.37.12:812][  0]LogConfig: Applying CVar settings from Section [FoliageQuality@3] File [C:/Users/Victo/Documents/Unreal Projects/Team6ProgAssignment/Saved/Config/Windows/Scalability.ini]
[2020.10.11-16.37.12:812][  0]LogConfig: Setting CVar [[foliage.DensityScale:1.0]]
[2020.10.11-16.37.12:812][  0]LogConfig: Setting CVar [[grass.DensityScale:1.0]]
[2020.10.11-16.37.12:812][  0]LogConfig: Applying CVar settings from Section [ShadingQuality@3] File [C:/Users/Victo/Documents/Unreal Projects/Team6ProgAssignment/Saved/Config/Windows/Scalability.ini]
[2020.10.11-16.37.12:812][  0]LogConfig: Setting CVar [[r.HairStrands.SkyLighting.SampleCount:16]]
[2020.10.11-16.37.12:812][  0]LogConfig: Setting CVar [[r.HairStrands.SkyLighting.JitterIntegration:0]]
[2020.10.11-16.37.12:812][  0]LogConfig: Setting CVar [[r.HairStrands.SkyAO.SampleCount:16]]
[2020.10.11-16.37.12:812][  0]LogConfig: Setting CVar [[r.HairStrands.DeepShadow.SuperSampling:0]]
[2020.10.11-16.37.12:812][  0]LogConfig: Setting CVar [[r.HairStrands.VisibilityPPLL:0]]
[2020.10.11-16.37.12:812][  0]LogConfig: Setting CVar [[r.HairStrands.RasterizationScale:0.5]]
[2020.10.11-16.37.12:812][  0]LogConfig: Setting CVar [[r.HairStrands.VelocityRasterizationScale:1]]
[2020.10.11-16.37.12:813][  0]LogConfig: Applying CVar settings from Section [Startup] File [../../../Engine/Config/ConsoleVariables.ini]
[2020.10.11-16.37.12:813][  0]LogConfig: Setting CVar [[net.UseAdaptiveNetUpdateFrequency:0]]
[2020.10.11-16.37.12:813][  0]LogConfig: Setting CVar [[p.chaos.AllowCreatePhysxBodies:1]]
[2020.10.11-16.37.12:813][  0]LogConfig: Setting CVar [[fx.SkipVectorVMBackendOptimizations:1]]
[2020.10.11-16.37.12:813][  0]LogConfig: Applying CVar settings from Section [ConsoleVariables] File [C:/Users/Victo/Documents/Unreal Projects/Team6ProgAssignment/Saved/Config/Windows/Engine.ini]
[2020.10.11-16.37.12:861][  0]LogInit: Computer: DESKTOP-OA2CMIS
[2020.10.11-16.37.12:861][  0]LogInit: User: VictoR
[2020.10.11-16.37.12:874][  0]LogInit: CPU Page size=4096, Cores=6
[2020.10.11-16.37.12:874][  0]LogInit: High frequency timer resolution =10.000000 MHz
[2020.10.11-16.37.12:874][  0]LogMemory: Memory total: Physical=15.9GB (16GB approx)
[2020.10.11-16.37.12:877][  0]LogMemory: Platform Memory Stats for Windows
[2020.10.11-16.37.12:877][  0]LogMemory: Process Physical Memory: 116.10 MB used, 116.10 MB peak
[2020.10.11-16.37.12:877][  0]LogMemory: Process Virtual Memory: 103.91 MB used, 103.91 MB peak
[2020.10.11-16.37.12:877][  0]LogMemory: Physical Memory: 13009.38 MB used,  3304.97 MB free, 16314.35 MB total
[2020.10.11-16.37.12:877][  0]LogMemory: Virtual Memory: 5109.73 MB used,  134212616.00 MB free, 134217728.00 MB total
[2020.10.11-16.37.12:922][  0]LogWindows: WindowsPlatformFeatures enabled
[2020.10.11-16.37.14:583][  0]LogInit: Physics initialised using underlying interface: PhysX
[2020.10.11-16.37.14:670][  0]LogInit: Using OS detected language (sv-SE).
[2020.10.11-16.37.14:670][  0]LogInit: Using OS detected locale (sv-SE).
[2020.10.11-16.37.14:800][  0]LogTextLocalizationManager: No localization for 'sv-SE' exists, so 'en' will be used for the language.
[2020.10.11-16.37.15:390][  0]LogInit: Setting process to per monitor DPI aware
[2020.10.11-16.37.16:060][  0]LogSlate: New Slate User Created.  User Index 0, Is Virtual User: 0
[2020.10.11-16.37.16:060][  0]LogSlate: Slate User Registered.  User Index 0, Is Virtual User: 0
[2020.10.11-16.37.16:807][  0]LogD3D11RHI: D3D11 min allowed feature level: 11_0
[2020.10.11-16.37.16:807][  0]LogD3D11RHI: D3D11 max allowed feature level: 11_0
[2020.10.11-16.37.16:807][  0]LogD3D11RHI: D3D11 adapters:
[2020.10.11-16.37.16:991][  0]LogD3D11RHI:    0. 'NVIDIA GeForce GTX 1070' (Feature Level 11_0)
[2020.10.11-16.37.16:992][  0]LogD3D11RHI:       8088/0/8157 MB DedicatedVideo/DedicatedSystem/SharedSystem, Outputs:2, VendorId:0x10de
[2020.10.11-16.37.17:028][  0]LogD3D11RHI:    1. 'Microsoft Basic Render Driver' (Feature Level 11_0)
[2020.10.11-16.37.17:028][  0]LogD3D11RHI:       0/0/8157 MB DedicatedVideo/DedicatedSystem/SharedSystem, Outputs:0, VendorId:0x1414
[2020.10.11-16.37.17:028][  0]LogD3D11RHI: Chosen D3D11 Adapter: 0
[2020.10.11-16.37.17:059][  0]LogD3D11RHI: Creating new Direct3DDevice
[2020.10.11-16.37.17:059][  0]LogD3D11RHI:     GPU DeviceId: 0x1b81 (for the marketing name, search the web for "GPU Device Id")
[2020.10.11-16.37.17:059][  0]LogWindows: EnumDisplayDevices:
[2020.10.11-16.37.17:059][  0]LogWindows:    0. 'NVIDIA GeForce GTX 1070' (P:1 D:1)
[2020.10.11-16.37.17:060][  0]LogWindows:    1. 'NVIDIA GeForce GTX 1070' (P:0 D:1)
[2020.10.11-16.37.17:060][  0]LogWindows:    2. 'NVIDIA GeForce GTX 1070' (P:0 D:0)
[2020.10.11-16.37.17:061][  0]LogWindows:    3. 'NVIDIA GeForce GTX 1070' (P:0 D:0)
[2020.10.11-16.37.17:061][  0]LogWindows: DebugString: FoundDriverCount:4 
[2020.10.11-16.37.17:061][  0]LogD3D11RHI:     Adapter Name: NVIDIA GeForce GTX 1070
[2020.10.11-16.37.17:061][  0]LogD3D11RHI:   Driver Version: 456.55 (internal:27.21.14.5655, unified:456.55)
[2020.10.11-16.37.17:061][  0]LogD3D11RHI:      Driver Date: 9-24-2020
[2020.10.11-16.37.17:062][  0]LogRHI: Texture pool is 5661 MB (70% of 8088 MB)
[2020.10.11-16.37.17:134][  0]LogD3D11RHI: RHI has support for 64 bit atomics
[2020.10.11-16.37.17:138][  0]LogD3D11RHI: [Aftermath] Enabled and primed
[2020.10.11-16.37.17:139][  0]LogD3D11RHI: Async texture creation enabled
[2020.10.11-16.37.17:139][  0]LogD3D11RHI: Array index from any shader is supported
[2020.10.11-16.37.17:671][  0]LogD3D11RHI: GPU Timing Frequency: 1000.000000 (Debug: 2 1)
[2020.10.11-16.37.18:185][  0]LogTargetPlatformManager: Display: Loaded TargetPlatform 'AllDesktop'
[2020.10.11-16.37.18:228][  0]LogTargetPlatformManager: Display: Loaded TargetPlatform 'Android'
[2020.10.11-16.37.18:228][  0]LogTargetPlatformManager: Display: Loaded TargetPlatform 'Android_ASTC'
[2020.10.11-16.37.18:228][  0]LogTargetPlatformManager: Display: Loaded TargetPlatform 'Android_DXT'
[2020.10.11-16.37.18:228][  0]LogTargetPlatformManager: Display: Loaded TargetPlatform 'Android_ETC2'
[2020.10.11-16.37.18:228][  0]LogTargetPlatformManager: Display: Loaded TargetPlatform 'AndroidClient'
[2020.10.11-16.37.18:228][  0]LogTargetPlatformManager: Display: Loaded TargetPlatform 'Android_ASTCClient'
[2020.10.11-16.37.18:228][  0]LogTargetPlatformManager: Display: Loaded TargetPlatform 'Android_DXTClient'
[2020.10.11-16.37.18:228][  0]LogTargetPlatformManager: Display: Loaded TargetPlatform 'Android_ETC2Client'
[2020.10.11-16.37.18:228][  0]LogTargetPlatformManager: Display: Loaded TargetPlatform 'Android_Multi'
[2020.10.11-16.37.18:228][  0]LogTargetPlatformManager: Display: Loaded TargetPlatform 'Android_MultiClient'
[2020.10.11-16.37.18:323][  0]LogTargetPlatformManager: Display: Loaded TargetPlatform 'IOSClient'
[2020.10.11-16.37.18:323][  0]LogTargetPlatformManager: Display: Loaded TargetPlatform 'IOS'
[2020.10.11-16.37.18:354][  0]LogTargetPlatformManager: Display: Loaded TargetPlatform 'Linux'
[2020.10.11-16.37.18:383][  0]LogTargetPlatformManager: Display: Loaded TargetPlatform 'LinuxNoEditor'
[2020.10.11-16.37.18:408][  0]LogTargetPlatformManager: Display: Loaded TargetPlatform 'LinuxClient'
[2020.10.11-16.37.18:421][  0]LogTargetPlatformManager: Display: Loaded TargetPlatform 'LinuxServer'
[2020.10.11-16.37.18:434][  0]LogTargetPlatformManager: Display: Loaded TargetPlatform 'LinuxAArch64NoEditor'
[2020.10.11-16.37.18:457][  0]LogTargetPlatformManager: Display: Loaded TargetPlatform 'LinuxAArch64Client'
[2020.10.11-16.37.18:490][  0]LogTargetPlatformManager: Display: Loaded TargetPlatform 'LinuxAArch64Server'
[2020.10.11-16.37.18:521][  0]LogTargetPlatformManager: Display: Loaded TargetPlatform 'Lumin'
[2020.10.11-16.37.18:522][  0]LogTargetPlatformManager: Display: Loaded TargetPlatform 'LuminClient'
[2020.10.11-16.37.18:554][  0]LogTargetPlatformManager: Display: Loaded TargetPlatform 'TVOSClient'
[2020.10.11-16.37.18:555][  0]LogTargetPlatformManager: Display: Loaded TargetPlatform 'TVOS'
[2020.10.11-16.37.18:588][  0]LogTargetPlatformManager: Display: Loaded TargetPlatform 'WindowsNoEditor'
[2020.10.11-16.37.18:628][  0]LogTargetPlatformManager: Display: Loaded TargetPlatform 'Windows'
[2020.10.11-16.37.18:641][  0]LogTargetPlatformManager: Display: Loaded TargetPlatform 'WindowsClient'
[2020.10.11-16.37.18:654][  0]LogTargetPlatformManager: Display: Loaded TargetPlatform 'WindowsServer'
[2020.10.11-16.37.18:654][  0]LogTargetPlatformManager: Display: Building Assets For Windows
[2020.10.11-16.37.18:793][  0]LogAudioDebug: Display: Lib vorbis DLL was dynamically loaded.
[2020.10.11-16.37.19:489][  0]LogShaderCompilers: Guid format shader working directory is -15 characters bigger than the processId version (C:/Users/Victo/Documents/Unreal Projects/Team6ProgAssignment/Intermediate/Shaders/WorkingDirectory/41008/).
[2020.10.11-16.37.19:490][  0]LogShaderCompilers: Cleaned the shader compiler working directory 'C:/Users/Victo/AppData/Local/Temp/UnrealShaderWorkingDir/E5F0C572410A29D128D2EBB9FD1E3F89/'.
[2020.10.11-16.37.19:529][  0]LogXGEController: Cleaning working directory: C:/Users/Victo/AppData/Local/Temp/UnrealXGEWorkingDir/
[2020.10.11-16.37.19:530][  0]LogXGEController: Cannot use XGE Controller as Incredibuild is not installed on this machine.
[2020.10.11-16.37.19:530][  0]LogShaderCompilers: Cannot use XGE Shader Compiler as Incredibuild is not installed on this machine.
[2020.10.11-16.37.19:530][  0]LogShaderCompilers: Display: Using Local Shader Compiler.
[2020.10.11-16.37.22:719][  0]LogDerivedDataCache: Display: Max Cache Size: 512 MB
[2020.10.11-16.37.22:936][  0]LogDerivedDataCache: Loaded boot cache 0.22s 78MB C:/Users/Victo/AppData/Local/UnrealEngine/4.25/DerivedDataCache/Boot.ddc.
[2020.10.11-16.37.22:937][  0]LogDerivedDataCache: Display: Loaded Boot cache: C:/Users/Victo/AppData/Local/UnrealEngine/4.25/DerivedDataCache/Boot.ddc
[2020.10.11-16.37.22:937][  0]LogDerivedDataCache: FDerivedDataBackendGraph:  Pak pak cache file C:/Users/Victo/Documents/Unreal Projects/Team6ProgAssignment/DerivedDataCache/DDC.ddp not found, will not use a pak cache.
[2020.10.11-16.37.22:937][  0]LogDerivedDataCache: Unable to find inner node Pak for hierarchical cache Hierarchy.
[2020.10.11-16.37.22:937][  0]LogDerivedDataCache: FDerivedDataBackendGraph:  CompressedPak pak cache file C:/Users/Victo/Documents/Unreal Projects/Team6ProgAssignment/DerivedDataCache/Compressed.ddp not found, will not use a pak cache.
[2020.10.11-16.37.22:937][  0]LogDerivedDataCache: Unable to find inner node CompressedPak for hierarchical cache Hierarchy.
[2020.10.11-16.37.22:991][  0]LogDerivedDataCache: Display: Pak cache opened for reading ../../../Engine/DerivedDataCache/Compressed.ddp.
[2020.10.11-16.37.22:991][  0]LogDerivedDataCache: FDerivedDataBackendGraph:  EnterprisePak pak cache file ../../../Enterprise/DerivedDataCache/Compressed.ddp not found, will not use a pak cache.
[2020.10.11-16.37.22:992][  0]LogDerivedDataCache: Unable to find inner node EnterprisePak for hierarchical cache Hierarchy.
[2020.10.11-16.37.22:994][  0]LogDerivedDataCache: Using Local data cache path C:/Users/Victo/AppData/Local/UnrealEngine/Common/DerivedDataCache: Writable
[2020.10.11-16.37.22:994][  0]LogDerivedDataCache: Shared data cache path not found in *engine.ini, will not use an Shared cache.
[2020.10.11-16.37.22:994][  0]LogDerivedDataCache: Unable to find inner node Shared for hierarchical cache Hierarchy.
[2020.10.11-16.37.23:217][  0]LogSlate: Using FreeType 2.10.0
[2020.10.11-16.37.23:316][  0]LogSlate: SlateFontServices - WITH_FREETYPE: 1, WITH_HARFBUZZ: 1
[2020.10.11-16.37.24:182][  0]LogAssetRegistry: FAssetRegistry took 0.0153 seconds to start up
[2020.10.11-16.37.35:013][  0]LogInit: Selected Device Profile: [Windows]
[2020.10.11-16.37.37:109][  0]LogMeshReduction: Using QuadricMeshReduction for automatic static mesh reduction
[2020.10.11-16.37.37:109][  0]LogMeshReduction: Using SimplygonMeshReduction for automatic skeletal mesh reduction
[2020.10.11-16.37.37:109][  0]LogMeshReduction: Using ProxyLODMeshReduction for automatic mesh merging
[2020.10.11-16.37.37:109][  0]LogMeshReduction: No distributed automatic mesh merging module available
[2020.10.11-16.37.37:109][  0]LogMeshMerging: No distributed automatic mesh merging module available
[2020.10.11-16.37.37:839][  0]LogNetVersion: Team6ProgAssignment 1.0.0, NetCL: 13144385, EngineNetVer: 14, GameNetVer: 0 (Checksum: 3682674068)
[2020.10.11-16.37.51:999][  0]LogAISub: UAISubsystem::UAISubsystem AISubsystem (0000024D830F9F80), frame # 0
[2020.10.11-16.37.52:000][  0]LogAISub: UAISubsystem::UAISubsystem AIPerceptionSystem (0000024D83F92AC0), frame # 0
[2020.10.11-16.37.52:010][  0]LogAISub: UAISubsystem::UAISubsystem EnvQueryManager (0000024D830E2800), frame # 0
[2020.10.11-16.37.52:605][  0]LogPackageLocalizationCache: Processed 17 localized package path(s) for 1 prioritized culture(s) in 0.145248 seconds
[2020.10.11-16.37.52:639][  0]LogUObjectArray: 15756 objects as part of root set at end of initial load.
[2020.10.11-16.37.52:647][  0]LogUObjectAllocator: 3925280 out of 0 bytes used by permanent object pool.
[2020.10.11-16.37.52:647][  0]LogUObjectArray: CloseDisregardForGC: 0/0 objects in disregard for GC pool
[2020.10.11-16.37.58:129][  0]LogTcpMessaging: Initializing TcpMessaging bridge
[2020.10.11-16.37.58:163][  0]LogUdpMessaging: Initializing bridge on interface 0.0.0.0:0 to multicast group 230.0.0.1:6666.
[2020.10.11-16.38.00:992][  0]SourceControl: Source control is disabled
[2020.10.11-16.38.00:992][  0]SourceControl: Source control is disabled
[2020.10.11-16.38.01:551][  0]SourceControl: Source control is disabled
[2020.10.11-16.38.01:569][  0]SourceControl: Source control is disabled
[2020.10.11-16.38.01:612][  0]SourceControl: Source control is disabled
[2020.10.11-16.38.04:009][  0]LogAndroidPermission: UAndroidPermissionCallbackProxy::GetInstance
[2020.10.11-16.38.04:095][  0]LogAudioCaptureCore: Display: No Audio Capture implementations found. Audio input will be silent.
[2020.10.11-16.38.04:096][  0]LogAudioCaptureCore: Display: No Audio Capture implementations found. Audio input will be silent.
[2020.10.11-16.38.05:969][  0]LogEngine: Initializing Engine...
[2020.10.11-16.38.06:012][  0]LogMagicLeap: Warning: VR disabled because ZI is not enabled.  To enable, in the editor, Edit -> Project Settings -> Plugins -> Magic Leap Plugin -> Enable Zero Iteration
[2020.10.11-16.38.06:097][  0]LogStats: UGameplayTagsManager::InitializeManager -  0.029 s
[2020.10.11-16.38.06:655][  0]LogInit: Initializing FReadOnlyCVARCache
[2020.10.11-16.38.07:463][  0]LogAIModule: Creating AISystem for world Untitled
[2020.10.11-16.38.07:463][  0]LogAISub: UAISubsystem::UAISubsystem EnvQueryManager (0000024D856E5600), frame # 0
[2020.10.11-16.38.07:463][  0]LogAISub: UAISubsystem::UAISubsystem AIPerceptionSystem (0000024D8571DA80), frame # 0
[2020.10.11-16.38.07:752][  0]LogAudioMixer: Display: Audio Mixer Platform Settings:
[2020.10.11-16.38.07:752][  0]LogAudioMixer: Display: 	Sample Rate:						  48000
[2020.10.11-16.38.07:752][  0]LogAudioMixer: Display: 	Callback Buffer Frame Size Requested: 1024
[2020.10.11-16.38.07:752][  0]LogAudioMixer: Display: 	Callback Buffer Frame Size To Use:	  1024
[2020.10.11-16.38.07:752][  0]LogAudioMixer: Display: 	Number of buffers to queue:			  2
[2020.10.11-16.38.07:753][  0]LogAudioMixer: Display: 	Max Channels (voices):				  32
[2020.10.11-16.38.07:753][  0]LogAudioMixer: Display: 	Number of Async Source Workers:		  0
[2020.10.11-16.38.07:760][  0]LogAudio: Display: AudioDevice MaxSources: 32
[2020.10.11-16.38.07:791][  0]LogAudio: Display: Using built-in audio occlusion.
[2020.10.11-16.38.07:791][  0]LogAudioMixer: Display: Initializing audio mixer.
[2020.10.11-16.38.07:925][  0]LogAudioMixer: Display: 0: FrontLeft
[2020.10.11-16.38.07:925][  0]LogAudioMixer: Display: 1: FrontRight
[2020.10.11-16.38.07:993][  0]LogAudioMixer: Display: Using Audio Device Högtalare (Yeti Stereo Microphone)
[2020.10.11-16.38.08:030][  0]LogAudioMixer: Display: Initializing Sound Submixes...
[2020.10.11-16.38.08:100][  0]LogAudioMixer: Display: Creating Master Submix 'MasterSubmixDefault'
[2020.10.11-16.38.08:100][  0]LogAudioMixer: Display: Creating Master Submix 'MasterReverbSubmixDefault'
[2020.10.11-16.38.08:132][  0]LogAudioMixer: Display: Creating Master Submix 'MasterEQSubmixDefault'
[2020.10.11-16.38.08:142][  0]LogInit: FAudioDevice initialized.
[2020.10.11-16.38.08:172][  0]LogNetVersion: Set ProjectVersion to 1.0.0.0. Version Checksum will be recalculated on next use.
[2020.10.11-16.38.08:267][  0]LogDerivedDataCache: Saved boot cache 0.09s 78MB C:/Users/Victo/AppData/Local/UnrealEngine/4.25/DerivedDataCache/Boot.ddc.
[2020.10.11-16.38.08:267][  0]LogInit: Texture streaming: Enabled
[2020.10.11-16.38.08:448][  0]LogEngineSessionManager: EngineSessionManager initialized
[2020.10.11-16.38.08:448][  0]LogEngineSessionManager: EngineSessionManager sent abnormal shutdown report. Type=Debugger, SessionId={108FC580-4191-17EA-A5D9-B8AB9A6F5CA2}
[2020.10.11-16.38.08:448][  0]LogEditorSessionSummary: Verbose: Initializing EditorSessionSummaryWriter for editor session tracking
[2020.10.11-16.38.08:512][  0]LogEditorSessionSummary: EditorSessionSummaryWriter initialized
[2020.10.11-16.38.08:822][  0]LogInit: Transaction tracking system initialized
[2020.10.11-16.38.09:202][  0]BlueprintLog: New page: Editor Load
[2020.10.11-16.38.10:350][  0]LocalizationService: Localization service is disabled
[2020.10.11-16.38.12:859][  0]LogFileCache: Scanning file cache for directory 'C:/Users/Victo/Documents/Unreal Projects/Team6ProgAssignment/Content/' took 0.07s
[2020.10.11-16.38.12:859][  0]LogCook: Display: Max memory allowance for cook 16384mb min free memory 0mb
[2020.10.11-16.38.12:859][  0]LogCook: Display: Mobile HDR setting 1
[2020.10.11-16.38.15:212][  0]SourceControl: Source control is disabled
[2020.10.11-16.38.15:225][  0]LogUnrealEdMisc: Loading editor; pre map load, took 70.555
[2020.10.11-16.38.15:274][  0]Cmd: MAP LOAD FILE="C:/Users/Victo/Documents/Unreal Projects/Team6ProgAssignment/Content/FirstPersonCPP/Maps/FirstPersonExampleMap.umap" TEMPLATE=0 SHOWPROGRESS=1 FEATURELEVEL=3
[2020.10.11-16.38.15:286][  0]LightingResults: New page: Lighting Build
[2020.10.11-16.38.15:407][  0]LogWorld: UWorld::CleanupWorld for Untitled, bSessionEnded=true, bCleanupResources=true
[2020.10.11-16.38.15:476][  0]LogSlate: InvalidateAllWidgets triggered.  All widgets were invalidated
[2020.10.11-16.38.15:594][  0]MapCheck: New page: Map Check
[2020.10.11-16.38.15:594][  0]LightingResults: New page: Lighting Build
[2020.10.11-16.38.16:076][  0]LogAISub: UAISubsystem::~UAISubsystem EnvQueryManager (0000024D856E5600), frame # 0
[2020.10.11-16.38.16:076][  0]LogAISub: UAISubsystem::~UAISubsystem AIPerceptionSystem (0000024D8571DA80), frame # 0
[2020.10.11-16.38.16:092][  0]LogUObjectHash: Compacting FUObjectHashTables data took   0.85ms
[2020.10.11-16.38.16:704][  0]LogAIModule: Creating AISystem for world FirstPersonExampleMap
[2020.10.11-16.38.16:704][  0]LogAISub: UAISubsystem::UAISubsystem EnvQueryManager (0000024D9636F000), frame # 0
[2020.10.11-16.38.16:705][  0]LogAISub: UAISubsystem::UAISubsystem AIPerceptionSystem (0000024D8554ED40), frame # 0
[2020.10.11-16.38.17:551][  0]LogEditorServer: Finished looking for orphan Actors (0.000 secs)
[2020.10.11-16.38.17:745][  0]LogUObjectHash: Compacting FUObjectHashTables data took   0.80ms
[2020.10.11-16.38.17:751][  0]Cmd: MAP CHECKDEP NOCLEARLOG
[2020.10.11-16.38.17:763][  0]MapCheck: Map check complete: 0 Error(s), 0 Warning(s), took 12,02ms to complete.
[2020.10.11-16.38.17:764][  0]LogFileHelpers: Loading map 'FirstPersonExampleMap' took 2.529
[2020.10.11-16.38.18:827][  0]LogUnrealEdMisc: Total Editor Startup Time, took 74.157
[2020.10.11-16.38.19:768][  0]LogSlate: Updating window title bar state: overlay mode, drag disabled, window buttons hidden, title bar hidden
[2020.10.11-16.38.19:793][  0]LogSlate: Updating window title bar state: overlay mode, drag disabled, window buttons hidden, title bar hidden
[2020.10.11-16.38.19:800][  0]LogSlate: Updating window title bar state: overlay mode, drag disabled, window buttons hidden, title bar hidden
[2020.10.11-16.38.19:806][  0]LogSlate: Updating window title bar state: overlay mode, drag disabled, window buttons hidden, title bar hidden
[2020.10.11-16.38.19:896][  0]LogCollectionManager: Loaded 0 collections in 0.001628 seconds
[2020.10.11-16.38.20:060][  0]LogFileCache: Scanning file cache for directory 'C:/Users/Victo/Documents/Unreal Projects/Team6ProgAssignment/Saved/Collections/' took 0.00s
[2020.10.11-16.38.20:060][  0]LogFileCache: Scanning file cache for directory 'C:/Users/Victo/Documents/Unreal Projects/Team6ProgAssignment/Content/Developers/VictoR/Collections/' took 0.00s
[2020.10.11-16.38.20:060][  0]LogFileCache: Scanning file cache for directory 'C:/Users/Victo/Documents/Unreal Projects/Team6ProgAssignment/Content/Collections/' took 0.00s
[2020.10.11-16.38.20:060][  0]LogContentBrowser: Native class hierarchy populated in 0.0268 seconds. Added 3421 classes and 807 folders.
[2020.10.11-16.38.20:162][  0]LogContentBrowser: Native class hierarchy updated for 'WidgetCarousel' in 0.0005 seconds. Added 0 classes and 0 folders.
[2020.10.11-16.38.20:948][  0]LogContentBrowser: Native class hierarchy updated for 'AddContentDialog' in 0.0006 seconds. Added 0 classes and 0 folders.
[2020.10.11-16.38.21:010][  0]LogContentBrowser: Native class hierarchy updated for 'SceneOutliner' in 0.0007 seconds. Added 2 classes and 0 folders.
[2020.10.11-16.38.22:061][  0]LogSlate: Took 0.022468 seconds to synchronously load lazily loaded font '../../../Engine/Content/Slate/Fonts/Roboto-Regular.ttf' (155K)
[2020.10.11-16.38.22:122][  0]LogSlate: Took 0.026630 seconds to synchronously load lazily loaded font '../../../Engine/Content/Slate/Fonts/Roboto-Bold.ttf' (160K)
[2020.10.11-16.38.22:185][  0]LogSlate: Took 0.015881 seconds to synchronously load lazily loaded font '../../../Engine/Content/Editor/Slate/Fonts/FontAwesome.ttf' (139K)
[2020.10.11-16.38.22:227][  0]LogSlate: Took 0.027517 seconds to synchronously load lazily loaded font '../../../Engine/Content/Slate/Fonts/DroidSansMono.ttf' (77K)
[2020.10.11-16.38.22:814][  0]LogRenderer: Reallocating scene render targets to support 1208x680 Format 10 NumSamples 1 (Frame:1).
[2020.10.11-16.38.23:373][  0]LogContentBrowser: Native class hierarchy updated for 'HierarchicalLODOutliner' in 0.0006 seconds. Added 0 classes and 0 folders.
[2020.10.11-16.38.23:374][  0]LogLoad: (Engine Initialization) Total time: 78.70 seconds
[2020.10.11-16.38.23:374][  0]LogLoad: (Engine Initialization) Total Blueprint compile time: 0.00 seconds
[2020.10.11-16.38.23:841][  0]LogContentStreaming: Texture pool size now 1000 MB
[2020.10.11-16.38.24:030][  1]LogAssetRegistry: Asset discovery search completed in 59.8571 seconds
[2020.10.11-16.38.24:034][  1]LogCollectionManager: Fixed up redirectors for 0 collections in 0.000003 seconds (updated 0 objects)
[2020.10.11-16.38.29:236][512]LogSlate: Took 0.014105 seconds to synchronously load lazily loaded font '../../../Engine/Content/Slate/Fonts/Roboto-Light.ttf' (167K)
[2020.10.11-16.38.29:323][513]LogActor: Warning: BP_Pistol_C /Engine/Transient.World_0:PersistentLevel.BP_Pistol_C_0 has natively added scene component(s), but none of them were set as the actor's RootComponent - picking one arbitrarily
[2020.10.11-16.38.32:165][782]LogSlate: Took 0.000285 seconds to synchronously load lazily loaded font '../../../Engine/Content/Slate/Fonts/Roboto-Light.ttf' (167K)
[2020.10.11-16.38.32:185][782]LogAssetEditorSubsystem: Opening Asset editor for Blueprint /Game/BluePrints/Pawns/BP_AssultRifleTurret.BP_AssultRifleTurret
[2020.10.11-16.38.33:082][782]LogContentBrowser: Native class hierarchy updated for 'BlueprintGraph' in 0.0008 seconds. Added 125 classes and 0 folders.
[2020.10.11-16.38.39:705][782]LogSlate: Took 0.019365 seconds to synchronously load lazily loaded font '../../../Engine/Content/Slate/Fonts/Roboto-BoldCondensed.ttf' (158K)
[2020.10.11-16.38.40:346][783]LogSlate: Took 0.015053 seconds to synchronously load lazily loaded font '../../../Engine/Content/Slate/Fonts/Roboto-Italic.ttf' (157K)
[2020.10.11-16.38.51:120][807]BlueprintLog: New page: Compile BP_AssultRifleTurret
[2020.10.11-16.38.51:327][807]LogUObjectHash: Compacting FUObjectHashTables data took   1.54ms
[2020.10.11-16.38.52:369][844]LogSavePackage: Moving 'C:/Users/Victo/Documents/Unreal Projects/Team6ProgAssignment/Saved/BP_AssultRifleTurretE56273B943CA4E4AE7B7669DF86C0AC1.tmp' to 'C:/Users/Victo/Documents/Unreal Projects/Team6ProgAssignment/Content/BluePrints/Pawns/BP_AssultRifleTurret.uasset'
[2020.10.11-16.38.52:461][844]AssetCheck: New page: Asset Save: BP_AssultRifleTurret
[2020.10.11-16.38.52:461][844]LogContentValidation: Display: Validating Blueprint /Game/BluePrints/Pawns/BP_AssultRifleTurret.BP_AssultRifleTurret
[2020.10.11-16.38.54:572][986]LogSlate: Prevented a slow task dialog from being summoned while a context menu was open
[2020.10.11-16.39.03:647][933]LogSlate: Window 'BP_AssultRifleTurret' being destroyed
[2020.10.11-16.39.04:838][ 66]LogTemp: Repeating last play command: Selected Viewport
[2020.10.11-16.39.05:002][ 66]LogPlayLevel: PlayLevel: No blueprints needed recompiling
[2020.10.11-16.39.05:070][ 66]PIE: New page: PIE session: FirstPersonExampleMap (11 okt. 2020 20:39:05)
[2020.10.11-16.39.05:148][ 66]LogOnline: OSS: Creating online subsystem instance for: NULL
[2020.10.11-16.39.05:151][ 66]LogOnline: OSS: TryLoadSubsystemAndSetDefault: Loaded subsystem for module [NULL]
[2020.10.11-16.39.05:183][ 66]LogPlayLevel: Creating play world package: /Game/FirstPersonCPP/Maps/UEDPIE_0_FirstPersonExampleMap
[2020.10.11-16.39.05:277][ 66]LogPlayLevel: PIE: StaticDuplicateObject took: (0.093380s)
[2020.10.11-16.39.05:291][ 66]LogAIModule: Creating AISystem for world FirstPersonExampleMap
[2020.10.11-16.39.05:291][ 66]LogAISub: UAISubsystem::UAISubsystem EnvQueryManager (0000024E12C9DE00), frame # 3066
[2020.10.11-16.39.05:291][ 66]LogAISub: UAISubsystem::UAISubsystem AIPerceptionSystem (0000024E0D372480), frame # 3066
[2020.10.11-16.39.05:292][ 66]LogPlayLevel: PIE: World Init took: (0.014833s)
[2020.10.11-16.39.05:292][ 66]LogPlayLevel: PIE: Created PIE world by copying editor world from /Game/FirstPersonCPP/Maps/FirstPersonExampleMap.FirstPersonExampleMap to /Game/FirstPersonCPP/Maps/UEDPIE_0_FirstPersonExampleMap.FirstPersonExampleMap (0.108752s)
[2020.10.11-16.39.05:311][ 66]LogUObjectHash: Compacting FUObjectHashTables data took   2.40ms
[2020.10.11-16.39.05:340][ 66]LogAudioMixer: Display: Audio Mixer Platform Settings:
[2020.10.11-16.39.05:340][ 66]LogAudioMixer: Display: 	Sample Rate:						  48000
[2020.10.11-16.39.05:340][ 66]LogAudioMixer: Display: 	Callback Buffer Frame Size Requested: 1024
[2020.10.11-16.39.05:340][ 66]LogAudioMixer: Display: 	Callback Buffer Frame Size To Use:	  1024
[2020.10.11-16.39.05:340][ 66]LogAudioMixer: Display: 	Number of buffers to queue:			  2
[2020.10.11-16.39.05:340][ 66]LogAudioMixer: Display: 	Max Channels (voices):				  32
[2020.10.11-16.39.05:341][ 66]LogAudioMixer: Display: 	Number of Async Source Workers:		  0
[2020.10.11-16.39.05:341][ 66]LogAudio: Display: AudioDevice MaxSources: 32
[2020.10.11-16.39.05:341][ 66]LogAudio: Display: Using built-in audio occlusion.
[2020.10.11-16.39.05:341][ 66]LogAudioMixer: Display: Initializing audio mixer.
[2020.10.11-16.39.05:348][ 66]LogAudioMixer: Display: 0: FrontLeft
[2020.10.11-16.39.05:348][ 66]LogAudioMixer: Display: 1: FrontRight
[2020.10.11-16.39.05:387][ 66]LogAudioMixer: Display: Using Audio Device Högtalare (Yeti Stereo Microphone)
[2020.10.11-16.39.05:387][ 66]LogAudioMixer: Display: Initializing Sound Submixes...
[2020.10.11-16.39.05:387][ 66]LogAudioMixer: Display: Creating Master Submix 'MasterSubmixDefault'
[2020.10.11-16.39.05:388][ 66]LogAudioMixer: Display: Creating Master Submix 'MasterReverbSubmixDefault'
[2020.10.11-16.39.05:388][ 66]LogAudioMixer: Display: Creating Master Submix 'MasterEQSubmixDefault'
[2020.10.11-16.39.05:400][ 66]LogInit: FAudioDevice initialized.
[2020.10.11-16.39.05:703][ 66]LogLoad: Game class is 'BP_GameMode_C'
[2020.10.11-16.39.05:835][ 66]LogWorld: Bringing World /Game/FirstPersonCPP/Maps/UEDPIE_0_FirstPersonExampleMap.FirstPersonExampleMap up for play (max tick rate 0) at 2020.10.11-18.39.05
[2020.10.11-16.39.06:029][ 66]LogWorld: Bringing up level for play took: 0.201489
[2020.10.11-16.39.06:050][ 66]LogOnline: OSS: Creating online subsystem instance for: :Context_6
[2020.10.11-16.39.06:250][ 66]LogContentBrowser: Native class hierarchy updated for 'MovieSceneCapture' in 0.0006 seconds. Added 20 classes and 0 folders.
[2020.10.11-16.39.06:446][ 66]LogActor: Warning: BP_AssultRifle_C /Game/FirstPersonCPP/Maps/UEDPIE_0_FirstPersonExampleMap.FirstPersonExampleMap:PersistentLevel.BP_AssultRifle_C_0 has natively added scene component(s), but none of them were set as the actor's RootComponent - picking one arbitrarily
[2020.10.11-16.39.06:491][ 66]PIE: Server logged in
[2020.10.11-16.39.06:504][ 66]PIE: Play in editor total start time 1,617 seconds.
[2020.10.11-16.39.08:695][238]LogTemp: Error: Assult Rifle Fired
[2020.10.11-16.39.08:701][239]LogTemp: Error: Assult Rifle Fired
[2020.10.11-16.39.08:710][240]LogTemp: Error: Assult Rifle Fired
[2020.10.11-16.39.08:718][241]LogTemp: Error: Assult Rifle Fired
[2020.10.11-16.39.08:728][242]LogTemp: Error: Assult Rifle Fired
[2020.10.11-16.39.08:734][243]LogTemp: Error: Assult Rifle Fired
[2020.10.11-16.39.08:744][244]LogTemp: Error: Assult Rifle Fired
[2020.10.11-16.39.08:751][245]LogTemp: Error: Assult Rifle Fired
[2020.10.11-16.39.08:759][246]LogTemp: Error: Assult Rifle Fired
[2020.10.11-16.39.08:768][247]LogTemp: Error: Assult Rifle Fired
[2020.10.11-16.39.08:776][248]LogTemp: Error: Assult Rifle Fired
[2020.10.11-16.39.08:784][249]LogTemp: Error: Assult Rifle Fired
[2020.10.11-16.39.08:793][250]LogTemp: Error: Assult Rifle Fired
[2020.10.11-16.39.08:801][251]LogTemp: Error: Assult Rifle Fired
[2020.10.11-16.39.08:810][252]LogTemp: Error: Assult Rifle Fired
[2020.10.11-16.39.08:818][253]LogTemp: Error: Assult Rifle Fired
[2020.10.11-16.39.08:827][254]LogTemp: Error: Assult Rifle Fired
[2020.10.11-16.39.08:834][255]LogTemp: Error: Assult Rifle Fired
[2020.10.11-16.39.08:842][256]LogTemp: Error: Assult Rifle Fired
[2020.10.11-16.39.08:851][257]LogTemp: Error: Assult Rifle Fired
[2020.10.11-16.39.08:860][258]LogTemp: Error: Assult Rifle Fired
[2020.10.11-16.39.08:868][259]LogTemp: Error: Assult Rifle Fired
[2020.10.11-16.39.08:877][260]LogTemp: Error: Assult Rifle Fired
[2020.10.11-16.39.08:886][261]LogTemp: Error: Assult Rifle Fired
[2020.10.11-16.39.08:895][262]LogTemp: Error: Assult Rifle Fired
[2020.10.11-16.39.09:970][391]LogTemp: Error: Assult Rifle Fired
[2020.10.11-16.39.09:978][392]LogTemp: Error: Assult Rifle Fired
[2020.10.11-16.39.09:986][393]LogTemp: Error: Assult Rifle Fired
[2020.10.11-16.39.09:995][394]LogTemp: Error: Assult Rifle Fired
[2020.10.11-16.39.10:004][395]LogTemp: Error: Assult Rifle Fired
[2020.10.11-16.39.10:012][396]LogTemp: Error: Assult Rifle Fired
[2020.10.11-16.39.10:020][397]LogTemp: Error: Assult Rifle Fired
[2020.10.11-16.39.10:029][398]LogTemp: Error: Assult Rifle Fired
[2020.10.11-16.39.10:037][399]LogTemp: Error: Assult Rifle Fired
[2020.10.11-16.39.10:045][400]LogTemp: Error: Assult Rifle Fired
[2020.10.11-16.39.10:054][401]LogTemp: Error: Assult Rifle Fired
[2020.10.11-16.39.12:643][711]LogTemp: Error: Assult Rifle Fired
[2020.10.11-16.39.12:652][712]LogTemp: Error: Assult Rifle Fired
[2020.10.11-16.39.12:669][714]LogTemp: Error: Assult Rifle Fired
[2020.10.11-16.39.12:685][716]LogTemp: Error: Assult Rifle Fired
[2020.10.11-16.39.12:692][717]LogTemp: Error: Assult Rifle Fired
[2020.10.11-16.39.12:709][719]LogTemp: Error: Assult Rifle Fired
[2020.10.11-16.39.12:717][720]LogTemp: Error: Assult Rifle Fired
[2020.10.11-16.39.12:726][721]LogTemp: Error: Assult Rifle Fired
[2020.10.11-16.39.12:734][722]LogTemp: Error: Assult Rifle Fired
[2020.10.11-16.39.12:743][723]LogTemp: Error: Assult Rifle Fired
[2020.10.11-16.39.12:751][724]LogTemp: Error: Assult Rifle Fired
[2020.10.11-16.39.12:760][725]LogTemp: Error: Assult Rifle Fired
[2020.10.11-16.39.12:768][726]LogTemp: Error: Assult Rifle Fired
[2020.10.11-16.39.12:776][727]LogTemp: Error: Assult Rifle Fired
[2020.10.11-16.39.12:785][728]LogTemp: Error: Assult Rifle Fired
[2020.10.11-16.39.12:795][729]LogTemp: Error: Assult Rifle Fired
[2020.10.11-16.39.12:801][730]LogTemp: Error: Assult Rifle Fired
[2020.10.11-16.39.12:810][731]LogTemp: Error: Assult Rifle Fired
[2020.10.11-16.39.12:818][732]LogTemp: Error: Assult Rifle Fired
[2020.10.11-16.39.12:827][733]LogTemp: Error: Assult Rifle Fired
[2020.10.11-16.39.13:517][803]LogSlate: Updating window title bar state: overlay mode, drag disabled, window buttons hidden, title bar hidden
[2020.10.11-16.39.13:518][803]LogWorld: BeginTearingDown for /Game/FirstPersonCPP/Maps/UEDPIE_0_FirstPersonExampleMap
[2020.10.11-16.39.13:584][803]LogWorld: UWorld::CleanupWorld for FirstPersonExampleMap, bSessionEnded=true, bCleanupResources=true
[2020.10.11-16.39.13:603][803]LogSlate: InvalidateAllWidgets triggered.  All widgets were invalidated
[2020.10.11-16.39.13:665][803]LogPlayLevel: Display: Shutting down PIE online subsystems
[2020.10.11-16.39.13:694][803]LogSlate: InvalidateAllWidgets triggered.  All widgets were invalidated
[2020.10.11-16.39.13:714][803]LogSlate: Updating window title bar state: overlay mode, drag disabled, window buttons hidden, title bar hidden
[2020.10.11-16.39.14:003][803]LogAISub: UAISubsystem::~UAISubsystem AIPerceptionSystem (0000024E0D372480), frame # 3803
[2020.10.11-16.39.14:004][803]LogAISub: UAISubsystem::~UAISubsystem EnvQueryManager (0000024E12C9DE00), frame # 3803
[2020.10.11-16.39.14:060][803]LogUObjectHash: Compacting FUObjectHashTables data took   3.98ms
[2020.10.11-16.39.14:121][804]LogPlayLevel: Display: Destroying online subsystem :Context_6
[2020.10.11-16.39.30:046][658]LogUObjectHash: Compacting FUObjectHashTables data took   2.07ms
[2020.10.11-16.39.30:115][658]LogWorld: UWorld::CleanupWorld for World_3, bSessionEnded=true, bCleanupResources=true
[2020.10.11-16.39.30:115][658]LogSlate: InvalidateAllWidgets triggered.  All widgets were invalidated
[2020.10.11-16.39.30:409][658]LogSlate: Window 'Team6ProgAssignment - Unreal Editor' being destroyed
[2020.10.11-16.39.30:418][658]LogWindowsTextInputMethodSystem: Display: IME system now deactivated.
[2020.10.11-16.39.30:795][659]Cmd: QUIT_EDITOR
[2020.10.11-16.39.30:795][659]LogCore: Engine exit requested (reason: UUnrealEdEngine::CloseEditor())
[2020.10.11-16.39.30:853][659]LogCore: Engine exit requested (reason: EngineExit() was called; note: exit was already requested)
[2020.10.11-16.39.31:319][659]LogExit: Preparing to exit.
