Log file open, 10/11/20 19:54:04
LogInit: Display: Running engine for game: Team6ProgAssignment
LogPlatformFile: Not using cached read wrapper
LogTaskGraph: Started task graph with 5 named threads and 20 total threads with 3 sets of task threads.
LogStats: Stats thread started at 0.328955
LogD3D11RHI: Loaded GFSDK_Aftermath_Lib.x64.dll
LogICUInternationalization: ICU TimeZone Detection - Raw Offset: +1:00, Platform Override: ''
LogPluginManager: Mounting plugin Paper2D
LogPluginManager: Mounting plugin AISupport
LogPluginManager: Mounting plugin LightPropagationVolume
LogPluginManager: Mounting plugin CameraShakePreviewer
LogPluginManager: Mounting plugin ActorLayerUtilities
LogPluginManager: Mounting plugin AnimationSharing
LogPluginManager: Mounting plugin CLionSourceCodeAccess
LogPluginManager: Mounting plugin CodeLiteSourceCodeAccess
LogPluginManager: Mounting plugin GitSourceControl
LogPluginManager: Mounting plugin KDevelopSourceCodeAccess
LogPluginManager: Mounting plugin NullSourceCodeAccess
LogPluginManager: Mounting plugin PerforceSourceControl
LogPluginManager: Mounting plugin PlasticSourceControl
LogPluginManager: Mounting plugin RiderSourceCodeAccess
LogPluginManager: Mounting plugin SubversionSourceControl
LogPluginManager: Mounting plugin UObjectPlugin
LogPluginManager: Mounting plugin VisualStudioCodeSourceCodeAccess
LogPluginManager: Mounting plugin VisualStudioSourceCodeAccess
LogPluginManager: Mounting plugin XCodeSourceCodeAccess
LogPluginManager: Mounting plugin AssetManagerEditor
LogPluginManager: Mounting plugin CryptoKeys
LogPluginManager: Mounting plugin CurveEditorTools
LogPluginManager: Mounting plugin DataValidation
LogPluginManager: Mounting plugin EditorScriptingUtilities
LogPluginManager: Mounting plugin FacialAnimation
LogPluginManager: Mounting plugin GameplayTagsEditor
LogPluginManager: Mounting plugin GeometryMode
LogPluginManager: Mounting plugin MacGraphicsSwitching
LogPluginManager: Mounting plugin MaterialAnalyzer
LogPluginManager: Mounting plugin MobileLauncherProfileWizard
LogPluginManager: Mounting plugin PluginBrowser
LogPluginManager: Mounting plugin SpeedTreeImporter
LogPluginManager: Mounting plugin DatasmithContent
LogPluginManager: Mounting plugin VariantManagerContent
LogPluginManager: Mounting plugin AlembicImporter
LogPluginManager: Mounting plugin AutomationUtils
LogPluginManager: Mounting plugin BackChannel
LogPluginManager: Mounting plugin ChaosCloth
LogPluginManager: Mounting plugin ChaosClothEditor
LogPluginManager: Mounting plugin ChaosEditor
LogPluginManager: Mounting plugin ChaosNiagara
LogPluginManager: Mounting plugin ChaosSolverPlugin
LogPluginManager: Mounting plugin CharacterAI
LogPluginManager: Mounting plugin GeometryCache
LogPluginManager: Mounting plugin GeometryCollectionPlugin
LogPluginManager: Mounting plugin GeometryProcessing
LogPluginManager: Mounting plugin PlanarCut
LogPluginManager: Mounting plugin PlatformCrypto
LogPluginManager: Mounting plugin ProxyLODPlugin
LogPluginManager: Mounting plugin SkeletalReduction
LogPluginManager: Mounting plugin Niagara
LogPluginManager: Mounting plugin MagicLeap
LogPluginManager: Mounting plugin MagicLeapLightEstimation
LogPluginManager: Mounting plugin MagicLeapMedia
LogPluginManager: Mounting plugin MagicLeapPassableWorld
LogPluginManager: Mounting plugin MLSDK
LogPluginManager: Mounting plugin AndroidMedia
LogPluginManager: Mounting plugin AvfMedia
LogPluginManager: Mounting plugin ImgMedia
LogPluginManager: Mounting plugin MediaCompositing
LogPluginManager: Mounting plugin MediaPlayerEditor
LogPluginManager: Mounting plugin WebMMedia
LogPluginManager: Mounting plugin WmfMedia
LogPluginManager: Mounting plugin MeshPainting
LogPluginManager: Mounting plugin TcpMessaging
LogPluginManager: Mounting plugin UdpMessaging
LogPluginManager: Mounting plugin ActorSequence
LogPluginManager: Mounting plugin LevelSequenceEditor
LogPluginManager: Mounting plugin MatineeToLevelSequence
LogPluginManager: Mounting plugin MovieRenderPipeline
LogPluginManager: Mounting plugin TemplateSequence
LogPluginManager: Mounting plugin NetcodeUnitTest
LogPluginManager: Mounting plugin NUTUnrealEngine4
LogPluginManager: Mounting plugin OnlineSubsystemGooglePlay
LogPluginManager: Mounting plugin OnlineSubsystemIOS
LogPluginManager: Mounting plugin OnlineSubsystem
LogPluginManager: Mounting plugin OnlineSubsystemNull
LogPluginManager: Mounting plugin OnlineSubsystemUtils
LogPluginManager: Mounting plugin LauncherChunkInstaller
LogPluginManager: Mounting plugin AndroidDeviceProfileSelector
LogPluginManager: Mounting plugin AndroidMoviePlayer
LogPluginManager: Mounting plugin AndroidPermission
LogPluginManager: Mounting plugin AppleImageUtils
LogPluginManager: Mounting plugin AppleMoviePlayer
LogPluginManager: Mounting plugin ArchVisCharacter
LogPluginManager: Mounting plugin AssetTags
LogPluginManager: Mounting plugin AudioCapture
LogPluginManager: Mounting plugin CableComponent
LogPluginManager: Mounting plugin CustomMeshComponent
LogPluginManager: Mounting plugin EditableMesh
LogPluginManager: Mounting plugin ExampleDeviceProfileSelector
LogPluginManager: Mounting plugin GoogleCloudMessaging
LogPluginManager: Mounting plugin GooglePAD
LogPluginManager: Mounting plugin IOSDeviceProfileSelector
LogPluginManager: Mounting plugin LinuxDeviceProfileSelector
LogPluginManager: Mounting plugin LocationServicesBPLibrary
LogPluginManager: Mounting plugin MobilePatchingUtils
LogPluginManager: Mounting plugin PhysXVehicles
LogPluginManager: Mounting plugin PostSplashScreen
LogPluginManager: Mounting plugin ProceduralMeshComponent
LogPluginManager: Mounting plugin RuntimePhysXCooking
LogPluginManager: Mounting plugin SignificanceManager
LogPluginManager: Mounting plugin SoundFields
LogPluginManager: Mounting plugin Synthesis
LogPluginManager: Mounting plugin WebMMoviePlayer
LogPluginManager: Mounting plugin WindowsMoviePlayer
LogPluginManager: Mounting plugin ScreenshotTools
LogInit: Warning: Incompatible or missing module: Team6ProgAssignment
Running E:/EpicGames/UE_4.25/Engine/Binaries/DotNET/UnrealBuildTool.exe Development Win64 -Project="C:/Users/Victo/Documents/Unreal Projects/Team6ProgAssignment/Team6ProgAssignment.uproject" -TargetType=Editor -Progress -NoEngineChanges -NoHotReloadFromIDE
Creating makefile for Team6ProgAssignmentEditor (no existing makefile)
@progress push 5%
Parsing headers for Team6ProgAssignmentEditor
  Running UnrealHeaderTool "C:\Users\Victo\Documents\Unreal Projects\Team6ProgAssignment\Team6ProgAssignment.uproject" "C:\Users\Victo\Documents\Unreal Projects\Team6ProgAssignment\Intermediate\Build\Win64\Team6ProgAssignmentEditor\Development\Team6ProgAssignmentEditor.uhtmanifest" -LogCmds="loginit warning, logexit warning, logdatabase error" -Unattended -WarningsAsErrors -abslog="C:\Users\Victo\AppData\Local\UnrealBuildTool\Log_UHT.txt" -installed
Reflection code generated for Team6ProgAssignmentEditor in 7,1617714 seconds
@progress pop
Building Team6ProgAssignmentEditor...
Using Visual Studio 2019 14.22.27905 toolchain (C:\Program Files (x86)\Microsoft Visual Studio\2019\Community\VC\Tools\MSVC\14.22.27905) and Windows 10.0.18362.0 SDK (C:\Program Files (x86)\Windows Kits\10).
Building 33 actions with 6 processes...
  @progress 'Compiling C++ source code...' 0%
  @progress 'Compiling C++ source code...' 3%
  [1/33] Default.rc2
  @progress 'Compiling C++ source code...' 6%
  [2/33] SharedPCH.Engine.ShadowErrors.cpp
  @progress 'Compiling C++ source code...' 9%
  [3/33] Team6ProgAssignment.cpp
  @progress 'Compiling C++ source code...' 12%
  [4/33] ScoreSystem.cpp
  @progress 'Compiling C++ source code...' 15%
  [5/33] Team6ProgAssignmentGameMode.cpp
  @progress 'Compiling C++ source code...' 18%
  [6/33] Team6ProgAssignmentHUD.cpp
  @progress 'Compiling C++ source code...' 21%
  [7/33] TurretBase.cpp
  @progress 'Compiling C++ source code...' 24%
  [8/33] AssultRifle.cpp
  @progress 'Compiling C++ source code...' 27%
  [9/33] DefaultTurret.cpp
  @progress 'Compiling C++ source code...' 30%
  [10/33] BaseGun.cpp
  @progress 'Compiling C++ source code...' 33%
  [11/33] AssultRifleTurret.cpp
  @progress 'Compiling C++ source code...' 36%
  [12/33] Team6ProgAssignmentCharacter.cpp
  @progress 'Compiling C++ source code...' 39%
  [13/33] EnemyAIController.cpp
  @progress 'Compiling C++ source code...' 42%
  [14/33] AIEnemy.cpp
  @progress 'Compiling C++ source code...' 45%
  [15/33] Team6ProgAssignmentProjectile.cpp
  @progress 'Compiling C++ source code...' 48%
  [16/33] AIEnemy.gen.cpp
  @progress 'Compiling C++ source code...' 52%
  [17/33] TurretBase.gen.cpp
  @progress 'Compiling C++ source code...' 55%
  [18/33] Team6ProgAssignmentProjectile.gen.cpp
  @progress 'Compiling C++ source code...' 58%
  [19/33] Team6ProgAssignmentGameMode.gen.cpp
  @progress 'Compiling C++ source code...' 61%
  [20/33] AssultRifle.gen.cpp
  @progress 'Compiling C++ source code...' 64%
  [21/33] Team6ProgAssignmentHUD.gen.cpp
  @progress 'Compiling C++ source code...' 67%
  [22/33] Team6ProgAssignment.init.gen.cpp
  @progress 'Compiling C++ source code...' 70%
  [23/33] Team6ProgAssignmentCharacter.gen.cpp
  @progress 'Compiling C++ source code...' 73%
  [24/33] Pistol.gen.cpp
  @progress 'Compiling C++ source code...' 76%
  [25/33] AssultRifleTurret.gen.cpp
  @progress 'Compiling C++ source code...' 79%
  [26/33] ScoreSystem.gen.cpp
  @progress 'Compiling C++ source code...' 82%
  [27/33] BaseGun.gen.cpp
  @progress 'Compiling C++ source code...' 85%
  [28/33] DefaultTurret.gen.cpp
  @progress 'Compiling C++ source code...' 88%
  [29/33] Pistol.cpp
  @progress 'Compiling C++ source code...' 91%
  [30/33] EnemyAIController.gen.cpp
  @progress 'Compiling C++ source code...' 94%
  [31/33] UE4Editor-Team6ProgAssignment.lib
     Creating library C:\Users\Victo\Documents\Unreal Projects\Team6ProgAssignment\Intermediate\Build\Win64\UE4Editor\Development\Team6ProgAssignment\UE4Editor-Team6ProgAssignment.lib and object C:\Users\Victo\Documents\Unreal Projects\Team6ProgAssignment\Intermediate\Build\Win64\UE4Editor\Development\Team6ProgAssignment\UE4Editor-Team6ProgAssignment.exp
  @progress 'Compiling C++ source code...' 97%
  [32/33] UE4Editor-Team6ProgAssignment.dll
     Creating library C:\Users\Victo\Documents\Unreal Projects\Team6ProgAssignment\Intermediate\Build\Win64\UE4Editor\Development\Team6ProgAssignment\UE4Editor-Team6ProgAssignment.suppressed.lib and object C:\Users\Victo\Documents\Unreal Projects\Team6ProgAssignment\Intermediate\Build\Win64\UE4Editor\Development\Team6ProgAssignment\UE4Editor-Team6ProgAssignment.suppressed.exp
  @progress 'Compiling C++ source code...' 100%
  [33/33] Team6ProgAssignmentEditor.target
Total time in Parallel executor: 40,24 seconds
Total execution time: 69,24 seconds
LogInit: Using libcurl 7.55.1-DEV
LogInit:  - built for x86_64-pc-win32
LogInit:  - supports SSL with OpenSSL/1.1.1
LogInit:  - supports HTTP deflate (compression) using libz 1.2.8
LogInit:  - other features:
LogInit:      CURL_VERSION_SSL
LogInit:      CURL_VERSION_LIBZ
LogInit:      CURL_VERSION_IPV6
LogInit:      CURL_VERSION_ASYNCHDNS
LogInit:      CURL_VERSION_LARGEFILE
LogInit:      CURL_VERSION_IDN
LogInit:  CurlRequestOptions (configurable via config and command line):
LogInit:  - bVerifyPeer = true  - Libcurl will verify peer certificate
LogInit:  - bUseHttpProxy = false  - Libcurl will NOT use HTTP proxy
LogInit:  - bDontReuseConnections = false  - Libcurl will reuse connections
LogInit:  - MaxHostConnections = 16  - Libcurl will limit the number of connections to a host
LogInit:  - LocalHostAddr = Default
LogInit:  - BufferSize = 65536
LogOnline: OSS: Creating online subsystem instance for: NULL
LogInit: WinSock: version 1.1 (2.2), MaxSocks=32767, MaxUdp=65467
LogOnline: OSS: TryLoadSubsystemAndSetDefault: Loaded subsystem for module [NULL]
LogInit: Build: ++UE4+Release-4.25-CL-13942748
LogInit: Engine Version: 4.25.3-13942748+++UE4+Release-4.25
LogInit: Compatible Engine Version: 4.25.0-13144385+++UE4+Release-4.25
LogInit: Net CL: 13144385
LogInit: OS: Windows 10 (Release 2004) (), CPU: Intel(R) Core(TM) i5-8600K CPU @ 3.60GHz, GPU: NVIDIA GeForce GTX 1070
LogInit: Compiled (64-bit): Jul 25 2020 02:07:48
LogInit: Compiled with Visual C++: 19.24.28315.00
LogInit: Build Configuration: Development
LogInit: Branch Name: ++UE4+Release-4.25
LogInit: Command Line:  -skipcompile
LogInit: Base Directory: E:/EpicGames/UE_4.25/Engine/Binaries/Win64/
LogInit: Allocator: TBB
LogInit: Installed Engine Build: 1
LogDevObjectVersion: Number of dev versions registered: 26
LogDevObjectVersion:   Dev-Blueprints (B0D832E4-1F89-4F0D-ACCF-7EB736FD4AA2): 10
LogDevObjectVersion:   Dev-Build (E1C64328-A22C-4D53-A36C-8E866417BD8C): 0
LogDevObjectVersion:   Dev-Core (375EC13C-06E4-48FB-B500-84F0262A717E): 4
LogDevObjectVersion:   Dev-Editor (E4B068ED-F494-42E9-A231-DA0B2E46BB41): 38
LogDevObjectVersion:   Dev-Framework (CFFC743F-43B0-4480-9391-14DF171D2073): 37
LogDevObjectVersion:   Dev-Mobile (B02B49B5-BB20-44E9-A304-32B752E40360): 2
LogDevObjectVersion:   Dev-Networking (A4E4105C-59A1-49B5-A7C5-40C4547EDFEE): 0
LogDevObjectVersion:   Dev-Online (39C831C9-5AE6-47DC-9A44-9C173E1C8E7C): 0
LogDevObjectVersion:   Dev-Physics (78F01B33-EBEA-4F98-B9B4-84EACCB95AA2): 4
LogDevObjectVersion:   Dev-Platform (6631380F-2D4D-43E0-8009-CF276956A95A): 0
LogDevObjectVersion:   Dev-Rendering (12F88B9F-8875-4AFC-A67C-D90C383ABD29): 43
LogDevObjectVersion:   Dev-Sequencer (7B5AE74C-D270-4C10-A958-57980B212A5A): 12
LogDevObjectVersion:   Dev-VR (D7296918-1DD6-4BDD-9DE2-64A83CC13884): 3
LogDevObjectVersion:   Dev-LoadTimes (C2A15278-BFE7-4AFE-6C17-90FF531DF755): 1
LogDevObjectVersion:   Private-Geometry (6EACA3D4-40EC-4CC1-B786-8BED09428FC5): 3
LogDevObjectVersion:   Dev-AnimPhys (29E575DD-E0A3-4627-9D10-D276232CDCEA): 17
LogDevObjectVersion:   Dev-Anim (AF43A65D-7FD3-4947-9873-3E8ED9C1BB05): 7
LogDevObjectVersion:   Dev-ReflectionCapture (6B266CEC-1EC7-4B8F-A30B-E4D90942FC07): 1
LogDevObjectVersion:   Dev-Automation (0DF73D61-A23F-47EA-B727-89E90C41499A): 1
LogDevObjectVersion:   FortniteMain (601D1886-AC64-4F84-AA16-D3DE0DEAC7D6): 31
LogDevObjectVersion:   Dev-Enterprise (9DFFBCD6-494F-0158-E221-12823C92A888): 10
LogDevObjectVersion:   Dev-Niagara (F2AED0AC-9AFE-416F-8664-AA7FFA26D6FC): 1
LogDevObjectVersion:   Dev-Destruction (174F1F0B-B4C6-45A5-B13F-2EE8D0FB917D): 10
LogDevObjectVersion:   Dev-Physics-Ext (35F94A83-E258-406C-A318-09F59610247C): 37
LogDevObjectVersion:   Dev-PhysicsMaterial-Chaos (B68FC16E-8B1B-42E2-B453-215C058844FE): 1
LogDevObjectVersion:   Dev-CineCamera (B2E18506-4273-CFC2-A54E-F4BB758BBA07): 1
LogInit: Presizing for max 25165824 objects, including 0 objects not considered by GC, pre-allocating 0 bytes for permanent pool.
LogConfig: Applying CVar settings from Section [/Script/Engine.StreamingSettings] File [C:/Users/Victo/Documents/Unreal Projects/Team6ProgAssignment/Saved/Config/Windows/Engine.ini]
LogConfig: Setting CVar [[s.MinBulkDataSizeForAsyncLoading:131072]]
LogConfig: Setting CVar [[s.AsyncLoadingThreadEnabled:0]]
LogConfig: Setting CVar [[s.EventDrivenLoaderEnabled:1]]
LogConfig: Setting CVar [[s.WarnIfTimeLimitExceeded:0]]
LogConfig: Setting CVar [[s.TimeLimitExceededMultiplier:1.5]]
LogConfig: Setting CVar [[s.TimeLimitExceededMinTime:0.005]]
LogConfig: Setting CVar [[s.UseBackgroundLevelStreaming:1]]
LogConfig: Setting CVar [[s.PriorityAsyncLoadingExtraTime:15.0]]
LogConfig: Setting CVar [[s.LevelStreamingActorsUpdateTimeLimit:5.0]]
LogConfig: Setting CVar [[s.PriorityLevelStreamingActorsUpdateExtraTime:5.0]]
LogConfig: Setting CVar [[s.LevelStreamingComponentsRegistrationGranularity:10]]
LogConfig: Setting CVar [[s.UnregisterComponentsTimeLimit:1.0]]
LogConfig: Setting CVar [[s.LevelStreamingComponentsUnregistrationGranularity:5]]
LogConfig: Setting CVar [[s.FlushStreamingOnExit:1]]
LogInit: Object subsystem initialized
LogConfig: Setting CVar [[con.DebugEarlyDefault:1]]
LogConfig: Setting CVar [[r.setres:1280x720]]
[2020.10.11-17.55.19:441][  0]LogConfig: Setting CVar [[r.VSync:0]]
[2020.10.11-17.55.19:441][  0]LogConfig: Setting CVar [[r.RHICmdBypass:0]]
[2020.10.11-17.55.19:441][  0]LogConfig: Applying CVar settings from Section [/Script/Engine.RendererSettings] File [C:/Users/Victo/Documents/Unreal Projects/Team6ProgAssignment/Saved/Config/Windows/Engine.ini]
[2020.10.11-17.55.19:441][  0]LogConfig: Setting CVar [[r.GPUCrashDebugging:0]]
[2020.10.11-17.55.19:442][  0]LogConfig: Applying CVar settings from Section [/Script/Engine.RendererOverrideSettings] File [C:/Users/Victo/Documents/Unreal Projects/Team6ProgAssignment/Saved/Config/Windows/Engine.ini]
[2020.10.11-17.55.19:442][  0]LogConfig: Applying CVar settings from Section [/Script/Engine.StreamingSettings] File [C:/Users/Victo/Documents/Unreal Projects/Team6ProgAssignment/Saved/Config/Windows/Engine.ini]
[2020.10.11-17.55.19:442][  0]LogConfig: Setting CVar [[s.MinBulkDataSizeForAsyncLoading:131072]]
[2020.10.11-17.55.19:442][  0]LogConfig: Setting CVar [[s.AsyncLoadingThreadEnabled:0]]
[2020.10.11-17.55.19:442][  0]LogConfig: Setting CVar [[s.EventDrivenLoaderEnabled:1]]
[2020.10.11-17.55.19:442][  0]LogConfig: Setting CVar [[s.WarnIfTimeLimitExceeded:0]]
[2020.10.11-17.55.19:442][  0]LogConfig: Setting CVar [[s.TimeLimitExceededMultiplier:1.5]]
[2020.10.11-17.55.19:442][  0]LogConfig: Setting CVar [[s.TimeLimitExceededMinTime:0.005]]
[2020.10.11-17.55.19:442][  0]LogConfig: Setting CVar [[s.UseBackgroundLevelStreaming:1]]
[2020.10.11-17.55.19:442][  0]LogConfig: Setting CVar [[s.PriorityAsyncLoadingExtraTime:15.0]]
[2020.10.11-17.55.19:442][  0]LogConfig: Setting CVar [[s.LevelStreamingActorsUpdateTimeLimit:5.0]]
[2020.10.11-17.55.19:442][  0]LogConfig: Setting CVar [[s.PriorityLevelStreamingActorsUpdateExtraTime:5.0]]
[2020.10.11-17.55.19:442][  0]LogConfig: Setting CVar [[s.LevelStreamingComponentsRegistrationGranularity:10]]
[2020.10.11-17.55.19:442][  0]LogConfig: Setting CVar [[s.UnregisterComponentsTimeLimit:1.0]]
[2020.10.11-17.55.19:442][  0]LogConfig: Setting CVar [[s.LevelStreamingComponentsUnregistrationGranularity:5]]
[2020.10.11-17.55.19:442][  0]LogConfig: Setting CVar [[s.FlushStreamingOnExit:1]]
[2020.10.11-17.55.19:442][  0]LogConfig: Applying CVar settings from Section [/Script/Engine.GarbageCollectionSettings] File [C:/Users/Victo/Documents/Unreal Projects/Team6ProgAssignment/Saved/Config/Windows/Engine.ini]
[2020.10.11-17.55.19:443][  0]LogConfig: Setting CVar [[gc.MaxObjectsNotConsideredByGC:1]]
[2020.10.11-17.55.19:443][  0]LogConfig: Setting CVar [[gc.SizeOfPermanentObjectPool:0]]
[2020.10.11-17.55.19:443][  0]LogConfig: Setting CVar [[gc.FlushStreamingOnGC:0]]
[2020.10.11-17.55.19:443][  0]LogConfig: Setting CVar [[gc.NumRetriesBeforeForcingGC:10]]
[2020.10.11-17.55.19:443][  0]LogConfig: Setting CVar [[gc.AllowParallelGC:1]]
[2020.10.11-17.55.19:443][  0]LogConfig: Setting CVar [[gc.TimeBetweenPurgingPendingKillObjects:61.1]]
[2020.10.11-17.55.19:443][  0]LogConfig: Setting CVar [[gc.MaxObjectsInEditor:25165824]]
[2020.10.11-17.55.19:444][  0]LogConfig: Setting CVar [[gc.IncrementalBeginDestroyEnabled:1]]
[2020.10.11-17.55.19:444][  0]LogConfig: Setting CVar [[gc.CreateGCClusters:1]]
[2020.10.11-17.55.19:444][  0]LogConfig: Setting CVar [[gc.MinGCClusterSize:5]]
[2020.10.11-17.55.19:444][  0]LogConfig: Setting CVar [[gc.ActorClusteringEnabled:0]]
[2020.10.11-17.55.19:444][  0]LogConfig: Setting CVar [[gc.BlueprintClusteringEnabled:0]]
[2020.10.11-17.55.19:444][  0]LogConfig: Setting CVar [[gc.UseDisregardForGCOnDedicatedServers:0]]
[2020.10.11-17.55.19:444][  0]LogConfig: Applying CVar settings from Section [/Script/Engine.NetworkSettings] File [C:/Users/Victo/Documents/Unreal Projects/Team6ProgAssignment/Saved/Config/Windows/Engine.ini]
[2020.10.11-17.55.19:444][  0]LogConfig: Applying CVar settings from Section [/Script/UnrealEd.CookerSettings] File [C:/Users/Victo/Documents/Unreal Projects/Team6ProgAssignment/Saved/Config/Windows/Engine.ini]
[2020.10.11-17.55.19:454][  0]LogConfig: Applying CVar settings from Section [ViewDistanceQuality@3] File [C:/Users/Victo/Documents/Unreal Projects/Team6ProgAssignment/Saved/Config/Windows/Scalability.ini]
[2020.10.11-17.55.19:455][  0]LogConfig: Setting CVar [[r.SkeletalMeshLODBias:0]]
[2020.10.11-17.55.19:456][  0]LogConfig: Setting CVar [[r.ViewDistanceScale:1.0]]
[2020.10.11-17.55.19:456][  0]LogConfig: Applying CVar settings from Section [AntiAliasingQuality@3] File [C:/Users/Victo/Documents/Unreal Projects/Team6ProgAssignment/Saved/Config/Windows/Scalability.ini]
[2020.10.11-17.55.19:456][  0]LogConfig: Setting CVar [[r.PostProcessAAQuality:4]]
[2020.10.11-17.55.19:456][  0]LogConfig: Applying CVar settings from Section [ShadowQuality@3] File [C:/Users/Victo/Documents/Unreal Projects/Team6ProgAssignment/Saved/Config/Windows/Scalability.ini]
[2020.10.11-17.55.19:456][  0]LogConfig: Setting CVar [[r.LightFunctionQuality:1]]
[2020.10.11-17.55.19:457][  0]LogConfig: Setting CVar [[r.ShadowQuality:5]]
[2020.10.11-17.55.19:457][  0]LogConfig: Setting CVar [[r.Shadow.CSM.MaxCascades:10]]
[2020.10.11-17.55.19:457][  0]LogConfig: Setting CVar [[r.Shadow.MaxResolution:2048]]
[2020.10.11-17.55.19:457][  0]LogConfig: Setting CVar [[r.Shadow.MaxCSMResolution:2048]]
[2020.10.11-17.55.19:457][  0]LogConfig: Setting CVar [[r.Shadow.RadiusThreshold:0.01]]
[2020.10.11-17.55.19:457][  0]LogConfig: Setting CVar [[r.Shadow.DistanceScale:1.0]]
[2020.10.11-17.55.19:457][  0]LogConfig: Setting CVar [[r.Shadow.CSM.TransitionScale:1.0]]
[2020.10.11-17.55.19:457][  0]LogConfig: Setting CVar [[r.Shadow.PreShadowResolutionFactor:1.0]]
[2020.10.11-17.55.19:457][  0]LogConfig: Setting CVar [[r.DistanceFieldShadowing:1]]
[2020.10.11-17.55.19:457][  0]LogConfig: Setting CVar [[r.DistanceFieldAO:1]]
[2020.10.11-17.55.19:457][  0]LogConfig: Setting CVar [[r.AOQuality:2]]
[2020.10.11-17.55.19:457][  0]LogConfig: Setting CVar [[r.VolumetricFog:1]]
[2020.10.11-17.55.19:457][  0]LogConfig: Setting CVar [[r.VolumetricFog.GridPixelSize:8]]
[2020.10.11-17.55.19:457][  0]LogConfig: Setting CVar [[r.VolumetricFog.GridSizeZ:128]]
[2020.10.11-17.55.19:457][  0]LogConfig: Setting CVar [[r.VolumetricFog.HistoryMissSupersampleCount:4]]
[2020.10.11-17.55.19:458][  0]LogConfig: Setting CVar [[r.LightMaxDrawDistanceScale:1]]
[2020.10.11-17.55.19:458][  0]LogConfig: Setting CVar [[r.CapsuleShadows:1]]
[2020.10.11-17.55.19:458][  0]LogConfig: Applying CVar settings from Section [PostProcessQuality@3] File [C:/Users/Victo/Documents/Unreal Projects/Team6ProgAssignment/Saved/Config/Windows/Scalability.ini]
[2020.10.11-17.55.19:458][  0]LogConfig: Setting CVar [[r.MotionBlurQuality:4]]
[2020.10.11-17.55.19:458][  0]LogConfig: Setting CVar [[r.AmbientOcclusionMipLevelFactor:0.4]]
[2020.10.11-17.55.19:458][  0]LogConfig: Setting CVar [[r.AmbientOcclusionMaxQuality:100]]
[2020.10.11-17.55.19:458][  0]LogConfig: Setting CVar [[r.AmbientOcclusionLevels:-1]]
[2020.10.11-17.55.19:458][  0]LogConfig: Setting CVar [[r.AmbientOcclusionRadiusScale:1.0]]
[2020.10.11-17.55.19:458][  0]LogConfig: Setting CVar [[r.DepthOfFieldQuality:2]]
[2020.10.11-17.55.19:458][  0]LogConfig: Setting CVar [[r.RenderTargetPoolMin:400]]
[2020.10.11-17.55.19:458][  0]LogConfig: Setting CVar [[r.LensFlareQuality:2]]
[2020.10.11-17.55.19:458][  0]LogConfig: Setting CVar [[r.SceneColorFringeQuality:1]]
[2020.10.11-17.55.19:458][  0]LogConfig: Setting CVar [[r.EyeAdaptationQuality:2]]
[2020.10.11-17.55.19:458][  0]LogConfig: Setting CVar [[r.BloomQuality:5]]
[2020.10.11-17.55.19:458][  0]LogConfig: Setting CVar [[r.FastBlurThreshold:100]]
[2020.10.11-17.55.19:458][  0]LogConfig: Setting CVar [[r.Upscale.Quality:3]]
[2020.10.11-17.55.19:458][  0]LogConfig: Setting CVar [[r.Tonemapper.GrainQuantization:1]]
[2020.10.11-17.55.19:459][  0]LogConfig: Setting CVar [[r.LightShaftQuality:1]]
[2020.10.11-17.55.19:459][  0]LogConfig: Setting CVar [[r.Filter.SizeScale:1]]
[2020.10.11-17.55.19:459][  0]LogConfig: Setting CVar [[r.Tonemapper.Quality:5]]
[2020.10.11-17.55.19:459][  0]LogConfig: Setting CVar [[r.DOF.Gather.AccumulatorQuality:1        ; higher gathering accumulator quality]]
[2020.10.11-17.55.19:459][  0]LogConfig: Setting CVar [[r.DOF.Gather.PostfilterMethod:1          ; Median3x3 postfilering method]]
[2020.10.11-17.55.19:459][  0]LogConfig: Setting CVar [[r.DOF.Gather.EnableBokehSettings:0       ; no bokeh simulation when gathering]]
[2020.10.11-17.55.19:460][  0]LogConfig: Setting CVar [[r.DOF.Gather.RingCount:4                 ; medium number of samples when gathering]]
[2020.10.11-17.55.19:460][  0]LogConfig: Setting CVar [[r.DOF.Scatter.ForegroundCompositing:1    ; additive foreground scattering]]
[2020.10.11-17.55.19:460][  0]LogConfig: Setting CVar [[r.DOF.Scatter.BackgroundCompositing:2    ; additive background scattering]]
[2020.10.11-17.55.19:460][  0]LogConfig: Setting CVar [[r.DOF.Scatter.EnableBokehSettings:1      ; bokeh simulation when scattering]]
[2020.10.11-17.55.19:460][  0]LogConfig: Setting CVar [[r.DOF.Scatter.MaxSpriteRatio:0.1         ; only a maximum of 10% of scattered bokeh]]
[2020.10.11-17.55.19:460][  0]LogConfig: Setting CVar [[r.DOF.Recombine.Quality:1                ; cheap slight out of focus]]
[2020.10.11-17.55.19:460][  0]LogConfig: Setting CVar [[r.DOF.Recombine.EnableBokehSettings:0    ; no bokeh simulation on slight out of focus]]
[2020.10.11-17.55.19:460][  0]LogConfig: Setting CVar [[r.DOF.TemporalAAQuality:1                ; more stable temporal accumulation]]
[2020.10.11-17.55.19:460][  0]LogConfig: Setting CVar [[r.DOF.Kernel.MaxForegroundRadius:0.025]]
[2020.10.11-17.55.19:460][  0]LogConfig: Setting CVar [[r.DOF.Kernel.MaxBackgroundRadius:0.025]]
[2020.10.11-17.55.19:460][  0]LogConfig: Applying CVar settings from Section [TextureQuality@3] File [C:/Users/Victo/Documents/Unreal Projects/Team6ProgAssignment/Saved/Config/Windows/Scalability.ini]
[2020.10.11-17.55.19:461][  0]LogConfig: Setting CVar [[r.Streaming.MipBias:0]]
[2020.10.11-17.55.19:461][  0]LogConfig: Setting CVar [[r.Streaming.AmortizeCPUToGPUCopy:0]]
[2020.10.11-17.55.19:461][  0]LogConfig: Setting CVar [[r.Streaming.MaxNumTexturesToStreamPerFrame:0]]
[2020.10.11-17.55.19:461][  0]LogConfig: Setting CVar [[r.Streaming.Boost:1]]
[2020.10.11-17.55.19:461][  0]LogConfig: Setting CVar [[r.MaxAnisotropy:8]]
[2020.10.11-17.55.19:461][  0]LogConfig: Setting CVar [[r.VT.MaxAnisotropy:8]]
[2020.10.11-17.55.19:461][  0]LogConfig: Setting CVar [[r.Streaming.LimitPoolSizeToVRAM:0]]
[2020.10.11-17.55.19:461][  0]LogConfig: Setting CVar [[r.Streaming.PoolSize:1000]]
[2020.10.11-17.55.19:462][  0]LogConfig: Setting CVar [[r.Streaming.MaxEffectiveScreenSize:0]]
[2020.10.11-17.55.19:463][  0]LogConfig: Applying CVar settings from Section [EffectsQuality@3] File [C:/Users/Victo/Documents/Unreal Projects/Team6ProgAssignment/Saved/Config/Windows/Scalability.ini]
[2020.10.11-17.55.19:463][  0]LogConfig: Setting CVar [[r.TranslucencyLightingVolumeDim:64]]
[2020.10.11-17.55.19:463][  0]LogConfig: Setting CVar [[r.RefractionQuality:2]]
[2020.10.11-17.55.19:463][  0]LogConfig: Setting CVar [[r.SSR.Quality:3]]
[2020.10.11-17.55.19:463][  0]LogConfig: Setting CVar [[r.SSR.HalfResSceneColor:0]]
[2020.10.11-17.55.19:463][  0]LogConfig: Setting CVar [[r.SceneColorFormat:4]]
[2020.10.11-17.55.19:463][  0]LogConfig: Setting CVar [[r.DetailMode:2]]
[2020.10.11-17.55.19:464][  0]LogConfig: Setting CVar [[r.TranslucencyVolumeBlur:1]]
[2020.10.11-17.55.19:464][  0]LogConfig: Setting CVar [[r.MaterialQualityLevel:1 ; High quality]]
[2020.10.11-17.55.19:465][  0]LogConfig: Setting CVar [[r.SSS.Scale:1]]
[2020.10.11-17.55.19:465][  0]LogConfig: Setting CVar [[r.SSS.SampleSet:2]]
[2020.10.11-17.55.19:465][  0]LogConfig: Setting CVar [[r.SSS.Quality:1]]
[2020.10.11-17.55.19:465][  0]LogConfig: Setting CVar [[r.SSS.HalfRes:0]]
[2020.10.11-17.55.19:465][  0]LogConfig: Setting CVar [[r.SSGI.Quality:3]]
[2020.10.11-17.55.19:465][  0]LogConfig: Setting CVar [[r.EmitterSpawnRateScale:1.0]]
[2020.10.11-17.55.19:465][  0]LogConfig: Setting CVar [[r.ParticleLightQuality:2]]
[2020.10.11-17.55.19:465][  0]LogConfig: Setting CVar [[r.SkyAtmosphere.AerialPerspectiveLUT.FastApplyOnOpaque:1 ; Always have FastSkyLUT 1 in this case to avoid wrong sky]]
[2020.10.11-17.55.19:465][  0]LogConfig: Setting CVar [[r.SkyAtmosphere.AerialPerspectiveLUT.SampleCountPerSlice:1]]
[2020.10.11-17.55.19:465][  0]LogConfig: Setting CVar [[r.SkyAtmosphere.AerialPerspectiveLUT.DepthResolution:16.0]]
[2020.10.11-17.55.19:465][  0]LogConfig: Setting CVar [[r.SkyAtmosphere.FastSkyLUT:1]]
[2020.10.11-17.55.19:465][  0]LogConfig: Setting CVar [[r.SkyAtmosphere.FastSkyLUT.SampleCountMin:4.0]]
[2020.10.11-17.55.19:465][  0]LogConfig: Setting CVar [[r.SkyAtmosphere.FastSkyLUT.SampleCountMax:32.0]]
[2020.10.11-17.55.19:465][  0]LogConfig: Setting CVar [[r.SkyAtmosphere.SampleCountMin:4.0]]
[2020.10.11-17.55.19:466][  0]LogConfig: Setting CVar [[r.SkyAtmosphere.SampleCountMax:32.0]]
[2020.10.11-17.55.19:466][  0]LogConfig: Setting CVar [[r.SkyAtmosphere.TransmittanceLUT.UseSmallFormat:0]]
[2020.10.11-17.55.19:466][  0]LogConfig: Setting CVar [[r.SkyAtmosphere.TransmittanceLUT.SampleCount:10.0]]
[2020.10.11-17.55.19:466][  0]LogConfig: Setting CVar [[r.SkyAtmosphere.MultiScatteringLUT.SampleCount:15.0]]
[2020.10.11-17.55.19:466][  0]LogConfig: Applying CVar settings from Section [FoliageQuality@3] File [C:/Users/Victo/Documents/Unreal Projects/Team6ProgAssignment/Saved/Config/Windows/Scalability.ini]
[2020.10.11-17.55.19:466][  0]LogConfig: Setting CVar [[foliage.DensityScale:1.0]]
[2020.10.11-17.55.19:466][  0]LogConfig: Setting CVar [[grass.DensityScale:1.0]]
[2020.10.11-17.55.19:467][  0]LogConfig: Applying CVar settings from Section [ShadingQuality@3] File [C:/Users/Victo/Documents/Unreal Projects/Team6ProgAssignment/Saved/Config/Windows/Scalability.ini]
[2020.10.11-17.55.19:468][  0]LogConfig: Setting CVar [[r.HairStrands.SkyLighting.SampleCount:16]]
[2020.10.11-17.55.19:468][  0]LogConfig: Setting CVar [[r.HairStrands.SkyLighting.JitterIntegration:0]]
[2020.10.11-17.55.19:468][  0]LogConfig: Setting CVar [[r.HairStrands.SkyAO.SampleCount:16]]
[2020.10.11-17.55.19:468][  0]LogConfig: Setting CVar [[r.HairStrands.DeepShadow.SuperSampling:0]]
[2020.10.11-17.55.19:468][  0]LogConfig: Setting CVar [[r.HairStrands.VisibilityPPLL:0]]
[2020.10.11-17.55.19:468][  0]LogConfig: Setting CVar [[r.HairStrands.RasterizationScale:0.5]]
[2020.10.11-17.55.19:468][  0]LogConfig: Setting CVar [[r.HairStrands.VelocityRasterizationScale:1]]
[2020.10.11-17.55.19:468][  0]LogInit: Selected Device Profile: [Windows]
[2020.10.11-17.55.19:469][  0]LogInit: Applying CVar settings loaded from the selected device profile: [Windows]
[2020.10.11-17.55.19:469][  0]LogHAL: Display: Platform has ~ 16 GB [17106833408 / 17179869184 / 16], which maps to Larger [LargestMinGB=32, LargerMinGB=12, DefaultMinGB=8, SmallerMinGB=6, SmallestMinGB=0)
[2020.10.11-17.55.19:469][  0]LogInit: Going up to parent DeviceProfile []
[2020.10.11-17.55.19:469][  0]LogConfig: Applying CVar settings from Section [ViewDistanceQuality@3] File [C:/Users/Victo/Documents/Unreal Projects/Team6ProgAssignment/Saved/Config/Windows/Scalability.ini]
[2020.10.11-17.55.19:469][  0]LogConfig: Setting CVar [[r.SkeletalMeshLODBias:0]]
[2020.10.11-17.55.19:469][  0]LogConfig: Setting CVar [[r.ViewDistanceScale:1.0]]
[2020.10.11-17.55.19:469][  0]LogConfig: Applying CVar settings from Section [AntiAliasingQuality@3] File [C:/Users/Victo/Documents/Unreal Projects/Team6ProgAssignment/Saved/Config/Windows/Scalability.ini]
[2020.10.11-17.55.19:469][  0]LogConfig: Setting CVar [[r.PostProcessAAQuality:4]]
[2020.10.11-17.55.19:469][  0]LogConfig: Applying CVar settings from Section [ShadowQuality@3] File [C:/Users/Victo/Documents/Unreal Projects/Team6ProgAssignment/Saved/Config/Windows/Scalability.ini]
[2020.10.11-17.55.19:469][  0]LogConfig: Setting CVar [[r.LightFunctionQuality:1]]
[2020.10.11-17.55.19:469][  0]LogConfig: Setting CVar [[r.ShadowQuality:5]]
[2020.10.11-17.55.19:469][  0]LogConfig: Setting CVar [[r.Shadow.CSM.MaxCascades:10]]
[2020.10.11-17.55.19:470][  0]LogConfig: Setting CVar [[r.Shadow.MaxResolution:2048]]
[2020.10.11-17.55.19:470][  0]LogConfig: Setting CVar [[r.Shadow.MaxCSMResolution:2048]]
[2020.10.11-17.55.19:470][  0]LogConfig: Setting CVar [[r.Shadow.RadiusThreshold:0.01]]
[2020.10.11-17.55.19:470][  0]LogConfig: Setting CVar [[r.Shadow.DistanceScale:1.0]]
[2020.10.11-17.55.19:471][  0]LogConfig: Setting CVar [[r.Shadow.CSM.TransitionScale:1.0]]
[2020.10.11-17.55.19:471][  0]LogConfig: Setting CVar [[r.Shadow.PreShadowResolutionFactor:1.0]]
[2020.10.11-17.55.19:471][  0]LogConfig: Setting CVar [[r.DistanceFieldShadowing:1]]
[2020.10.11-17.55.19:471][  0]LogConfig: Setting CVar [[r.DistanceFieldAO:1]]
[2020.10.11-17.55.19:471][  0]LogConfig: Setting CVar [[r.AOQuality:2]]
[2020.10.11-17.55.19:472][  0]LogConfig: Setting CVar [[r.VolumetricFog:1]]
[2020.10.11-17.55.19:472][  0]LogConfig: Setting CVar [[r.VolumetricFog.GridPixelSize:8]]
[2020.10.11-17.55.19:472][  0]LogConfig: Setting CVar [[r.VolumetricFog.GridSizeZ:128]]
[2020.10.11-17.55.19:472][  0]LogConfig: Setting CVar [[r.VolumetricFog.HistoryMissSupersampleCount:4]]
[2020.10.11-17.55.19:472][  0]LogConfig: Setting CVar [[r.LightMaxDrawDistanceScale:1]]
[2020.10.11-17.55.19:472][  0]LogConfig: Setting CVar [[r.CapsuleShadows:1]]
[2020.10.11-17.55.19:473][  0]LogConfig: Applying CVar settings from Section [PostProcessQuality@3] File [C:/Users/Victo/Documents/Unreal Projects/Team6ProgAssignment/Saved/Config/Windows/Scalability.ini]
[2020.10.11-17.55.19:473][  0]LogConfig: Setting CVar [[r.MotionBlurQuality:4]]
[2020.10.11-17.55.19:473][  0]LogConfig: Setting CVar [[r.AmbientOcclusionMipLevelFactor:0.4]]
[2020.10.11-17.55.19:473][  0]LogConfig: Setting CVar [[r.AmbientOcclusionMaxQuality:100]]
[2020.10.11-17.55.19:473][  0]LogConfig: Setting CVar [[r.AmbientOcclusionLevels:-1]]
[2020.10.11-17.55.19:474][  0]LogConfig: Setting CVar [[r.AmbientOcclusionRadiusScale:1.0]]
[2020.10.11-17.55.19:474][  0]LogConfig: Setting CVar [[r.DepthOfFieldQuality:2]]
[2020.10.11-17.55.19:474][  0]LogConfig: Setting CVar [[r.RenderTargetPoolMin:400]]
[2020.10.11-17.55.19:474][  0]LogConfig: Setting CVar [[r.LensFlareQuality:2]]
[2020.10.11-17.55.19:474][  0]LogConfig: Setting CVar [[r.SceneColorFringeQuality:1]]
[2020.10.11-17.55.19:474][  0]LogConfig: Setting CVar [[r.EyeAdaptationQuality:2]]
[2020.10.11-17.55.19:474][  0]LogConfig: Setting CVar [[r.BloomQuality:5]]
[2020.10.11-17.55.19:474][  0]LogConfig: Setting CVar [[r.FastBlurThreshold:100]]
[2020.10.11-17.55.19:475][  0]LogConfig: Setting CVar [[r.Upscale.Quality:3]]
[2020.10.11-17.55.19:475][  0]LogConfig: Setting CVar [[r.Tonemapper.GrainQuantization:1]]
[2020.10.11-17.55.19:475][  0]LogConfig: Setting CVar [[r.LightShaftQuality:1]]
[2020.10.11-17.55.19:475][  0]LogConfig: Setting CVar [[r.Filter.SizeScale:1]]
[2020.10.11-17.55.19:475][  0]LogConfig: Setting CVar [[r.Tonemapper.Quality:5]]
[2020.10.11-17.55.19:475][  0]LogConfig: Setting CVar [[r.DOF.Gather.AccumulatorQuality:1        ; higher gathering accumulator quality]]
[2020.10.11-17.55.19:475][  0]LogConfig: Setting CVar [[r.DOF.Gather.PostfilterMethod:1          ; Median3x3 postfilering method]]
[2020.10.11-17.55.19:475][  0]LogConfig: Setting CVar [[r.DOF.Gather.EnableBokehSettings:0       ; no bokeh simulation when gathering]]
[2020.10.11-17.55.19:475][  0]LogConfig: Setting CVar [[r.DOF.Gather.RingCount:4                 ; medium number of samples when gathering]]
[2020.10.11-17.55.19:476][  0]LogConfig: Setting CVar [[r.DOF.Scatter.ForegroundCompositing:1    ; additive foreground scattering]]
[2020.10.11-17.55.19:476][  0]LogConfig: Setting CVar [[r.DOF.Scatter.BackgroundCompositing:2    ; additive background scattering]]
[2020.10.11-17.55.19:476][  0]LogConfig: Setting CVar [[r.DOF.Scatter.EnableBokehSettings:1      ; bokeh simulation when scattering]]
[2020.10.11-17.55.19:476][  0]LogConfig: Setting CVar [[r.DOF.Scatter.MaxSpriteRatio:0.1         ; only a maximum of 10% of scattered bokeh]]
[2020.10.11-17.55.19:476][  0]LogConfig: Setting CVar [[r.DOF.Recombine.Quality:1                ; cheap slight out of focus]]
[2020.10.11-17.55.19:476][  0]LogConfig: Setting CVar [[r.DOF.Recombine.EnableBokehSettings:0    ; no bokeh simulation on slight out of focus]]
[2020.10.11-17.55.19:476][  0]LogConfig: Setting CVar [[r.DOF.TemporalAAQuality:1                ; more stable temporal accumulation]]
[2020.10.11-17.55.19:477][  0]LogConfig: Setting CVar [[r.DOF.Kernel.MaxForegroundRadius:0.025]]
[2020.10.11-17.55.19:477][  0]LogConfig: Setting CVar [[r.DOF.Kernel.MaxBackgroundRadius:0.025]]
[2020.10.11-17.55.19:477][  0]LogConfig: Applying CVar settings from Section [TextureQuality@3] File [C:/Users/Victo/Documents/Unreal Projects/Team6ProgAssignment/Saved/Config/Windows/Scalability.ini]
[2020.10.11-17.55.19:477][  0]LogConfig: Setting CVar [[r.Streaming.MipBias:0]]
[2020.10.11-17.55.19:477][  0]LogConfig: Setting CVar [[r.Streaming.AmortizeCPUToGPUCopy:0]]
[2020.10.11-17.55.19:477][  0]LogConfig: Setting CVar [[r.Streaming.MaxNumTexturesToStreamPerFrame:0]]
[2020.10.11-17.55.19:477][  0]LogConfig: Setting CVar [[r.Streaming.Boost:1]]
[2020.10.11-17.55.19:477][  0]LogConfig: Setting CVar [[r.MaxAnisotropy:8]]
[2020.10.11-17.55.19:477][  0]LogConfig: Setting CVar [[r.VT.MaxAnisotropy:8]]
[2020.10.11-17.55.19:477][  0]LogConfig: Setting CVar [[r.Streaming.LimitPoolSizeToVRAM:0]]
[2020.10.11-17.55.19:477][  0]LogConfig: Setting CVar [[r.Streaming.PoolSize:1000]]
[2020.10.11-17.55.19:477][  0]LogConfig: Setting CVar [[r.Streaming.MaxEffectiveScreenSize:0]]
[2020.10.11-17.55.19:477][  0]LogConfig: Applying CVar settings from Section [EffectsQuality@3] File [C:/Users/Victo/Documents/Unreal Projects/Team6ProgAssignment/Saved/Config/Windows/Scalability.ini]
[2020.10.11-17.55.19:477][  0]LogConfig: Setting CVar [[r.TranslucencyLightingVolumeDim:64]]
[2020.10.11-17.55.19:478][  0]LogConfig: Setting CVar [[r.RefractionQuality:2]]
[2020.10.11-17.55.19:478][  0]LogConfig: Setting CVar [[r.SSR.Quality:3]]
[2020.10.11-17.55.19:479][  0]LogConfig: Setting CVar [[r.SSR.HalfResSceneColor:0]]
[2020.10.11-17.55.19:479][  0]LogConfig: Setting CVar [[r.SceneColorFormat:4]]
[2020.10.11-17.55.19:479][  0]LogConfig: Setting CVar [[r.DetailMode:2]]
[2020.10.11-17.55.19:479][  0]LogConfig: Setting CVar [[r.TranslucencyVolumeBlur:1]]
[2020.10.11-17.55.19:479][  0]LogConfig: Setting CVar [[r.MaterialQualityLevel:1 ; High quality]]
[2020.10.11-17.55.19:480][  0]LogConfig: Setting CVar [[r.SSS.Scale:1]]
[2020.10.11-17.55.19:480][  0]LogConfig: Setting CVar [[r.SSS.SampleSet:2]]
[2020.10.11-17.55.19:480][  0]LogConfig: Setting CVar [[r.SSS.Quality:1]]
[2020.10.11-17.55.19:480][  0]LogConfig: Setting CVar [[r.SSS.HalfRes:0]]
[2020.10.11-17.55.19:480][  0]LogConfig: Setting CVar [[r.SSGI.Quality:3]]
[2020.10.11-17.55.19:480][  0]LogConfig: Setting CVar [[r.EmitterSpawnRateScale:1.0]]
[2020.10.11-17.55.19:480][  0]LogConfig: Setting CVar [[r.ParticleLightQuality:2]]
[2020.10.11-17.55.19:480][  0]LogConfig: Setting CVar [[r.SkyAtmosphere.AerialPerspectiveLUT.FastApplyOnOpaque:1 ; Always have FastSkyLUT 1 in this case to avoid wrong sky]]
[2020.10.11-17.55.19:480][  0]LogConfig: Setting CVar [[r.SkyAtmosphere.AerialPerspectiveLUT.SampleCountPerSlice:1]]
[2020.10.11-17.55.19:480][  0]LogConfig: Setting CVar [[r.SkyAtmosphere.AerialPerspectiveLUT.DepthResolution:16.0]]
[2020.10.11-17.55.19:480][  0]LogConfig: Setting CVar [[r.SkyAtmosphere.FastSkyLUT:1]]
[2020.10.11-17.55.19:480][  0]LogConfig: Setting CVar [[r.SkyAtmosphere.FastSkyLUT.SampleCountMin:4.0]]
[2020.10.11-17.55.19:480][  0]LogConfig: Setting CVar [[r.SkyAtmosphere.FastSkyLUT.SampleCountMax:32.0]]
[2020.10.11-17.55.19:481][  0]LogConfig: Setting CVar [[r.SkyAtmosphere.SampleCountMin:4.0]]
[2020.10.11-17.55.19:481][  0]LogConfig: Setting CVar [[r.SkyAtmosphere.SampleCountMax:32.0]]
[2020.10.11-17.55.19:481][  0]LogConfig: Setting CVar [[r.SkyAtmosphere.TransmittanceLUT.UseSmallFormat:0]]
[2020.10.11-17.55.19:481][  0]LogConfig: Setting CVar [[r.SkyAtmosphere.TransmittanceLUT.SampleCount:10.0]]
[2020.10.11-17.55.19:481][  0]LogConfig: Setting CVar [[r.SkyAtmosphere.MultiScatteringLUT.SampleCount:15.0]]
[2020.10.11-17.55.19:481][  0]LogConfig: Applying CVar settings from Section [FoliageQuality@3] File [C:/Users/Victo/Documents/Unreal Projects/Team6ProgAssignment/Saved/Config/Windows/Scalability.ini]
[2020.10.11-17.55.19:481][  0]LogConfig: Setting CVar [[foliage.DensityScale:1.0]]
[2020.10.11-17.55.19:481][  0]LogConfig: Setting CVar [[grass.DensityScale:1.0]]
[2020.10.11-17.55.19:481][  0]LogConfig: Applying CVar settings from Section [ShadingQuality@3] File [C:/Users/Victo/Documents/Unreal Projects/Team6ProgAssignment/Saved/Config/Windows/Scalability.ini]
[2020.10.11-17.55.19:481][  0]LogConfig: Setting CVar [[r.HairStrands.SkyLighting.SampleCount:16]]
[2020.10.11-17.55.19:482][  0]LogConfig: Setting CVar [[r.HairStrands.SkyLighting.JitterIntegration:0]]
[2020.10.11-17.55.19:482][  0]LogConfig: Setting CVar [[r.HairStrands.SkyAO.SampleCount:16]]
[2020.10.11-17.55.19:482][  0]LogConfig: Setting CVar [[r.HairStrands.DeepShadow.SuperSampling:0]]
[2020.10.11-17.55.19:482][  0]LogConfig: Setting CVar [[r.HairStrands.VisibilityPPLL:0]]
[2020.10.11-17.55.19:483][  0]LogConfig: Setting CVar [[r.HairStrands.RasterizationScale:0.5]]
[2020.10.11-17.55.19:484][  0]LogConfig: Setting CVar [[r.HairStrands.VelocityRasterizationScale:1]]
[2020.10.11-17.55.19:484][  0]LogConfig: Applying CVar settings from Section [Startup] File [../../../Engine/Config/ConsoleVariables.ini]
[2020.10.11-17.55.19:485][  0]LogConfig: Setting CVar [[net.UseAdaptiveNetUpdateFrequency:0]]
[2020.10.11-17.55.19:485][  0]LogConfig: Setting CVar [[p.chaos.AllowCreatePhysxBodies:1]]
[2020.10.11-17.55.19:485][  0]LogConfig: Setting CVar [[fx.SkipVectorVMBackendOptimizations:1]]
[2020.10.11-17.55.19:485][  0]LogConfig: Applying CVar settings from Section [ConsoleVariables] File [C:/Users/Victo/Documents/Unreal Projects/Team6ProgAssignment/Saved/Config/Windows/Engine.ini]
[2020.10.11-17.55.19:485][  0]LogInit: Computer: DESKTOP-OA2CMIS
[2020.10.11-17.55.19:485][  0]LogInit: User: VictoR
[2020.10.11-17.55.19:485][  0]LogInit: CPU Page size=4096, Cores=6
[2020.10.11-17.55.19:486][  0]LogInit: High frequency timer resolution =10.000000 MHz
[2020.10.11-17.55.19:486][  0]LogMemory: Memory total: Physical=15.9GB (16GB approx)
[2020.10.11-17.55.19:486][  0]LogMemory: Platform Memory Stats for Windows
[2020.10.11-17.55.19:486][  0]LogMemory: Process Physical Memory: 121.11 MB used, 121.11 MB peak
[2020.10.11-17.55.19:486][  0]LogMemory: Process Virtual Memory: 98.59 MB used, 98.59 MB peak
[2020.10.11-17.55.19:487][  0]LogMemory: Physical Memory: 7746.48 MB used,  8567.86 MB free, 16314.35 MB total
[2020.10.11-17.55.19:487][  0]LogMemory: Virtual Memory: 5167.52 MB used,  134212560.00 MB free, 134217728.00 MB total
[2020.10.11-17.55.19:498][  0]LogWindows: WindowsPlatformFeatures enabled
[2020.10.11-17.55.19:684][  0]LogInit: Physics initialised using underlying interface: PhysX
[2020.10.11-17.55.19:685][  0]LogInit: Using OS detected language (sv-SE).
[2020.10.11-17.55.19:685][  0]LogInit: Using OS detected locale (sv-SE).
[2020.10.11-17.55.19:689][  0]LogTextLocalizationManager: No localization for 'sv-SE' exists, so 'en' will be used for the language.
[2020.10.11-17.55.19:874][  0]LogInit: Setting process to per monitor DPI aware
[2020.10.11-17.55.19:909][  0]LogSlate: New Slate User Created.  User Index 0, Is Virtual User: 0
[2020.10.11-17.55.19:910][  0]LogSlate: Slate User Registered.  User Index 0, Is Virtual User: 0
[2020.10.11-17.55.20:176][  0]LogD3D11RHI: D3D11 min allowed feature level: 11_0
[2020.10.11-17.55.20:176][  0]LogD3D11RHI: D3D11 max allowed feature level: 11_0
[2020.10.11-17.55.20:176][  0]LogD3D11RHI: D3D11 adapters:
[2020.10.11-17.55.20:285][  0]LogD3D11RHI:    0. 'NVIDIA GeForce GTX 1070' (Feature Level 11_0)
[2020.10.11-17.55.20:285][  0]LogD3D11RHI:       8088/0/8157 MB DedicatedVideo/DedicatedSystem/SharedSystem, Outputs:2, VendorId:0x10de
[2020.10.11-17.55.20:291][  0]LogD3D11RHI:    1. 'Microsoft Basic Render Driver' (Feature Level 11_0)
[2020.10.11-17.55.20:291][  0]LogD3D11RHI:       0/0/8157 MB DedicatedVideo/DedicatedSystem/SharedSystem, Outputs:0, VendorId:0x1414
[2020.10.11-17.55.20:291][  0]LogD3D11RHI: Chosen D3D11 Adapter: 0
[2020.10.11-17.55.20:298][  0]LogD3D11RHI: Creating new Direct3DDevice
[2020.10.11-17.55.20:298][  0]LogD3D11RHI:     GPU DeviceId: 0x1b81 (for the marketing name, search the web for "GPU Device Id")
[2020.10.11-17.55.20:298][  0]LogWindows: EnumDisplayDevices:
[2020.10.11-17.55.20:298][  0]LogWindows:    0. 'NVIDIA GeForce GTX 1070' (P:1 D:1)
[2020.10.11-17.55.20:299][  0]LogWindows:    1. 'NVIDIA GeForce GTX 1070' (P:0 D:1)
[2020.10.11-17.55.20:299][  0]LogWindows:    2. 'NVIDIA GeForce GTX 1070' (P:0 D:0)
[2020.10.11-17.55.20:300][  0]LogWindows:    3. 'NVIDIA GeForce GTX 1070' (P:0 D:0)
[2020.10.11-17.55.20:300][  0]LogWindows: DebugString: FoundDriverCount:4 
[2020.10.11-17.55.20:300][  0]LogD3D11RHI:     Adapter Name: NVIDIA GeForce GTX 1070
[2020.10.11-17.55.20:300][  0]LogD3D11RHI:   Driver Version: 456.55 (internal:27.21.14.5655, unified:456.55)
[2020.10.11-17.55.20:300][  0]LogD3D11RHI:      Driver Date: 9-24-2020
[2020.10.11-17.55.20:300][  0]LogRHI: Texture pool is 5661 MB (70% of 8088 MB)
[2020.10.11-17.55.20:365][  0]LogD3D11RHI: RHI has support for 64 bit atomics
[2020.10.11-17.55.20:367][  0]LogD3D11RHI: [Aftermath] Enabled and primed
[2020.10.11-17.55.20:367][  0]LogD3D11RHI: Async texture creation enabled
[2020.10.11-17.55.20:367][  0]LogD3D11RHI: Array index from any shader is supported
[2020.10.11-17.55.20:389][  0]LogD3D11RHI: GPU Timing Frequency: 1000.000000 (Debug: 2 1)
[2020.10.11-17.55.20:702][  0]LogTargetPlatformManager: Display: Loaded TargetPlatform 'AllDesktop'
[2020.10.11-17.55.20:726][  0]LogTargetPlatformManager: Display: Loaded TargetPlatform 'Android'
[2020.10.11-17.55.20:726][  0]LogTargetPlatformManager: Display: Loaded TargetPlatform 'Android_ASTC'
[2020.10.11-17.55.20:726][  0]LogTargetPlatformManager: Display: Loaded TargetPlatform 'Android_DXT'
[2020.10.11-17.55.20:726][  0]LogTargetPlatformManager: Display: Loaded TargetPlatform 'Android_ETC2'
[2020.10.11-17.55.20:726][  0]LogTargetPlatformManager: Display: Loaded TargetPlatform 'AndroidClient'
[2020.10.11-17.55.20:726][  0]LogTargetPlatformManager: Display: Loaded TargetPlatform 'Android_ASTCClient'
[2020.10.11-17.55.20:726][  0]LogTargetPlatformManager: Display: Loaded TargetPlatform 'Android_DXTClient'
[2020.10.11-17.55.20:726][  0]LogTargetPlatformManager: Display: Loaded TargetPlatform 'Android_ETC2Client'
[2020.10.11-17.55.20:726][  0]LogTargetPlatformManager: Display: Loaded TargetPlatform 'Android_Multi'
[2020.10.11-17.55.20:726][  0]LogTargetPlatformManager: Display: Loaded TargetPlatform 'Android_MultiClient'
[2020.10.11-17.55.20:760][  0]LogTargetPlatformManager: Display: Loaded TargetPlatform 'IOSClient'
[2020.10.11-17.55.20:760][  0]LogTargetPlatformManager: Display: Loaded TargetPlatform 'IOS'
[2020.10.11-17.55.20:772][  0]LogTargetPlatformManager: Display: Loaded TargetPlatform 'Linux'
[2020.10.11-17.55.20:783][  0]LogTargetPlatformManager: Display: Loaded TargetPlatform 'LinuxNoEditor'
[2020.10.11-17.55.20:794][  0]LogTargetPlatformManager: Display: Loaded TargetPlatform 'LinuxClient'
[2020.10.11-17.55.20:804][  0]LogTargetPlatformManager: Display: Loaded TargetPlatform 'LinuxServer'
[2020.10.11-17.55.20:816][  0]LogTargetPlatformManager: Display: Loaded TargetPlatform 'LinuxAArch64NoEditor'
[2020.10.11-17.55.20:826][  0]LogTargetPlatformManager: Display: Loaded TargetPlatform 'LinuxAArch64Client'
[2020.10.11-17.55.20:837][  0]LogTargetPlatformManager: Display: Loaded TargetPlatform 'LinuxAArch64Server'
[2020.10.11-17.55.20:864][  0]LogTargetPlatformManager: Display: Loaded TargetPlatform 'Lumin'
[2020.10.11-17.55.20:864][  0]LogTargetPlatformManager: Display: Loaded TargetPlatform 'LuminClient'
[2020.10.11-17.55.20:883][  0]LogTargetPlatformManager: Display: Loaded TargetPlatform 'TVOSClient'
[2020.10.11-17.55.20:883][  0]LogTargetPlatformManager: Display: Loaded TargetPlatform 'TVOS'
[2020.10.11-17.55.20:894][  0]LogTargetPlatformManager: Display: Loaded TargetPlatform 'WindowsNoEditor'
[2020.10.11-17.55.20:905][  0]LogTargetPlatformManager: Display: Loaded TargetPlatform 'Windows'
[2020.10.11-17.55.20:916][  0]LogTargetPlatformManager: Display: Loaded TargetPlatform 'WindowsClient'
[2020.10.11-17.55.20:927][  0]LogTargetPlatformManager: Display: Loaded TargetPlatform 'WindowsServer'
[2020.10.11-17.55.20:928][  0]LogTargetPlatformManager: Display: Building Assets For Windows
[2020.10.11-17.55.20:943][  0]LogAudioDebug: Display: Lib vorbis DLL was dynamically loaded.
[2020.10.11-17.55.21:042][  0]LogShaderCompilers: Guid format shader working directory is -15 characters bigger than the processId version (C:/Users/Victo/Documents/Unreal Projects/Team6ProgAssignment/Intermediate/Shaders/WorkingDirectory/33452/).
[2020.10.11-17.55.21:043][  0]LogShaderCompilers: Cleaned the shader compiler working directory 'C:/Users/Victo/AppData/Local/Temp/UnrealShaderWorkingDir/D47AC4624B99A0D498B65187414B8267/'.
[2020.10.11-17.55.21:043][  0]LogXGEController: Cleaning working directory: C:/Users/Victo/AppData/Local/Temp/UnrealXGEWorkingDir/
[2020.10.11-17.55.21:043][  0]LogXGEController: Cannot use XGE Controller as Incredibuild is not installed on this machine.
[2020.10.11-17.55.21:043][  0]LogShaderCompilers: Cannot use XGE Shader Compiler as Incredibuild is not installed on this machine.
[2020.10.11-17.55.21:043][  0]LogShaderCompilers: Display: Using Local Shader Compiler.
[2020.10.11-17.55.21:761][  0]LogDerivedDataCache: Display: Max Cache Size: 512 MB
[2020.10.11-17.55.21:815][  0]LogDerivedDataCache: Loaded boot cache 0.05s 78MB C:/Users/Victo/AppData/Local/UnrealEngine/4.25/DerivedDataCache/Boot.ddc.
[2020.10.11-17.55.21:815][  0]LogDerivedDataCache: Display: Loaded Boot cache: C:/Users/Victo/AppData/Local/UnrealEngine/4.25/DerivedDataCache/Boot.ddc
[2020.10.11-17.55.21:815][  0]LogDerivedDataCache: FDerivedDataBackendGraph:  Pak pak cache file C:/Users/Victo/Documents/Unreal Projects/Team6ProgAssignment/DerivedDataCache/DDC.ddp not found, will not use a pak cache.
[2020.10.11-17.55.21:815][  0]LogDerivedDataCache: Unable to find inner node Pak for hierarchical cache Hierarchy.
[2020.10.11-17.55.21:816][  0]LogDerivedDataCache: FDerivedDataBackendGraph:  CompressedPak pak cache file C:/Users/Victo/Documents/Unreal Projects/Team6ProgAssignment/DerivedDataCache/Compressed.ddp not found, will not use a pak cache.
[2020.10.11-17.55.21:816][  0]LogDerivedDataCache: Unable to find inner node CompressedPak for hierarchical cache Hierarchy.
[2020.10.11-17.55.21:825][  0]LogDerivedDataCache: Display: Pak cache opened for reading ../../../Engine/DerivedDataCache/Compressed.ddp.
[2020.10.11-17.55.21:825][  0]LogDerivedDataCache: FDerivedDataBackendGraph:  EnterprisePak pak cache file ../../../Enterprise/DerivedDataCache/Compressed.ddp not found, will not use a pak cache.
[2020.10.11-17.55.21:825][  0]LogDerivedDataCache: Unable to find inner node EnterprisePak for hierarchical cache Hierarchy.
[2020.10.11-17.55.21:827][  0]LogDerivedDataCache: Using Local data cache path C:/Users/Victo/AppData/Local/UnrealEngine/Common/DerivedDataCache: Writable
[2020.10.11-17.55.21:827][  0]LogDerivedDataCache: Shared data cache path not found in *engine.ini, will not use an Shared cache.
[2020.10.11-17.55.21:827][  0]LogDerivedDataCache: Unable to find inner node Shared for hierarchical cache Hierarchy.
[2020.10.11-17.55.21:873][  0]LogSlate: Using FreeType 2.10.0
[2020.10.11-17.55.21:873][  0]LogSlate: SlateFontServices - WITH_FREETYPE: 1, WITH_HARFBUZZ: 1
[2020.10.11-17.55.21:908][  0]LogAssetRegistry: FAssetRegistry took 0.0051 seconds to start up
[2020.10.11-17.55.22:104][  0]LogInit: Selected Device Profile: [Windows]
[2020.10.11-17.55.22:236][  0]LogMeshReduction: Using QuadricMeshReduction for automatic static mesh reduction
[2020.10.11-17.55.22:236][  0]LogMeshReduction: Using SimplygonMeshReduction for automatic skeletal mesh reduction
[2020.10.11-17.55.22:237][  0]LogMeshReduction: Using ProxyLODMeshReduction for automatic mesh merging
[2020.10.11-17.55.22:237][  0]LogMeshReduction: No distributed automatic mesh merging module available
[2020.10.11-17.55.22:237][  0]LogMeshMerging: No distributed automatic mesh merging module available
[2020.10.11-17.55.22:257][  0]LogNetVersion: Team6ProgAssignment 1.0.0, NetCL: 13144385, EngineNetVer: 14, GameNetVer: 0 (Checksum: 3682674068)
[2020.10.11-17.55.22:714][  0]LogAISub: UAISubsystem::UAISubsystem AISubsystem (00000292F2DA4380), frame # 0
[2020.10.11-17.55.22:714][  0]LogAISub: UAISubsystem::UAISubsystem AIPerceptionSystem (00000292F2CD7740), frame # 0
[2020.10.11-17.55.22:715][  0]LogAISub: UAISubsystem::UAISubsystem EnvQueryManager (00000292F2D50800), frame # 0
[2020.10.11-17.55.22:748][  0]LogPackageLocalizationCache: Processed 17 localized package path(s) for 1 prioritized culture(s) in 0.027334 seconds
[2020.10.11-17.55.22:752][  0]LogUObjectArray: 15756 objects as part of root set at end of initial load.
[2020.10.11-17.55.22:753][  0]LogUObjectAllocator: 3925280 out of 0 bytes used by permanent object pool.
[2020.10.11-17.55.22:753][  0]LogUObjectArray: CloseDisregardForGC: 0/0 objects in disregard for GC pool
[2020.10.11-17.55.23:243][  0]LogTcpMessaging: Initializing TcpMessaging bridge
[2020.10.11-17.55.23:250][  0]LogUdpMessaging: Initializing bridge on interface 0.0.0.0:0 to multicast group 230.0.0.1:6666.
[2020.10.11-17.55.23:506][  0]SourceControl: Source control is disabled
[2020.10.11-17.55.23:506][  0]SourceControl: Source control is disabled
[2020.10.11-17.55.23:516][  0]SourceControl: Source control is disabled
[2020.10.11-17.55.23:523][  0]SourceControl: Source control is disabled
[2020.10.11-17.55.23:538][  0]SourceControl: Source control is disabled
[2020.10.11-17.55.23:968][  0]LogAndroidPermission: UAndroidPermissionCallbackProxy::GetInstance
[2020.10.11-17.55.24:006][  0]LogAudioCaptureCore: Display: No Audio Capture implementations found. Audio input will be silent.
[2020.10.11-17.55.24:006][  0]LogAudioCaptureCore: Display: No Audio Capture implementations found. Audio input will be silent.
[2020.10.11-17.55.24:127][  0]LogEngine: Initializing Engine...
[2020.10.11-17.55.24:128][  0]LogMagicLeap: Warning: VR disabled because ZI is not enabled.  To enable, in the editor, Edit -> Project Settings -> Plugins -> Magic Leap Plugin -> Enable Zero Iteration
[2020.10.11-17.55.24:129][  0]LogStats: UGameplayTagsManager::InitializeManager -  0.000 s
[2020.10.11-17.55.24:245][  0]LogInit: Initializing FReadOnlyCVARCache
[2020.10.11-17.55.24:255][  0]LogAIModule: Creating AISystem for world Untitled
[2020.10.11-17.55.24:255][  0]LogAISub: UAISubsystem::UAISubsystem EnvQueryManager (00000292FA23FC00), frame # 0
[2020.10.11-17.55.24:255][  0]LogAISub: UAISubsystem::UAISubsystem AIPerceptionSystem (00000292FA2A9F80), frame # 0
[2020.10.11-17.55.24:274][  0]LogAudioMixer: Display: Audio Mixer Platform Settings:
[2020.10.11-17.55.24:274][  0]LogAudioMixer: Display: 	Sample Rate:						  48000
[2020.10.11-17.55.24:274][  0]LogAudioMixer: Display: 	Callback Buffer Frame Size Requested: 1024
[2020.10.11-17.55.24:274][  0]LogAudioMixer: Display: 	Callback Buffer Frame Size To Use:	  1024
[2020.10.11-17.55.24:274][  0]LogAudioMixer: Display: 	Number of buffers to queue:			  2
[2020.10.11-17.55.24:274][  0]LogAudioMixer: Display: 	Max Channels (voices):				  32
[2020.10.11-17.55.24:274][  0]LogAudioMixer: Display: 	Number of Async Source Workers:		  0
[2020.10.11-17.55.24:274][  0]LogAudio: Display: AudioDevice MaxSources: 32
[2020.10.11-17.55.24:275][  0]LogAudio: Display: Using built-in audio occlusion.
[2020.10.11-17.55.24:275][  0]LogAudioMixer: Display: Initializing audio mixer.
[2020.10.11-17.55.24:300][  0]LogAudioMixer: Display: 0: FrontLeft
[2020.10.11-17.55.24:300][  0]LogAudioMixer: Display: 1: FrontRight
[2020.10.11-17.55.24:364][  0]LogAudioMixer: Display: Using Audio Device Högtalare (Yeti Stereo Microphone)
[2020.10.11-17.55.24:367][  0]LogAudioMixer: Display: Initializing Sound Submixes...
[2020.10.11-17.55.24:370][  0]LogAudioMixer: Display: Creating Master Submix 'MasterSubmixDefault'
[2020.10.11-17.55.24:371][  0]LogAudioMixer: Display: Creating Master Submix 'MasterReverbSubmixDefault'
[2020.10.11-17.55.24:372][  0]LogAudioMixer: Display: Creating Master Submix 'MasterEQSubmixDefault'
[2020.10.11-17.55.24:374][  0]LogInit: FAudioDevice initialized.
[2020.10.11-17.55.24:374][  0]LogNetVersion: Set ProjectVersion to 1.0.0.0. Version Checksum will be recalculated on next use.
[2020.10.11-17.55.24:444][  0]LogDerivedDataCache: Saved boot cache 0.07s 78MB C:/Users/Victo/AppData/Local/UnrealEngine/4.25/DerivedDataCache/Boot.ddc.
[2020.10.11-17.55.24:444][  0]LogInit: Texture streaming: Enabled
[2020.10.11-17.55.24:471][  0]LogEngineSessionManager: EngineSessionManager initialized
[2020.10.11-17.55.24:471][  0]LogEditorSessionSummary: Verbose: Initializing EditorSessionSummaryWriter for editor session tracking
[2020.10.11-17.55.24:484][  0]LogEditorSessionSummary: EditorSessionSummaryWriter initialized
[2020.10.11-17.55.24:517][  0]LogInit: Transaction tracking system initialized
[2020.10.11-17.55.24:554][  0]BlueprintLog: New page: Editor Load
[2020.10.11-17.55.24:662][  0]LocalizationService: Localization service is disabled
[2020.10.11-17.55.24:853][  0]LogCook: Display: Max memory allowance for cook 16384mb min free memory 0mb
[2020.10.11-17.55.24:853][  0]LogCook: Display: Mobile HDR setting 1
[2020.10.11-17.55.25:105][  0]LogFileCache: Scanning file cache for directory 'C:/Users/Victo/Documents/Unreal Projects/Team6ProgAssignment/Content/' took 0.01s
[2020.10.11-17.55.25:106][  0]SourceControl: Source control is disabled
[2020.10.11-17.55.25:106][  0]LogUnrealEdMisc: Loading editor; pre map load, took 83.774
[2020.10.11-17.55.25:106][  0]Cmd: MAP LOAD FILE="C:/Users/Victo/Documents/Unreal Projects/Team6ProgAssignment/Content/FirstPersonCPP/Maps/FirstPersonExampleMap.umap" TEMPLATE=0 SHOWPROGRESS=1 FEATURELEVEL=3
[2020.10.11-17.55.25:106][  0]LightingResults: New page: Lighting Build
[2020.10.11-17.55.25:107][  0]LogWorld: UWorld::CleanupWorld for Untitled, bSessionEnded=true, bCleanupResources=true
[2020.10.11-17.55.25:107][  0]LogSlate: InvalidateAllWidgets triggered.  All widgets were invalidated
[2020.10.11-17.55.25:107][  0]MapCheck: New page: Map Check
[2020.10.11-17.55.25:107][  0]LightingResults: New page: Lighting Build
[2020.10.11-17.55.25:116][  0]LogAISub: UAISubsystem::~UAISubsystem EnvQueryManager (00000292FA23FC00), frame # 0
[2020.10.11-17.55.25:116][  0]LogAISub: UAISubsystem::~UAISubsystem AIPerceptionSystem (00000292FA2A9F80), frame # 0
[2020.10.11-17.55.25:117][  0]LogUObjectHash: Compacting FUObjectHashTables data took   0.65ms
[2020.10.11-17.55.25:231][  0]LogAIModule: Creating AISystem for world FirstPersonExampleMap
[2020.10.11-17.55.25:231][  0]LogAISub: UAISubsystem::UAISubsystem EnvQueryManager (00000292F9A1C400), frame # 0
[2020.10.11-17.55.25:231][  0]LogAISub: UAISubsystem::UAISubsystem AIPerceptionSystem (00000292F773A5C0), frame # 0
[2020.10.11-17.55.25:245][  0]LogEditorServer: Finished looking for orphan Actors (0.000 secs)
[2020.10.11-17.55.25:266][  0]LogUObjectHash: Compacting FUObjectHashTables data took   1.06ms
[2020.10.11-17.55.25:266][  0]Cmd: MAP CHECKDEP NOCLEARLOG
[2020.10.11-17.55.25:266][  0]MapCheck: Map check complete: 0 Error(s), 0 Warning(s), took 0,15ms to complete.
[2020.10.11-17.55.25:266][  0]LogFileHelpers: Loading map 'FirstPersonExampleMap' took 0.160
[2020.10.11-17.55.25:270][  0]LogUnrealEdMisc: Total Editor Startup Time, took 83.938
[2020.10.11-17.55.25:391][  0]LogSlate: Updating window title bar state: overlay mode, drag disabled, window buttons hidden, title bar hidden
[2020.10.11-17.55.25:398][  0]LogSlate: Updating window title bar state: overlay mode, drag disabled, window buttons hidden, title bar hidden
[2020.10.11-17.55.25:404][  0]LogSlate: Updating window title bar state: overlay mode, drag disabled, window buttons hidden, title bar hidden
[2020.10.11-17.55.25:411][  0]LogSlate: Updating window title bar state: overlay mode, drag disabled, window buttons hidden, title bar hidden
[2020.10.11-17.55.25:424][  0]LogCollectionManager: Loaded 0 collections in 0.001587 seconds
[2020.10.11-17.55.25:439][  0]LogFileCache: Scanning file cache for directory 'C:/Users/Victo/Documents/Unreal Projects/Team6ProgAssignment/Saved/Collections/' took 0.00s
[2020.10.11-17.55.25:440][  0]LogFileCache: Scanning file cache for directory 'C:/Users/Victo/Documents/Unreal Projects/Team6ProgAssignment/Content/Developers/VictoR/Collections/' took 0.00s
[2020.10.11-17.55.25:440][  0]LogFileCache: Scanning file cache for directory 'C:/Users/Victo/Documents/Unreal Projects/Team6ProgAssignment/Content/Collections/' took 0.00s
[2020.10.11-17.55.25:440][  0]LogContentBrowser: Native class hierarchy populated in 0.0089 seconds. Added 3420 classes and 807 folders.
[2020.10.11-17.55.25:442][  0]LogContentBrowser: Native class hierarchy updated for 'WidgetCarousel' in 0.0005 seconds. Added 0 classes and 0 folders.
[2020.10.11-17.55.25:563][  0]LogContentBrowser: Native class hierarchy updated for 'AddContentDialog' in 0.0018 seconds. Added 0 classes and 0 folders.
[2020.10.11-17.55.25:567][  0]LogContentBrowser: Native class hierarchy updated for 'SceneOutliner' in 0.0005 seconds. Added 2 classes and 0 folders.
[2020.10.11-17.55.25:680][  0]LogSlate: Took 0.000246 seconds to synchronously load lazily loaded font '../../../Engine/Content/Slate/Fonts/Roboto-Regular.ttf' (155K)
[2020.10.11-17.55.25:682][  0]LogSlate: Took 0.000248 seconds to synchronously load lazily loaded font '../../../Engine/Content/Slate/Fonts/Roboto-Bold.ttf' (160K)
[2020.10.11-17.55.25:686][  0]LogSlate: Took 0.000234 seconds to synchronously load lazily loaded font '../../../Engine/Content/Editor/Slate/Fonts/FontAwesome.ttf' (139K)
[2020.10.11-17.55.25:752][  0]LogRenderer: Reallocating scene render targets to support 1208x680 Format 10 NumSamples 1 (Frame:1).
[2020.10.11-17.55.25:851][  0]LogContentBrowser: Native class hierarchy updated for 'HierarchicalLODOutliner' in 0.0005 seconds. Added 0 classes and 0 folders.
[2020.10.11-17.55.25:851][  0]LogLoad: (Engine Initialization) Total time: 84.52 seconds
[2020.10.11-17.55.25:851][  0]LogLoad: (Engine Initialization) Total Blueprint compile time: 0.00 seconds
[2020.10.11-17.55.25:878][  0]LogContentStreaming: Texture pool size now 1000 MB
[2020.10.11-17.55.29:920][476]LogSlate: Took 0.000239 seconds to synchronously load lazily loaded font '../../../Engine/Content/Slate/Fonts/Roboto-Light.ttf' (167K)
[2020.10.11-17.55.41:747][895]LogAssetRegistry: Asset discovery search completed in 19.8421 seconds
[2020.10.11-17.55.41:750][895]LogCollectionManager: Fixed up redirectors for 0 collections in 0.000003 seconds (updated 0 objects)
[2020.10.11-17.56.53:788][528]LogTemp: Repeating last play command: Selected Viewport
[2020.10.11-17.56.53:800][528]LogPlayLevel: PlayLevel: No blueprints needed recompiling
[2020.10.11-17.56.53:801][528]PIE: New page: PIE session: FirstPersonExampleMap (11 okt. 2020 21:56:53)
[2020.10.11-17.56.53:803][528]LogOnline: OSS: Creating online subsystem instance for: NULL
[2020.10.11-17.56.53:805][528]LogOnline: OSS: TryLoadSubsystemAndSetDefault: Loaded subsystem for module [NULL]
[2020.10.11-17.56.53:805][528]LogPlayLevel: Creating play world package: /Game/FirstPersonCPP/Maps/UEDPIE_0_FirstPersonExampleMap
[2020.10.11-17.56.53:819][528]LogPlayLevel: PIE: StaticDuplicateObject took: (0.014178s)
[2020.10.11-17.56.53:821][528]LogAIModule: Creating AISystem for world FirstPersonExampleMap
[2020.10.11-17.56.53:821][528]LogAISub: UAISubsystem::UAISubsystem EnvQueryManager (0000029290828C00), frame # 10528
[2020.10.11-17.56.53:821][528]LogAISub: UAISubsystem::UAISubsystem AIPerceptionSystem (0000029290865E40), frame # 10528
[2020.10.11-17.56.53:821][528]LogPlayLevel: PIE: World Init took: (0.001641s)
[2020.10.11-17.56.53:821][528]LogPlayLevel: PIE: Created PIE world by copying editor world from /Game/FirstPersonCPP/Maps/FirstPersonExampleMap.FirstPersonExampleMap to /Game/FirstPersonCPP/Maps/UEDPIE_0_FirstPersonExampleMap.FirstPersonExampleMap (0.016137s)
[2020.10.11-17.56.53:830][528]LogUObjectHash: Compacting FUObjectHashTables data took   0.52ms
[2020.10.11-17.56.53:832][528]LogAudioMixer: Display: Audio Mixer Platform Settings:
[2020.10.11-17.56.53:832][528]LogAudioMixer: Display: 	Sample Rate:						  48000
[2020.10.11-17.56.53:832][528]LogAudioMixer: Display: 	Callback Buffer Frame Size Requested: 1024
[2020.10.11-17.56.53:832][528]LogAudioMixer: Display: 	Callback Buffer Frame Size To Use:	  1024
[2020.10.11-17.56.53:832][528]LogAudioMixer: Display: 	Number of buffers to queue:			  2
[2020.10.11-17.56.53:832][528]LogAudioMixer: Display: 	Max Channels (voices):				  32
[2020.10.11-17.56.53:832][528]LogAudioMixer: Display: 	Number of Async Source Workers:		  0
[2020.10.11-17.56.53:833][528]LogAudio: Display: AudioDevice MaxSources: 32
[2020.10.11-17.56.53:833][528]LogAudio: Display: Using built-in audio occlusion.
[2020.10.11-17.56.53:833][528]LogAudioMixer: Display: Initializing audio mixer.
[2020.10.11-17.56.53:840][528]LogAudioMixer: Display: 0: FrontLeft
[2020.10.11-17.56.53:840][528]LogAudioMixer: Display: 1: FrontRight
[2020.10.11-17.56.53:879][528]LogAudioMixer: Display: Using Audio Device Högtalare (Yeti Stereo Microphone)
[2020.10.11-17.56.53:879][528]LogAudioMixer: Display: Initializing Sound Submixes...
[2020.10.11-17.56.53:879][528]LogAudioMixer: Display: Creating Master Submix 'MasterSubmixDefault'
[2020.10.11-17.56.53:879][528]LogAudioMixer: Display: Creating Master Submix 'MasterReverbSubmixDefault'
[2020.10.11-17.56.53:880][528]LogAudioMixer: Display: Creating Master Submix 'MasterEQSubmixDefault'
[2020.10.11-17.56.53:891][528]LogInit: FAudioDevice initialized.
[2020.10.11-17.56.53:919][528]LogLoad: Game class is 'BP_GameMode_C'
[2020.10.11-17.56.53:921][528]LogWorld: Bringing World /Game/FirstPersonCPP/Maps/UEDPIE_0_FirstPersonExampleMap.FirstPersonExampleMap up for play (max tick rate 0) at 2020.10.11-19.56.53
[2020.10.11-17.56.53:922][528]LogWorld: Bringing up level for play took: 0.001805
[2020.10.11-17.56.53:922][528]LogOnline: OSS: Creating online subsystem instance for: :Context_1
[2020.10.11-17.56.53:926][528]LogContentBrowser: Native class hierarchy updated for 'MovieSceneCapture' in 0.0005 seconds. Added 20 classes and 0 folders.
[2020.10.11-17.56.53:929][528]LogActor: Warning: BP_AssultRifle_C /Game/FirstPersonCPP/Maps/UEDPIE_0_FirstPersonExampleMap.FirstPersonExampleMap:PersistentLevel.BP_AssultRifle_C_0 has natively added scene component(s), but none of them were set as the actor's RootComponent - picking one arbitrarily
[2020.10.11-17.56.53:929][528]PIE: Server logged in
[2020.10.11-17.56.53:931][528]PIE: Play in editor total start time 0,134 seconds.
[2020.10.11-17.56.54:817][629]LogTemp: Error: Assult Rifle Fired
[2020.10.11-17.56.54:824][630]LogTemp: Error: Assult Rifle Fired
[2020.10.11-17.56.54:832][631]LogTemp: Error: Assult Rifle Fired
[2020.10.11-17.56.54:840][632]LogTemp: Error: Assult Rifle Fired
[2020.10.11-17.56.54:848][633]LogTemp: Error: Assult Rifle Fired
[2020.10.11-17.56.54:857][634]LogTemp: Error: Assult Rifle Fired
[2020.10.11-17.56.54:865][635]LogTemp: Error: Assult Rifle Fired
[2020.10.11-17.56.54:874][636]LogTemp: Error: Assult Rifle Fired
[2020.10.11-17.56.54:882][637]LogTemp: Error: Assult Rifle Fired
[2020.10.11-17.56.54:890][638]LogTemp: Error: Assult Rifle Fired
[2020.10.11-17.56.54:899][639]LogTemp: Error: Assult Rifle Fired
[2020.10.11-17.56.56:317][809]LogTemp: Error: Assult Rifle Fired
[2020.10.11-17.56.56:324][810]LogTemp: Error: Assult Rifle Fired
[2020.10.11-17.56.56:333][811]LogTemp: Error: Assult Rifle Fired
[2020.10.11-17.56.56:341][812]LogTemp: Error: Assult Rifle Fired
[2020.10.11-17.56.56:349][813]LogTemp: Error: Assult Rifle Fired
[2020.10.11-17.56.56:358][814]LogTemp: Error: Assult Rifle Fired
[2020.10.11-17.56.56:366][815]LogTemp: Error: Assult Rifle Fired
[2020.10.11-17.56.56:374][816]LogTemp: Error: Assult Rifle Fired
[2020.10.11-17.56.56:383][817]LogTemp: Error: Assult Rifle Fired
[2020.10.11-17.56.56:391][818]LogTemp: Error: Assult Rifle Fired
[2020.10.11-17.56.57:559][955]LogSlate: Updating window title bar state: overlay mode, drag disabled, window buttons hidden, title bar hidden
[2020.10.11-17.56.57:560][955]LogWorld: BeginTearingDown for /Game/FirstPersonCPP/Maps/UEDPIE_0_FirstPersonExampleMap
[2020.10.11-17.56.57:560][955]LogWorld: UWorld::CleanupWorld for FirstPersonExampleMap, bSessionEnded=true, bCleanupResources=true
[2020.10.11-17.56.57:560][955]LogSlate: InvalidateAllWidgets triggered.  All widgets were invalidated
[2020.10.11-17.56.57:575][955]LogPlayLevel: Display: Shutting down PIE online subsystems
[2020.10.11-17.56.57:576][955]LogSlate: InvalidateAllWidgets triggered.  All widgets were invalidated
[2020.10.11-17.56.57:612][955]LogSlate: Updating window title bar state: overlay mode, drag disabled, window buttons hidden, title bar hidden
[2020.10.11-17.56.57:613][955]LogAISub: UAISubsystem::~UAISubsystem EnvQueryManager (0000029290828C00), frame # 10955
[2020.10.11-17.56.57:613][955]LogAISub: UAISubsystem::~UAISubsystem AIPerceptionSystem (0000029290865E40), frame # 10955
[2020.10.11-17.56.57:614][955]LogUObjectHash: Compacting FUObjectHashTables data took   0.66ms
[2020.10.11-17.56.57:639][956]LogPlayLevel: Display: Destroying online subsystem :Context_1
[2020.10.11-17.57.00:204][256]LogSlate: Took 0.000261 seconds to synchronously load lazily loaded font '../../../Engine/Content/Slate/Fonts/Roboto-Light.ttf' (167K)
[2020.10.11-17.57.00:217][256]LogAssetEditorSubsystem: Opening Asset editor for Blueprint /Game/BluePrints/GameModes/BP_GameMode.BP_GameMode
[2020.10.11-17.57.00:346][256]LogContentBrowser: Native class hierarchy updated for 'BlueprintGraph' in 0.0008 seconds. Added 125 classes and 0 folders.
[2020.10.11-17.57.04:861][645]LogAssetEditorSubsystem: Opening Asset editor for Blueprint /Game/BluePrints/Widgets/BP_HUD.BP_HUD
[2020.10.11-17.57.05:217][645]LogSlate: Took 0.000275 seconds to synchronously load lazily loaded font '../../../Engine/Content/Slate/Fonts/Roboto-BoldCondensed.ttf' (158K)
[2020.10.11-17.57.05:244][646]LogSlate: Took 0.000279 seconds to synchronously load lazily loaded font '../../../Engine/Content/Slate/Fonts/Roboto-Italic.ttf' (157K)
[2020.10.11-17.57.10:333][235]LogSlate: Prevented a slow task dialog from being summoned while a context menu was open
[2020.10.11-17.57.11:658][388]BlueprintLog: New page: Compile BP_HUD
[2020.10.11-17.57.11:690][388]LogUObjectHash: Compacting FUObjectHashTables data took   1.54ms
[2020.10.11-17.57.11:719][388]LogSlate: Took 0.000253 seconds to synchronously load lazily loaded font '../../../Engine/Content/Slate/Fonts/DroidSansMono.ttf' (77K)
[2020.10.11-17.57.12:312][457]Cmd: OBJ SAVEPACKAGE PACKAGE="/Game/BluePrints/Widgets/BP_HUD" FILE="C:/Users/Victo/Documents/Unreal Projects/Team6ProgAssignment/Content/BluePrints/Widgets/BP_HUD.uasset" SILENT=true
[2020.10.11-17.57.12:327][457]LogSavePackage: Moving 'C:/Users/Victo/Documents/Unreal Projects/Team6ProgAssignment/Saved/BP_HUD44DD0CF241215FF46E0BBC8633C997D2.tmp' to 'C:/Users/Victo/Documents/Unreal Projects/Team6ProgAssignment/Content/BluePrints/Widgets/BP_HUD.uasset'
[2020.10.11-17.57.12:339][457]AssetCheck: New page: Asset Save: BP_HUD
[2020.10.11-17.57.12:339][457]LogContentValidation: Display: Validating Blueprint /Game/BluePrints/Widgets/BP_HUD.BP_HUD
[2020.10.11-17.57.16:034][893]LogSlate: Prevented a slow task dialog from being summoned while a context menu was open
[2020.10.11-17.57.21:681][560]BlueprintLog: New page: Compile BP_GameMode
[2020.10.11-17.57.21:714][560]LogUObjectHash: Compacting FUObjectHashTables data took   1.66ms
[2020.10.11-17.57.22:094][603]Cmd: OBJ SAVEPACKAGE PACKAGE="/Game/BluePrints/GameModes/BP_GameMode" FILE="C:/Users/Victo/Documents/Unreal Projects/Team6ProgAssignment/Content/BluePrints/GameModes/BP_GameMode.uasset" SILENT=true
[2020.10.11-17.57.22:109][603]LogSavePackage: Moving 'C:/Users/Victo/Documents/Unreal Projects/Team6ProgAssignment/Saved/BP_GameModeCF02920E4E0AD79110F3E48AF0D7F74A.tmp' to 'C:/Users/Victo/Documents/Unreal Projects/Team6ProgAssignment/Content/BluePrints/GameModes/BP_GameMode.uasset'
[2020.10.11-17.57.22:124][603]AssetCheck: New page: Asset Save: BP_GameMode
[2020.10.11-17.57.22:125][603]LogContentValidation: Display: Validating Blueprint /Game/BluePrints/GameModes/BP_GameMode.BP_GameMode
[2020.10.11-17.57.23:250][733]LogTemp: Repeating last play command: Selected Viewport
[2020.10.11-17.57.23:262][733]LogPlayLevel: PlayLevel: No blueprints needed recompiling
[2020.10.11-17.57.23:263][733]PIE: New page: PIE session: FirstPersonExampleMap (11 okt. 2020 21:57:23)
[2020.10.11-17.57.23:285][733]LogPlayLevel: Creating play world package: /Game/FirstPersonCPP/Maps/UEDPIE_0_FirstPersonExampleMap
[2020.10.11-17.57.23:296][733]LogPlayLevel: PIE: StaticDuplicateObject took: (0.011187s)
[2020.10.11-17.57.23:297][733]LogAIModule: Creating AISystem for world FirstPersonExampleMap
[2020.10.11-17.57.23:298][733]LogAISub: UAISubsystem::UAISubsystem EnvQueryManager (000002931E3A7E00), frame # 13733
[2020.10.11-17.57.23:298][733]LogAISub: UAISubsystem::UAISubsystem AIPerceptionSystem (000002931E540A40), frame # 13733
[2020.10.11-17.57.23:298][733]LogPlayLevel: PIE: World Init took: (0.001816s)
[2020.10.11-17.57.23:298][733]LogPlayLevel: PIE: Created PIE world by copying editor world from /Game/FirstPersonCPP/Maps/FirstPersonExampleMap.FirstPersonExampleMap to /Game/FirstPersonCPP/Maps/UEDPIE_0_FirstPersonExampleMap.FirstPersonExampleMap (0.013369s)
[2020.10.11-17.57.23:320][733]LogUObjectHash: Compacting FUObjectHashTables data took   1.63ms
[2020.10.11-17.57.23:321][733]LogAudioMixer: Display: Audio Mixer Platform Settings:
[2020.10.11-17.57.23:321][733]LogAudioMixer: Display: 	Sample Rate:						  48000
[2020.10.11-17.57.23:321][733]LogAudioMixer: Display: 	Callback Buffer Frame Size Requested: 1024
[2020.10.11-17.57.23:321][733]LogAudioMixer: Display: 	Callback Buffer Frame Size To Use:	  1024
[2020.10.11-17.57.23:321][733]LogAudioMixer: Display: 	Number of buffers to queue:			  2
[2020.10.11-17.57.23:321][733]LogAudioMixer: Display: 	Max Channels (voices):				  32
[2020.10.11-17.57.23:321][733]LogAudioMixer: Display: 	Number of Async Source Workers:		  0
[2020.10.11-17.57.23:322][733]LogAudio: Display: AudioDevice MaxSources: 32
[2020.10.11-17.57.23:322][733]LogAudio: Display: Using built-in audio occlusion.
[2020.10.11-17.57.23:322][733]LogAudioMixer: Display: Initializing audio mixer.
[2020.10.11-17.57.23:329][733]LogAudioMixer: Display: 0: FrontLeft
[2020.10.11-17.57.23:329][733]LogAudioMixer: Display: 1: FrontRight
[2020.10.11-17.57.23:369][733]LogAudioMixer: Display: Using Audio Device Högtalare (Yeti Stereo Microphone)
[2020.10.11-17.57.23:369][733]LogAudioMixer: Display: Initializing Sound Submixes...
[2020.10.11-17.57.23:369][733]LogAudioMixer: Display: Creating Master Submix 'MasterSubmixDefault'
[2020.10.11-17.57.23:369][733]LogAudioMixer: Display: Creating Master Submix 'MasterReverbSubmixDefault'
[2020.10.11-17.57.23:370][733]LogAudioMixer: Display: Creating Master Submix 'MasterEQSubmixDefault'
[2020.10.11-17.57.23:381][733]LogInit: FAudioDevice initialized.
[2020.10.11-17.57.23:391][733]LogLoad: Game class is 'BP_GameMode_C'
[2020.10.11-17.57.23:392][733]LogWorld: Bringing World /Game/FirstPersonCPP/Maps/UEDPIE_0_FirstPersonExampleMap.FirstPersonExampleMap up for play (max tick rate 0) at 2020.10.11-19.57.23
[2020.10.11-17.57.23:393][733]LogWorld: Bringing up level for play took: 0.001430
[2020.10.11-17.57.23:393][733]LogOnline: OSS: Creating online subsystem instance for: :Context_7
[2020.10.11-17.57.23:397][733]LogActor: Warning: BP_Pistol_C /Game/FirstPersonCPP/Maps/UEDPIE_0_FirstPersonExampleMap.FirstPersonExampleMap:PersistentLevel.BP_Pistol_C_0 has natively added scene component(s), but none of them were set as the actor's RootComponent - picking one arbitrarily
[2020.10.11-17.57.23:397][733]PIE: Server logged in
[2020.10.11-17.57.23:398][733]PIE: Play in editor total start time 0,139 seconds.
[2020.10.11-17.57.24:976][919]LogTemp: Error: Pistol Fired
[2020.10.11-17.57.24:984][920]LogTemp: Error: Pistol Fired
[2020.10.11-17.57.24:992][921]LogTemp: Error: Pistol Fired
[2020.10.11-17.57.25:000][922]LogTemp: Error: Pistol Fired
[2020.10.11-17.57.25:009][923]LogTemp: Error: Pistol Fired
[2020.10.11-17.57.25:017][924]LogTemp: Error: Pistol Fired
[2020.10.11-17.57.25:025][925]LogTemp: Error: Pistol Fired
[2020.10.11-17.57.25:034][926]LogTemp: Error: Pistol Fired
[2020.10.11-17.57.25:042][927]LogTemp: Error: Pistol Fired
[2020.10.11-17.57.25:050][928]LogTemp: Error: Pistol Fired
[2020.10.11-17.57.26:310][ 75]LogSlate: Updating window title bar state: overlay mode, drag disabled, window buttons hidden, title bar hidden
[2020.10.11-17.57.26:310][ 75]LogWorld: BeginTearingDown for /Game/FirstPersonCPP/Maps/UEDPIE_0_FirstPersonExampleMap
[2020.10.11-17.57.26:310][ 75]LogWorld: UWorld::CleanupWorld for FirstPersonExampleMap, bSessionEnded=true, bCleanupResources=true
[2020.10.11-17.57.26:311][ 75]LogSlate: InvalidateAllWidgets triggered.  All widgets were invalidated
[2020.10.11-17.57.26:321][ 75]LogPlayLevel: Display: Shutting down PIE online subsystems
[2020.10.11-17.57.26:324][ 75]LogSlate: InvalidateAllWidgets triggered.  All widgets were invalidated
[2020.10.11-17.57.26:377][ 75]LogSlate: Updating window title bar state: overlay mode, drag disabled, window buttons hidden, title bar hidden
[2020.10.11-17.57.26:378][ 75]LogAISub: UAISubsystem::~UAISubsystem AIPerceptionSystem (000002931E540A40), frame # 14075
[2020.10.11-17.57.26:378][ 75]LogAISub: UAISubsystem::~UAISubsystem EnvQueryManager (000002931E3A7E00), frame # 14075
[2020.10.11-17.57.26:380][ 75]LogUObjectHash: Compacting FUObjectHashTables data took   1.34ms
[2020.10.11-17.57.26:402][ 76]LogPlayLevel: Display: Destroying online subsystem :Context_7
[2020.10.11-17.57.28:346][298]LogUObjectHash: Compacting FUObjectHashTables data took   1.35ms
[2020.10.11-17.57.28:372][298]LogWorld: UWorld::CleanupWorld for World_0, bSessionEnded=true, bCleanupResources=true
[2020.10.11-17.57.28:372][298]LogSlate: InvalidateAllWidgets triggered.  All widgets were invalidated
[2020.10.11-17.57.28:420][298]LogActorComponent: UnregisterComponent: (/Engine/Transient.EditorFloorComp) Not registered. Aborting.
[2020.10.11-17.57.28:420][298]LogWorld: UWorld::CleanupWorld for World_4, bSessionEnded=true, bCleanupResources=true
[2020.10.11-17.57.28:420][298]LogSlate: InvalidateAllWidgets triggered.  All widgets were invalidated
[2020.10.11-17.57.28:483][298]LogSlate: Window 'Team6ProgAssignment - Unreal Editor' being destroyed
[2020.10.11-17.57.28:484][298]LogWindowsTextInputMethodSystem: Display: IME system now deactivated.
[2020.10.11-17.57.28:606][299]Cmd: QUIT_EDITOR
[2020.10.11-17.57.28:606][299]LogCore: Engine exit requested (reason: UUnrealEdEngine::CloseEditor())
[2020.10.11-17.57.28:615][299]LogCore: Engine exit requested (reason: EngineExit() was called; note: exit was already requested)
[2020.10.11-17.57.29:140][299]LogExit: Preparing to exit.
