Log file open, 10/11/20 19:11:02
LogInit: Display: Running engine for game: Team6ProgAssignment
LogPlatformFile: Not using cached read wrapper
LogTaskGraph: Started task graph with 5 named threads and 20 total threads with 3 sets of task threads.
LogStats: Stats thread started at 0.385650
LogD3D11RHI: Loaded GFSDK_Aftermath_Lib.x64.dll
LogICUInternationalization: ICU TimeZone Detection - Raw Offset: +1:00, Platform Override: ''
LogPluginManager: Mounting plugin Paper2D
LogPluginManager: Mounting plugin AISupport
LogPluginManager: Mounting plugin LightPropagationVolume
LogPluginManager: Mounting plugin CameraShakePreviewer
LogPluginManager: Mounting plugin ActorLayerUtilities
LogPluginManager: Mounting plugin AnimationSharing
LogPluginManager: Mounting plugin CLionSourceCodeAccess
LogPluginManager: Mounting plugin CodeLiteSourceCodeAccess
LogPluginManager: Mounting plugin GitSourceControl
LogPluginManager: Mounting plugin KDevelopSourceCodeAccess
LogPluginManager: Mounting plugin NullSourceCodeAccess
LogPluginManager: Mounting plugin PerforceSourceControl
LogPluginManager: Mounting plugin PlasticSourceControl
LogPluginManager: Mounting plugin RiderSourceCodeAccess
LogPluginManager: Mounting plugin SubversionSourceControl
LogPluginManager: Mounting plugin UObjectPlugin
LogPluginManager: Mounting plugin VisualStudioCodeSourceCodeAccess
LogPluginManager: Mounting plugin VisualStudioSourceCodeAccess
LogPluginManager: Mounting plugin XCodeSourceCodeAccess
LogPluginManager: Mounting plugin AssetManagerEditor
LogPluginManager: Mounting plugin CryptoKeys
LogPluginManager: Mounting plugin CurveEditorTools
LogPluginManager: Mounting plugin DataValidation
LogPluginManager: Mounting plugin EditorScriptingUtilities
LogPluginManager: Mounting plugin FacialAnimation
LogPluginManager: Mounting plugin GameplayTagsEditor
LogPluginManager: Mounting plugin GeometryMode
LogPluginManager: Mounting plugin MacGraphicsSwitching
LogPluginManager: Mounting plugin MaterialAnalyzer
LogPluginManager: Mounting plugin MobileLauncherProfileWizard
LogPluginManager: Mounting plugin PluginBrowser
LogPluginManager: Mounting plugin SpeedTreeImporter
LogPluginManager: Mounting plugin DatasmithContent
LogPluginManager: Mounting plugin VariantManagerContent
LogPluginManager: Mounting plugin AlembicImporter
LogPluginManager: Mounting plugin AutomationUtils
LogPluginManager: Mounting plugin BackChannel
LogPluginManager: Mounting plugin ChaosCloth
LogPluginManager: Mounting plugin ChaosClothEditor
LogPluginManager: Mounting plugin ChaosEditor
LogPluginManager: Mounting plugin ChaosNiagara
LogPluginManager: Mounting plugin ChaosSolverPlugin
LogPluginManager: Mounting plugin CharacterAI
LogPluginManager: Mounting plugin GeometryCache
LogPluginManager: Mounting plugin GeometryCollectionPlugin
LogPluginManager: Mounting plugin GeometryProcessing
LogPluginManager: Mounting plugin PlanarCut
LogPluginManager: Mounting plugin PlatformCrypto
LogPluginManager: Mounting plugin ProxyLODPlugin
LogPluginManager: Mounting plugin SkeletalReduction
LogPluginManager: Mounting plugin Niagara
LogPluginManager: Mounting plugin MagicLeap
LogPluginManager: Mounting plugin MagicLeapLightEstimation
LogPluginManager: Mounting plugin MagicLeapMedia
LogPluginManager: Mounting plugin MagicLeapPassableWorld
LogPluginManager: Mounting plugin MLSDK
LogPluginManager: Mounting plugin AndroidMedia
LogPluginManager: Mounting plugin AvfMedia
LogPluginManager: Mounting plugin ImgMedia
LogPluginManager: Mounting plugin MediaCompositing
LogPluginManager: Mounting plugin MediaPlayerEditor
LogPluginManager: Mounting plugin WebMMedia
LogPluginManager: Mounting plugin WmfMedia
LogPluginManager: Mounting plugin MeshPainting
LogPluginManager: Mounting plugin TcpMessaging
LogPluginManager: Mounting plugin UdpMessaging
LogPluginManager: Mounting plugin ActorSequence
LogPluginManager: Mounting plugin LevelSequenceEditor
LogPluginManager: Mounting plugin MatineeToLevelSequence
LogPluginManager: Mounting plugin MovieRenderPipeline
LogPluginManager: Mounting plugin TemplateSequence
LogPluginManager: Mounting plugin NetcodeUnitTest
LogPluginManager: Mounting plugin NUTUnrealEngine4
LogPluginManager: Mounting plugin OnlineSubsystemGooglePlay
LogPluginManager: Mounting plugin OnlineSubsystemIOS
LogPluginManager: Mounting plugin OnlineSubsystem
LogPluginManager: Mounting plugin OnlineSubsystemNull
LogPluginManager: Mounting plugin OnlineSubsystemUtils
LogPluginManager: Mounting plugin LauncherChunkInstaller
LogPluginManager: Mounting plugin AndroidDeviceProfileSelector
LogPluginManager: Mounting plugin AndroidMoviePlayer
LogPluginManager: Mounting plugin AndroidPermission
LogPluginManager: Mounting plugin AppleImageUtils
LogPluginManager: Mounting plugin AppleMoviePlayer
LogPluginManager: Mounting plugin ArchVisCharacter
LogPluginManager: Mounting plugin AssetTags
LogPluginManager: Mounting plugin AudioCapture
LogPluginManager: Mounting plugin CableComponent
LogPluginManager: Mounting plugin CustomMeshComponent
LogPluginManager: Mounting plugin EditableMesh
LogPluginManager: Mounting plugin ExampleDeviceProfileSelector
LogPluginManager: Mounting plugin GoogleCloudMessaging
LogPluginManager: Mounting plugin GooglePAD
LogPluginManager: Mounting plugin IOSDeviceProfileSelector
LogPluginManager: Mounting plugin LinuxDeviceProfileSelector
LogPluginManager: Mounting plugin LocationServicesBPLibrary
LogPluginManager: Mounting plugin MobilePatchingUtils
LogPluginManager: Mounting plugin PhysXVehicles
LogPluginManager: Mounting plugin PostSplashScreen
LogPluginManager: Mounting plugin ProceduralMeshComponent
LogPluginManager: Mounting plugin RuntimePhysXCooking
LogPluginManager: Mounting plugin SignificanceManager
LogPluginManager: Mounting plugin SoundFields
LogPluginManager: Mounting plugin Synthesis
LogPluginManager: Mounting plugin WebMMoviePlayer
LogPluginManager: Mounting plugin WindowsMoviePlayer
LogPluginManager: Mounting plugin ScreenshotTools
LogInit: Using libcurl 7.55.1-DEV
LogInit:  - built for x86_64-pc-win32
LogInit:  - supports SSL with OpenSSL/1.1.1
LogInit:  - supports HTTP deflate (compression) using libz 1.2.8
LogInit:  - other features:
LogInit:      CURL_VERSION_SSL
LogInit:      CURL_VERSION_LIBZ
LogInit:      CURL_VERSION_IPV6
LogInit:      CURL_VERSION_ASYNCHDNS
LogInit:      CURL_VERSION_LARGEFILE
LogInit:      CURL_VERSION_IDN
LogInit:  CurlRequestOptions (configurable via config and command line):
LogInit:  - bVerifyPeer = true  - Libcurl will verify peer certificate
LogInit:  - bUseHttpProxy = false  - Libcurl will NOT use HTTP proxy
LogInit:  - bDontReuseConnections = false  - Libcurl will reuse connections
LogInit:  - MaxHostConnections = 16  - Libcurl will limit the number of connections to a host
LogInit:  - LocalHostAddr = Default
LogInit:  - BufferSize = 65536
LogOnline: OSS: Creating online subsystem instance for: NULL
LogInit: WinSock: version 1.1 (2.2), MaxSocks=32767, MaxUdp=65467
LogOnline: OSS: TryLoadSubsystemAndSetDefault: Loaded subsystem for module [NULL]
LogInit: Build: ++UE4+Release-4.25-CL-13942748
LogInit: Engine Version: 4.25.3-13942748+++UE4+Release-4.25
LogInit: Compatible Engine Version: 4.25.0-13144385+++UE4+Release-4.25
LogInit: Net CL: 13144385
LogInit: OS: Windows 10 (Release 2004) (), CPU: Intel(R) Core(TM) i5-8600K CPU @ 3.60GHz, GPU: NVIDIA GeForce GTX 1070
LogInit: Compiled (64-bit): Jul 25 2020 02:07:48
LogInit: Compiled with Visual C++: 19.24.28315.00
LogInit: Build Configuration: Development
LogInit: Branch Name: ++UE4+Release-4.25
LogInit: Command Line:  -skipcompile
LogInit: Base Directory: E:/EpicGames/UE_4.25/Engine/Binaries/Win64/
LogInit: Allocator: TBB
LogInit: Installed Engine Build: 1
LogDevObjectVersion: Number of dev versions registered: 26
LogDevObjectVersion:   Dev-Blueprints (B0D832E4-1F89-4F0D-ACCF-7EB736FD4AA2): 10
LogDevObjectVersion:   Dev-Build (E1C64328-A22C-4D53-A36C-8E866417BD8C): 0
LogDevObjectVersion:   Dev-Core (375EC13C-06E4-48FB-B500-84F0262A717E): 4
LogDevObjectVersion:   Dev-Editor (E4B068ED-F494-42E9-A231-DA0B2E46BB41): 38
LogDevObjectVersion:   Dev-Framework (CFFC743F-43B0-4480-9391-14DF171D2073): 37
LogDevObjectVersion:   Dev-Mobile (B02B49B5-BB20-44E9-A304-32B752E40360): 2
LogDevObjectVersion:   Dev-Networking (A4E4105C-59A1-49B5-A7C5-40C4547EDFEE): 0
LogDevObjectVersion:   Dev-Online (39C831C9-5AE6-47DC-9A44-9C173E1C8E7C): 0
LogDevObjectVersion:   Dev-Physics (78F01B33-EBEA-4F98-B9B4-84EACCB95AA2): 4
LogDevObjectVersion:   Dev-Platform (6631380F-2D4D-43E0-8009-CF276956A95A): 0
LogDevObjectVersion:   Dev-Rendering (12F88B9F-8875-4AFC-A67C-D90C383ABD29): 43
LogDevObjectVersion:   Dev-Sequencer (7B5AE74C-D270-4C10-A958-57980B212A5A): 12
LogDevObjectVersion:   Dev-VR (D7296918-1DD6-4BDD-9DE2-64A83CC13884): 3
LogDevObjectVersion:   Dev-LoadTimes (C2A15278-BFE7-4AFE-6C17-90FF531DF755): 1
LogDevObjectVersion:   Private-Geometry (6EACA3D4-40EC-4CC1-B786-8BED09428FC5): 3
LogDevObjectVersion:   Dev-AnimPhys (29E575DD-E0A3-4627-9D10-D276232CDCEA): 17
LogDevObjectVersion:   Dev-Anim (AF43A65D-7FD3-4947-9873-3E8ED9C1BB05): 7
LogDevObjectVersion:   Dev-ReflectionCapture (6B266CEC-1EC7-4B8F-A30B-E4D90942FC07): 1
LogDevObjectVersion:   Dev-Automation (0DF73D61-A23F-47EA-B727-89E90C41499A): 1
LogDevObjectVersion:   FortniteMain (601D1886-AC64-4F84-AA16-D3DE0DEAC7D6): 31
LogDevObjectVersion:   Dev-Enterprise (9DFFBCD6-494F-0158-E221-12823C92A888): 10
LogDevObjectVersion:   Dev-Niagara (F2AED0AC-9AFE-416F-8664-AA7FFA26D6FC): 1
LogDevObjectVersion:   Dev-Destruction (174F1F0B-B4C6-45A5-B13F-2EE8D0FB917D): 10
LogDevObjectVersion:   Dev-Physics-Ext (35F94A83-E258-406C-A318-09F59610247C): 37
LogDevObjectVersion:   Dev-PhysicsMaterial-Chaos (B68FC16E-8B1B-42E2-B453-215C058844FE): 1
LogDevObjectVersion:   Dev-CineCamera (B2E18506-4273-CFC2-A54E-F4BB758BBA07): 1
LogInit: Presizing for max 25165824 objects, including 0 objects not considered by GC, pre-allocating 0 bytes for permanent pool.
LogConfig: Applying CVar settings from Section [/Script/Engine.StreamingSettings] File [C:/Users/Victo/Documents/Unreal Projects/Team6ProgAssignment/Saved/Config/Windows/Engine.ini]
LogConfig: Setting CVar [[s.MinBulkDataSizeForAsyncLoading:131072]]
LogConfig: Setting CVar [[s.AsyncLoadingThreadEnabled:0]]
LogConfig: Setting CVar [[s.EventDrivenLoaderEnabled:1]]
LogConfig: Setting CVar [[s.WarnIfTimeLimitExceeded:0]]
LogConfig: Setting CVar [[s.TimeLimitExceededMultiplier:1.5]]
LogConfig: Setting CVar [[s.TimeLimitExceededMinTime:0.005]]
LogConfig: Setting CVar [[s.UseBackgroundLevelStreaming:1]]
LogConfig: Setting CVar [[s.PriorityAsyncLoadingExtraTime:15.0]]
LogConfig: Setting CVar [[s.LevelStreamingActorsUpdateTimeLimit:5.0]]
LogConfig: Setting CVar [[s.PriorityLevelStreamingActorsUpdateExtraTime:5.0]]
LogConfig: Setting CVar [[s.LevelStreamingComponentsRegistrationGranularity:10]]
LogConfig: Setting CVar [[s.UnregisterComponentsTimeLimit:1.0]]
LogConfig: Setting CVar [[s.LevelStreamingComponentsUnregistrationGranularity:5]]
LogConfig: Setting CVar [[s.FlushStreamingOnExit:1]]
LogInit: Object subsystem initialized
LogConfig: Setting CVar [[con.DebugEarlyDefault:1]]
LogConfig: Setting CVar [[r.setres:1280x720]]
[2020.10.11-17.11.03:022][  0]LogConfig: Setting CVar [[r.VSync:0]]
[2020.10.11-17.11.03:022][  0]LogConfig: Setting CVar [[r.RHICmdBypass:0]]
[2020.10.11-17.11.03:022][  0]LogConfig: Applying CVar settings from Section [/Script/Engine.RendererSettings] File [C:/Users/Victo/Documents/Unreal Projects/Team6ProgAssignment/Saved/Config/Windows/Engine.ini]
[2020.10.11-17.11.03:023][  0]LogConfig: Setting CVar [[r.GPUCrashDebugging:0]]
[2020.10.11-17.11.03:023][  0]LogConfig: Applying CVar settings from Section [/Script/Engine.RendererOverrideSettings] File [C:/Users/Victo/Documents/Unreal Projects/Team6ProgAssignment/Saved/Config/Windows/Engine.ini]
[2020.10.11-17.11.03:023][  0]LogConfig: Applying CVar settings from Section [/Script/Engine.StreamingSettings] File [C:/Users/Victo/Documents/Unreal Projects/Team6ProgAssignment/Saved/Config/Windows/Engine.ini]
[2020.10.11-17.11.03:023][  0]LogConfig: Setting CVar [[s.MinBulkDataSizeForAsyncLoading:131072]]
[2020.10.11-17.11.03:023][  0]LogConfig: Setting CVar [[s.AsyncLoadingThreadEnabled:0]]
[2020.10.11-17.11.03:023][  0]LogConfig: Setting CVar [[s.EventDrivenLoaderEnabled:1]]
[2020.10.11-17.11.03:023][  0]LogConfig: Setting CVar [[s.WarnIfTimeLimitExceeded:0]]
[2020.10.11-17.11.03:023][  0]LogConfig: Setting CVar [[s.TimeLimitExceededMultiplier:1.5]]
[2020.10.11-17.11.03:023][  0]LogConfig: Setting CVar [[s.TimeLimitExceededMinTime:0.005]]
[2020.10.11-17.11.03:023][  0]LogConfig: Setting CVar [[s.UseBackgroundLevelStreaming:1]]
[2020.10.11-17.11.03:023][  0]LogConfig: Setting CVar [[s.PriorityAsyncLoadingExtraTime:15.0]]
[2020.10.11-17.11.03:023][  0]LogConfig: Setting CVar [[s.LevelStreamingActorsUpdateTimeLimit:5.0]]
[2020.10.11-17.11.03:023][  0]LogConfig: Setting CVar [[s.PriorityLevelStreamingActorsUpdateExtraTime:5.0]]
[2020.10.11-17.11.03:023][  0]LogConfig: Setting CVar [[s.LevelStreamingComponentsRegistrationGranularity:10]]
[2020.10.11-17.11.03:023][  0]LogConfig: Setting CVar [[s.UnregisterComponentsTimeLimit:1.0]]
[2020.10.11-17.11.03:023][  0]LogConfig: Setting CVar [[s.LevelStreamingComponentsUnregistrationGranularity:5]]
[2020.10.11-17.11.03:023][  0]LogConfig: Setting CVar [[s.FlushStreamingOnExit:1]]
[2020.10.11-17.11.03:023][  0]LogConfig: Applying CVar settings from Section [/Script/Engine.GarbageCollectionSettings] File [C:/Users/Victo/Documents/Unreal Projects/Team6ProgAssignment/Saved/Config/Windows/Engine.ini]
[2020.10.11-17.11.03:023][  0]LogConfig: Setting CVar [[gc.MaxObjectsNotConsideredByGC:1]]
[2020.10.11-17.11.03:023][  0]LogConfig: Setting CVar [[gc.SizeOfPermanentObjectPool:0]]
[2020.10.11-17.11.03:023][  0]LogConfig: Setting CVar [[gc.FlushStreamingOnGC:0]]
[2020.10.11-17.11.03:023][  0]LogConfig: Setting CVar [[gc.NumRetriesBeforeForcingGC:10]]
[2020.10.11-17.11.03:023][  0]LogConfig: Setting CVar [[gc.AllowParallelGC:1]]
[2020.10.11-17.11.03:024][  0]LogConfig: Setting CVar [[gc.TimeBetweenPurgingPendingKillObjects:61.1]]
[2020.10.11-17.11.03:024][  0]LogConfig: Setting CVar [[gc.MaxObjectsInEditor:25165824]]
[2020.10.11-17.11.03:024][  0]LogConfig: Setting CVar [[gc.IncrementalBeginDestroyEnabled:1]]
[2020.10.11-17.11.03:024][  0]LogConfig: Setting CVar [[gc.CreateGCClusters:1]]
[2020.10.11-17.11.03:024][  0]LogConfig: Setting CVar [[gc.MinGCClusterSize:5]]
[2020.10.11-17.11.03:024][  0]LogConfig: Setting CVar [[gc.ActorClusteringEnabled:0]]
[2020.10.11-17.11.03:024][  0]LogConfig: Setting CVar [[gc.BlueprintClusteringEnabled:0]]
[2020.10.11-17.11.03:024][  0]LogConfig: Setting CVar [[gc.UseDisregardForGCOnDedicatedServers:0]]
[2020.10.11-17.11.03:024][  0]LogConfig: Applying CVar settings from Section [/Script/Engine.NetworkSettings] File [C:/Users/Victo/Documents/Unreal Projects/Team6ProgAssignment/Saved/Config/Windows/Engine.ini]
[2020.10.11-17.11.03:024][  0]LogConfig: Applying CVar settings from Section [/Script/UnrealEd.CookerSettings] File [C:/Users/Victo/Documents/Unreal Projects/Team6ProgAssignment/Saved/Config/Windows/Engine.ini]
[2020.10.11-17.11.03:032][  0]LogConfig: Applying CVar settings from Section [ViewDistanceQuality@3] File [C:/Users/Victo/Documents/Unreal Projects/Team6ProgAssignment/Saved/Config/Windows/Scalability.ini]
[2020.10.11-17.11.03:032][  0]LogConfig: Setting CVar [[r.SkeletalMeshLODBias:0]]
[2020.10.11-17.11.03:032][  0]LogConfig: Setting CVar [[r.ViewDistanceScale:1.0]]
[2020.10.11-17.11.03:032][  0]LogConfig: Applying CVar settings from Section [AntiAliasingQuality@3] File [C:/Users/Victo/Documents/Unreal Projects/Team6ProgAssignment/Saved/Config/Windows/Scalability.ini]
[2020.10.11-17.11.03:032][  0]LogConfig: Setting CVar [[r.PostProcessAAQuality:4]]
[2020.10.11-17.11.03:032][  0]LogConfig: Applying CVar settings from Section [ShadowQuality@3] File [C:/Users/Victo/Documents/Unreal Projects/Team6ProgAssignment/Saved/Config/Windows/Scalability.ini]
[2020.10.11-17.11.03:032][  0]LogConfig: Setting CVar [[r.LightFunctionQuality:1]]
[2020.10.11-17.11.03:032][  0]LogConfig: Setting CVar [[r.ShadowQuality:5]]
[2020.10.11-17.11.03:032][  0]LogConfig: Setting CVar [[r.Shadow.CSM.MaxCascades:10]]
[2020.10.11-17.11.03:033][  0]LogConfig: Setting CVar [[r.Shadow.MaxResolution:2048]]
[2020.10.11-17.11.03:033][  0]LogConfig: Setting CVar [[r.Shadow.MaxCSMResolution:2048]]
[2020.10.11-17.11.03:033][  0]LogConfig: Setting CVar [[r.Shadow.RadiusThreshold:0.01]]
[2020.10.11-17.11.03:033][  0]LogConfig: Setting CVar [[r.Shadow.DistanceScale:1.0]]
[2020.10.11-17.11.03:033][  0]LogConfig: Setting CVar [[r.Shadow.CSM.TransitionScale:1.0]]
[2020.10.11-17.11.03:033][  0]LogConfig: Setting CVar [[r.Shadow.PreShadowResolutionFactor:1.0]]
[2020.10.11-17.11.03:033][  0]LogConfig: Setting CVar [[r.DistanceFieldShadowing:1]]
[2020.10.11-17.11.03:033][  0]LogConfig: Setting CVar [[r.DistanceFieldAO:1]]
[2020.10.11-17.11.03:033][  0]LogConfig: Setting CVar [[r.AOQuality:2]]
[2020.10.11-17.11.03:033][  0]LogConfig: Setting CVar [[r.VolumetricFog:1]]
[2020.10.11-17.11.03:033][  0]LogConfig: Setting CVar [[r.VolumetricFog.GridPixelSize:8]]
[2020.10.11-17.11.03:033][  0]LogConfig: Setting CVar [[r.VolumetricFog.GridSizeZ:128]]
[2020.10.11-17.11.03:033][  0]LogConfig: Setting CVar [[r.VolumetricFog.HistoryMissSupersampleCount:4]]
[2020.10.11-17.11.03:033][  0]LogConfig: Setting CVar [[r.LightMaxDrawDistanceScale:1]]
[2020.10.11-17.11.03:033][  0]LogConfig: Setting CVar [[r.CapsuleShadows:1]]
[2020.10.11-17.11.03:033][  0]LogConfig: Applying CVar settings from Section [PostProcessQuality@3] File [C:/Users/Victo/Documents/Unreal Projects/Team6ProgAssignment/Saved/Config/Windows/Scalability.ini]
[2020.10.11-17.11.03:033][  0]LogConfig: Setting CVar [[r.MotionBlurQuality:4]]
[2020.10.11-17.11.03:033][  0]LogConfig: Setting CVar [[r.AmbientOcclusionMipLevelFactor:0.4]]
[2020.10.11-17.11.03:033][  0]LogConfig: Setting CVar [[r.AmbientOcclusionMaxQuality:100]]
[2020.10.11-17.11.03:033][  0]LogConfig: Setting CVar [[r.AmbientOcclusionLevels:-1]]
[2020.10.11-17.11.03:033][  0]LogConfig: Setting CVar [[r.AmbientOcclusionRadiusScale:1.0]]
[2020.10.11-17.11.03:033][  0]LogConfig: Setting CVar [[r.DepthOfFieldQuality:2]]
[2020.10.11-17.11.03:033][  0]LogConfig: Setting CVar [[r.RenderTargetPoolMin:400]]
[2020.10.11-17.11.03:033][  0]LogConfig: Setting CVar [[r.LensFlareQuality:2]]
[2020.10.11-17.11.03:033][  0]LogConfig: Setting CVar [[r.SceneColorFringeQuality:1]]
[2020.10.11-17.11.03:034][  0]LogConfig: Setting CVar [[r.EyeAdaptationQuality:2]]
[2020.10.11-17.11.03:034][  0]LogConfig: Setting CVar [[r.BloomQuality:5]]
[2020.10.11-17.11.03:034][  0]LogConfig: Setting CVar [[r.FastBlurThreshold:100]]
[2020.10.11-17.11.03:034][  0]LogConfig: Setting CVar [[r.Upscale.Quality:3]]
[2020.10.11-17.11.03:034][  0]LogConfig: Setting CVar [[r.Tonemapper.GrainQuantization:1]]
[2020.10.11-17.11.03:034][  0]LogConfig: Setting CVar [[r.LightShaftQuality:1]]
[2020.10.11-17.11.03:034][  0]LogConfig: Setting CVar [[r.Filter.SizeScale:1]]
[2020.10.11-17.11.03:034][  0]LogConfig: Setting CVar [[r.Tonemapper.Quality:5]]
[2020.10.11-17.11.03:034][  0]LogConfig: Setting CVar [[r.DOF.Gather.AccumulatorQuality:1        ; higher gathering accumulator quality]]
[2020.10.11-17.11.03:034][  0]LogConfig: Setting CVar [[r.DOF.Gather.PostfilterMethod:1          ; Median3x3 postfilering method]]
[2020.10.11-17.11.03:034][  0]LogConfig: Setting CVar [[r.DOF.Gather.EnableBokehSettings:0       ; no bokeh simulation when gathering]]
[2020.10.11-17.11.03:034][  0]LogConfig: Setting CVar [[r.DOF.Gather.RingCount:4                 ; medium number of samples when gathering]]
[2020.10.11-17.11.03:034][  0]LogConfig: Setting CVar [[r.DOF.Scatter.ForegroundCompositing:1    ; additive foreground scattering]]
[2020.10.11-17.11.03:034][  0]LogConfig: Setting CVar [[r.DOF.Scatter.BackgroundCompositing:2    ; additive background scattering]]
[2020.10.11-17.11.03:034][  0]LogConfig: Setting CVar [[r.DOF.Scatter.EnableBokehSettings:1      ; bokeh simulation when scattering]]
[2020.10.11-17.11.03:034][  0]LogConfig: Setting CVar [[r.DOF.Scatter.MaxSpriteRatio:0.1         ; only a maximum of 10% of scattered bokeh]]
[2020.10.11-17.11.03:034][  0]LogConfig: Setting CVar [[r.DOF.Recombine.Quality:1                ; cheap slight out of focus]]
[2020.10.11-17.11.03:034][  0]LogConfig: Setting CVar [[r.DOF.Recombine.EnableBokehSettings:0    ; no bokeh simulation on slight out of focus]]
[2020.10.11-17.11.03:034][  0]LogConfig: Setting CVar [[r.DOF.TemporalAAQuality:1                ; more stable temporal accumulation]]
[2020.10.11-17.11.03:034][  0]LogConfig: Setting CVar [[r.DOF.Kernel.MaxForegroundRadius:0.025]]
[2020.10.11-17.11.03:034][  0]LogConfig: Setting CVar [[r.DOF.Kernel.MaxBackgroundRadius:0.025]]
[2020.10.11-17.11.03:034][  0]LogConfig: Applying CVar settings from Section [TextureQuality@3] File [C:/Users/Victo/Documents/Unreal Projects/Team6ProgAssignment/Saved/Config/Windows/Scalability.ini]
[2020.10.11-17.11.03:034][  0]LogConfig: Setting CVar [[r.Streaming.MipBias:0]]
[2020.10.11-17.11.03:034][  0]LogConfig: Setting CVar [[r.Streaming.AmortizeCPUToGPUCopy:0]]
[2020.10.11-17.11.03:034][  0]LogConfig: Setting CVar [[r.Streaming.MaxNumTexturesToStreamPerFrame:0]]
[2020.10.11-17.11.03:034][  0]LogConfig: Setting CVar [[r.Streaming.Boost:1]]
[2020.10.11-17.11.03:035][  0]LogConfig: Setting CVar [[r.MaxAnisotropy:8]]
[2020.10.11-17.11.03:035][  0]LogConfig: Setting CVar [[r.VT.MaxAnisotropy:8]]
[2020.10.11-17.11.03:035][  0]LogConfig: Setting CVar [[r.Streaming.LimitPoolSizeToVRAM:0]]
[2020.10.11-17.11.03:035][  0]LogConfig: Setting CVar [[r.Streaming.PoolSize:1000]]
[2020.10.11-17.11.03:035][  0]LogConfig: Setting CVar [[r.Streaming.MaxEffectiveScreenSize:0]]
[2020.10.11-17.11.03:035][  0]LogConfig: Applying CVar settings from Section [EffectsQuality@3] File [C:/Users/Victo/Documents/Unreal Projects/Team6ProgAssignment/Saved/Config/Windows/Scalability.ini]
[2020.10.11-17.11.03:035][  0]LogConfig: Setting CVar [[r.TranslucencyLightingVolumeDim:64]]
[2020.10.11-17.11.03:035][  0]LogConfig: Setting CVar [[r.RefractionQuality:2]]
[2020.10.11-17.11.03:035][  0]LogConfig: Setting CVar [[r.SSR.Quality:3]]
[2020.10.11-17.11.03:035][  0]LogConfig: Setting CVar [[r.SSR.HalfResSceneColor:0]]
[2020.10.11-17.11.03:035][  0]LogConfig: Setting CVar [[r.SceneColorFormat:4]]
[2020.10.11-17.11.03:035][  0]LogConfig: Setting CVar [[r.DetailMode:2]]
[2020.10.11-17.11.03:035][  0]LogConfig: Setting CVar [[r.TranslucencyVolumeBlur:1]]
[2020.10.11-17.11.03:035][  0]LogConfig: Setting CVar [[r.MaterialQualityLevel:1 ; High quality]]
[2020.10.11-17.11.03:035][  0]LogConfig: Setting CVar [[r.SSS.Scale:1]]
[2020.10.11-17.11.03:035][  0]LogConfig: Setting CVar [[r.SSS.SampleSet:2]]
[2020.10.11-17.11.03:035][  0]LogConfig: Setting CVar [[r.SSS.Quality:1]]
[2020.10.11-17.11.03:035][  0]LogConfig: Setting CVar [[r.SSS.HalfRes:0]]
[2020.10.11-17.11.03:035][  0]LogConfig: Setting CVar [[r.SSGI.Quality:3]]
[2020.10.11-17.11.03:035][  0]LogConfig: Setting CVar [[r.EmitterSpawnRateScale:1.0]]
[2020.10.11-17.11.03:035][  0]LogConfig: Setting CVar [[r.ParticleLightQuality:2]]
[2020.10.11-17.11.03:035][  0]LogConfig: Setting CVar [[r.SkyAtmosphere.AerialPerspectiveLUT.FastApplyOnOpaque:1 ; Always have FastSkyLUT 1 in this case to avoid wrong sky]]
[2020.10.11-17.11.03:035][  0]LogConfig: Setting CVar [[r.SkyAtmosphere.AerialPerspectiveLUT.SampleCountPerSlice:1]]
[2020.10.11-17.11.03:035][  0]LogConfig: Setting CVar [[r.SkyAtmosphere.AerialPerspectiveLUT.DepthResolution:16.0]]
[2020.10.11-17.11.03:035][  0]LogConfig: Setting CVar [[r.SkyAtmosphere.FastSkyLUT:1]]
[2020.10.11-17.11.03:035][  0]LogConfig: Setting CVar [[r.SkyAtmosphere.FastSkyLUT.SampleCountMin:4.0]]
[2020.10.11-17.11.03:035][  0]LogConfig: Setting CVar [[r.SkyAtmosphere.FastSkyLUT.SampleCountMax:32.0]]
[2020.10.11-17.11.03:035][  0]LogConfig: Setting CVar [[r.SkyAtmosphere.SampleCountMin:4.0]]
[2020.10.11-17.11.03:036][  0]LogConfig: Setting CVar [[r.SkyAtmosphere.SampleCountMax:32.0]]
[2020.10.11-17.11.03:036][  0]LogConfig: Setting CVar [[r.SkyAtmosphere.TransmittanceLUT.UseSmallFormat:0]]
[2020.10.11-17.11.03:036][  0]LogConfig: Setting CVar [[r.SkyAtmosphere.TransmittanceLUT.SampleCount:10.0]]
[2020.10.11-17.11.03:036][  0]LogConfig: Setting CVar [[r.SkyAtmosphere.MultiScatteringLUT.SampleCount:15.0]]
[2020.10.11-17.11.03:037][  0]LogConfig: Applying CVar settings from Section [FoliageQuality@3] File [C:/Users/Victo/Documents/Unreal Projects/Team6ProgAssignment/Saved/Config/Windows/Scalability.ini]
[2020.10.11-17.11.03:037][  0]LogConfig: Setting CVar [[foliage.DensityScale:1.0]]
[2020.10.11-17.11.03:037][  0]LogConfig: Setting CVar [[grass.DensityScale:1.0]]
[2020.10.11-17.11.03:037][  0]LogConfig: Applying CVar settings from Section [ShadingQuality@3] File [C:/Users/Victo/Documents/Unreal Projects/Team6ProgAssignment/Saved/Config/Windows/Scalability.ini]
[2020.10.11-17.11.03:037][  0]LogConfig: Setting CVar [[r.HairStrands.SkyLighting.SampleCount:16]]
[2020.10.11-17.11.03:037][  0]LogConfig: Setting CVar [[r.HairStrands.SkyLighting.JitterIntegration:0]]
[2020.10.11-17.11.03:037][  0]LogConfig: Setting CVar [[r.HairStrands.SkyAO.SampleCount:16]]
[2020.10.11-17.11.03:037][  0]LogConfig: Setting CVar [[r.HairStrands.DeepShadow.SuperSampling:0]]
[2020.10.11-17.11.03:037][  0]LogConfig: Setting CVar [[r.HairStrands.VisibilityPPLL:0]]
[2020.10.11-17.11.03:037][  0]LogConfig: Setting CVar [[r.HairStrands.RasterizationScale:0.5]]
[2020.10.11-17.11.03:037][  0]LogConfig: Setting CVar [[r.HairStrands.VelocityRasterizationScale:1]]
[2020.10.11-17.11.03:037][  0]LogInit: Selected Device Profile: [Windows]
[2020.10.11-17.11.03:037][  0]LogInit: Applying CVar settings loaded from the selected device profile: [Windows]
[2020.10.11-17.11.03:038][  0]LogHAL: Display: Platform has ~ 16 GB [17106833408 / 17179869184 / 16], which maps to Larger [LargestMinGB=32, LargerMinGB=12, DefaultMinGB=8, SmallerMinGB=6, SmallestMinGB=0)
[2020.10.11-17.11.03:038][  0]LogInit: Going up to parent DeviceProfile []
[2020.10.11-17.11.03:038][  0]LogConfig: Applying CVar settings from Section [ViewDistanceQuality@3] File [C:/Users/Victo/Documents/Unreal Projects/Team6ProgAssignment/Saved/Config/Windows/Scalability.ini]
[2020.10.11-17.11.03:038][  0]LogConfig: Setting CVar [[r.SkeletalMeshLODBias:0]]
[2020.10.11-17.11.03:038][  0]LogConfig: Setting CVar [[r.ViewDistanceScale:1.0]]
[2020.10.11-17.11.03:038][  0]LogConfig: Applying CVar settings from Section [AntiAliasingQuality@3] File [C:/Users/Victo/Documents/Unreal Projects/Team6ProgAssignment/Saved/Config/Windows/Scalability.ini]
[2020.10.11-17.11.03:038][  0]LogConfig: Setting CVar [[r.PostProcessAAQuality:4]]
[2020.10.11-17.11.03:038][  0]LogConfig: Applying CVar settings from Section [ShadowQuality@3] File [C:/Users/Victo/Documents/Unreal Projects/Team6ProgAssignment/Saved/Config/Windows/Scalability.ini]
[2020.10.11-17.11.03:038][  0]LogConfig: Setting CVar [[r.LightFunctionQuality:1]]
[2020.10.11-17.11.03:038][  0]LogConfig: Setting CVar [[r.ShadowQuality:5]]
[2020.10.11-17.11.03:038][  0]LogConfig: Setting CVar [[r.Shadow.CSM.MaxCascades:10]]
[2020.10.11-17.11.03:038][  0]LogConfig: Setting CVar [[r.Shadow.MaxResolution:2048]]
[2020.10.11-17.11.03:038][  0]LogConfig: Setting CVar [[r.Shadow.MaxCSMResolution:2048]]
[2020.10.11-17.11.03:038][  0]LogConfig: Setting CVar [[r.Shadow.RadiusThreshold:0.01]]
[2020.10.11-17.11.03:038][  0]LogConfig: Setting CVar [[r.Shadow.DistanceScale:1.0]]
[2020.10.11-17.11.03:038][  0]LogConfig: Setting CVar [[r.Shadow.CSM.TransitionScale:1.0]]
[2020.10.11-17.11.03:038][  0]LogConfig: Setting CVar [[r.Shadow.PreShadowResolutionFactor:1.0]]
[2020.10.11-17.11.03:038][  0]LogConfig: Setting CVar [[r.DistanceFieldShadowing:1]]
[2020.10.11-17.11.03:038][  0]LogConfig: Setting CVar [[r.DistanceFieldAO:1]]
[2020.10.11-17.11.03:038][  0]LogConfig: Setting CVar [[r.AOQuality:2]]
[2020.10.11-17.11.03:038][  0]LogConfig: Setting CVar [[r.VolumetricFog:1]]
[2020.10.11-17.11.03:038][  0]LogConfig: Setting CVar [[r.VolumetricFog.GridPixelSize:8]]
[2020.10.11-17.11.03:038][  0]LogConfig: Setting CVar [[r.VolumetricFog.GridSizeZ:128]]
[2020.10.11-17.11.03:038][  0]LogConfig: Setting CVar [[r.VolumetricFog.HistoryMissSupersampleCount:4]]
[2020.10.11-17.11.03:038][  0]LogConfig: Setting CVar [[r.LightMaxDrawDistanceScale:1]]
[2020.10.11-17.11.03:039][  0]LogConfig: Setting CVar [[r.CapsuleShadows:1]]
[2020.10.11-17.11.03:039][  0]LogConfig: Applying CVar settings from Section [PostProcessQuality@3] File [C:/Users/Victo/Documents/Unreal Projects/Team6ProgAssignment/Saved/Config/Windows/Scalability.ini]
[2020.10.11-17.11.03:039][  0]LogConfig: Setting CVar [[r.MotionBlurQuality:4]]
[2020.10.11-17.11.03:039][  0]LogConfig: Setting CVar [[r.AmbientOcclusionMipLevelFactor:0.4]]
[2020.10.11-17.11.03:039][  0]LogConfig: Setting CVar [[r.AmbientOcclusionMaxQuality:100]]
[2020.10.11-17.11.03:039][  0]LogConfig: Setting CVar [[r.AmbientOcclusionLevels:-1]]
[2020.10.11-17.11.03:039][  0]LogConfig: Setting CVar [[r.AmbientOcclusionRadiusScale:1.0]]
[2020.10.11-17.11.03:039][  0]LogConfig: Setting CVar [[r.DepthOfFieldQuality:2]]
[2020.10.11-17.11.03:039][  0]LogConfig: Setting CVar [[r.RenderTargetPoolMin:400]]
[2020.10.11-17.11.03:039][  0]LogConfig: Setting CVar [[r.LensFlareQuality:2]]
[2020.10.11-17.11.03:039][  0]LogConfig: Setting CVar [[r.SceneColorFringeQuality:1]]
[2020.10.11-17.11.03:039][  0]LogConfig: Setting CVar [[r.EyeAdaptationQuality:2]]
[2020.10.11-17.11.03:039][  0]LogConfig: Setting CVar [[r.BloomQuality:5]]
[2020.10.11-17.11.03:039][  0]LogConfig: Setting CVar [[r.FastBlurThreshold:100]]
[2020.10.11-17.11.03:039][  0]LogConfig: Setting CVar [[r.Upscale.Quality:3]]
[2020.10.11-17.11.03:039][  0]LogConfig: Setting CVar [[r.Tonemapper.GrainQuantization:1]]
[2020.10.11-17.11.03:040][  0]LogConfig: Setting CVar [[r.LightShaftQuality:1]]
[2020.10.11-17.11.03:040][  0]LogConfig: Setting CVar [[r.Filter.SizeScale:1]]
[2020.10.11-17.11.03:040][  0]LogConfig: Setting CVar [[r.Tonemapper.Quality:5]]
[2020.10.11-17.11.03:040][  0]LogConfig: Setting CVar [[r.DOF.Gather.AccumulatorQuality:1        ; higher gathering accumulator quality]]
[2020.10.11-17.11.03:040][  0]LogConfig: Setting CVar [[r.DOF.Gather.PostfilterMethod:1          ; Median3x3 postfilering method]]
[2020.10.11-17.11.03:040][  0]LogConfig: Setting CVar [[r.DOF.Gather.EnableBokehSettings:0       ; no bokeh simulation when gathering]]
[2020.10.11-17.11.03:042][  0]LogConfig: Setting CVar [[r.DOF.Gather.RingCount:4                 ; medium number of samples when gathering]]
[2020.10.11-17.11.03:042][  0]LogConfig: Setting CVar [[r.DOF.Scatter.ForegroundCompositing:1    ; additive foreground scattering]]
[2020.10.11-17.11.03:044][  0]LogConfig: Setting CVar [[r.DOF.Scatter.BackgroundCompositing:2    ; additive background scattering]]
[2020.10.11-17.11.03:044][  0]LogConfig: Setting CVar [[r.DOF.Scatter.EnableBokehSettings:1      ; bokeh simulation when scattering]]
[2020.10.11-17.11.03:045][  0]LogConfig: Setting CVar [[r.DOF.Scatter.MaxSpriteRatio:0.1         ; only a maximum of 10% of scattered bokeh]]
[2020.10.11-17.11.03:045][  0]LogConfig: Setting CVar [[r.DOF.Recombine.Quality:1                ; cheap slight out of focus]]
[2020.10.11-17.11.03:045][  0]LogConfig: Setting CVar [[r.DOF.Recombine.EnableBokehSettings:0    ; no bokeh simulation on slight out of focus]]
[2020.10.11-17.11.03:045][  0]LogConfig: Setting CVar [[r.DOF.TemporalAAQuality:1                ; more stable temporal accumulation]]
[2020.10.11-17.11.03:045][  0]LogConfig: Setting CVar [[r.DOF.Kernel.MaxForegroundRadius:0.025]]
[2020.10.11-17.11.03:045][  0]LogConfig: Setting CVar [[r.DOF.Kernel.MaxBackgroundRadius:0.025]]
[2020.10.11-17.11.03:045][  0]LogConfig: Applying CVar settings from Section [TextureQuality@3] File [C:/Users/Victo/Documents/Unreal Projects/Team6ProgAssignment/Saved/Config/Windows/Scalability.ini]
[2020.10.11-17.11.03:045][  0]LogConfig: Setting CVar [[r.Streaming.MipBias:0]]
[2020.10.11-17.11.03:045][  0]LogConfig: Setting CVar [[r.Streaming.AmortizeCPUToGPUCopy:0]]
[2020.10.11-17.11.03:045][  0]LogConfig: Setting CVar [[r.Streaming.MaxNumTexturesToStreamPerFrame:0]]
[2020.10.11-17.11.03:046][  0]LogConfig: Setting CVar [[r.Streaming.Boost:1]]
[2020.10.11-17.11.03:046][  0]LogConfig: Setting CVar [[r.MaxAnisotropy:8]]
[2020.10.11-17.11.03:046][  0]LogConfig: Setting CVar [[r.VT.MaxAnisotropy:8]]
[2020.10.11-17.11.03:046][  0]LogConfig: Setting CVar [[r.Streaming.LimitPoolSizeToVRAM:0]]
[2020.10.11-17.11.03:046][  0]LogConfig: Setting CVar [[r.Streaming.PoolSize:1000]]
[2020.10.11-17.11.03:046][  0]LogConfig: Setting CVar [[r.Streaming.MaxEffectiveScreenSize:0]]
[2020.10.11-17.11.03:046][  0]LogConfig: Applying CVar settings from Section [EffectsQuality@3] File [C:/Users/Victo/Documents/Unreal Projects/Team6ProgAssignment/Saved/Config/Windows/Scalability.ini]
[2020.10.11-17.11.03:046][  0]LogConfig: Setting CVar [[r.TranslucencyLightingVolumeDim:64]]
[2020.10.11-17.11.03:046][  0]LogConfig: Setting CVar [[r.RefractionQuality:2]]
[2020.10.11-17.11.03:046][  0]LogConfig: Setting CVar [[r.SSR.Quality:3]]
[2020.10.11-17.11.03:046][  0]LogConfig: Setting CVar [[r.SSR.HalfResSceneColor:0]]
[2020.10.11-17.11.03:046][  0]LogConfig: Setting CVar [[r.SceneColorFormat:4]]
[2020.10.11-17.11.03:046][  0]LogConfig: Setting CVar [[r.DetailMode:2]]
[2020.10.11-17.11.03:046][  0]LogConfig: Setting CVar [[r.TranslucencyVolumeBlur:1]]
[2020.10.11-17.11.03:046][  0]LogConfig: Setting CVar [[r.MaterialQualityLevel:1 ; High quality]]
[2020.10.11-17.11.03:046][  0]LogConfig: Setting CVar [[r.SSS.Scale:1]]
[2020.10.11-17.11.03:046][  0]LogConfig: Setting CVar [[r.SSS.SampleSet:2]]
[2020.10.11-17.11.03:046][  0]LogConfig: Setting CVar [[r.SSS.Quality:1]]
[2020.10.11-17.11.03:046][  0]LogConfig: Setting CVar [[r.SSS.HalfRes:0]]
[2020.10.11-17.11.03:046][  0]LogConfig: Setting CVar [[r.SSGI.Quality:3]]
[2020.10.11-17.11.03:046][  0]LogConfig: Setting CVar [[r.EmitterSpawnRateScale:1.0]]
[2020.10.11-17.11.03:046][  0]LogConfig: Setting CVar [[r.ParticleLightQuality:2]]
[2020.10.11-17.11.03:047][  0]LogConfig: Setting CVar [[r.SkyAtmosphere.AerialPerspectiveLUT.FastApplyOnOpaque:1 ; Always have FastSkyLUT 1 in this case to avoid wrong sky]]
[2020.10.11-17.11.03:047][  0]LogConfig: Setting CVar [[r.SkyAtmosphere.AerialPerspectiveLUT.SampleCountPerSlice:1]]
[2020.10.11-17.11.03:047][  0]LogConfig: Setting CVar [[r.SkyAtmosphere.AerialPerspectiveLUT.DepthResolution:16.0]]
[2020.10.11-17.11.03:047][  0]LogConfig: Setting CVar [[r.SkyAtmosphere.FastSkyLUT:1]]
[2020.10.11-17.11.03:047][  0]LogConfig: Setting CVar [[r.SkyAtmosphere.FastSkyLUT.SampleCountMin:4.0]]
[2020.10.11-17.11.03:047][  0]LogConfig: Setting CVar [[r.SkyAtmosphere.FastSkyLUT.SampleCountMax:32.0]]
[2020.10.11-17.11.03:047][  0]LogConfig: Setting CVar [[r.SkyAtmosphere.SampleCountMin:4.0]]
[2020.10.11-17.11.03:047][  0]LogConfig: Setting CVar [[r.SkyAtmosphere.SampleCountMax:32.0]]
[2020.10.11-17.11.03:047][  0]LogConfig: Setting CVar [[r.SkyAtmosphere.TransmittanceLUT.UseSmallFormat:0]]
[2020.10.11-17.11.03:047][  0]LogConfig: Setting CVar [[r.SkyAtmosphere.TransmittanceLUT.SampleCount:10.0]]
[2020.10.11-17.11.03:047][  0]LogConfig: Setting CVar [[r.SkyAtmosphere.MultiScatteringLUT.SampleCount:15.0]]
[2020.10.11-17.11.03:047][  0]LogConfig: Applying CVar settings from Section [FoliageQuality@3] File [C:/Users/Victo/Documents/Unreal Projects/Team6ProgAssignment/Saved/Config/Windows/Scalability.ini]
[2020.10.11-17.11.03:047][  0]LogConfig: Setting CVar [[foliage.DensityScale:1.0]]
[2020.10.11-17.11.03:047][  0]LogConfig: Setting CVar [[grass.DensityScale:1.0]]
[2020.10.11-17.11.03:047][  0]LogConfig: Applying CVar settings from Section [ShadingQuality@3] File [C:/Users/Victo/Documents/Unreal Projects/Team6ProgAssignment/Saved/Config/Windows/Scalability.ini]
[2020.10.11-17.11.03:047][  0]LogConfig: Setting CVar [[r.HairStrands.SkyLighting.SampleCount:16]]
[2020.10.11-17.11.03:048][  0]LogConfig: Setting CVar [[r.HairStrands.SkyLighting.JitterIntegration:0]]
[2020.10.11-17.11.03:048][  0]LogConfig: Setting CVar [[r.HairStrands.SkyAO.SampleCount:16]]
[2020.10.11-17.11.03:048][  0]LogConfig: Setting CVar [[r.HairStrands.DeepShadow.SuperSampling:0]]
[2020.10.11-17.11.03:048][  0]LogConfig: Setting CVar [[r.HairStrands.VisibilityPPLL:0]]
[2020.10.11-17.11.03:048][  0]LogConfig: Setting CVar [[r.HairStrands.RasterizationScale:0.5]]
[2020.10.11-17.11.03:048][  0]LogConfig: Setting CVar [[r.HairStrands.VelocityRasterizationScale:1]]
[2020.10.11-17.11.03:048][  0]LogConfig: Applying CVar settings from Section [Startup] File [../../../Engine/Config/ConsoleVariables.ini]
[2020.10.11-17.11.03:048][  0]LogConfig: Setting CVar [[net.UseAdaptiveNetUpdateFrequency:0]]
[2020.10.11-17.11.03:048][  0]LogConfig: Setting CVar [[p.chaos.AllowCreatePhysxBodies:1]]
[2020.10.11-17.11.03:049][  0]LogConfig: Setting CVar [[fx.SkipVectorVMBackendOptimizations:1]]
[2020.10.11-17.11.03:049][  0]LogConfig: Applying CVar settings from Section [ConsoleVariables] File [C:/Users/Victo/Documents/Unreal Projects/Team6ProgAssignment/Saved/Config/Windows/Engine.ini]
[2020.10.11-17.11.03:049][  0]LogInit: Computer: DESKTOP-OA2CMIS
[2020.10.11-17.11.03:049][  0]LogInit: User: VictoR
[2020.10.11-17.11.03:049][  0]LogInit: CPU Page size=4096, Cores=6
[2020.10.11-17.11.03:049][  0]LogInit: High frequency timer resolution =10.000000 MHz
[2020.10.11-17.11.03:049][  0]LogMemory: Memory total: Physical=15.9GB (16GB approx)
[2020.10.11-17.11.03:049][  0]LogMemory: Platform Memory Stats for Windows
[2020.10.11-17.11.03:049][  0]LogMemory: Process Physical Memory: 116.03 MB used, 116.04 MB peak
[2020.10.11-17.11.03:049][  0]LogMemory: Process Virtual Memory: 97.77 MB used, 97.77 MB peak
[2020.10.11-17.11.03:049][  0]LogMemory: Physical Memory: 12649.47 MB used,  3664.88 MB free, 16314.35 MB total
[2020.10.11-17.11.03:049][  0]LogMemory: Virtual Memory: 5103.55 MB used,  134212624.00 MB free, 134217728.00 MB total
[2020.10.11-17.11.03:073][  0]LogWindows: WindowsPlatformFeatures enabled
[2020.10.11-17.11.03:237][  0]LogInit: Physics initialised using underlying interface: PhysX
[2020.10.11-17.11.03:238][  0]LogInit: Using OS detected language (sv-SE).
[2020.10.11-17.11.03:238][  0]LogInit: Using OS detected locale (sv-SE).
[2020.10.11-17.11.03:241][  0]LogTextLocalizationManager: No localization for 'sv-SE' exists, so 'en' will be used for the language.
[2020.10.11-17.11.03:426][  0]LogInit: Setting process to per monitor DPI aware
[2020.10.11-17.11.03:478][  0]LogSlate: New Slate User Created.  User Index 0, Is Virtual User: 0
[2020.10.11-17.11.03:479][  0]LogSlate: Slate User Registered.  User Index 0, Is Virtual User: 0
[2020.10.11-17.11.03:755][  0]LogD3D11RHI: D3D11 min allowed feature level: 11_0
[2020.10.11-17.11.03:755][  0]LogD3D11RHI: D3D11 max allowed feature level: 11_0
[2020.10.11-17.11.03:755][  0]LogD3D11RHI: D3D11 adapters:
[2020.10.11-17.11.03:854][  0]LogD3D11RHI:    0. 'NVIDIA GeForce GTX 1070' (Feature Level 11_0)
[2020.10.11-17.11.03:854][  0]LogD3D11RHI:       8088/0/8157 MB DedicatedVideo/DedicatedSystem/SharedSystem, Outputs:2, VendorId:0x10de
[2020.10.11-17.11.03:859][  0]LogD3D11RHI:    1. 'Microsoft Basic Render Driver' (Feature Level 11_0)
[2020.10.11-17.11.03:859][  0]LogD3D11RHI:       0/0/8157 MB DedicatedVideo/DedicatedSystem/SharedSystem, Outputs:0, VendorId:0x1414
[2020.10.11-17.11.03:859][  0]LogD3D11RHI: Chosen D3D11 Adapter: 0
[2020.10.11-17.11.03:866][  0]LogD3D11RHI: Creating new Direct3DDevice
[2020.10.11-17.11.03:866][  0]LogD3D11RHI:     GPU DeviceId: 0x1b81 (for the marketing name, search the web for "GPU Device Id")
[2020.10.11-17.11.03:866][  0]LogWindows: EnumDisplayDevices:
[2020.10.11-17.11.03:867][  0]LogWindows:    0. 'NVIDIA GeForce GTX 1070' (P:1 D:1)
[2020.10.11-17.11.03:867][  0]LogWindows:    1. 'NVIDIA GeForce GTX 1070' (P:0 D:1)
[2020.10.11-17.11.03:867][  0]LogWindows:    2. 'NVIDIA GeForce GTX 1070' (P:0 D:0)
[2020.10.11-17.11.03:868][  0]LogWindows:    3. 'NVIDIA GeForce GTX 1070' (P:0 D:0)
[2020.10.11-17.11.03:868][  0]LogWindows: DebugString: FoundDriverCount:4 
[2020.10.11-17.11.03:868][  0]LogD3D11RHI:     Adapter Name: NVIDIA GeForce GTX 1070
[2020.10.11-17.11.03:868][  0]LogD3D11RHI:   Driver Version: 456.55 (internal:27.21.14.5655, unified:456.55)
[2020.10.11-17.11.03:868][  0]LogD3D11RHI:      Driver Date: 9-24-2020
[2020.10.11-17.11.03:868][  0]LogRHI: Texture pool is 5661 MB (70% of 8088 MB)
[2020.10.11-17.11.03:929][  0]LogD3D11RHI: RHI has support for 64 bit atomics
[2020.10.11-17.11.03:931][  0]LogD3D11RHI: [Aftermath] Enabled and primed
[2020.10.11-17.11.03:931][  0]LogD3D11RHI: Async texture creation enabled
[2020.10.11-17.11.03:931][  0]LogD3D11RHI: Array index from any shader is supported
[2020.10.11-17.11.03:954][  0]LogD3D11RHI: GPU Timing Frequency: 1000.000000 (Debug: 2 1)
[2020.10.11-17.11.04:563][  0]LogTargetPlatformManager: Display: Loaded TargetPlatform 'AllDesktop'
[2020.10.11-17.11.04:586][  0]LogTargetPlatformManager: Display: Loaded TargetPlatform 'Android'
[2020.10.11-17.11.04:586][  0]LogTargetPlatformManager: Display: Loaded TargetPlatform 'Android_ASTC'
[2020.10.11-17.11.04:586][  0]LogTargetPlatformManager: Display: Loaded TargetPlatform 'Android_DXT'
[2020.10.11-17.11.04:586][  0]LogTargetPlatformManager: Display: Loaded TargetPlatform 'Android_ETC2'
[2020.10.11-17.11.04:586][  0]LogTargetPlatformManager: Display: Loaded TargetPlatform 'AndroidClient'
[2020.10.11-17.11.04:586][  0]LogTargetPlatformManager: Display: Loaded TargetPlatform 'Android_ASTCClient'
[2020.10.11-17.11.04:586][  0]LogTargetPlatformManager: Display: Loaded TargetPlatform 'Android_DXTClient'
[2020.10.11-17.11.04:586][  0]LogTargetPlatformManager: Display: Loaded TargetPlatform 'Android_ETC2Client'
[2020.10.11-17.11.04:586][  0]LogTargetPlatformManager: Display: Loaded TargetPlatform 'Android_Multi'
[2020.10.11-17.11.04:586][  0]LogTargetPlatformManager: Display: Loaded TargetPlatform 'Android_MultiClient'
[2020.10.11-17.11.04:618][  0]LogTargetPlatformManager: Display: Loaded TargetPlatform 'IOSClient'
[2020.10.11-17.11.04:618][  0]LogTargetPlatformManager: Display: Loaded TargetPlatform 'IOS'
[2020.10.11-17.11.04:631][  0]LogTargetPlatformManager: Display: Loaded TargetPlatform 'Linux'
[2020.10.11-17.11.04:650][  0]LogTargetPlatformManager: Display: Loaded TargetPlatform 'LinuxNoEditor'
[2020.10.11-17.11.04:661][  0]LogTargetPlatformManager: Display: Loaded TargetPlatform 'LinuxClient'
[2020.10.11-17.11.04:672][  0]LogTargetPlatformManager: Display: Loaded TargetPlatform 'LinuxServer'
[2020.10.11-17.11.04:683][  0]LogTargetPlatformManager: Display: Loaded TargetPlatform 'LinuxAArch64NoEditor'
[2020.10.11-17.11.04:695][  0]LogTargetPlatformManager: Display: Loaded TargetPlatform 'LinuxAArch64Client'
[2020.10.11-17.11.04:707][  0]LogTargetPlatformManager: Display: Loaded TargetPlatform 'LinuxAArch64Server'
[2020.10.11-17.11.04:734][  0]LogTargetPlatformManager: Display: Loaded TargetPlatform 'Lumin'
[2020.10.11-17.11.04:735][  0]LogTargetPlatformManager: Display: Loaded TargetPlatform 'LuminClient'
[2020.10.11-17.11.04:751][  0]LogTargetPlatformManager: Display: Loaded TargetPlatform 'TVOSClient'
[2020.10.11-17.11.04:751][  0]LogTargetPlatformManager: Display: Loaded TargetPlatform 'TVOS'
[2020.10.11-17.11.04:762][  0]LogTargetPlatformManager: Display: Loaded TargetPlatform 'WindowsNoEditor'
[2020.10.11-17.11.04:774][  0]LogTargetPlatformManager: Display: Loaded TargetPlatform 'Windows'
[2020.10.11-17.11.04:812][  0]LogTargetPlatformManager: Display: Loaded TargetPlatform 'WindowsClient'
[2020.10.11-17.11.04:823][  0]LogTargetPlatformManager: Display: Loaded TargetPlatform 'WindowsServer'
[2020.10.11-17.11.04:823][  0]LogTargetPlatformManager: Display: Building Assets For Windows
[2020.10.11-17.11.04:860][  0]LogAudioDebug: Display: Lib vorbis DLL was dynamically loaded.
[2020.10.11-17.11.04:999][  0]LogShaderCompilers: Guid format shader working directory is -15 characters bigger than the processId version (C:/Users/Victo/Documents/Unreal Projects/Team6ProgAssignment/Intermediate/Shaders/WorkingDirectory/19656/).
[2020.10.11-17.11.04:999][  0]LogShaderCompilers: Cleaned the shader compiler working directory 'C:/Users/Victo/AppData/Local/Temp/UnrealShaderWorkingDir/D9507B594FC4C464A90F2C944D633573/'.
[2020.10.11-17.11.05:000][  0]LogXGEController: Cleaning working directory: C:/Users/Victo/AppData/Local/Temp/UnrealXGEWorkingDir/
[2020.10.11-17.11.05:000][  0]LogXGEController: Cannot use XGE Controller as Incredibuild is not installed on this machine.
[2020.10.11-17.11.05:000][  0]LogShaderCompilers: Cannot use XGE Shader Compiler as Incredibuild is not installed on this machine.
[2020.10.11-17.11.05:001][  0]LogShaderCompilers: Display: Using Local Shader Compiler.
[2020.10.11-17.11.05:776][  0]LogDerivedDataCache: Display: Max Cache Size: 512 MB
[2020.10.11-17.11.05:830][  0]LogDerivedDataCache: Loaded boot cache 0.05s 78MB C:/Users/Victo/AppData/Local/UnrealEngine/4.25/DerivedDataCache/Boot.ddc.
[2020.10.11-17.11.05:830][  0]LogDerivedDataCache: Display: Loaded Boot cache: C:/Users/Victo/AppData/Local/UnrealEngine/4.25/DerivedDataCache/Boot.ddc
[2020.10.11-17.11.05:830][  0]LogDerivedDataCache: FDerivedDataBackendGraph:  Pak pak cache file C:/Users/Victo/Documents/Unreal Projects/Team6ProgAssignment/DerivedDataCache/DDC.ddp not found, will not use a pak cache.
[2020.10.11-17.11.05:830][  0]LogDerivedDataCache: Unable to find inner node Pak for hierarchical cache Hierarchy.
[2020.10.11-17.11.05:830][  0]LogDerivedDataCache: FDerivedDataBackendGraph:  CompressedPak pak cache file C:/Users/Victo/Documents/Unreal Projects/Team6ProgAssignment/DerivedDataCache/Compressed.ddp not found, will not use a pak cache.
[2020.10.11-17.11.05:830][  0]LogDerivedDataCache: Unable to find inner node CompressedPak for hierarchical cache Hierarchy.
[2020.10.11-17.11.05:840][  0]LogDerivedDataCache: Display: Pak cache opened for reading ../../../Engine/DerivedDataCache/Compressed.ddp.
[2020.10.11-17.11.05:840][  0]LogDerivedDataCache: FDerivedDataBackendGraph:  EnterprisePak pak cache file ../../../Enterprise/DerivedDataCache/Compressed.ddp not found, will not use a pak cache.
[2020.10.11-17.11.05:840][  0]LogDerivedDataCache: Unable to find inner node EnterprisePak for hierarchical cache Hierarchy.
[2020.10.11-17.11.05:843][  0]LogDerivedDataCache: Using Local data cache path C:/Users/Victo/AppData/Local/UnrealEngine/Common/DerivedDataCache: Writable
[2020.10.11-17.11.05:843][  0]LogDerivedDataCache: Shared data cache path not found in *engine.ini, will not use an Shared cache.
[2020.10.11-17.11.05:843][  0]LogDerivedDataCache: Unable to find inner node Shared for hierarchical cache Hierarchy.
[2020.10.11-17.11.05:889][  0]LogSlate: Using FreeType 2.10.0
[2020.10.11-17.11.05:890][  0]LogSlate: SlateFontServices - WITH_FREETYPE: 1, WITH_HARFBUZZ: 1
[2020.10.11-17.11.05:923][  0]LogAssetRegistry: FAssetRegistry took 0.0042 seconds to start up
[2020.10.11-17.11.06:131][  0]LogInit: Selected Device Profile: [Windows]
[2020.10.11-17.11.06:264][  0]LogMeshReduction: Using QuadricMeshReduction for automatic static mesh reduction
[2020.10.11-17.11.06:264][  0]LogMeshReduction: Using SimplygonMeshReduction for automatic skeletal mesh reduction
[2020.10.11-17.11.06:264][  0]LogMeshReduction: Using ProxyLODMeshReduction for automatic mesh merging
[2020.10.11-17.11.06:264][  0]LogMeshReduction: No distributed automatic mesh merging module available
[2020.10.11-17.11.06:264][  0]LogMeshMerging: No distributed automatic mesh merging module available
[2020.10.11-17.11.06:284][  0]LogNetVersion: Team6ProgAssignment 1.0.0, NetCL: 13144385, EngineNetVer: 14, GameNetVer: 0 (Checksum: 3682674068)
[2020.10.11-17.11.06:849][  0]LogAISub: UAISubsystem::UAISubsystem AISubsystem (0000011DA8E70380), frame # 0
[2020.10.11-17.11.06:849][  0]LogAISub: UAISubsystem::UAISubsystem AIPerceptionSystem (0000011DA8DA3740), frame # 0
[2020.10.11-17.11.06:850][  0]LogAISub: UAISubsystem::UAISubsystem EnvQueryManager (0000011DA8E20800), frame # 0
[2020.10.11-17.11.06:886][  0]LogPackageLocalizationCache: Processed 17 localized package path(s) for 1 prioritized culture(s) in 0.029690 seconds
[2020.10.11-17.11.06:890][  0]LogUObjectArray: 15756 objects as part of root set at end of initial load.
[2020.10.11-17.11.06:890][  0]LogUObjectAllocator: 3925280 out of 0 bytes used by permanent object pool.
[2020.10.11-17.11.06:890][  0]LogUObjectArray: CloseDisregardForGC: 0/0 objects in disregard for GC pool
[2020.10.11-17.11.07:934][  0]LogTcpMessaging: Initializing TcpMessaging bridge
[2020.10.11-17.11.07:941][  0]LogUdpMessaging: Initializing bridge on interface 0.0.0.0:0 to multicast group 230.0.0.1:6666.
[2020.10.11-17.11.08:194][  0]SourceControl: Source control is disabled
[2020.10.11-17.11.08:194][  0]SourceControl: Source control is disabled
[2020.10.11-17.11.08:199][  0]SourceControl: Source control is disabled
[2020.10.11-17.11.08:204][  0]SourceControl: Source control is disabled
[2020.10.11-17.11.08:217][  0]SourceControl: Source control is disabled
[2020.10.11-17.11.08:646][  0]LogAndroidPermission: UAndroidPermissionCallbackProxy::GetInstance
[2020.10.11-17.11.08:680][  0]LogAudioCaptureCore: Display: No Audio Capture implementations found. Audio input will be silent.
[2020.10.11-17.11.08:680][  0]LogAudioCaptureCore: Display: No Audio Capture implementations found. Audio input will be silent.
[2020.10.11-17.11.08:799][  0]LogEngine: Initializing Engine...
[2020.10.11-17.11.08:799][  0]LogMagicLeap: Warning: VR disabled because ZI is not enabled.  To enable, in the editor, Edit -> Project Settings -> Plugins -> Magic Leap Plugin -> Enable Zero Iteration
[2020.10.11-17.11.08:800][  0]LogStats: UGameplayTagsManager::InitializeManager -  0.000 s
[2020.10.11-17.11.08:913][  0]LogInit: Initializing FReadOnlyCVARCache
[2020.10.11-17.11.08:923][  0]LogAIModule: Creating AISystem for world Untitled
[2020.10.11-17.11.08:923][  0]LogAISub: UAISubsystem::UAISubsystem EnvQueryManager (0000011DAB589E00), frame # 0
[2020.10.11-17.11.08:923][  0]LogAISub: UAISubsystem::UAISubsystem AIPerceptionSystem (0000011DAB59DF80), frame # 0
[2020.10.11-17.11.08:946][  0]LogAudioMixer: Display: Audio Mixer Platform Settings:
[2020.10.11-17.11.08:946][  0]LogAudioMixer: Display: 	Sample Rate:						  48000
[2020.10.11-17.11.08:946][  0]LogAudioMixer: Display: 	Callback Buffer Frame Size Requested: 1024
[2020.10.11-17.11.08:946][  0]LogAudioMixer: Display: 	Callback Buffer Frame Size To Use:	  1024
[2020.10.11-17.11.08:946][  0]LogAudioMixer: Display: 	Number of buffers to queue:			  2
[2020.10.11-17.11.08:946][  0]LogAudioMixer: Display: 	Max Channels (voices):				  32
[2020.10.11-17.11.08:946][  0]LogAudioMixer: Display: 	Number of Async Source Workers:		  0
[2020.10.11-17.11.08:946][  0]LogAudio: Display: AudioDevice MaxSources: 32
[2020.10.11-17.11.08:946][  0]LogAudio: Display: Using built-in audio occlusion.
[2020.10.11-17.11.08:947][  0]LogAudioMixer: Display: Initializing audio mixer.
[2020.10.11-17.11.08:974][  0]LogAudioMixer: Display: 0: FrontLeft
[2020.10.11-17.11.08:974][  0]LogAudioMixer: Display: 1: FrontRight
[2020.10.11-17.11.09:034][  0]LogAudioMixer: Display: Using Audio Device Högtalare (Yeti Stereo Microphone)
[2020.10.11-17.11.09:037][  0]LogAudioMixer: Display: Initializing Sound Submixes...
[2020.10.11-17.11.09:040][  0]LogAudioMixer: Display: Creating Master Submix 'MasterSubmixDefault'
[2020.10.11-17.11.09:040][  0]LogAudioMixer: Display: Creating Master Submix 'MasterReverbSubmixDefault'
[2020.10.11-17.11.09:042][  0]LogAudioMixer: Display: Creating Master Submix 'MasterEQSubmixDefault'
[2020.10.11-17.11.09:044][  0]LogInit: FAudioDevice initialized.
[2020.10.11-17.11.09:045][  0]LogNetVersion: Set ProjectVersion to 1.0.0.0. Version Checksum will be recalculated on next use.
[2020.10.11-17.11.09:115][  0]LogDerivedDataCache: Saved boot cache 0.07s 78MB C:/Users/Victo/AppData/Local/UnrealEngine/4.25/DerivedDataCache/Boot.ddc.
[2020.10.11-17.11.09:115][  0]LogInit: Texture streaming: Enabled
[2020.10.11-17.11.09:143][  0]LogEngineSessionManager: EngineSessionManager initialized
[2020.10.11-17.11.09:144][  0]LogEditorSessionSummary: Verbose: Initializing EditorSessionSummaryWriter for editor session tracking
[2020.10.11-17.11.09:153][  0]LogEditorSessionSummary: EditorSessionSummaryWriter initialized
[2020.10.11-17.11.09:187][  0]LogInit: Transaction tracking system initialized
[2020.10.11-17.11.09:223][  0]BlueprintLog: New page: Editor Load
[2020.10.11-17.11.09:338][  0]LocalizationService: Localization service is disabled
[2020.10.11-17.11.09:525][  0]LogCook: Display: Max memory allowance for cook 16384mb min free memory 0mb
[2020.10.11-17.11.09:525][  0]LogCook: Display: Mobile HDR setting 1
[2020.10.11-17.11.09:772][  0]LogFileCache: Scanning file cache for directory 'C:/Users/Victo/Documents/Unreal Projects/Team6ProgAssignment/Content/' took 0.01s
[2020.10.11-17.11.09:773][  0]SourceControl: Source control is disabled
[2020.10.11-17.11.09:773][  0]LogUnrealEdMisc: Loading editor; pre map load, took 10.809
[2020.10.11-17.11.09:773][  0]Cmd: MAP LOAD FILE="C:/Users/Victo/Documents/Unreal Projects/Team6ProgAssignment/Content/FirstPersonCPP/Maps/FirstPersonExampleMap.umap" TEMPLATE=0 SHOWPROGRESS=1 FEATURELEVEL=3
[2020.10.11-17.11.09:774][  0]LightingResults: New page: Lighting Build
[2020.10.11-17.11.09:775][  0]LogWorld: UWorld::CleanupWorld for Untitled, bSessionEnded=true, bCleanupResources=true
[2020.10.11-17.11.09:775][  0]LogSlate: InvalidateAllWidgets triggered.  All widgets were invalidated
[2020.10.11-17.11.09:775][  0]MapCheck: New page: Map Check
[2020.10.11-17.11.09:775][  0]LightingResults: New page: Lighting Build
[2020.10.11-17.11.09:785][  0]LogAISub: UAISubsystem::~UAISubsystem EnvQueryManager (0000011DAB589E00), frame # 0
[2020.10.11-17.11.09:785][  0]LogAISub: UAISubsystem::~UAISubsystem AIPerceptionSystem (0000011DAB59DF80), frame # 0
[2020.10.11-17.11.09:787][  0]LogUObjectHash: Compacting FUObjectHashTables data took   0.99ms
[2020.10.11-17.11.09:902][  0]LogAIModule: Creating AISystem for world FirstPersonExampleMap
[2020.10.11-17.11.09:902][  0]LogAISub: UAISubsystem::UAISubsystem EnvQueryManager (0000011D9A22E000), frame # 0
[2020.10.11-17.11.09:902][  0]LogAISub: UAISubsystem::UAISubsystem AIPerceptionSystem (0000011DAAD225C0), frame # 0
[2020.10.11-17.11.09:908][  0]LogEditorServer: Finished looking for orphan Actors (0.000 secs)
[2020.10.11-17.11.09:925][  0]LogUObjectHash: Compacting FUObjectHashTables data took   0.64ms
[2020.10.11-17.11.09:926][  0]Cmd: MAP CHECKDEP NOCLEARLOG
[2020.10.11-17.11.09:926][  0]MapCheck: Map check complete: 0 Error(s), 0 Warning(s), took 0,159ms to complete.
[2020.10.11-17.11.09:926][  0]LogFileHelpers: Loading map 'FirstPersonExampleMap' took 0.153
[2020.10.11-17.11.09:929][  0]LogUnrealEdMisc: Total Editor Startup Time, took 10.965
[2020.10.11-17.11.10:060][  0]LogSlate: Updating window title bar state: overlay mode, drag disabled, window buttons hidden, title bar hidden
[2020.10.11-17.11.10:067][  0]LogSlate: Updating window title bar state: overlay mode, drag disabled, window buttons hidden, title bar hidden
[2020.10.11-17.11.10:074][  0]LogSlate: Updating window title bar state: overlay mode, drag disabled, window buttons hidden, title bar hidden
[2020.10.11-17.11.10:080][  0]LogSlate: Updating window title bar state: overlay mode, drag disabled, window buttons hidden, title bar hidden
[2020.10.11-17.11.10:093][  0]LogCollectionManager: Loaded 0 collections in 0.001568 seconds
[2020.10.11-17.11.10:108][  0]LogFileCache: Scanning file cache for directory 'C:/Users/Victo/Documents/Unreal Projects/Team6ProgAssignment/Saved/Collections/' took 0.00s
[2020.10.11-17.11.10:108][  0]LogFileCache: Scanning file cache for directory 'C:/Users/Victo/Documents/Unreal Projects/Team6ProgAssignment/Content/Developers/VictoR/Collections/' took 0.00s
[2020.10.11-17.11.10:109][  0]LogFileCache: Scanning file cache for directory 'C:/Users/Victo/Documents/Unreal Projects/Team6ProgAssignment/Content/Collections/' took 0.00s
[2020.10.11-17.11.10:109][  0]LogContentBrowser: Native class hierarchy populated in 0.0084 seconds. Added 3421 classes and 807 folders.
[2020.10.11-17.11.10:111][  0]LogContentBrowser: Native class hierarchy updated for 'WidgetCarousel' in 0.0005 seconds. Added 0 classes and 0 folders.
[2020.10.11-17.11.10:594][  0]LogContentBrowser: Native class hierarchy updated for 'AddContentDialog' in 0.0005 seconds. Added 0 classes and 0 folders.
[2020.10.11-17.11.10:598][  0]LogContentBrowser: Native class hierarchy updated for 'SceneOutliner' in 0.0005 seconds. Added 2 classes and 0 folders.
[2020.10.11-17.11.10:715][  0]LogSlate: Took 0.000351 seconds to synchronously load lazily loaded font '../../../Engine/Content/Slate/Fonts/Roboto-Regular.ttf' (155K)
[2020.10.11-17.11.10:717][  0]LogSlate: Took 0.000355 seconds to synchronously load lazily loaded font '../../../Engine/Content/Slate/Fonts/Roboto-Bold.ttf' (160K)
[2020.10.11-17.11.10:721][  0]LogSlate: Took 0.000341 seconds to synchronously load lazily loaded font '../../../Engine/Content/Editor/Slate/Fonts/FontAwesome.ttf' (139K)
[2020.10.11-17.11.10:790][  0]LogRenderer: Reallocating scene render targets to support 1208x680 Format 10 NumSamples 1 (Frame:1).
[2020.10.11-17.11.10:894][  0]LogContentBrowser: Native class hierarchy updated for 'HierarchicalLODOutliner' in 0.0005 seconds. Added 0 classes and 0 folders.
[2020.10.11-17.11.10:894][  0]LogLoad: (Engine Initialization) Total time: 11.93 seconds
[2020.10.11-17.11.10:894][  0]LogLoad: (Engine Initialization) Total Blueprint compile time: 0.00 seconds
[2020.10.11-17.11.10:933][  0]LogAssetRegistry: Asset discovery search completed in 5.0121 seconds
[2020.10.11-17.11.10:937][  0]LogCollectionManager: Fixed up redirectors for 0 collections in 0.000003 seconds (updated 0 objects)
[2020.10.11-17.11.10:938][  0]LogContentStreaming: Texture pool size now 1000 MB
[2020.10.11-17.11.10:966][  0]LogSlate: Took 0.000258 seconds to synchronously load lazily loaded font '../../../Engine/Content/Slate/Fonts/Roboto-Light.ttf' (167K)
[2020.10.11-17.17.51:195][851]LogTemp: Repeating last play command: Selected Viewport
[2020.10.11-17.17.51:207][851]LogPlayLevel: PlayLevel: No blueprints needed recompiling
[2020.10.11-17.17.51:208][851]PIE: New page: PIE session: FirstPersonExampleMap (11 okt. 2020 21:17:51)
[2020.10.11-17.17.51:210][851]LogOnline: OSS: Creating online subsystem instance for: NULL
[2020.10.11-17.17.51:212][851]LogOnline: OSS: TryLoadSubsystemAndSetDefault: Loaded subsystem for module [NULL]
[2020.10.11-17.17.51:213][851]LogPlayLevel: Creating play world package: /Game/FirstPersonCPP/Maps/UEDPIE_0_FirstPersonExampleMap
[2020.10.11-17.17.51:227][851]LogPlayLevel: PIE: StaticDuplicateObject took: (0.014575s)
[2020.10.11-17.17.51:229][851]LogAIModule: Creating AISystem for world FirstPersonExampleMap
[2020.10.11-17.17.51:229][851]LogAISub: UAISubsystem::UAISubsystem EnvQueryManager (0000011DD7038A00), frame # 21851
[2020.10.11-17.17.51:229][851]LogAISub: UAISubsystem::UAISubsystem AIPerceptionSystem (0000011DEAF01BC0), frame # 21851
[2020.10.11-17.17.51:229][851]LogPlayLevel: PIE: World Init took: (0.001838s)
[2020.10.11-17.17.51:229][851]LogPlayLevel: PIE: Created PIE world by copying editor world from /Game/FirstPersonCPP/Maps/FirstPersonExampleMap.FirstPersonExampleMap to /Game/FirstPersonCPP/Maps/UEDPIE_0_FirstPersonExampleMap.FirstPersonExampleMap (0.016856s)
[2020.10.11-17.17.51:240][851]LogUObjectHash: Compacting FUObjectHashTables data took   0.87ms
[2020.10.11-17.17.51:244][851]LogAudioMixer: Display: Audio Mixer Platform Settings:
[2020.10.11-17.17.51:244][851]LogAudioMixer: Display: 	Sample Rate:						  48000
[2020.10.11-17.17.51:244][851]LogAudioMixer: Display: 	Callback Buffer Frame Size Requested: 1024
[2020.10.11-17.17.51:244][851]LogAudioMixer: Display: 	Callback Buffer Frame Size To Use:	  1024
[2020.10.11-17.17.51:244][851]LogAudioMixer: Display: 	Number of buffers to queue:			  2
[2020.10.11-17.17.51:244][851]LogAudioMixer: Display: 	Max Channels (voices):				  32
[2020.10.11-17.17.51:244][851]LogAudioMixer: Display: 	Number of Async Source Workers:		  0
[2020.10.11-17.17.51:244][851]LogAudio: Display: AudioDevice MaxSources: 32
[2020.10.11-17.17.51:245][851]LogAudio: Display: Using built-in audio occlusion.
[2020.10.11-17.17.51:245][851]LogAudioMixer: Display: Initializing audio mixer.
[2020.10.11-17.17.51:252][851]LogAudioMixer: Display: 0: FrontLeft
[2020.10.11-17.17.51:252][851]LogAudioMixer: Display: 1: FrontRight
[2020.10.11-17.17.51:292][851]LogAudioMixer: Display: Using Audio Device Högtalare (Yeti Stereo Microphone)
[2020.10.11-17.17.51:292][851]LogAudioMixer: Display: Initializing Sound Submixes...
[2020.10.11-17.17.51:292][851]LogAudioMixer: Display: Creating Master Submix 'MasterSubmixDefault'
[2020.10.11-17.17.51:292][851]LogAudioMixer: Display: Creating Master Submix 'MasterReverbSubmixDefault'
[2020.10.11-17.17.51:293][851]LogAudioMixer: Display: Creating Master Submix 'MasterEQSubmixDefault'
[2020.10.11-17.17.51:305][851]LogInit: FAudioDevice initialized.
[2020.10.11-17.17.51:334][851]LogLoad: Game class is 'BP_GameMode_C'
[2020.10.11-17.17.51:336][851]LogWorld: Bringing World /Game/FirstPersonCPP/Maps/UEDPIE_0_FirstPersonExampleMap.FirstPersonExampleMap up for play (max tick rate 0) at 2020.10.11-19.17.51
[2020.10.11-17.17.51:337][851]LogWorld: Bringing up level for play took: 0.001877
[2020.10.11-17.17.51:337][851]LogOnline: OSS: Creating online subsystem instance for: :Context_3
[2020.10.11-17.17.51:342][851]LogContentBrowser: Native class hierarchy updated for 'MovieSceneCapture' in 0.0006 seconds. Added 20 classes and 0 folders.
[2020.10.11-17.17.51:344][851]LogActor: Warning: BP_Pistol_C /Game/FirstPersonCPP/Maps/UEDPIE_0_FirstPersonExampleMap.FirstPersonExampleMap:PersistentLevel.BP_Pistol_C_0 has natively added scene component(s), but none of them were set as the actor's RootComponent - picking one arbitrarily
[2020.10.11-17.17.51:345][851]PIE: Server logged in
[2020.10.11-17.17.51:346][851]PIE: Play in editor total start time 0,143 seconds.
[2020.10.11-17.17.53:109][ 57]LogTemp: Error: Pistol Fired
[2020.10.11-17.17.53:116][ 58]LogTemp: Error: Pistol Fired
[2020.10.11-17.18.10:397][131]LogTemp: Error: Pistol Fired
[2020.10.11-17.18.10:404][132]LogTemp: Error: Pistol Fired
[2020.10.11-17.18.10:412][133]LogTemp: Error: Pistol Fired
[2020.10.11-17.18.10:420][134]LogTemp: Error: Pistol Fired
[2020.10.11-17.18.10:429][135]LogTemp: Error: Pistol Fired
[2020.10.11-17.18.10:437][136]LogTemp: Error: Pistol Fired
[2020.10.11-17.18.10:446][137]LogTemp: Error: Pistol Fired
[2020.10.11-17.18.10:454][138]LogTemp: Error: Pistol Fired
[2020.10.11-17.18.10:463][139]LogTemp: Error: Pistol Fired
[2020.10.11-17.18.10:471][140]LogTemp: Error: Pistol Fired
[2020.10.11-17.18.11:366][247]LogTemp: Error: Pistol Fired
[2020.10.11-17.18.11:374][248]LogTemp: Error: Pistol Fired
[2020.10.11-17.18.11:382][249]LogTemp: Error: Pistol Fired
[2020.10.11-17.18.11:391][250]LogTemp: Error: Pistol Fired
[2020.10.11-17.18.12:042][328]LogTemp: Error: Pistol Fired
[2020.10.11-17.18.12:050][329]LogTemp: Error: Pistol Fired
[2020.10.11-17.18.12:058][330]LogTemp: Error: Pistol Fired
[2020.10.11-17.18.12:066][331]LogTemp: Error: Pistol Fired
[2020.10.11-17.18.12:074][332]LogTemp: Error: Pistol Fired
[2020.10.11-17.18.12:082][333]LogTemp: Error: Pistol Fired
[2020.10.11-17.18.12:090][334]LogTemp: Error: Pistol Fired
[2020.10.11-17.18.12:099][335]LogTemp: Error: Pistol Fired
[2020.10.11-17.18.12:107][336]LogTemp: Error: Pistol Fired
[2020.10.11-17.18.12:115][337]LogTemp: Error: Pistol Fired
[2020.10.11-17.18.15:567][751]LogTemp: Error: Pistol Fired
[2020.10.11-17.18.15:574][752]LogTemp: Error: Pistol Fired
[2020.10.11-17.18.15:583][753]LogTemp: Error: Pistol Fired
[2020.10.11-17.18.15:592][754]LogTemp: Error: Pistol Fired
[2020.10.11-17.18.15:600][755]LogTemp: Error: Pistol Fired
[2020.10.11-17.18.15:608][756]LogTemp: Error: Pistol Fired
[2020.10.11-17.18.15:616][757]LogTemp: Error: Pistol Fired
[2020.10.11-17.18.15:625][758]LogTemp: Error: Pistol Fired
[2020.10.11-17.18.15:633][759]LogTemp: Error: Pistol Fired
[2020.10.11-17.18.15:641][760]LogTemp: Error: Pistol Fired
[2020.10.11-17.18.18:363][ 31]LogSlate: Updating window title bar state: overlay mode, drag disabled, window buttons hidden, title bar hidden
[2020.10.11-17.18.18:363][ 31]LogWorld: BeginTearingDown for /Game/FirstPersonCPP/Maps/UEDPIE_0_FirstPersonExampleMap
[2020.10.11-17.18.18:364][ 31]LogWorld: UWorld::CleanupWorld for FirstPersonExampleMap, bSessionEnded=true, bCleanupResources=true
[2020.10.11-17.18.18:364][ 31]LogSlate: InvalidateAllWidgets triggered.  All widgets were invalidated
[2020.10.11-17.18.18:376][ 31]LogPlayLevel: Display: Shutting down PIE online subsystems
[2020.10.11-17.18.18:377][ 31]LogSlate: InvalidateAllWidgets triggered.  All widgets were invalidated
[2020.10.11-17.18.18:415][ 31]LogSlate: Updating window title bar state: overlay mode, drag disabled, window buttons hidden, title bar hidden
[2020.10.11-17.18.18:417][ 31]LogAISub: UAISubsystem::~UAISubsystem EnvQueryManager (0000011DD7038A00), frame # 25031
[2020.10.11-17.18.18:417][ 31]LogAISub: UAISubsystem::~UAISubsystem AIPerceptionSystem (0000011DEAF01BC0), frame # 25031
[2020.10.11-17.18.18:418][ 31]LogUObjectHash: Compacting FUObjectHashTables data took   0.68ms
[2020.10.11-17.18.18:439][ 32]LogPlayLevel: Display: Destroying online subsystem :Context_3
[2020.10.11-17.18.21:482][384]LogSlate: Took 0.000258 seconds to synchronously load lazily loaded font '../../../Engine/Content/Slate/Fonts/Roboto-Light.ttf' (167K)
[2020.10.11-17.18.21:499][384]LogAssetEditorSubsystem: Opening Asset editor for Blueprint /Game/BluePrints/GameModes/BP_GameMode.BP_GameMode
[2020.10.11-17.18.21:629][384]LogContentBrowser: Native class hierarchy updated for 'BlueprintGraph' in 0.0008 seconds. Added 125 classes and 0 folders.
[2020.10.11-17.18.25:453][729]LogAssetEditorSubsystem: Opening Asset editor for Blueprint /Game/BluePrints/Widgets/BP_HUD.BP_HUD
[2020.10.11-17.18.25:803][729]LogSlate: Took 0.000692 seconds to synchronously load lazily loaded font '../../../Engine/Content/Slate/Fonts/Roboto-BoldCondensed.ttf' (158K)
[2020.10.11-17.18.25:828][730]LogSlate: Took 0.000319 seconds to synchronously load lazily loaded font '../../../Engine/Content/Slate/Fonts/Roboto-Italic.ttf' (157K)
[2020.10.11-17.18.30:263][238]LogSlate: Prevented a slow task dialog from being summoned while a context menu was open
[2020.10.11-17.18.31:221][346]BlueprintLog: New page: Compile BP_HUD
[2020.10.11-17.18.31:253][346]LogUObjectHash: Compacting FUObjectHashTables data took   1.48ms
[2020.10.11-17.18.31:288][346]LogSlate: Took 0.000243 seconds to synchronously load lazily loaded font '../../../Engine/Content/Slate/Fonts/DroidSansMono.ttf' (77K)
[2020.10.11-17.18.31:629][384]Cmd: OBJ SAVEPACKAGE PACKAGE="/Game/BluePrints/Widgets/BP_HUD" FILE="C:/Users/Victo/Documents/Unreal Projects/Team6ProgAssignment/Content/BluePrints/Widgets/BP_HUD.uasset" SILENT=true
[2020.10.11-17.18.31:645][384]LogSavePackage: Moving 'C:/Users/Victo/Documents/Unreal Projects/Team6ProgAssignment/Saved/BP_HUD257AE2414B9EC4FE8B1B6CA997FEAE70.tmp' to 'C:/Users/Victo/Documents/Unreal Projects/Team6ProgAssignment/Content/BluePrints/Widgets/BP_HUD.uasset'
[2020.10.11-17.18.31:662][384]AssetCheck: New page: Asset Save: BP_HUD
[2020.10.11-17.18.31:662][384]LogContentValidation: Display: Validating Blueprint /Game/BluePrints/Widgets/BP_HUD.BP_HUD
[2020.10.11-17.18.33:682][622]LogSlate: Prevented a slow task dialog from being summoned while a context menu was open
[2020.10.11-17.18.37:957][126]BlueprintLog: New page: Compile BP_GameMode
[2020.10.11-17.18.37:987][126]LogUObjectHash: Compacting FUObjectHashTables data took   1.60ms
[2020.10.11-17.18.38:474][180]Cmd: OBJ SAVEPACKAGE PACKAGE="/Game/BluePrints/GameModes/BP_GameMode" FILE="C:/Users/Victo/Documents/Unreal Projects/Team6ProgAssignment/Content/BluePrints/GameModes/BP_GameMode.uasset" SILENT=true
[2020.10.11-17.18.38:490][180]LogSavePackage: Moving 'C:/Users/Victo/Documents/Unreal Projects/Team6ProgAssignment/Saved/BP_GameMode3F76EF9742D61614C19BFEA3EA1C317D.tmp' to 'C:/Users/Victo/Documents/Unreal Projects/Team6ProgAssignment/Content/BluePrints/GameModes/BP_GameMode.uasset'
[2020.10.11-17.18.38:517][180]AssetCheck: New page: Asset Save: BP_GameMode
[2020.10.11-17.18.38:517][180]LogContentValidation: Display: Validating Blueprint /Game/BluePrints/GameModes/BP_GameMode.BP_GameMode
[2020.10.11-17.18.39:676][312]LogTemp: Repeating last play command: Selected Viewport
[2020.10.11-17.18.39:689][312]LogPlayLevel: PlayLevel: No blueprints needed recompiling
[2020.10.11-17.18.39:689][312]PIE: New page: PIE session: FirstPersonExampleMap (11 okt. 2020 21:18:39)
[2020.10.11-17.18.39:729][312]LogPlayLevel: Creating play world package: /Game/FirstPersonCPP/Maps/UEDPIE_0_FirstPersonExampleMap
[2020.10.11-17.18.39:741][312]LogPlayLevel: PIE: StaticDuplicateObject took: (0.012428s)
[2020.10.11-17.18.39:742][312]LogAIModule: Creating AISystem for world FirstPersonExampleMap
[2020.10.11-17.18.39:743][312]LogAISub: UAISubsystem::UAISubsystem EnvQueryManager (0000011E1A1A3E00), frame # 27312
[2020.10.11-17.18.39:743][312]LogAISub: UAISubsystem::UAISubsystem AIPerceptionSystem (0000011E1F930900), frame # 27312
[2020.10.11-17.18.39:743][312]LogPlayLevel: PIE: World Init took: (0.001420s)
[2020.10.11-17.18.39:743][312]LogPlayLevel: PIE: Created PIE world by copying editor world from /Game/FirstPersonCPP/Maps/FirstPersonExampleMap.FirstPersonExampleMap to /Game/FirstPersonCPP/Maps/UEDPIE_0_FirstPersonExampleMap.FirstPersonExampleMap (0.014255s)
[2020.10.11-17.18.39:765][312]LogUObjectHash: Compacting FUObjectHashTables data took   1.52ms
[2020.10.11-17.18.39:766][312]LogAudioMixer: Display: Audio Mixer Platform Settings:
[2020.10.11-17.18.39:766][312]LogAudioMixer: Display: 	Sample Rate:						  48000
[2020.10.11-17.18.39:766][312]LogAudioMixer: Display: 	Callback Buffer Frame Size Requested: 1024
[2020.10.11-17.18.39:766][312]LogAudioMixer: Display: 	Callback Buffer Frame Size To Use:	  1024
[2020.10.11-17.18.39:767][312]LogAudioMixer: Display: 	Number of buffers to queue:			  2
[2020.10.11-17.18.39:767][312]LogAudioMixer: Display: 	Max Channels (voices):				  32
[2020.10.11-17.18.39:767][312]LogAudioMixer: Display: 	Number of Async Source Workers:		  0
[2020.10.11-17.18.39:767][312]LogAudio: Display: AudioDevice MaxSources: 32
[2020.10.11-17.18.39:767][312]LogAudio: Display: Using built-in audio occlusion.
[2020.10.11-17.18.39:767][312]LogAudioMixer: Display: Initializing audio mixer.
[2020.10.11-17.18.39:774][312]LogAudioMixer: Display: 0: FrontLeft
[2020.10.11-17.18.39:774][312]LogAudioMixer: Display: 1: FrontRight
[2020.10.11-17.18.39:813][312]LogAudioMixer: Display: Using Audio Device Högtalare (Yeti Stereo Microphone)
[2020.10.11-17.18.39:813][312]LogAudioMixer: Display: Initializing Sound Submixes...
[2020.10.11-17.18.39:813][312]LogAudioMixer: Display: Creating Master Submix 'MasterSubmixDefault'
[2020.10.11-17.18.39:813][312]LogAudioMixer: Display: Creating Master Submix 'MasterReverbSubmixDefault'
[2020.10.11-17.18.39:813][312]LogAudioMixer: Display: Creating Master Submix 'MasterEQSubmixDefault'
[2020.10.11-17.18.39:826][312]LogInit: FAudioDevice initialized.
[2020.10.11-17.18.39:840][312]LogLoad: Game class is 'BP_GameMode_C'
[2020.10.11-17.18.39:842][312]LogWorld: Bringing World /Game/FirstPersonCPP/Maps/UEDPIE_0_FirstPersonExampleMap.FirstPersonExampleMap up for play (max tick rate 0) at 2020.10.11-19.18.39
[2020.10.11-17.18.39:842][312]LogWorld: Bringing up level for play took: 0.001545
[2020.10.11-17.18.39:843][312]LogOnline: OSS: Creating online subsystem instance for: :Context_6
[2020.10.11-17.18.39:847][312]LogSpawn: Warning: SpawnActor failed because no class was specified
[2020.10.11-17.18.39:847][312]PIE: Server logged in
[2020.10.11-17.18.39:848][312]PIE: Play in editor total start time 0,163 seconds.
[2020.10.11-17.18.39:869][312]LogScript: Warning: Accessed None trying to read property CallFunc_GetActorOfClass_ReturnValue
	WBP_ScoreSystem_C /Engine/Transient.UnrealEdEngine_0:GameInstance_1.WBP_ScoreSystem_C_0
	Function /Game/BluePrints/Widgets/WBP_ScoreSystem.WBP_ScoreSystem_C:Get Current Score:0047
[2020.10.11-17.18.39:870][312]LogScript: Warning: Accessed None trying to read property CallFunc_GetActorOfClass_ReturnValue
	WBP_AssultRifle_C /Engine/Transient.UnrealEdEngine_0:GameInstance_1.WBP_AssultRifle_C_0
	Function /Game/BluePrints/Widgets/WBP_AssultRifle.WBP_AssultRifle_C:Get_GunName_Text_0:0047
[2020.10.11-17.18.39:870][312]LogScript: Warning: Accessed None trying to read property CallFunc_GetActorOfClass_ReturnValue
	WBP_AssultRifle_C /Engine/Transient.UnrealEdEngine_0:GameInstance_1.WBP_AssultRifle_C_0
	Function /Game/BluePrints/Widgets/WBP_AssultRifle.WBP_AssultRifle_C:Get_RemainingAmmo_Text_0:0047
[2020.10.11-17.18.39:870][312]LogScript: Warning: Accessed None trying to read property CallFunc_GetActorOfClass_ReturnValue
	WBP_AssultRifle_C /Engine/Transient.UnrealEdEngine_0:GameInstance_1.WBP_AssultRifle_C_0
	Function /Game/BluePrints/Widgets/WBP_AssultRifle.WBP_AssultRifle_C:Get_AmmoTotal_Text_0:0047
[2020.10.11-17.18.39:883][313]LogScript: Warning: Accessed None trying to read property CallFunc_GetActorOfClass_ReturnValue
	WBP_ScoreSystem_C /Engine/Transient.UnrealEdEngine_0:GameInstance_1.WBP_ScoreSystem_C_0
	Function /Game/BluePrints/Widgets/WBP_ScoreSystem.WBP_ScoreSystem_C:Get Current Score:0047
[2020.10.11-17.18.39:883][313]LogScript: Warning: Accessed None trying to read property CallFunc_GetActorOfClass_ReturnValue
	WBP_AssultRifle_C /Engine/Transient.UnrealEdEngine_0:GameInstance_1.WBP_AssultRifle_C_0
	Function /Game/BluePrints/Widgets/WBP_AssultRifle.WBP_AssultRifle_C:Get_GunName_Text_0:0047
[2020.10.11-17.18.39:883][313]LogScript: Warning: Accessed None trying to read property CallFunc_GetActorOfClass_ReturnValue
	WBP_AssultRifle_C /Engine/Transient.UnrealEdEngine_0:GameInstance_1.WBP_AssultRifle_C_0
	Function /Game/BluePrints/Widgets/WBP_AssultRifle.WBP_AssultRifle_C:Get_RemainingAmmo_Text_0:0047
[2020.10.11-17.18.39:883][313]LogScript: Warning: Accessed None trying to read property CallFunc_GetActorOfClass_ReturnValue
	WBP_AssultRifle_C /Engine/Transient.UnrealEdEngine_0:GameInstance_1.WBP_AssultRifle_C_0
	Function /Game/BluePrints/Widgets/WBP_AssultRifle.WBP_AssultRifle_C:Get_AmmoTotal_Text_0:0047
[2020.10.11-17.18.39:889][314]LogScript: Warning: Accessed None trying to read property CallFunc_GetActorOfClass_ReturnValue
	WBP_ScoreSystem_C /Engine/Transient.UnrealEdEngine_0:GameInstance_1.WBP_ScoreSystem_C_0
	Function /Game/BluePrints/Widgets/WBP_ScoreSystem.WBP_ScoreSystem_C:Get Current Score:0047
[2020.10.11-17.18.39:889][314]LogScript: Warning: Accessed None trying to read property CallFunc_GetActorOfClass_ReturnValue
	WBP_AssultRifle_C /Engine/Transient.UnrealEdEngine_0:GameInstance_1.WBP_AssultRifle_C_0
	Function /Game/BluePrints/Widgets/WBP_AssultRifle.WBP_AssultRifle_C:Get_GunName_Text_0:0047
[2020.10.11-17.18.39:889][314]LogScript: Warning: Accessed None trying to read property CallFunc_GetActorOfClass_ReturnValue
	WBP_AssultRifle_C /Engine/Transient.UnrealEdEngine_0:GameInstance_1.WBP_AssultRifle_C_0
	Function /Game/BluePrints/Widgets/WBP_AssultRifle.WBP_AssultRifle_C:Get_RemainingAmmo_Text_0:0047
[2020.10.11-17.18.39:889][314]LogScript: Warning: Accessed None trying to read property CallFunc_GetActorOfClass_ReturnValue
	WBP_AssultRifle_C /Engine/Transient.UnrealEdEngine_0:GameInstance_1.WBP_AssultRifle_C_0
	Function /Game/BluePrints/Widgets/WBP_AssultRifle.WBP_AssultRifle_C:Get_AmmoTotal_Text_0:0047
[2020.10.11-17.18.39:897][315]LogScript: Warning: Accessed None trying to read property CallFunc_GetActorOfClass_ReturnValue
	WBP_ScoreSystem_C /Engine/Transient.UnrealEdEngine_0:GameInstance_1.WBP_ScoreSystem_C_0
	Function /Game/BluePrints/Widgets/WBP_ScoreSystem.WBP_ScoreSystem_C:Get Current Score:0047
[2020.10.11-17.18.39:897][315]LogScript: Warning: Accessed None trying to read property CallFunc_GetActorOfClass_ReturnValue
	WBP_AssultRifle_C /Engine/Transient.UnrealEdEngine_0:GameInstance_1.WBP_AssultRifle_C_0
	Function /Game/BluePrints/Widgets/WBP_AssultRifle.WBP_AssultRifle_C:Get_GunName_Text_0:0047
[2020.10.11-17.18.39:897][315]LogScript: Warning: Accessed None trying to read property CallFunc_GetActorOfClass_ReturnValue
	WBP_AssultRifle_C /Engine/Transient.UnrealEdEngine_0:GameInstance_1.WBP_AssultRifle_C_0
	Function /Game/BluePrints/Widgets/WBP_AssultRifle.WBP_AssultRifle_C:Get_RemainingAmmo_Text_0:0047
[2020.10.11-17.18.39:897][315]LogScript: Warning: Accessed None trying to read property CallFunc_GetActorOfClass_ReturnValue
	WBP_AssultRifle_C /Engine/Transient.UnrealEdEngine_0:GameInstance_1.WBP_AssultRifle_C_0
	Function /Game/BluePrints/Widgets/WBP_AssultRifle.WBP_AssultRifle_C:Get_AmmoTotal_Text_0:0047
[2020.10.11-17.18.39:906][316]LogScript: Warning: Accessed None trying to read property CallFunc_GetActorOfClass_ReturnValue
	WBP_ScoreSystem_C /Engine/Transient.UnrealEdEngine_0:GameInstance_1.WBP_ScoreSystem_C_0
	Function /Game/BluePrints/Widgets/WBP_ScoreSystem.WBP_ScoreSystem_C:Get Current Score:0047
[2020.10.11-17.18.39:906][316]LogScript: Warning: Accessed None trying to read property CallFunc_GetActorOfClass_ReturnValue
	WBP_AssultRifle_C /Engine/Transient.UnrealEdEngine_0:GameInstance_1.WBP_AssultRifle_C_0
	Function /Game/BluePrints/Widgets/WBP_AssultRifle.WBP_AssultRifle_C:Get_GunName_Text_0:0047
[2020.10.11-17.18.39:906][316]LogScript: Warning: Accessed None trying to read property CallFunc_GetActorOfClass_ReturnValue
	WBP_AssultRifle_C /Engine/Transient.UnrealEdEngine_0:GameInstance_1.WBP_AssultRifle_C_0
	Function /Game/BluePrints/Widgets/WBP_AssultRifle.WBP_AssultRifle_C:Get_RemainingAmmo_Text_0:0047
[2020.10.11-17.18.39:906][316]LogScript: Warning: Accessed None trying to read property CallFunc_GetActorOfClass_ReturnValue
	WBP_AssultRifle_C /Engine/Transient.UnrealEdEngine_0:GameInstance_1.WBP_AssultRifle_C_0
	Function /Game/BluePrints/Widgets/WBP_AssultRifle.WBP_AssultRifle_C:Get_AmmoTotal_Text_0:0047
[2020.10.11-17.18.39:914][317]LogScript: Warning: Accessed None trying to read property CallFunc_GetActorOfClass_ReturnValue
	WBP_ScoreSystem_C /Engine/Transient.UnrealEdEngine_0:GameInstance_1.WBP_ScoreSystem_C_0
	Function /Game/BluePrints/Widgets/WBP_ScoreSystem.WBP_ScoreSystem_C:Get Current Score:0047
[2020.10.11-17.18.39:914][317]LogScript: Warning: Accessed None trying to read property CallFunc_GetActorOfClass_ReturnValue
	WBP_AssultRifle_C /Engine/Transient.UnrealEdEngine_0:GameInstance_1.WBP_AssultRifle_C_0
	Function /Game/BluePrints/Widgets/WBP_AssultRifle.WBP_AssultRifle_C:Get_GunName_Text_0:0047
[2020.10.11-17.18.39:914][317]LogScript: Warning: Accessed None trying to read property CallFunc_GetActorOfClass_ReturnValue
	WBP_AssultRifle_C /Engine/Transient.UnrealEdEngine_0:GameInstance_1.WBP_AssultRifle_C_0
	Function /Game/BluePrints/Widgets/WBP_AssultRifle.WBP_AssultRifle_C:Get_RemainingAmmo_Text_0:0047
[2020.10.11-17.18.39:923][318]LogScript: Warning: Accessed None trying to read property CallFunc_GetActorOfClass_ReturnValue
	WBP_ScoreSystem_C /Engine/Transient.UnrealEdEngine_0:GameInstance_1.WBP_ScoreSystem_C_0
	Function /Game/BluePrints/Widgets/WBP_ScoreSystem.WBP_ScoreSystem_C:Get Current Score:0047
[2020.10.11-17.18.39:931][319]LogScript: Warning: Accessed None trying to read property CallFunc_GetActorOfClass_ReturnValue
	WBP_ScoreSystem_C /Engine/Transient.UnrealEdEngine_0:GameInstance_1.WBP_ScoreSystem_C_0
	Function /Game/BluePrints/Widgets/WBP_ScoreSystem.WBP_ScoreSystem_C:Get Current Score:0047
[2020.10.11-17.18.39:938][320]LogScript: Warning: Accessed None trying to read property CallFunc_GetActorOfClass_ReturnValue
	WBP_ScoreSystem_C /Engine/Transient.UnrealEdEngine_0:GameInstance_1.WBP_ScoreSystem_C_0
	Function /Game/BluePrints/Widgets/WBP_ScoreSystem.WBP_ScoreSystem_C:Get Current Score:0047
[2020.10.11-17.18.39:947][321]LogScript: Warning: Accessed None trying to read property CallFunc_GetActorOfClass_ReturnValue
	WBP_ScoreSystem_C /Engine/Transient.UnrealEdEngine_0:GameInstance_1.WBP_ScoreSystem_C_0
	Function /Game/BluePrints/Widgets/WBP_ScoreSystem.WBP_ScoreSystem_C:Get Current Score:0047
[2020.10.11-17.18.39:955][322]LogScript: Warning: Accessed None trying to read property CallFunc_GetActorOfClass_ReturnValue
	WBP_ScoreSystem_C /Engine/Transient.UnrealEdEngine_0:GameInstance_1.WBP_ScoreSystem_C_0
	Function /Game/BluePrints/Widgets/WBP_ScoreSystem.WBP_ScoreSystem_C:Get Current Score:0047
[2020.10.11-17.18.39:963][323]LogScript: Warning: Accessed None trying to read property CallFunc_GetActorOfClass_ReturnValue
	WBP_ScoreSystem_C /Engine/Transient.UnrealEdEngine_0:GameInstance_1.WBP_ScoreSystem_C_0
	Function /Game/BluePrints/Widgets/WBP_ScoreSystem.WBP_ScoreSystem_C:Get Current Score:0047
[2020.10.11-17.18.39:971][324]LogScript: Warning: Accessed None trying to read property CallFunc_GetActorOfClass_ReturnValue
	WBP_ScoreSystem_C /Engine/Transient.UnrealEdEngine_0:GameInstance_1.WBP_ScoreSystem_C_0
	Function /Game/BluePrints/Widgets/WBP_ScoreSystem.WBP_ScoreSystem_C:Get Current Score:0047
[2020.10.11-17.18.39:979][325]LogScript: Warning: Accessed None trying to read property CallFunc_GetActorOfClass_ReturnValue
	WBP_ScoreSystem_C /Engine/Transient.UnrealEdEngine_0:GameInstance_1.WBP_ScoreSystem_C_0
	Function /Game/BluePrints/Widgets/WBP_ScoreSystem.WBP_ScoreSystem_C:Get Current Score:0047
[2020.10.11-17.18.39:988][326]LogScript: Warning: Accessed None trying to read property CallFunc_GetActorOfClass_ReturnValue
	WBP_ScoreSystem_C /Engine/Transient.UnrealEdEngine_0:GameInstance_1.WBP_ScoreSystem_C_0
	Function /Game/BluePrints/Widgets/WBP_ScoreSystem.WBP_ScoreSystem_C:Get Current Score:0047
[2020.10.11-17.18.39:996][327]LogScript: Warning: Accessed None trying to read property CallFunc_GetActorOfClass_ReturnValue
	WBP_ScoreSystem_C /Engine/Transient.UnrealEdEngine_0:GameInstance_1.WBP_ScoreSystem_C_0
	Function /Game/BluePrints/Widgets/WBP_ScoreSystem.WBP_ScoreSystem_C:Get Current Score:0047
[2020.10.11-17.18.40:010][328]LogScript: Warning: Accessed None trying to read property CallFunc_GetActorOfClass_ReturnValue
	WBP_ScoreSystem_C /Engine/Transient.UnrealEdEngine_0:GameInstance_1.WBP_ScoreSystem_C_0
	Function /Game/BluePrints/Widgets/WBP_ScoreSystem.WBP_ScoreSystem_C:Get Current Score:0047
[2020.10.11-17.18.41:403][492]LogSlate: Updating window title bar state: overlay mode, drag disabled, window buttons hidden, title bar hidden
[2020.10.11-17.18.41:403][492]LogWorld: BeginTearingDown for /Game/FirstPersonCPP/Maps/UEDPIE_0_FirstPersonExampleMap
[2020.10.11-17.18.41:403][492]LogWorld: UWorld::CleanupWorld for FirstPersonExampleMap, bSessionEnded=true, bCleanupResources=true
[2020.10.11-17.18.41:404][492]LogSlate: InvalidateAllWidgets triggered.  All widgets were invalidated
[2020.10.11-17.18.41:415][492]LogPlayLevel: Display: Shutting down PIE online subsystems
[2020.10.11-17.18.41:418][492]LogSlate: InvalidateAllWidgets triggered.  All widgets were invalidated
[2020.10.11-17.18.41:435][492]LogSlate: Updating window title bar state: overlay mode, drag disabled, window buttons hidden, title bar hidden
[2020.10.11-17.18.41:474][492]LogAISub: UAISubsystem::~UAISubsystem AIPerceptionSystem (0000011E1F930900), frame # 27492
[2020.10.11-17.18.41:474][492]LogAISub: UAISubsystem::~UAISubsystem EnvQueryManager (0000011E1A1A3E00), frame # 27492
[2020.10.11-17.18.41:475][492]LogUObjectHash: Compacting FUObjectHashTables data took   1.30ms
[2020.10.11-17.18.41:504][493]LogPlayLevel: Display: Destroying online subsystem :Context_6
[2020.10.11-17.18.48:268][282]LogSlate: Prevented a slow task dialog from being summoned while a context menu was open
[2020.10.11-17.18.52:716][810]LogSlate: Prevented a slow task dialog from being summoned while a context menu was open
[2020.10.11-17.18.53:643][918]BlueprintLog: New page: Compile BP_GameMode
[2020.10.11-17.18.53:675][918]LogUObjectHash: Compacting FUObjectHashTables data took   1.64ms
[2020.10.11-17.18.54:053][959]Cmd: OBJ SAVEPACKAGE PACKAGE="/Game/BluePrints/GameModes/BP_GameMode" FILE="C:/Users/Victo/Documents/Unreal Projects/Team6ProgAssignment/Content/BluePrints/GameModes/BP_GameMode.uasset" SILENT=true
[2020.10.11-17.18.54:068][959]LogSavePackage: Moving 'C:/Users/Victo/Documents/Unreal Projects/Team6ProgAssignment/Saved/BP_GameMode890F91D2410F7A733F6F1E9DE37856A3.tmp' to 'C:/Users/Victo/Documents/Unreal Projects/Team6ProgAssignment/Content/BluePrints/GameModes/BP_GameMode.uasset'
[2020.10.11-17.18.54:084][959]AssetCheck: New page: Asset Save: BP_GameMode
[2020.10.11-17.18.54:084][959]LogContentValidation: Display: Validating Blueprint /Game/BluePrints/GameModes/BP_GameMode.BP_GameMode
[2020.10.11-17.18.55:220][ 86]LogTemp: Repeating last play command: Selected Viewport
[2020.10.11-17.18.55:233][ 86]LogPlayLevel: PlayLevel: No blueprints needed recompiling
[2020.10.11-17.18.55:233][ 86]PIE: New page: PIE session: FirstPersonExampleMap (11 okt. 2020 21:18:55)
[2020.10.11-17.18.55:259][ 86]LogPlayLevel: Creating play world package: /Game/FirstPersonCPP/Maps/UEDPIE_0_FirstPersonExampleMap
[2020.10.11-17.18.55:272][ 86]LogPlayLevel: PIE: StaticDuplicateObject took: (0.012557s)
[2020.10.11-17.18.55:273][ 86]LogAIModule: Creating AISystem for world FirstPersonExampleMap
[2020.10.11-17.18.55:273][ 86]LogAISub: UAISubsystem::UAISubsystem EnvQueryManager (0000011E1AA54600), frame # 29086
[2020.10.11-17.18.55:273][ 86]LogAISub: UAISubsystem::UAISubsystem AIPerceptionSystem (0000011E2128C400), frame # 29086
[2020.10.11-17.18.55:273][ 86]LogPlayLevel: PIE: World Init took: (0.001315s)
[2020.10.11-17.18.55:273][ 86]LogPlayLevel: PIE: Created PIE world by copying editor world from /Game/FirstPersonCPP/Maps/FirstPersonExampleMap.FirstPersonExampleMap to /Game/FirstPersonCPP/Maps/UEDPIE_0_FirstPersonExampleMap.FirstPersonExampleMap (0.014266s)
[2020.10.11-17.18.55:295][ 86]LogUObjectHash: Compacting FUObjectHashTables data took   1.50ms
[2020.10.11-17.18.55:295][ 86]LogAudioMixer: Display: Audio Mixer Platform Settings:
[2020.10.11-17.18.55:296][ 86]LogAudioMixer: Display: 	Sample Rate:						  48000
[2020.10.11-17.18.55:296][ 86]LogAudioMixer: Display: 	Callback Buffer Frame Size Requested: 1024
[2020.10.11-17.18.55:296][ 86]LogAudioMixer: Display: 	Callback Buffer Frame Size To Use:	  1024
[2020.10.11-17.18.55:296][ 86]LogAudioMixer: Display: 	Number of buffers to queue:			  2
[2020.10.11-17.18.55:296][ 86]LogAudioMixer: Display: 	Max Channels (voices):				  32
[2020.10.11-17.18.55:296][ 86]LogAudioMixer: Display: 	Number of Async Source Workers:		  0
[2020.10.11-17.18.55:296][ 86]LogAudio: Display: AudioDevice MaxSources: 32
[2020.10.11-17.18.55:296][ 86]LogAudio: Display: Using built-in audio occlusion.
[2020.10.11-17.18.55:296][ 86]LogAudioMixer: Display: Initializing audio mixer.
[2020.10.11-17.18.55:303][ 86]LogAudioMixer: Display: 0: FrontLeft
[2020.10.11-17.18.55:303][ 86]LogAudioMixer: Display: 1: FrontRight
[2020.10.11-17.18.55:343][ 86]LogAudioMixer: Display: Using Audio Device Högtalare (Yeti Stereo Microphone)
[2020.10.11-17.18.55:344][ 86]LogAudioMixer: Display: Initializing Sound Submixes...
[2020.10.11-17.18.55:344][ 86]LogAudioMixer: Display: Creating Master Submix 'MasterSubmixDefault'
[2020.10.11-17.18.55:344][ 86]LogAudioMixer: Display: Creating Master Submix 'MasterReverbSubmixDefault'
[2020.10.11-17.18.55:344][ 86]LogAudioMixer: Display: Creating Master Submix 'MasterEQSubmixDefault'
[2020.10.11-17.18.55:356][ 86]LogInit: FAudioDevice initialized.
[2020.10.11-17.18.55:364][ 86]LogLoad: Game class is 'BP_GameMode_C'
[2020.10.11-17.18.55:366][ 86]LogWorld: Bringing World /Game/FirstPersonCPP/Maps/UEDPIE_0_FirstPersonExampleMap.FirstPersonExampleMap up for play (max tick rate 0) at 2020.10.11-19.18.55
[2020.10.11-17.18.55:367][ 86]LogWorld: Bringing up level for play took: 0.001505
[2020.10.11-17.18.55:367][ 86]LogOnline: OSS: Creating online subsystem instance for: :Context_7
[2020.10.11-17.18.55:371][ 86]LogActor: Warning: BP_AssultRifle_C /Game/FirstPersonCPP/Maps/UEDPIE_0_FirstPersonExampleMap.FirstPersonExampleMap:PersistentLevel.BP_AssultRifle_C_0 has natively added scene component(s), but none of them were set as the actor's RootComponent - picking one arbitrarily
[2020.10.11-17.18.55:372][ 86]PIE: Server logged in
[2020.10.11-17.18.55:372][ 86]PIE: Play in editor total start time 0,144 seconds.
[2020.10.11-17.18.56:371][201]LogTemp: Error: Assult Rifle Fired
[2020.10.11-17.18.56:377][202]LogTemp: Error: Assult Rifle Fired
[2020.10.11-17.18.56:385][203]LogTemp: Error: Assult Rifle Fired
[2020.10.11-17.18.57:139][293]LogTemp: Error: Assult Rifle Fired
[2020.10.11-17.18.57:145][294]LogTemp: Error: Assult Rifle Fired
[2020.10.11-17.18.57:153][295]LogTemp: Error: Assult Rifle Fired
[2020.10.11-17.18.57:161][296]LogTemp: Error: Assult Rifle Fired
[2020.10.11-17.18.57:169][297]LogTemp: Error: Assult Rifle Fired
[2020.10.11-17.18.57:177][298]LogTemp: Error: Assult Rifle Fired
[2020.10.11-17.18.57:186][299]LogTemp: Error: Assult Rifle Fired
[2020.10.11-17.18.57:194][300]LogTemp: Error: Assult Rifle Fired
[2020.10.11-17.18.57:203][301]LogTemp: Error: Assult Rifle Fired
[2020.10.11-17.18.57:212][302]LogTemp: Error: Assult Rifle Fired
[2020.10.11-17.18.57:220][303]LogTemp: Error: Assult Rifle Fired
[2020.10.11-17.18.57:228][304]LogTemp: Error: Assult Rifle Fired
[2020.10.11-17.18.57:237][305]LogTemp: Error: Assult Rifle Fired
[2020.10.11-17.18.57:245][306]LogTemp: Error: Assult Rifle Fired
[2020.10.11-17.18.58:088][407]LogTemp: Error: Assult Rifle Fired
[2020.10.11-17.18.58:095][408]LogTemp: Error: Assult Rifle Fired
[2020.10.11-17.18.58:103][409]LogTemp: Error: Assult Rifle Fired
[2020.10.11-17.18.58:111][410]LogTemp: Error: Assult Rifle Fired
[2020.10.11-17.18.58:120][411]LogTemp: Error: Assult Rifle Fired
[2020.10.11-17.18.58:128][412]LogTemp: Error: Assult Rifle Fired
[2020.10.11-17.18.58:137][413]LogTemp: Error: Assult Rifle Fired
[2020.10.11-17.18.58:145][414]LogTemp: Error: Assult Rifle Fired
[2020.10.11-17.18.58:154][415]LogTemp: Error: Assult Rifle Fired
[2020.10.11-17.18.58:162][416]LogTemp: Error: Assult Rifle Fired
[2020.10.11-17.18.58:170][417]LogTemp: Error: Assult Rifle Fired
[2020.10.11-17.18.58:178][418]LogTemp: Error: Assult Rifle Fired
[2020.10.11-17.18.58:187][419]LogTemp: Error: Assult Rifle Fired
[2020.10.11-17.18.58:195][420]LogTemp: Error: Assult Rifle Fired
[2020.10.11-17.18.58:204][421]LogTemp: Error: Assult Rifle Fired
[2020.10.11-17.18.58:212][422]LogTemp: Error: Assult Rifle Fired
[2020.10.11-17.18.58:221][423]LogTemp: Error: Assult Rifle Fired
[2020.10.11-17.18.58:229][424]LogTemp: Error: Assult Rifle Fired
[2020.10.11-17.19.02:682][958]LogTemp: Error: Assult Rifle Fired
[2020.10.11-17.19.02:688][959]LogTemp: Error: Assult Rifle Fired
[2020.10.11-17.19.02:696][960]LogTemp: Error: Assult Rifle Fired
[2020.10.11-17.19.02:706][961]LogTemp: Error: Assult Rifle Fired
[2020.10.11-17.19.02:713][962]LogTemp: Error: Assult Rifle Fired
[2020.10.11-17.19.02:721][963]LogTemp: Error: Assult Rifle Fired
[2020.10.11-17.19.03:505][ 57]LogTemp: Error: Assult Rifle Fired
[2020.10.11-17.19.03:514][ 58]LogTemp: Error: Assult Rifle Fired
[2020.10.11-17.19.03:522][ 59]LogTemp: Error: Assult Rifle Fired
[2020.10.11-17.19.03:530][ 60]LogTemp: Error: Assult Rifle Fired
[2020.10.11-17.19.03:539][ 61]LogTemp: Error: Assult Rifle Fired
[2020.10.11-17.19.03:546][ 62]LogTemp: Error: Assult Rifle Fired
[2020.10.11-17.19.03:554][ 63]LogTemp: Error: Assult Rifle Fired
[2020.10.11-17.19.03:563][ 64]LogTemp: Error: Assult Rifle Fired
[2020.10.11-17.19.03:571][ 65]LogTemp: Error: Assult Rifle Fired
[2020.10.11-17.19.03:580][ 66]LogTemp: Error: Assult Rifle Fired
[2020.10.11-17.19.03:588][ 67]LogTemp: Error: Assult Rifle Fired
[2020.10.11-17.19.03:596][ 68]LogTemp: Error: Assult Rifle Fired
[2020.10.11-17.19.03:605][ 69]LogTemp: Error: Assult Rifle Fired
[2020.10.11-17.19.03:614][ 70]LogTemp: Error: Assult Rifle Fired
[2020.10.11-17.19.03:623][ 71]LogTemp: Error: Assult Rifle Fired
[2020.10.11-17.19.03:632][ 72]LogTemp: Error: Assult Rifle Fired
[2020.10.11-17.19.03:640][ 73]LogTemp: Error: Assult Rifle Fired
[2020.10.11-17.19.03:648][ 74]LogTemp: Error: Assult Rifle Fired
[2020.10.11-17.19.04:028][119]LogTemp: Error: Assult Rifle Fired
[2020.10.11-17.19.04:037][120]LogTemp: Error: Assult Rifle Fired
[2020.10.11-17.19.04:045][121]LogTemp: Error: Assult Rifle Fired
[2020.10.11-17.19.04:053][122]LogTemp: Error: Assult Rifle Fired
[2020.10.11-17.19.04:062][123]LogTemp: Error: Assult Rifle Fired
[2020.10.11-17.19.04:071][124]LogTemp: Error: Assult Rifle Fired
[2020.10.11-17.19.04:079][125]LogTemp: Error: Assult Rifle Fired
[2020.10.11-17.19.04:087][126]LogTemp: Error: Assult Rifle Fired
[2020.10.11-17.19.04:095][127]LogTemp: Error: Assult Rifle Fired
[2020.10.11-17.19.04:104][128]LogTemp: Error: Assult Rifle Fired
[2020.10.11-17.19.04:112][129]LogTemp: Error: Assult Rifle Fired
[2020.10.11-17.19.04:121][130]LogTemp: Error: Assult Rifle Fired
[2020.10.11-17.19.04:129][131]LogTemp: Error: Assult Rifle Fired
[2020.10.11-17.19.04:137][132]LogTemp: Error: Assult Rifle Fired
[2020.10.11-17.19.04:146][133]LogTemp: Error: Assult Rifle Fired
[2020.10.11-17.19.04:154][134]LogTemp: Error: Assult Rifle Fired
[2020.10.11-17.19.04:163][135]LogTemp: Error: Assult Rifle Fired
[2020.10.11-17.19.04:171][136]LogTemp: Error: Assult Rifle Fired
[2020.10.11-17.19.04:179][137]LogTemp: Error: Assult Rifle Fired
[2020.10.11-17.19.04:186][138]LogTemp: Error: Assult Rifle Fired
[2020.10.11-17.19.04:558][181]LogTemp: Error: Assult Rifle Fired
[2020.10.11-17.19.04:566][182]LogTemp: Error: Assult Rifle Fired
[2020.10.11-17.19.04:574][183]LogTemp: Error: Assult Rifle Fired
[2020.10.11-17.19.04:583][184]LogTemp: Error: Assult Rifle Fired
[2020.10.11-17.19.04:868][218]LogTemp: Error: Assult Rifle Fired
[2020.10.11-17.19.04:876][219]LogTemp: Error: Assult Rifle Fired
[2020.10.11-17.19.04:884][220]LogTemp: Error: Assult Rifle Fired
[2020.10.11-17.19.04:892][221]LogTemp: Error: Assult Rifle Fired
[2020.10.11-17.19.04:901][222]LogTemp: Error: Assult Rifle Fired
[2020.10.11-17.19.04:910][223]LogTemp: Error: Assult Rifle Fired
[2020.10.11-17.19.04:918][224]LogTemp: Error: Assult Rifle Fired
[2020.10.11-17.19.04:926][225]LogTemp: Error: Assult Rifle Fired
[2020.10.11-17.19.04:934][226]LogTemp: Error: Assult Rifle Fired
[2020.10.11-17.19.04:943][227]LogTemp: Error: Assult Rifle Fired
[2020.10.11-17.19.04:951][228]LogTemp: Error: Assult Rifle Fired
[2020.10.11-17.19.04:960][229]LogTemp: Error: Assult Rifle Fired
[2020.10.11-17.19.04:967][230]LogTemp: Error: Assult Rifle Fired
[2020.10.11-17.19.04:975][231]LogTemp: Error: Assult Rifle Fired
[2020.10.11-17.19.05:893][338]LogSlate: Updating window title bar state: overlay mode, drag disabled, window buttons hidden, title bar hidden
[2020.10.11-17.19.05:893][338]LogWorld: BeginTearingDown for /Game/FirstPersonCPP/Maps/UEDPIE_0_FirstPersonExampleMap
[2020.10.11-17.19.05:893][338]LogWorld: UWorld::CleanupWorld for FirstPersonExampleMap, bSessionEnded=true, bCleanupResources=true
[2020.10.11-17.19.05:893][338]LogSlate: InvalidateAllWidgets triggered.  All widgets were invalidated
[2020.10.11-17.19.05:905][338]LogPlayLevel: Display: Shutting down PIE online subsystems
[2020.10.11-17.19.05:908][338]LogSlate: InvalidateAllWidgets triggered.  All widgets were invalidated
[2020.10.11-17.19.05:963][338]LogSlate: Updating window title bar state: overlay mode, drag disabled, window buttons hidden, title bar hidden
[2020.10.11-17.19.05:964][338]LogAISub: UAISubsystem::~UAISubsystem AIPerceptionSystem (0000011E2128C400), frame # 30338
[2020.10.11-17.19.05:964][338]LogAISub: UAISubsystem::~UAISubsystem EnvQueryManager (0000011E1AA54600), frame # 30338
[2020.10.11-17.19.05:966][338]LogUObjectHash: Compacting FUObjectHashTables data took   1.47ms
[2020.10.11-17.19.05:989][339]LogPlayLevel: Display: Destroying online subsystem :Context_7
[2020.10.11-17.19.22:213][470]LogUObjectHash: Compacting FUObjectHashTables data took   1.25ms
[2020.10.11-17.19.22:269][470]LogWorld: UWorld::CleanupWorld for World_2, bSessionEnded=true, bCleanupResources=true
[2020.10.11-17.19.22:269][470]LogSlate: InvalidateAllWidgets triggered.  All widgets were invalidated
[2020.10.11-17.19.22:322][470]LogActorComponent: UnregisterComponent: (/Engine/Transient.EditorFloorComp) Not registered. Aborting.
[2020.10.11-17.19.22:322][470]LogWorld: UWorld::CleanupWorld for World_3, bSessionEnded=true, bCleanupResources=true
[2020.10.11-17.19.22:322][470]LogSlate: InvalidateAllWidgets triggered.  All widgets were invalidated
[2020.10.11-17.19.22:385][470]LogSlate: Window 'Team6ProgAssignment - Unreal Editor' being destroyed
[2020.10.11-17.19.22:386][470]LogWindowsTextInputMethodSystem: Display: IME system now deactivated.
[2020.10.11-17.19.22:549][471]Cmd: QUIT_EDITOR
[2020.10.11-17.19.22:550][471]LogCore: Engine exit requested (reason: UUnrealEdEngine::CloseEditor())
[2020.10.11-17.19.22:561][471]LogCore: Engine exit requested (reason: EngineExit() was called; note: exit was already requested)
[2020.10.11-17.19.23:584][471]LogExit: Preparing to exit.
